#
# A fatal error has been detected by the Java Runtime Environment:
#
#  EXCEPTION_ACCESS_VIOLATION (0xc0000005) at pc=0x00007ff8c139ce97, pid=15460, tid=7056
#
# JRE version: Java(TM) SE Runtime Environment (17.0.2+8) (build 17.0.2+8-LTS-86)
# Java VM: Java HotSpot(TM) 64-Bit Server VM (17.0.2+8-LTS-86, mixed mode, sharing, tiered, compressed oops, compressed class ptrs, g1 gc, windows-amd64)
# Problematic frame:
# C  [jnivideoInputLib.dll+0x1ce97]
#
# No core dump will be written. Minidumps are not enabled by default on client versions of Windows
#
# If you would like to submit a bug report, please visit:
#   https://bugreport.java.com/bugreport/crash.jsp
# The crash happened outside the Java Virtual Machine in native code.
# See problematic frame for where to report the bug.
#

---------------  S U M M A R Y ------------

Command Line: -javaagent:C:\Program Files\JetBrains\IntelliJ IDEA 2023.2.4\lib\idea_rt.jar=53681:C:\Program Files\JetBrains\IntelliJ IDEA 2023.2.4\bin -Dfile.encoding=UTF-8 ColorQuantizer

Host: AMD Ryzen 5 5600X 6-Core Processor             , 12 cores, 31G,  Windows 11 , 64 bit Build 22621 (10.0.22621.2428)
Time: Sun Nov  5 22:05:07 2023 Malay Peninsula Standard Time elapsed time: 3.485804 seconds (0d 0h 0m 3s)

---------------  T H R E A D  ---------------

Current thread (0x000001effeb5e870):  JavaThread "Thread-12" [_thread_in_native, id=7056, stack(0x00000004f9700000,0x00000004f9800000)]

Stack: [0x00000004f9700000,0x00000004f9800000],  sp=0x00000004f97fef38,  free space=1019k
Native frames: (J=compiled Java code, j=interpreted, Vv=VM code, C=native code)
C  [jnivideoInputLib.dll+0x1ce97]

Java frames: (J=compiled Java code, j=interpreted, Vv=VM code)
j  org.bytedeco.videoinput.videoInput.getPixels(ILorg/bytedeco/javacpp/BytePointer;ZZ)Z+0
j  CustomVideoInputFrameGrabber.grab()Lorg/bytedeco/javacv/Frame;+108
j  Demo.run()V+142
j  java.lang.Thread.run()V+11 java.base@17.0.2
v  ~StubRoutines::call_stub

siginfo: EXCEPTION_ACCESS_VIOLATION (0xc0000005), writing address 0x000001efa0b0c000


Register to memory mapping:

RIP=0x00007ff8c139ce97 jnivideoInputLib.dll
RAX=0x000001efa0b0bbc0 points into unknown readable memory: 0x7f7a7e81757f8276 | 76 82 7f 75 81 7e 7a 7f
RBX=0x000001efa0b0bbc0 points into unknown readable memory: 0x7f7a7e81757f8276 | 76 82 7f 75 81 7e 7a 7f
RCX=0x000001efa0b0bfe0 points into unknown readable memory: 0xb5afadb5aeaeb6af | af b6 ae ae b5 ad af b5
RDX=0x000001efa0758510 points into unknown readable memory: 0xb5afadb5aeaeb6af | af b6 ae ae b5 ad af b5
RSP=0x00000004f97fef38 is pointing into the stack for thread: 0x000001effeb5e870
RBP=0x00000000000001df is an unknown value
RSI=0x0000000000000780 is an unknown value
RDI=0x000001efa07580f0 points into unknown readable memory: 0x8179818274818274 | 74 82 81 74 82 81 79 81
R8 =0x0000000000000360 is an unknown value
R9 =0xffffffffffffffe0 is an unknown value
R10=0x00007ff8c1380000 jnivideoInputLib.dll
R11=0x00007ff8c139cf83 jnivideoInputLib.dll
R12=0x0 is NULL
R13=0x000001efe99d4f08 is pointing into metadata
R14=0xfffffffffffff880 is an unknown value
R15=0x0 is NULL


Registers:
RAX=0x000001efa0b0bbc0, RBX=0x000001efa0b0bbc0, RCX=0x000001efa0b0bfe0, RDX=0x000001efa0758510
RSP=0x00000004f97fef38, RBP=0x00000000000001df, RSI=0x0000000000000780, RDI=0x000001efa07580f0
R8 =0x0000000000000360, R9 =0xffffffffffffffe0, R10=0x00007ff8c1380000, R11=0x00007ff8c139cf83
R12=0x0000000000000000, R13=0x000001efe99d4f08, R14=0xfffffffffffff880, R15=0x0000000000000000
RIP=0x00007ff8c139ce97, EFLAGS=0x0000000000010206

Top of Stack: (sp=0x00000004f97fef38)
0x00000004f97fef38:   00007ff8c1383dde 0000000000000000
0x00000004f97fef48:   000001effdab1b3a 000001efa0b0b440
0x00000004f97fef58:   000001efa0b0b400 000001efa0b0b400
0x00000004f97fef68:   00007ff8c13828e8 0000000000000000
0x00000004f97fef78:   000001ef9f918d78 000001efa0b0b440
0x00000004f97fef88:   0000000000000000 000001ef000001e0
0x00000004f97fef98:   00000004f97fef00 000001effdbb0701
0x00000004f97fefa8:   0000000000000000 00000004f97ff0f8
0x00000004f97fefb8:   000001efa0b0b440 000001ef9f918cc0
0x00000004f97fefc8:   00007ff8c138c0cb 000001effeb5eb18
0x00000004f97fefd8:   000001ef80009612 00000004f97ff0c8
0x00000004f97fefe8:   00000004f97fefe8 000001effdbab401
0x00000004f97feff8:   00000004f97ff040 000001effdbac300
0x00000004f97ff008:   0000000000000000 000001effeb5e870
0x00000004f97ff018:   00000004f97ff108 000001ef80009612
0x00000004f97ff028:   000001ef8000d621 000001effeb5eb18 

Instructions: (pc=0x00007ff8c139ce97)
0x00007ff8c139cd97:   4a 08 4c 89 00 89 48 08 c3 8b 0a 44 0f b7 42 04
0x00007ff8c139cda7:   89 08 66 44 89 40 04 c3 8b 0a 44 0f b6 42 04 89
0x00007ff8c139cdb7:   08 44 88 40 04 c3 48 8b 0a 48 89 08 c3 0f b6 0a
0x00007ff8c139cdc7:   88 08 c3 8b 0a 89 08 c3 90 49 83 f8 20 77 17 f3
0x00007ff8c139cdd7:   0f 6f 0a f3 42 0f 6f 54 02 f0 f3 0f 7f 09 f3 42
0x00007ff8c139cde7:   0f 7f 54 01 f0 c3 48 3b d1 73 0e 4e 8d 0c 02 49
0x00007ff8c139cdf7:   3b c9 0f 82 41 04 00 00 90 83 3d 11 92 02 00 03
0x00007ff8c139ce07:   0f 82 e3 02 00 00 49 81 f8 00 20 00 00 76 16 49
0x00007ff8c139ce17:   81 f8 00 00 18 00 77 0d f6 05 1e a4 02 00 02 0f
0x00007ff8c139ce27:   85 64 fe ff ff c5 fe 6f 02 c4 a1 7e 6f 6c 02 e0
0x00007ff8c139ce37:   49 81 f8 00 01 00 00 0f 86 c4 00 00 00 4c 8b c9
0x00007ff8c139ce47:   49 83 e1 1f 49 83 e9 20 49 2b c9 49 2b d1 4d 03
0x00007ff8c139ce57:   c1 49 81 f8 00 01 00 00 0f 86 a3 00 00 00 49 81
0x00007ff8c139ce67:   f8 00 00 18 00 0f 87 3e 01 00 00 66 66 66 66 66
0x00007ff8c139ce77:   66 0f 1f 84 00 00 00 00 00 c5 fe 6f 0a c5 fe 6f
0x00007ff8c139ce87:   52 20 c5 fe 6f 5a 40 c5 fe 6f 62 60 c5 fd 7f 09
0x00007ff8c139ce97:   c5 fd 7f 51 20 c5 fd 7f 59 40 c5 fd 7f 61 60 c5
0x00007ff8c139cea7:   fe 6f 8a 80 00 00 00 c5 fe 6f 92 a0 00 00 00 c5
0x00007ff8c139ceb7:   fe 6f 9a c0 00 00 00 c5 fe 6f a2 e0 00 00 00 c5
0x00007ff8c139cec7:   fd 7f 89 80 00 00 00 c5 fd 7f 91 a0 00 00 00 c5
0x00007ff8c139ced7:   fd 7f 99 c0 00 00 00 c5 fd 7f a1 e0 00 00 00 48
0x00007ff8c139cee7:   81 c1 00 01 00 00 48 81 c2 00 01 00 00 49 81 e8
0x00007ff8c139cef7:   00 01 00 00 49 81 f8 00 01 00 00 0f 83 78 ff ff
0x00007ff8c139cf07:   ff 4d 8d 48 1f 49 83 e1 e0 4d 8b d9 49 c1 eb 05
0x00007ff8c139cf17:   47 8b 9c 9a 90 d0 04 00 4d 03 da 41 ff e3 c4 a1
0x00007ff8c139cf27:   7e 6f 8c 0a 00 ff ff ff c4 a1 7e 7f 8c 09 00 ff
0x00007ff8c139cf37:   ff ff c4 a1 7e 6f 8c 0a 20 ff ff ff c4 a1 7e 7f
0x00007ff8c139cf47:   8c 09 20 ff ff ff c4 a1 7e 6f 8c 0a 40 ff ff ff
0x00007ff8c139cf57:   c4 a1 7e 7f 8c 09 40 ff ff ff c4 a1 7e 6f 8c 0a
0x00007ff8c139cf67:   60 ff ff ff c4 a1 7e 7f 8c 09 60 ff ff ff c4 a1
0x00007ff8c139cf77:   7e 6f 4c 0a 80 c4 a1 7e 7f 4c 09 80 c4 a1 7e 6f
0x00007ff8c139cf87:   4c 0a a0 c4 a1 7e 7f 4c 09 a0 c4 a1 7e 6f 4c 0a 


Stack slot to memory mapping:
stack at sp + 0 slots: 0x00007ff8c1383dde jnivideoInputLib.dll
stack at sp + 1 slots: 0x0 is NULL
stack at sp + 2 slots: 0x000001effdab1b3a is pointing into metadata
stack at sp + 3 slots: 0x000001efa0b0b440 points into unknown readable memory: 0x8078828174818073 | 73 80 81 74 81 82 78 80
stack at sp + 4 slots: 0x000001efa0b0b400 points into unknown readable memory: 0x00007ff893bab408 | 08 b4 ba 93 f8 7f 00 00
stack at sp + 5 slots: 0x000001efa0b0b400 points into unknown readable memory: 0x00007ff893bab408 | 08 b4 ba 93 f8 7f 00 00
stack at sp + 6 slots: 0x00007ff8c13828e8 jnivideoInputLib.dll
stack at sp + 7 slots: 0x0 is NULL


---------------  P R O C E S S  ---------------

Threads class SMR info:
_java_thread_list=0x000001efa0492cd0, length=23, elements={
0x000001effe0040b0, 0x000001effe006b40, 0x000001effe016120, 0x000001effe017ce0,
0x000001effe01a6a0, 0x000001effe01b050, 0x000001effe01c810, 0x000001effe028fe0,
0x000001effe02d110, 0x000001effe263fb0, 0x000001effe9ab650, 0x000001effe9abb20,
0x000001effeb5e3a0, 0x000001effeb60550, 0x000001effeb5e870, 0x000001effeb5ed40,
0x000001effeb5d060, 0x000001effeb5ded0, 0x000001effeb5d530, 0x000001effeb60080,
0x000001efa0df0ae0, 0x000001efa0e10490, 0x000001efa0b09e00
}

Java Threads: ( => current thread )
  0x000001effe0040b0 JavaThread "Reference Handler" daemon [_thread_blocked, id=21336, stack(0x00000004f5800000,0x00000004f5900000)]
  0x000001effe006b40 JavaThread "Finalizer" daemon [_thread_blocked, id=21044, stack(0x00000004f5900000,0x00000004f5a00000)]
  0x000001effe016120 JavaThread "Signal Dispatcher" daemon [_thread_blocked, id=5612, stack(0x00000004f5a00000,0x00000004f5b00000)]
  0x000001effe017ce0 JavaThread "Attach Listener" daemon [_thread_blocked, id=10416, stack(0x00000004f5b00000,0x00000004f5c00000)]
  0x000001effe01a6a0 JavaThread "Service Thread" daemon [_thread_blocked, id=9240, stack(0x00000004f5c00000,0x00000004f5d00000)]
  0x000001effe01b050 JavaThread "Monitor Deflation Thread" daemon [_thread_blocked, id=14240, stack(0x00000004f5d00000,0x00000004f5e00000)]
  0x000001effe01c810 JavaThread "C2 CompilerThread0" daemon [_thread_blocked, id=12984, stack(0x00000004f5e00000,0x00000004f5f00000)]
  0x000001effe028fe0 JavaThread "C1 CompilerThread0" daemon [_thread_blocked, id=9132, stack(0x00000004f5f00000,0x00000004f6000000)]
  0x000001effe02d110 JavaThread "Sweeper thread" daemon [_thread_blocked, id=9760, stack(0x00000004f6000000,0x00000004f6100000)]
  0x000001effe263fb0 JavaThread "Common-Cleaner" daemon [_thread_blocked, id=13708, stack(0x00000004f6100000,0x00000004f6200000)]
  0x000001effe9ab650 JavaThread "Monitor Ctrl-Break" daemon [_thread_in_native, id=11152, stack(0x00000004f6300000,0x00000004f6400000)]
  0x000001effe9abb20 JavaThread "Notification Thread" daemon [_thread_blocked, id=17568, stack(0x00000004f6400000,0x00000004f6500000)]
  0x000001effeb5e3a0 JavaThread "JavaCPP Deallocator" daemon [_thread_blocked, id=10664, stack(0x00000004f7000000,0x00000004f7100000)]
  0x000001effeb60550 JavaThread "Thread-11" [_thread_in_native, id=21008, stack(0x00000004f9600000,0x00000004f9700000)]
=>0x000001effeb5e870 JavaThread "Thread-12" [_thread_in_native, id=7056, stack(0x00000004f9700000,0x00000004f9800000)]
  0x000001effeb5ed40 JavaThread "DestroyJavaVM" [_thread_blocked, id=16564, stack(0x00000004f5100000,0x00000004f5200000)]
  0x000001effeb5d060 JavaThread "Java2D Disposer" daemon [_thread_blocked, id=5236, stack(0x00000004f6200000,0x00000004f6300000)]
  0x000001effeb5ded0 JavaThread "AWT-Shutdown" [_thread_blocked, id=10500, stack(0x00000004f6600000,0x00000004f6700000)]
  0x000001effeb5d530 JavaThread "AWT-Windows" daemon [_thread_in_native, id=16248, stack(0x00000004f9800000,0x00000004f9900000)]
  0x000001effeb60080 JavaThread "AWT-EventQueue-0" [_thread_blocked, id=13844, stack(0x00000004f9900000,0x00000004f9a00000)]
  0x000001efa0df0ae0 JavaThread "C2 CompilerThread1" daemon [_thread_blocked, id=7796, stack(0x00000004fa300000,0x00000004fa400000)]
  0x000001efa0e10490 JavaThread "C2 CompilerThread2" daemon [_thread_blocked, id=14140, stack(0x00000004fa400000,0x00000004fa500000)]
  0x000001efa0b09e00 JavaThread "D3D Screen Updater" daemon [_thread_blocked, id=2224, stack(0x00000004f9b00000,0x00000004f9c00000)]

Other Threads:
  0x000001effd41dfa0 VMThread "VM Thread" [stack: 0x00000004f5700000,0x00000004f5800000] [id=18200]
  0x000001efefa86c50 WatcherThread [stack: 0x00000004f6500000,0x00000004f6600000] [id=21312]
  0x000001efefa5fef0 GCTaskThread "GC Thread#0" [stack: 0x00000004f5200000,0x00000004f5300000] [id=6084]
  0x000001efff11a030 GCTaskThread "GC Thread#1" [stack: 0x00000004f6700000,0x00000004f6800000] [id=9564]
  0x000001efff11a2e0 GCTaskThread "GC Thread#2" [stack: 0x00000004f6800000,0x00000004f6900000] [id=2496]
  0x000001efff3a0560 GCTaskThread "GC Thread#3" [stack: 0x00000004f6900000,0x00000004f6a00000] [id=5916]
  0x000001efff3a0810 GCTaskThread "GC Thread#4" [stack: 0x00000004f6a00000,0x00000004f6b00000] [id=20808]
  0x000001efff3a0ac0 GCTaskThread "GC Thread#5" [stack: 0x00000004f6b00000,0x00000004f6c00000] [id=17528]
  0x000001effefa5a90 GCTaskThread "GC Thread#6" [stack: 0x00000004f6c00000,0x00000004f6d00000] [id=21424]
  0x000001effefa5d40 GCTaskThread "GC Thread#7" [stack: 0x00000004f6d00000,0x00000004f6e00000] [id=3244]
  0x000001efff290b60 GCTaskThread "GC Thread#8" [stack: 0x00000004f6e00000,0x00000004f6f00000] [id=10296]
  0x000001efff290e10 GCTaskThread "GC Thread#9" [stack: 0x00000004f6f00000,0x00000004f7000000] [id=10008]
  0x000001efefa70db0 ConcurrentGCThread "G1 Main Marker" [stack: 0x00000004f5300000,0x00000004f5400000] [id=11272]
  0x000001efefa72f70 ConcurrentGCThread "G1 Conc#0" [stack: 0x00000004f5400000,0x00000004f5500000] [id=21304]
  0x000001effd2d7680 ConcurrentGCThread "G1 Refine#0" [stack: 0x00000004f5500000,0x00000004f5600000] [id=15124]
  0x000001effd2d7eb0 ConcurrentGCThread "G1 Service" [stack: 0x00000004f5600000,0x00000004f5700000] [id=17620]

Threads with active compile tasks:

VM state: not at safepoint (normal execution)

VM Mutex/Monitor currently owned by a thread: None

Heap address: 0x0000000601000000, size: 8176 MB, Compressed Oops mode: Zero based, Oop shift amount: 3

CDS archive(s) mapped at: [0x0000000800000000-0x0000000800bc0000-0x0000000800bc0000), size 12320768, SharedBaseAddress: 0x0000000800000000, ArchiveRelocationMode: 0.
Compressed class space mapped at: 0x0000000800c00000-0x0000000840c00000, reserved size: 1073741824
Narrow klass base: 0x0000000800000000, Narrow klass shift: 0, Narrow klass range: 0x100000000

GC Precious Log:
 CPUs: 12 total, 12 available
 Memory: 32691M
 Large Page Support: Disabled
 NUMA Support: Disabled
 Compressed Oops: Enabled (Zero based)
 Heap Region Size: 4M
 Heap Min Capacity: 8M
 Heap Initial Capacity: 512M
 Heap Max Capacity: 8176M
 Pre-touch: Disabled
 Parallel Workers: 10
 Concurrent Workers: 3
 Concurrent Refinement Workers: 10
 Periodic GC: Disabled

Heap:
 garbage-first heap   total 524288K, used 102059K [0x0000000601000000, 0x0000000800000000)
  region size 4096K, 8 young (32768K), 2 survivors (8192K)
 Metaspace       used 14221K, committed 14400K, reserved 1064960K
  class space    used 1101K, committed 1216K, reserved 1048576K

Heap Regions: E=young(eden), S=young(survivor), O=old, HS=humongous(starts), HC=humongous(continues), CS=collection set, F=free, OA=open archive, CA=closed archive, TAMS=top-at-mark-start (previous, next)
|   0|0x0000000601000000, 0x0000000601400000, 0x0000000601400000|100%|HS|  |TAMS 0x0000000601000000, 0x0000000601000000| Complete 
|   1|0x0000000601400000, 0x0000000601800000, 0x0000000601800000|100%|HC|  |TAMS 0x0000000601400000, 0x0000000601400000| Complete 
|   2|0x0000000601800000, 0x0000000601c00000, 0x0000000601c00000|100%|HC|  |TAMS 0x0000000601800000, 0x0000000601800000| Complete 
|   3|0x0000000601c00000, 0x0000000602000000, 0x0000000602000000|100%|HC|  |TAMS 0x0000000601c00000, 0x0000000601c00000| Complete 
|   4|0x0000000602000000, 0x0000000602400000, 0x0000000602400000|100%|HC|  |TAMS 0x0000000602000000, 0x0000000602000000| Complete 
|   5|0x0000000602400000, 0x0000000602800000, 0x0000000602800000|100%|HC|  |TAMS 0x0000000602400000, 0x0000000602400000| Complete 
|   6|0x0000000602800000, 0x0000000602c00000, 0x0000000602c00000|100%|HC|  |TAMS 0x0000000602800000, 0x0000000602800000| Complete 
|   7|0x0000000602c00000, 0x0000000603000000, 0x0000000603000000|100%|HC|  |TAMS 0x0000000602c00000, 0x0000000602c00000| Complete 
|   8|0x0000000603000000, 0x0000000603400000, 0x0000000603400000|100%|HC|  |TAMS 0x0000000603000000, 0x0000000603000000| Complete 
|   9|0x0000000603400000, 0x0000000603800000, 0x0000000603800000|100%|HC|  |TAMS 0x0000000603400000, 0x0000000603400000| Complete 
|  10|0x0000000603800000, 0x0000000603c00000, 0x0000000603c00000|100%|HC|  |TAMS 0x0000000603800000, 0x0000000603800000| Complete 
|  11|0x0000000603c00000, 0x0000000604000000, 0x0000000604000000|100%|HC|  |TAMS 0x0000000603c00000, 0x0000000603c00000| Complete 
|  12|0x0000000604000000, 0x0000000604400000, 0x0000000604400000|100%|HC|  |TAMS 0x0000000604000000, 0x0000000604000000| Complete 
|  13|0x0000000604400000, 0x0000000604800000, 0x0000000604800000|100%|HC|  |TAMS 0x0000000604400000, 0x0000000604400000| Complete 
|  14|0x0000000604800000, 0x0000000604c00000, 0x0000000604c00000|100%|HC|  |TAMS 0x0000000604800000, 0x0000000604800000| Complete 
|  15|0x0000000604c00000, 0x0000000605000000, 0x0000000605000000|100%|HC|  |TAMS 0x0000000604c00000, 0x0000000604c00000| Complete 
|  16|0x0000000605000000, 0x0000000605400000, 0x0000000605400000|100%|HC|  |TAMS 0x0000000605000000, 0x0000000605000000| Complete 
|  17|0x0000000605400000, 0x0000000605800000, 0x0000000605800000|100%| O|  |TAMS 0x0000000605400000, 0x0000000605400000| Untracked 
|  18|0x0000000605800000, 0x0000000605800000, 0x0000000605c00000|  0%| F|  |TAMS 0x0000000605800000, 0x0000000605800000| Untracked 
|  19|0x0000000605c00000, 0x0000000605daa800, 0x0000000606000000| 41%| O|  |TAMS 0x0000000605c00000, 0x0000000605c00000| Untracked 
|  20|0x0000000606000000, 0x0000000606000000, 0x0000000606400000|  0%| F|  |TAMS 0x0000000606000000, 0x0000000606000000| Untracked 
|  21|0x0000000606400000, 0x0000000606400000, 0x0000000606800000|  0%| F|  |TAMS 0x0000000606400000, 0x0000000606400000| Untracked 
|  22|0x0000000606800000, 0x0000000606800000, 0x0000000606c00000|  0%| F|  |TAMS 0x0000000606800000, 0x0000000606800000| Untracked 
|  23|0x0000000606c00000, 0x0000000606c00000, 0x0000000607000000|  0%| F|  |TAMS 0x0000000606c00000, 0x0000000606c00000| Untracked 
|  24|0x0000000607000000, 0x0000000607000000, 0x0000000607400000|  0%| F|  |TAMS 0x0000000607000000, 0x0000000607000000| Untracked 
|  25|0x0000000607400000, 0x0000000607400000, 0x0000000607800000|  0%| F|  |TAMS 0x0000000607400000, 0x0000000607400000| Untracked 
|  26|0x0000000607800000, 0x0000000607800000, 0x0000000607c00000|  0%| F|  |TAMS 0x0000000607800000, 0x0000000607800000| Untracked 
|  27|0x0000000607c00000, 0x0000000607c00000, 0x0000000608000000|  0%| F|  |TAMS 0x0000000607c00000, 0x0000000607c00000| Untracked 
|  28|0x0000000608000000, 0x0000000608000000, 0x0000000608400000|  0%| F|  |TAMS 0x0000000608000000, 0x0000000608000000| Untracked 
|  29|0x0000000608400000, 0x0000000608400000, 0x0000000608800000|  0%| F|  |TAMS 0x0000000608400000, 0x0000000608400000| Untracked 
|  30|0x0000000608800000, 0x0000000608800000, 0x0000000608c00000|  0%| F|  |TAMS 0x0000000608800000, 0x0000000608800000| Untracked 
|  31|0x0000000608c00000, 0x0000000608c00000, 0x0000000609000000|  0%| F|  |TAMS 0x0000000608c00000, 0x0000000608c00000| Untracked 
|  32|0x0000000609000000, 0x0000000609000000, 0x0000000609400000|  0%| F|  |TAMS 0x0000000609000000, 0x0000000609000000| Untracked 
|  33|0x0000000609400000, 0x0000000609400000, 0x0000000609800000|  0%| F|  |TAMS 0x0000000609400000, 0x0000000609400000| Untracked 
|  34|0x0000000609800000, 0x0000000609800000, 0x0000000609c00000|  0%| F|  |TAMS 0x0000000609800000, 0x0000000609800000| Untracked 
|  35|0x0000000609c00000, 0x0000000609c00000, 0x000000060a000000|  0%| F|  |TAMS 0x0000000609c00000, 0x0000000609c00000| Untracked 
|  36|0x000000060a000000, 0x000000060a000000, 0x000000060a400000|  0%| F|  |TAMS 0x000000060a000000, 0x000000060a000000| Untracked 
|  37|0x000000060a400000, 0x000000060a400000, 0x000000060a800000|  0%| F|  |TAMS 0x000000060a400000, 0x000000060a400000| Untracked 
|  38|0x000000060a800000, 0x000000060a800000, 0x000000060ac00000|  0%| F|  |TAMS 0x000000060a800000, 0x000000060a800000| Untracked 
|  39|0x000000060ac00000, 0x000000060ac00000, 0x000000060b000000|  0%| F|  |TAMS 0x000000060ac00000, 0x000000060ac00000| Untracked 
|  40|0x000000060b000000, 0x000000060b000000, 0x000000060b400000|  0%| F|  |TAMS 0x000000060b000000, 0x000000060b000000| Untracked 
|  41|0x000000060b400000, 0x000000060b400000, 0x000000060b800000|  0%| F|  |TAMS 0x000000060b400000, 0x000000060b400000| Untracked 
|  42|0x000000060b800000, 0x000000060b800000, 0x000000060bc00000|  0%| F|  |TAMS 0x000000060b800000, 0x000000060b800000| Untracked 
|  43|0x000000060bc00000, 0x000000060bc00000, 0x000000060c000000|  0%| F|  |TAMS 0x000000060bc00000, 0x000000060bc00000| Untracked 
|  44|0x000000060c000000, 0x000000060c000000, 0x000000060c400000|  0%| F|  |TAMS 0x000000060c000000, 0x000000060c000000| Untracked 
|  45|0x000000060c400000, 0x000000060c400000, 0x000000060c800000|  0%| F|  |TAMS 0x000000060c400000, 0x000000060c400000| Untracked 
|  46|0x000000060c800000, 0x000000060c800000, 0x000000060cc00000|  0%| F|  |TAMS 0x000000060c800000, 0x000000060c800000| Untracked 
|  47|0x000000060cc00000, 0x000000060cc00000, 0x000000060d000000|  0%| F|  |TAMS 0x000000060cc00000, 0x000000060cc00000| Untracked 
|  48|0x000000060d000000, 0x000000060d000000, 0x000000060d400000|  0%| F|  |TAMS 0x000000060d000000, 0x000000060d000000| Untracked 
|  49|0x000000060d400000, 0x000000060d400000, 0x000000060d800000|  0%| F|  |TAMS 0x000000060d400000, 0x000000060d400000| Untracked 
|  50|0x000000060d800000, 0x000000060d800000, 0x000000060dc00000|  0%| F|  |TAMS 0x000000060d800000, 0x000000060d800000| Untracked 
|  51|0x000000060dc00000, 0x000000060dc00000, 0x000000060e000000|  0%| F|  |TAMS 0x000000060dc00000, 0x000000060dc00000| Untracked 
|  52|0x000000060e000000, 0x000000060e2006e8, 0x000000060e400000| 50%| S|CS|TAMS 0x000000060e000000, 0x000000060e000000| Complete 
|  53|0x000000060e400000, 0x000000060e800000, 0x000000060e800000|100%| S|CS|TAMS 0x000000060e400000, 0x000000060e400000| Complete 
|  54|0x000000060e800000, 0x000000060e800000, 0x000000060ec00000|  0%| F|  |TAMS 0x000000060e800000, 0x000000060e800000| Untracked 
|  55|0x000000060ec00000, 0x000000060ec00000, 0x000000060f000000|  0%| F|  |TAMS 0x000000060ec00000, 0x000000060ec00000| Untracked 
|  56|0x000000060f000000, 0x000000060f000000, 0x000000060f400000|  0%| F|  |TAMS 0x000000060f000000, 0x000000060f000000| Untracked 
|  57|0x000000060f400000, 0x000000060f400000, 0x000000060f800000|  0%| F|  |TAMS 0x000000060f400000, 0x000000060f400000| Untracked 
|  58|0x000000060f800000, 0x000000060f800000, 0x000000060fc00000|  0%| F|  |TAMS 0x000000060f800000, 0x000000060f800000| Untracked 
|  59|0x000000060fc00000, 0x000000060fc00000, 0x0000000610000000|  0%| F|  |TAMS 0x000000060fc00000, 0x000000060fc00000| Untracked 
|  60|0x0000000610000000, 0x0000000610000000, 0x0000000610400000|  0%| F|  |TAMS 0x0000000610000000, 0x0000000610000000| Untracked 
|  61|0x0000000610400000, 0x0000000610400000, 0x0000000610800000|  0%| F|  |TAMS 0x0000000610400000, 0x0000000610400000| Untracked 
|  62|0x0000000610800000, 0x0000000610800000, 0x0000000610c00000|  0%| F|  |TAMS 0x0000000610800000, 0x0000000610800000| Untracked 
|  63|0x0000000610c00000, 0x0000000610c00000, 0x0000000611000000|  0%| F|  |TAMS 0x0000000610c00000, 0x0000000610c00000| Untracked 
|  64|0x0000000611000000, 0x0000000611000000, 0x0000000611400000|  0%| F|  |TAMS 0x0000000611000000, 0x0000000611000000| Untracked 
|  65|0x0000000611400000, 0x0000000611400000, 0x0000000611800000|  0%| F|  |TAMS 0x0000000611400000, 0x0000000611400000| Untracked 
|  66|0x0000000611800000, 0x0000000611800000, 0x0000000611c00000|  0%| F|  |TAMS 0x0000000611800000, 0x0000000611800000| Untracked 
|  67|0x0000000611c00000, 0x0000000611c00000, 0x0000000612000000|  0%| F|  |TAMS 0x0000000611c00000, 0x0000000611c00000| Untracked 
|  68|0x0000000612000000, 0x0000000612000000, 0x0000000612400000|  0%| F|  |TAMS 0x0000000612000000, 0x0000000612000000| Untracked 
|  69|0x0000000612400000, 0x0000000612400000, 0x0000000612800000|  0%| F|  |TAMS 0x0000000612400000, 0x0000000612400000| Untracked 
|  70|0x0000000612800000, 0x0000000612800000, 0x0000000612c00000|  0%| F|  |TAMS 0x0000000612800000, 0x0000000612800000| Untracked 
|  71|0x0000000612c00000, 0x0000000612c00000, 0x0000000613000000|  0%| F|  |TAMS 0x0000000612c00000, 0x0000000612c00000| Untracked 
|  72|0x0000000613000000, 0x0000000613000000, 0x0000000613400000|  0%| F|  |TAMS 0x0000000613000000, 0x0000000613000000| Untracked 
|  73|0x0000000613400000, 0x0000000613400000, 0x0000000613800000|  0%| F|  |TAMS 0x0000000613400000, 0x0000000613400000| Untracked 
|  74|0x0000000613800000, 0x0000000613800000, 0x0000000613c00000|  0%| F|  |TAMS 0x0000000613800000, 0x0000000613800000| Untracked 
|  75|0x0000000613c00000, 0x0000000613c00000, 0x0000000614000000|  0%| F|  |TAMS 0x0000000613c00000, 0x0000000613c00000| Untracked 
|  76|0x0000000614000000, 0x0000000614000000, 0x0000000614400000|  0%| F|  |TAMS 0x0000000614000000, 0x0000000614000000| Untracked 
|  77|0x0000000614400000, 0x0000000614400000, 0x0000000614800000|  0%| F|  |TAMS 0x0000000614400000, 0x0000000614400000| Untracked 
|  78|0x0000000614800000, 0x0000000614800000, 0x0000000614c00000|  0%| F|  |TAMS 0x0000000614800000, 0x0000000614800000| Untracked 
|  79|0x0000000614c00000, 0x0000000614c00000, 0x0000000615000000|  0%| F|  |TAMS 0x0000000614c00000, 0x0000000614c00000| Untracked 
|  80|0x0000000615000000, 0x0000000615000000, 0x0000000615400000|  0%| F|  |TAMS 0x0000000615000000, 0x0000000615000000| Untracked 
|  81|0x0000000615400000, 0x0000000615400000, 0x0000000615800000|  0%| F|  |TAMS 0x0000000615400000, 0x0000000615400000| Untracked 
|  82|0x0000000615800000, 0x0000000615800000, 0x0000000615c00000|  0%| F|  |TAMS 0x0000000615800000, 0x0000000615800000| Untracked 
|  83|0x0000000615c00000, 0x0000000615c00000, 0x0000000616000000|  0%| F|  |TAMS 0x0000000615c00000, 0x0000000615c00000| Untracked 
|  84|0x0000000616000000, 0x0000000616000000, 0x0000000616400000|  0%| F|  |TAMS 0x0000000616000000, 0x0000000616000000| Untracked 
|  85|0x0000000616400000, 0x0000000616400000, 0x0000000616800000|  0%| F|  |TAMS 0x0000000616400000, 0x0000000616400000| Untracked 
|  86|0x0000000616800000, 0x0000000616800000, 0x0000000616c00000|  0%| F|  |TAMS 0x0000000616800000, 0x0000000616800000| Untracked 
|  87|0x0000000616c00000, 0x0000000616c00000, 0x0000000617000000|  0%| F|  |TAMS 0x0000000616c00000, 0x0000000616c00000| Untracked 
|  88|0x0000000617000000, 0x0000000617000000, 0x0000000617400000|  0%| F|  |TAMS 0x0000000617000000, 0x0000000617000000| Untracked 
|  89|0x0000000617400000, 0x0000000617400000, 0x0000000617800000|  0%| F|  |TAMS 0x0000000617400000, 0x0000000617400000| Untracked 
|  90|0x0000000617800000, 0x0000000617800000, 0x0000000617c00000|  0%| F|  |TAMS 0x0000000617800000, 0x0000000617800000| Untracked 
|  91|0x0000000617c00000, 0x0000000617c00000, 0x0000000618000000|  0%| F|  |TAMS 0x0000000617c00000, 0x0000000617c00000| Untracked 
|  92|0x0000000618000000, 0x0000000618000000, 0x0000000618400000|  0%| F|  |TAMS 0x0000000618000000, 0x0000000618000000| Untracked 
|  93|0x0000000618400000, 0x0000000618400000, 0x0000000618800000|  0%| F|  |TAMS 0x0000000618400000, 0x0000000618400000| Untracked 
|  94|0x0000000618800000, 0x0000000618800000, 0x0000000618c00000|  0%| F|  |TAMS 0x0000000618800000, 0x0000000618800000| Untracked 
|  95|0x0000000618c00000, 0x0000000618c00000, 0x0000000619000000|  0%| F|  |TAMS 0x0000000618c00000, 0x0000000618c00000| Untracked 
|  96|0x0000000619000000, 0x0000000619000000, 0x0000000619400000|  0%| F|  |TAMS 0x0000000619000000, 0x0000000619000000| Untracked 
|  97|0x0000000619400000, 0x0000000619400000, 0x0000000619800000|  0%| F|  |TAMS 0x0000000619400000, 0x0000000619400000| Untracked 
|  98|0x0000000619800000, 0x0000000619800000, 0x0000000619c00000|  0%| F|  |TAMS 0x0000000619800000, 0x0000000619800000| Untracked 
|  99|0x0000000619c00000, 0x0000000619c00000, 0x000000061a000000|  0%| F|  |TAMS 0x0000000619c00000, 0x0000000619c00000| Untracked 
| 100|0x000000061a000000, 0x000000061a000000, 0x000000061a400000|  0%| F|  |TAMS 0x000000061a000000, 0x000000061a000000| Untracked 
| 101|0x000000061a400000, 0x000000061a400000, 0x000000061a800000|  0%| F|  |TAMS 0x000000061a400000, 0x000000061a400000| Untracked 
| 102|0x000000061a800000, 0x000000061a800000, 0x000000061ac00000|  0%| F|  |TAMS 0x000000061a800000, 0x000000061a800000| Untracked 
| 103|0x000000061ac00000, 0x000000061ac00000, 0x000000061b000000|  0%| F|  |TAMS 0x000000061ac00000, 0x000000061ac00000| Untracked 
| 104|0x000000061b000000, 0x000000061b000000, 0x000000061b400000|  0%| F|  |TAMS 0x000000061b000000, 0x000000061b000000| Untracked 
| 105|0x000000061b400000, 0x000000061b400000, 0x000000061b800000|  0%| F|  |TAMS 0x000000061b400000, 0x000000061b400000| Untracked 
| 106|0x000000061b800000, 0x000000061b800000, 0x000000061bc00000|  0%| F|  |TAMS 0x000000061b800000, 0x000000061b800000| Untracked 
| 107|0x000000061bc00000, 0x000000061bc00000, 0x000000061c000000|  0%| F|  |TAMS 0x000000061bc00000, 0x000000061bc00000| Untracked 
| 108|0x000000061c000000, 0x000000061c000000, 0x000000061c400000|  0%| F|  |TAMS 0x000000061c000000, 0x000000061c000000| Untracked 
| 109|0x000000061c400000, 0x000000061c400000, 0x000000061c800000|  0%| F|  |TAMS 0x000000061c400000, 0x000000061c400000| Untracked 
| 110|0x000000061c800000, 0x000000061c800000, 0x000000061cc00000|  0%| F|  |TAMS 0x000000061c800000, 0x000000061c800000| Untracked 
| 111|0x000000061cc00000, 0x000000061cc00000, 0x000000061d000000|  0%| F|  |TAMS 0x000000061cc00000, 0x000000061cc00000| Untracked 
| 112|0x000000061d000000, 0x000000061d000000, 0x000000061d400000|  0%| F|  |TAMS 0x000000061d000000, 0x000000061d000000| Untracked 
| 113|0x000000061d400000, 0x000000061d400000, 0x000000061d800000|  0%| F|  |TAMS 0x000000061d400000, 0x000000061d400000| Untracked 
| 114|0x000000061d800000, 0x000000061d800000, 0x000000061dc00000|  0%| F|  |TAMS 0x000000061d800000, 0x000000061d800000| Untracked 
| 115|0x000000061dc00000, 0x000000061dc00000, 0x000000061e000000|  0%| F|  |TAMS 0x000000061dc00000, 0x000000061dc00000| Untracked 
| 116|0x000000061e000000, 0x000000061e000000, 0x000000061e400000|  0%| F|  |TAMS 0x000000061e000000, 0x000000061e000000| Untracked 
| 117|0x000000061e400000, 0x000000061e400000, 0x000000061e800000|  0%| F|  |TAMS 0x000000061e400000, 0x000000061e400000| Untracked 
| 118|0x000000061e800000, 0x000000061e800000, 0x000000061ec00000|  0%| F|  |TAMS 0x000000061e800000, 0x000000061e800000| Untracked 
| 119|0x000000061ec00000, 0x000000061ec00000, 0x000000061f000000|  0%| F|  |TAMS 0x000000061ec00000, 0x000000061ec00000| Untracked 
| 120|0x000000061f000000, 0x000000061f000000, 0x000000061f400000|  0%| F|  |TAMS 0x000000061f000000, 0x000000061f000000| Untracked 
| 121|0x000000061f400000, 0x000000061f400000, 0x000000061f800000|  0%| F|  |TAMS 0x000000061f400000, 0x000000061f400000| Untracked 
| 122|0x000000061f800000, 0x000000061faf64d8, 0x000000061fc00000| 74%| E|  |TAMS 0x000000061f800000, 0x000000061f800000| Complete 
| 123|0x000000061fc00000, 0x0000000620000000, 0x0000000620000000|100%| E|CS|TAMS 0x000000061fc00000, 0x000000061fc00000| Complete 
| 124|0x0000000620000000, 0x0000000620400000, 0x0000000620400000|100%| E|CS|TAMS 0x0000000620000000, 0x0000000620000000| Complete 
| 125|0x0000000620400000, 0x0000000620800000, 0x0000000620800000|100%| E|CS|TAMS 0x0000000620400000, 0x0000000620400000| Complete 
| 126|0x0000000620800000, 0x0000000620c00000, 0x0000000620c00000|100%| E|CS|TAMS 0x0000000620800000, 0x0000000620800000| Complete 
| 127|0x0000000620c00000, 0x0000000621000000, 0x0000000621000000|100%| E|CS|TAMS 0x0000000620c00000, 0x0000000620c00000| Complete 

Card table byte_map: [0x000001eff8770000,0x000001eff9770000] _byte_map_base: 0x000001eff5768000

Marking Bits (Prev, Next): (CMBitMap*) 0x000001efefa60500, (CMBitMap*) 0x000001efefa60540
 Prev Bits: [0x000001ef8f000000, 0x000001ef96fc0000)
 Next Bits: [0x000001ef96fc0000, 0x000001ef9ef80000)

Polling page: 0x000001efed9b0000

Metaspace:

Usage:
  Non-class:     12.81 MB used.
      Class:      1.08 MB used.
       Both:     13.89 MB used.

Virtual space:
  Non-class space:       16.00 MB reserved,      12.88 MB ( 80%) committed,  2 nodes.
      Class space:        1.00 GB reserved,       1.19 MB ( <1%) committed,  1 nodes.
             Both:        1.02 GB reserved,      14.06 MB (  1%) committed. 

Chunk freelists:
   Non-Class:  2.94 MB
       Class:  2.74 MB
        Both:  5.69 MB

MaxMetaspaceSize: unlimited
CompressedClassSpaceSize: 1.00 GB
Initial GC threshold: 21.00 MB
Current GC threshold: 21.00 MB
CDS: on
MetaspaceReclaimPolicy: balanced
 - commit_granule_bytes: 65536.
 - commit_granule_words: 8192.
 - virtual_space_node_default_size: 1048576.
 - enlarge_chunks_in_place: 1.
 - new_chunks_are_fully_committed: 0.
 - uncommit_free_chunks: 1.
 - use_allocation_guard: 0.
 - handle_deallocations: 1.


Internal statistics:

num_allocs_failed_limit: 0.
num_arena_births: 126.
num_arena_deaths: 0.
num_vsnodes_births: 3.
num_vsnodes_deaths: 0.
num_space_committed: 223.
num_space_uncommitted: 0.
num_chunks_returned_to_freelist: 0.
num_chunks_taken_from_freelist: 387.
num_chunk_merges: 0.
num_chunk_splits: 288.
num_chunks_enlarged: 213.
num_purges: 0.
num_inconsistent_stats: 0.

CodeHeap 'non-profiled nmethods': size=120000Kb used=1093Kb max_used=1093Kb free=118906Kb
 bounds [0x000001ef87ad0000, 0x000001ef87d40000, 0x000001ef8f000000]
CodeHeap 'profiled nmethods': size=120000Kb used=3314Kb max_used=3314Kb free=116685Kb
 bounds [0x000001ef805a0000, 0x000001ef808e0000, 0x000001ef87ad0000]
CodeHeap 'non-nmethods': size=5760Kb used=1732Kb max_used=1762Kb free=4027Kb
 bounds [0x000001ef80000000, 0x000001ef80270000, 0x000001ef805a0000]
 total_blobs=2743 nmethods=1615 adapters=1041
 compilation: enabled
              stopped_count=0, restarted_count=0
 full_count=0

Compilation events (20 events):
Event: 3.406 Thread 0x000001effe028fe0 nmethod 1596 0x000001ef808d8010 code [0x000001ef808d81c0, 0x000001ef808d83e8]
Event: 3.406 Thread 0x000001effe028fe0 1597   !   3       java.lang.ref.ReferenceQueue::enqueue (119 bytes)
Event: 3.406 Thread 0x000001effe028fe0 nmethod 1597 0x000001ef808d8490 code [0x000001ef808d8680, 0x000001ef808d8d88]
Event: 3.406 Thread 0x000001effe028fe0 1599       3       java.lang.ref.ReferenceQueue::reallyPoll (65 bytes)
Event: 3.406 Thread 0x000001effe028fe0 nmethod 1599 0x000001ef808d8f90 code [0x000001ef808d9160, 0x000001ef808d96b8]
Event: 3.406 Thread 0x000001effe028fe0 1600       3       java.util.concurrent.locks.ReentrantLock::lock (8 bytes)
Event: 3.406 Thread 0x000001effe028fe0 nmethod 1600 0x000001ef808d9790 code [0x000001ef808d9940, 0x000001ef808d9bf8]
Event: 3.412 Thread 0x000001efa0e10490 nmethod 1581 0x000001ef87bd0790 code [0x000001ef87bd0940, 0x000001ef87bd17f8]
Event: 3.425 Thread 0x000001effe028fe0 1601   !   3       sun.awt.AWTAutoShutdown::setToolkitBusy (124 bytes)
Event: 3.426 Thread 0x000001effe028fe0 nmethod 1601 0x000001ef808d9d10 code [0x000001ef808d9f20, 0x000001ef808da508]
Event: 3.427 Thread 0x000001effe028fe0 1602       1       java.awt.image.Raster::getSampleModel (5 bytes)
Event: 3.427 Thread 0x000001effe028fe0 nmethod 1602 0x000001ef87bd1d10 code [0x000001ef87bd1ea0, 0x000001ef87bd1f78]
Event: 3.448 Thread 0x000001efa0df0ae0 nmethod 1572% 0x000001ef87bd2010 code [0x000001ef87bd24c0, 0x000001ef87bd7dc0]
Event: 3.449 Thread 0x000001efa0e10490 1603       4       ColorQuantizer::dither (264 bytes)
Event: 3.464 Thread 0x000001efa0e10490 nmethod 1603 0x000001ef87bdb990 code [0x000001ef87bdbc20, 0x000001ef87bdcf80]
Event: 3.466 Thread 0x000001effe028fe0 1604   !   3       java.lang.ref.ReferenceQueue::remove (125 bytes)
Event: 3.466 Thread 0x000001efa0df0ae0 1605 %     4       ColorQuantizer::dither @ 36 (264 bytes)
Event: 3.467 Thread 0x000001effe028fe0 nmethod 1604 0x000001ef808da810 code [0x000001ef808daa20, 0x000001ef808db1b8]
Event: 3.475 Thread 0x000001effe028fe0 1606       3       java.awt.Component::isLightweight (8 bytes)
Event: 3.475 Thread 0x000001effe028fe0 nmethod 1606 0x000001ef808db510 code [0x000001ef808db6a0, 0x000001ef808db8d8]

GC Heap History (10 events):
Event: 2.025 GC heap before
{Heap before GC invocations=0 (full 0):
 garbage-first heap   total 524288K, used 90112K [0x0000000601000000, 0x0000000800000000)
  region size 4096K, 6 young (24576K), 0 survivors (0K)
 Metaspace       used 2784K, committed 2944K, reserved 1056768K
  class space    used 180K, committed 256K, reserved 1048576K
}
Event: 2.027 GC heap after
{Heap after GC invocations=1 (full 0):
 garbage-first heap   total 524288K, used 75264K [0x0000000601000000, 0x0000000800000000)
  region size 4096K, 1 young (4096K), 1 survivors (4096K)
 Metaspace       used 2784K, committed 2944K, reserved 1056768K
  class space    used 180K, committed 256K, reserved 1048576K
}
Event: 2.187 GC heap before
{Heap before GC invocations=1 (full 0):
 garbage-first heap   total 524288K, used 95744K [0x0000000601000000, 0x0000000800000000)
  region size 4096K, 6 young (24576K), 1 survivors (4096K)
 Metaspace       used 7009K, committed 7232K, reserved 1064960K
  class space    used 222K, committed 320K, reserved 1048576K
}
Event: 2.188 GC heap after
{Heap after GC invocations=2 (full 0):
 garbage-first heap   total 524288K, used 75817K [0x0000000601000000, 0x0000000800000000)
  region size 4096K, 1 young (4096K), 1 survivors (4096K)
 Metaspace       used 7009K, committed 7232K, reserved 1064960K
  class space    used 222K, committed 320K, reserved 1048576K
}
Event: 2.386 GC heap before
{Heap before GC invocations=2 (full 0):
 garbage-first heap   total 524288K, used 145449K [0x0000000601000000, 0x0000000800000000)
  region size 4096K, 18 young (73728K), 1 survivors (4096K)
 Metaspace       used 7019K, committed 7232K, reserved 1064960K
  class space    used 222K, committed 320K, reserved 1048576K
}
Event: 2.386 GC heap after
{Heap after GC invocations=3 (full 0):
 garbage-first heap   total 524288K, used 75718K [0x0000000601000000, 0x0000000800000000)
  region size 4096K, 1 young (4096K), 1 survivors (4096K)
 Metaspace       used 7019K, committed 7232K, reserved 1064960K
  class space    used 222K, committed 320K, reserved 1048576K
}
Event: 3.404 GC heap before
{Heap before GC invocations=3 (full 0):
 garbage-first heap   total 524288K, used 382918K [0x0000000601000000, 0x0000000800000000)
  region size 4096K, 76 young (311296K), 1 survivors (4096K)
 Metaspace       used 14213K, committed 14400K, reserved 1064960K
  class space    used 1101K, committed 1216K, reserved 1048576K
}
Event: 3.405 GC heap after
{Heap after GC invocations=4 (full 0):
 garbage-first heap   total 524288K, used 82272K [0x0000000601000000, 0x0000000800000000)
  region size 4096K, 2 young (8192K), 2 survivors (8192K)
 Metaspace       used 14213K, committed 14400K, reserved 1064960K
  class space    used 1101K, committed 1216K, reserved 1048576K
}
Event: 3.465 GC heap before
{Heap before GC invocations=4 (full 0):
 garbage-first heap   total 524288K, used 385376K [0x0000000601000000, 0x0000000800000000)
  region size 4096K, 76 young (311296K), 2 survivors (8192K)
 Metaspace       used 14218K, committed 14400K, reserved 1064960K
  class space    used 1101K, committed 1216K, reserved 1048576K
}
Event: 3.466 GC heap after
{Heap after GC invocations=5 (full 0):
 garbage-first heap   total 524288K, used 81579K [0x0000000601000000, 0x0000000800000000)
  region size 4096K, 2 young (8192K), 2 survivors (8192K)
 Metaspace       used 14218K, committed 14400K, reserved 1064960K
  class space    used 1101K, committed 1216K, reserved 1048576K
}

Deoptimization events (20 events):
Event: 3.265 Thread 0x000001effeb5e870 DEOPT PACKING pc=0x000001ef87b2800c sp=0x00000004f97fdd40
Event: 3.265 Thread 0x000001effeb5e870 DEOPT UNPACKING pc=0x000001ef800523a3 sp=0x00000004f97fdce0 mode 2
Event: 3.326 Thread 0x000001effeb60550 DEOPT PACKING pc=0x000001ef808bd4ff sp=0x00000004f96fee80
Event: 3.326 Thread 0x000001effeb60550 DEOPT UNPACKING pc=0x000001ef80052b43 sp=0x00000004f96fe448 mode 0
Event: 3.326 Thread 0x000001effeb5e870 DEOPT PACKING pc=0x000001ef808bd4ff sp=0x00000004f97fecb0
Event: 3.326 Thread 0x000001effeb5e870 DEOPT UNPACKING pc=0x000001ef80052b43 sp=0x00000004f97fe278 mode 0
Event: 3.395 Thread 0x000001effeb5e870 DEOPT PACKING pc=0x000001ef808bfede sp=0x00000004f97fed30
Event: 3.395 Thread 0x000001effeb5e870 DEOPT UNPACKING pc=0x000001ef80052b43 sp=0x00000004f97fe248 mode 0
Event: 3.426 Thread 0x000001effeb5e870 Uncommon trap: trap_request=0xffffff45 fr.pc=0x000001ef87bd16a4 relative=0x0000000000000d64
Event: 3.426 Thread 0x000001effeb5e870 Uncommon trap: reason=unstable_if action=reinterpret pc=0x000001ef87bd16a4 method=org.bytedeco.javacv.Java2DFrameConverter.flipCopyWithGamma(Ljava/nio/ByteBuffer;IILjava/nio/ByteBuffer;IIZDZI)V @ 46 c2
Event: 3.426 Thread 0x000001effeb5e870 DEOPT PACKING pc=0x000001ef87bd16a4 sp=0x00000004f97fed80
Event: 3.426 Thread 0x000001effeb5e870 DEOPT UNPACKING pc=0x000001ef800523a3 sp=0x00000004f97fed48 mode 2
Event: 3.449 Thread 0x000001efa0b09930 DEOPT PACKING pc=0x000001ef808d1c91 sp=0x00000004f9dff130
Event: 3.449 Thread 0x000001efa0b09930 DEOPT UNPACKING pc=0x000001ef80052b43 sp=0x00000004f9dfe618 mode 0
Event: 3.450 Thread 0x000001efa0b08ac0 DEOPT PACKING pc=0x000001ef808d1c91 sp=0x00000004f9eff450
Event: 3.450 Thread 0x000001efa0b08ac0 DEOPT UNPACKING pc=0x000001ef80052b43 sp=0x00000004f9efe938 mode 0
Event: 3.450 Thread 0x000001efa0b09930 Uncommon trap: trap_request=0xffffff45 fr.pc=0x000001ef87bd6944 relative=0x0000000000004484
Event: 3.450 Thread 0x000001efa0b09930 Uncommon trap: reason=unstable_if action=reinterpret pc=0x000001ef87bd6944 method=ColorQuantizer.dither(Ljava/awt/image/BufferedImage;)Ljava/awt/image/BufferedImage; @ 173 c2
Event: 3.450 Thread 0x000001efa0b09930 DEOPT PACKING pc=0x000001ef87bd6944 sp=0x00000004f9dff120
Event: 3.450 Thread 0x000001efa0b09930 DEOPT UNPACKING pc=0x000001ef800523a3 sp=0x00000004f9dff118 mode 2

Classes unloaded (0 events):
No events

Classes redefined (0 events):
No events

Internal exceptions (20 events):
Event: 1.951 Thread 0x000001efef9eb090 Exception <a 'java/lang/NoSuchMethodError'{0x000000061fca9d48}: 'void java.lang.invoke.DirectMethodHandle$Holder.invokeStaticInit(java.lang.Object, java.lang.Object)'> (0x000000061fca9d48) 
thrown [t:\workspace\open\src\hotspot\share\interpreter\linkResolver.cpp, line 766]
Event: 1.952 Thread 0x000001efef9eb090 Exception <a 'java/lang/NoSuchMethodError'{0x000000061fcb1210}: 'int java.lang.invoke.DirectMethodHandle$Holder.invokeStaticInit(java.lang.Object, java.lang.Object)'> (0x000000061fcb1210) 
thrown [t:\workspace\open\src\hotspot\share\interpreter\linkResolver.cpp, line 766]
Event: 3.010 Thread 0x000001effeb60550 Exception <a 'java/lang/ClassNotFoundException'{0x000000061dc19480}: sun/awt/resources/spi/awtProvider> (0x000000061dc19480) 
thrown [t:\workspace\open\src\hotspot\share\classfile\systemDictionary.cpp, line 256]
Event: 3.019 Thread 0x000001effeb60550 Exception <a 'java/io/FileNotFoundException'{0x000000061dc68d40}> (0x000000061dc68d40) 
thrown [t:\workspace\open\src\hotspot\share\prims\jni.cpp, line 516]
Event: 3.021 Thread 0x000001effeb60550 Exception <a 'java/io/FileNotFoundException'{0x000000061dc95d30}> (0x000000061dc95d30) 
thrown [t:\workspace\open\src\hotspot\share\prims\jni.cpp, line 516]
Event: 3.165 Thread 0x000001effeb5e870 Exception <a 'java/lang/NoSuchMethodError'{0x000000061de35fd8}: 'void java.lang.invoke.DirectMethodHandle$Holder.invokeSpecial(java.lang.Object, java.lang.Object, java.lang.Object)'> (0x000000061de35fd8) 
thrown [t:\workspace\open\src\hotspot\share\interpreter\linkResolver.cpp, line 766]
Event: 3.170 Thread 0x000001effeb5e870 Exception <a 'java/lang/NoSuchMethodError'{0x000000061de600d8}: 'java.lang.Object java.lang.invoke.DirectMethodHandle$Holder.newInvokeSpecial(java.lang.Object, java.lang.Object, java.lang.Object, java.lang.Object, java.lang.Object)'> (0x000000061de600d8) 
thrown [t:\workspace\open\src\hotspot\share\interpreter\linkResolver.cpp, line 766]
Event: 3.170 Thread 0x000001effeb5e870 Exception <a 'java/lang/NoSuchMethodError'{0x000000061de6baa0}: 'java.lang.Object java.lang.invoke.DirectMethodHandle$Holder.invokeStatic(java.lang.Object, int, java.lang.Object, java.lang.Object, java.lang.Object, java.lang.Object)'> (0x000000061de6baa0) 
thrown [t:\workspace\open\src\hotspot\share\interpreter\linkResolver.cpp, line 766]
Event: 3.173 Thread 0x000001effeb5e870 Exception <a 'java/lang/NoSuchMethodError'{0x000000061de91230}: 'java.lang.Object java.lang.invoke.DirectMethodHandle$Holder.invokeStatic(java.lang.Object, int, java.lang.Object)'> (0x000000061de91230) 
thrown [t:\workspace\open\src\hotspot\share\interpreter\linkResolver.cpp, line 766]
Event: 3.186 Thread 0x000001effeb5e870 Exception <a 'java/lang/ClassNotFoundException'{0x000000061df4d378}: com/sun/swing/internal/plaf/metal/resources/spi/metalProvider> (0x000000061df4d378) 
thrown [t:\workspace\open\src\hotspot\share\classfile\systemDictionary.cpp, line 256]
Event: 3.186 Thread 0x000001effeb5e870 Exception <a 'java/lang/ClassNotFoundException'{0x000000061df51278}: com/sun/swing/internal/plaf/basic/resources/spi/basicProvider> (0x000000061df51278) 
thrown [t:\workspace\open\src\hotspot\share\classfile\systemDictionary.cpp, line 256]
Event: 3.188 Thread 0x000001effeb5e870 Implicit null exception at 0x000001ef87b0b45e to 0x000001ef87b0bd78
Event: 3.188 Thread 0x000001effeb60550 Implicit null exception at 0x000001ef87b0b45e to 0x000001ef87b0bd78
Event: 3.190 Thread 0x000001effeb60550 Implicit null exception at 0x000001ef87ba2a0e to 0x000001ef87ba2e18
Event: 3.190 Thread 0x000001effeb5e870 Implicit null exception at 0x000001ef87ba2a0e to 0x000001ef87ba2e18
Event: 3.190 Thread 0x000001effeb60550 Implicit null exception at 0x000001ef87b30b8e to 0x000001ef87b30f88
Event: 3.190 Thread 0x000001effeb5e870 Implicit null exception at 0x000001ef87b30b8e to 0x000001ef87b30f88
Event: 3.190 Thread 0x000001effeb60550 Implicit null exception at 0x000001ef87b2ec8f to 0x000001ef87b2ed09
Event: 3.195 Thread 0x000001effeb5d530 Exception <a 'java/lang/NoSuchMethodError'{0x000000061d80fa08}: 'void java.lang.invoke.DirectMethodHandle$Holder.invokeVirtual(java.lang.Object, java.lang.Object)'> (0x000000061d80fa08) 
thrown [t:\workspace\open\src\hotspot\share\interpreter\linkResolver.cpp, line 766]
Event: 3.202 Thread 0x000001effeb60080 Exception <a 'java/lang/NoSuchMethodError'{0x000000061da236e8}: 'void java.lang.invoke.DirectMethodHandle$Holder.invokeStaticInit(java.lang.Object)'> (0x000000061da236e8) 
thrown [t:\workspace\open\src\hotspot\share\interpreter\linkResolver.cpp, line 766]

VM Operations (20 events):
Event: 1.956 Executing VM operation: HandshakeAllThreads
Event: 1.956 Executing VM operation: HandshakeAllThreads done
Event: 1.969 Executing VM operation: HandshakeAllThreads
Event: 1.969 Executing VM operation: HandshakeAllThreads done
Event: 2.025 Executing VM operation: G1CollectForAllocation
Event: 2.027 Executing VM operation: G1CollectForAllocation done
Event: 2.091 Executing VM operation: HandshakeAllThreads
Event: 2.091 Executing VM operation: HandshakeAllThreads done
Event: 2.108 Executing VM operation: HandshakeAllThreads
Event: 2.108 Executing VM operation: HandshakeAllThreads done
Event: 2.187 Executing VM operation: G1CollectForAllocation
Event: 2.189 Executing VM operation: G1CollectForAllocation done
Event: 2.386 Executing VM operation: G1CollectForAllocation
Event: 2.386 Executing VM operation: G1CollectForAllocation done
Event: 3.010 Executing VM operation: HandshakeAllThreads
Event: 3.010 Executing VM operation: HandshakeAllThreads done
Event: 3.404 Executing VM operation: G1CollectForAllocation
Event: 3.405 Executing VM operation: G1CollectForAllocation done
Event: 3.465 Executing VM operation: G1CollectForAllocation
Event: 3.466 Executing VM operation: G1CollectForAllocation done

Events (20 events):
Event: 3.424 Thread 0x000001efa0b072b0 Thread exited: 0x000001efa0b072b0
Event: 3.424 Thread 0x000001efa0b0a2d0 Thread exited: 0x000001efa0b0a2d0
Event: 3.424 Thread 0x000001efa0b07780 Thread exited: 0x000001efa0b07780
Event: 3.425 Thread 0x000001efa0b09460 Thread exited: 0x000001efa0b09460
Event: 3.426 Thread 0x000001efa0b072b0 Thread added: 0x000001efa0b072b0
Event: 3.426 Thread 0x000001efa0b09930 Thread added: 0x000001efa0b09930
Event: 3.427 Thread 0x000001efa0b08ac0 Thread added: 0x000001efa0b08ac0
Event: 3.427 Thread 0x000001efa0b0ac70 Thread added: 0x000001efa0b0ac70
Event: 3.427 Thread 0x000001efa0b08f90 Thread added: 0x000001efa0b08f90
Event: 3.427 Thread 0x000001efa0b09460 Thread added: 0x000001efa0b09460
Event: 3.427 Thread 0x000001efa0b08120 Thread added: 0x000001efa0b08120
Event: 3.427 Thread 0x000001efa0b07c50 Thread added: 0x000001efa0b07c50
Event: 3.450 Thread 0x000001efa0b072b0 Thread exited: 0x000001efa0b072b0
Event: 3.450 Thread 0x000001efa0b08f90 Thread exited: 0x000001efa0b08f90
Event: 3.450 Thread 0x000001efa0b09460 Thread exited: 0x000001efa0b09460
Event: 3.450 Thread 0x000001efa0b09930 Thread exited: 0x000001efa0b09930
Event: 3.450 Thread 0x000001efa0b07c50 Thread exited: 0x000001efa0b07c50
Event: 3.451 Thread 0x000001efa0b08ac0 Thread exited: 0x000001efa0b08ac0
Event: 3.451 Thread 0x000001efa0b08120 Thread exited: 0x000001efa0b08120
Event: 3.451 Thread 0x000001efa0b0ac70 Thread exited: 0x000001efa0b0ac70


Dynamic libraries:
0x00007ff72b680000 - 0x00007ff72b690000 	C:\Program Files\Java\jdk-17.0.2\bin\java.exe
0x00007ff952a10000 - 0x00007ff952c27000 	C:\WINDOWS\SYSTEM32\ntdll.dll
0x00007ff951e40000 - 0x00007ff951f04000 	C:\WINDOWS\System32\KERNEL32.DLL
0x00007ff9500d0000 - 0x00007ff950476000 	C:\WINDOWS\System32\KERNELBASE.dll
0x00007ff9505d0000 - 0x00007ff9506e1000 	C:\WINDOWS\System32\ucrtbase.dll
0x00007ff933490000 - 0x00007ff9334a8000 	C:\Program Files\Java\jdk-17.0.2\bin\jli.dll
0x00007ff932cd0000 - 0x00007ff932cea000 	C:\Program Files\Java\jdk-17.0.2\bin\VCRUNTIME140.dll
0x00007ff951d80000 - 0x00007ff951e30000 	C:\WINDOWS\System32\ADVAPI32.dll
0x00007ff950960000 - 0x00007ff950a07000 	C:\WINDOWS\System32\msvcrt.dll
0x00007ff951a80000 - 0x00007ff951b26000 	C:\WINDOWS\System32\sechost.dll
0x00007ff950790000 - 0x00007ff9508a7000 	C:\WINDOWS\System32\RPCRT4.dll
0x00007ff9523a0000 - 0x00007ff95254d000 	C:\WINDOWS\System32\USER32.dll
0x00007ff950480000 - 0x00007ff9504a6000 	C:\WINDOWS\System32\win32u.dll
0x00007ff940d30000 - 0x00007ff940fc3000 	C:\WINDOWS\WinSxS\amd64_microsoft.windows.common-controls_6595b64144ccf1df_6.0.22621.2361_none_2712ced57382f843\COMCTL32.dll
0x00007ff950930000 - 0x00007ff950959000 	C:\WINDOWS\System32\GDI32.dll
0x00007ff9504b0000 - 0x00007ff9505c8000 	C:\WINDOWS\System32\gdi32full.dll
0x00007ff94fe50000 - 0x00007ff94feea000 	C:\WINDOWS\System32\msvcp_win.dll
0x00007ff945e80000 - 0x00007ff945e8a000 	C:\WINDOWS\SYSTEM32\VERSION.dll
0x00007ff9528a0000 - 0x00007ff9528d1000 	C:\WINDOWS\System32\IMM32.DLL
0x00007ff933f90000 - 0x00007ff933f9c000 	C:\Program Files\Java\jdk-17.0.2\bin\vcruntime140_1.dll
0x00007ff896820000 - 0x00007ff8968ad000 	C:\Program Files\Java\jdk-17.0.2\bin\msvcp140.dll
0x00007ff8930c0000 - 0x00007ff893c81000 	C:\Program Files\Java\jdk-17.0.2\bin\server\jvm.dll
0x00007ff9508b0000 - 0x00007ff9508b8000 	C:\WINDOWS\System32\PSAPI.DLL
0x00007ff949080000 - 0x00007ff9490b4000 	C:\WINDOWS\SYSTEM32\WINMM.dll
0x00007ff93f740000 - 0x00007ff93f749000 	C:\WINDOWS\SYSTEM32\WSOCK32.dll
0x00007ff951580000 - 0x00007ff9515f1000 	C:\WINDOWS\System32\WS2_32.dll
0x00007ff94ee60000 - 0x00007ff94ee78000 	C:\WINDOWS\SYSTEM32\kernel.appcore.dll
0x00007ff933730000 - 0x00007ff93373a000 	C:\Program Files\Java\jdk-17.0.2\bin\jimage.dll
0x00007ff942040000 - 0x00007ff94226e000 	C:\WINDOWS\SYSTEM32\DBGHELP.DLL
0x00007ff951f10000 - 0x00007ff95229a000 	C:\WINDOWS\System32\combase.dll
0x00007ff9514a0000 - 0x00007ff951577000 	C:\WINDOWS\System32\OLEAUT32.dll
0x00007ff9445a0000 - 0x00007ff9445d2000 	C:\WINDOWS\SYSTEM32\dbgcore.DLL
0x00007ff9506f0000 - 0x00007ff95076a000 	C:\WINDOWS\System32\bcryptPrimitives.dll
0x00007ff941250000 - 0x00007ff94125e000 	C:\Program Files\Java\jdk-17.0.2\bin\instrument.dll
0x00007ff933600000 - 0x00007ff933625000 	C:\Program Files\Java\jdk-17.0.2\bin\java.dll
0x00007ff8c2570000 - 0x00007ff8c2646000 	C:\Program Files\Java\jdk-17.0.2\bin\jsvml.dll
0x00007ff950c10000 - 0x00007ff951468000 	C:\WINDOWS\System32\SHELL32.dll
0x00007ff94dd00000 - 0x00007ff94e5f2000 	C:\WINDOWS\SYSTEM32\windows.storage.dll
0x00007ff94dbc0000 - 0x00007ff94dcfe000 	C:\WINDOWS\SYSTEM32\wintypes.dll
0x00007ff951c80000 - 0x00007ff951d73000 	C:\WINDOWS\System32\SHCORE.dll
0x00007ff952970000 - 0x00007ff9529ce000 	C:\WINDOWS\System32\shlwapi.dll
0x00007ff94fcc0000 - 0x00007ff94fce6000 	C:\WINDOWS\SYSTEM32\profapi.dll
0x00007ff932ea0000 - 0x00007ff932eb8000 	C:\Program Files\Java\jdk-17.0.2\bin\zip.dll
0x00007ff933710000 - 0x00007ff933729000 	C:\Program Files\Java\jdk-17.0.2\bin\net.dll
0x00007ff94ab20000 - 0x00007ff94ac57000 	C:\WINDOWS\SYSTEM32\WINHTTP.dll
0x00007ff94f340000 - 0x00007ff94f3a9000 	C:\WINDOWS\system32\mswsock.dll
0x00007ff932ec0000 - 0x00007ff932ed6000 	C:\Program Files\Java\jdk-17.0.2\bin\nio.dll
0x00007ff921de0000 - 0x00007ff921dfa000 	C:\Program Files\JetBrains\IntelliJ IDEA 2023.2.4\bin\breakgen64.dll
0x000001efef970000 - 0x000001efef974000 	C:\Users\Zjaun\.javacpp\cache\javacpp-1.5.9-windows-x86_64.jar\org\bytedeco\javacpp\windows-x86_64\api-ms-win-crt-locale-l1-1-0.dll
0x000001efef980000 - 0x000001efef985000 	C:\Users\Zjaun\.javacpp\cache\javacpp-1.5.9-windows-x86_64.jar\org\bytedeco\javacpp\windows-x86_64\api-ms-win-crt-string-l1-1-0.dll
0x000001efef990000 - 0x000001efef995000 	C:\Users\Zjaun\.javacpp\cache\javacpp-1.5.9-windows-x86_64.jar\org\bytedeco\javacpp\windows-x86_64\api-ms-win-crt-stdio-l1-1-0.dll
0x000001effd620000 - 0x000001effd626000 	C:\Users\Zjaun\.javacpp\cache\javacpp-1.5.9-windows-x86_64.jar\org\bytedeco\javacpp\windows-x86_64\api-ms-win-crt-math-l1-1-0.dll
0x000001effd630000 - 0x000001effd634000 	C:\Users\Zjaun\.javacpp\cache\javacpp-1.5.9-windows-x86_64.jar\org\bytedeco\javacpp\windows-x86_64\api-ms-win-crt-heap-l1-1-0.dll
0x000001effd640000 - 0x000001effd645000 	C:\Users\Zjaun\.javacpp\cache\javacpp-1.5.9-windows-x86_64.jar\org\bytedeco\javacpp\windows-x86_64\api-ms-win-crt-runtime-l1-1-0.dll
0x000001effd650000 - 0x000001effd655000 	C:\Users\Zjaun\.javacpp\cache\javacpp-1.5.9-windows-x86_64.jar\org\bytedeco\javacpp\windows-x86_64\api-ms-win-crt-convert-l1-1-0.dll
0x000001effd660000 - 0x000001effd664000 	C:\Users\Zjaun\.javacpp\cache\javacpp-1.5.9-windows-x86_64.jar\org\bytedeco\javacpp\windows-x86_64\api-ms-win-crt-environment-l1-1-0.dll
0x000001effd670000 - 0x000001effd674000 	C:\Users\Zjaun\.javacpp\cache\javacpp-1.5.9-windows-x86_64.jar\org\bytedeco\javacpp\windows-x86_64\api-ms-win-crt-time-l1-1-0.dll
0x000001effd680000 - 0x000001effd684000 	C:\Users\Zjaun\.javacpp\cache\javacpp-1.5.9-windows-x86_64.jar\org\bytedeco\javacpp\windows-x86_64\api-ms-win-crt-filesystem-l1-1-0.dll
0x000001effd690000 - 0x000001effd694000 	C:\Users\Zjaun\.javacpp\cache\javacpp-1.5.9-windows-x86_64.jar\org\bytedeco\javacpp\windows-x86_64\api-ms-win-crt-utility-l1-1-0.dll
0x000001effd6a0000 - 0x000001effd6a6000 	C:\Users\Zjaun\.javacpp\cache\javacpp-1.5.9-windows-x86_64.jar\org\bytedeco\javacpp\windows-x86_64\api-ms-win-crt-multibyte-l1-1-0.dll
0x000001effd6b0000 - 0x000001effd6b4000 	C:\Users\Zjaun\.javacpp\cache\javacpp-1.5.9-windows-x86_64.jar\org\bytedeco\javacpp\windows-x86_64\api-ms-win-crt-conio-l1-1-0.dll
0x000001effd6c0000 - 0x000001effd6d1000 	C:\Users\Zjaun\.javacpp\cache\javacpp-1.5.9-windows-x86_64.jar\org\bytedeco\javacpp\windows-x86_64\api-ms-win-crt-private-l1-1-0.dll
0x000001effd6e0000 - 0x000001effd6e4000 	C:\Users\Zjaun\.javacpp\cache\javacpp-1.5.9-windows-x86_64.jar\org\bytedeco\javacpp\windows-x86_64\api-ms-win-crt-process-l1-1-0.dll
0x000001effd6f0000 - 0x000001effd6f4000 	C:\Users\Zjaun\.javacpp\cache\javacpp-1.5.9-windows-x86_64.jar\org\bytedeco\javacpp\windows-x86_64\api-ms-win-core-console-l1-2-0.dll
0x000001effd700000 - 0x000001effd704000 	C:\Users\Zjaun\.javacpp\cache\javacpp-1.5.9-windows-x86_64.jar\org\bytedeco\javacpp\windows-x86_64\api-ms-win-core-string-l1-1-0.dll
0x000001effd710000 - 0x000001effd714000 	C:\Users\Zjaun\.javacpp\cache\javacpp-1.5.9-windows-x86_64.jar\org\bytedeco\javacpp\windows-x86_64\api-ms-win-core-errorhandling-l1-1-0.dll
0x000001effd720000 - 0x000001effd724000 	C:\Users\Zjaun\.javacpp\cache\javacpp-1.5.9-windows-x86_64.jar\org\bytedeco\javacpp\windows-x86_64\api-ms-win-core-timezone-l1-1-0.dll
0x000001effd730000 - 0x000001effd735000 	C:\Users\Zjaun\.javacpp\cache\javacpp-1.5.9-windows-x86_64.jar\org\bytedeco\javacpp\windows-x86_64\api-ms-win-core-file-l1-1-0.dll
0x000001effd740000 - 0x000001effd744000 	C:\Users\Zjaun\.javacpp\cache\javacpp-1.5.9-windows-x86_64.jar\org\bytedeco\javacpp\windows-x86_64\api-ms-win-core-namedpipe-l1-1-0.dll
0x000001effd750000 - 0x000001effd754000 	C:\Users\Zjaun\.javacpp\cache\javacpp-1.5.9-windows-x86_64.jar\org\bytedeco\javacpp\windows-x86_64\api-ms-win-core-handle-l1-1-0.dll
0x000001effd760000 - 0x000001effd764000 	C:\Users\Zjaun\.javacpp\cache\javacpp-1.5.9-windows-x86_64.jar\org\bytedeco\javacpp\windows-x86_64\api-ms-win-core-file-l2-1-0.dll
0x000001effd770000 - 0x000001effd774000 	C:\Users\Zjaun\.javacpp\cache\javacpp-1.5.9-windows-x86_64.jar\org\bytedeco\javacpp\windows-x86_64\api-ms-win-core-heap-l1-1-0.dll
0x000001effd780000 - 0x000001effd784000 	C:\Users\Zjaun\.javacpp\cache\javacpp-1.5.9-windows-x86_64.jar\org\bytedeco\javacpp\windows-x86_64\api-ms-win-core-libraryloader-l1-1-0.dll
0x000001effd790000 - 0x000001effd794000 	C:\Users\Zjaun\.javacpp\cache\javacpp-1.5.9-windows-x86_64.jar\org\bytedeco\javacpp\windows-x86_64\api-ms-win-core-synch-l1-1-0.dll
0x000001effd7a0000 - 0x000001effd7a4000 	C:\Users\Zjaun\.javacpp\cache\javacpp-1.5.9-windows-x86_64.jar\org\bytedeco\javacpp\windows-x86_64\api-ms-win-core-processthreads-l1-1-0.dll
0x000001effd7b0000 - 0x000001effd7b4000 	C:\Users\Zjaun\.javacpp\cache\javacpp-1.5.9-windows-x86_64.jar\org\bytedeco\javacpp\windows-x86_64\api-ms-win-core-processenvironment-l1-1-0.dll
0x000001effd7c0000 - 0x000001effd7c4000 	C:\Users\Zjaun\.javacpp\cache\javacpp-1.5.9-windows-x86_64.jar\org\bytedeco\javacpp\windows-x86_64\api-ms-win-core-datetime-l1-1-0.dll
0x000001effd7d0000 - 0x000001effd7d4000 	C:\Users\Zjaun\.javacpp\cache\javacpp-1.5.9-windows-x86_64.jar\org\bytedeco\javacpp\windows-x86_64\api-ms-win-core-localization-l1-2-0.dll
0x000001effd7e0000 - 0x000001effd7e4000 	C:\Users\Zjaun\.javacpp\cache\javacpp-1.5.9-windows-x86_64.jar\org\bytedeco\javacpp\windows-x86_64\api-ms-win-core-sysinfo-l1-1-0.dll
0x000001effd7f0000 - 0x000001effd7f4000 	C:\Users\Zjaun\.javacpp\cache\javacpp-1.5.9-windows-x86_64.jar\org\bytedeco\javacpp\windows-x86_64\api-ms-win-core-synch-l1-2-0.dll
0x000001efffbd0000 - 0x000001efffbd4000 	C:\Users\Zjaun\.javacpp\cache\javacpp-1.5.9-windows-x86_64.jar\org\bytedeco\javacpp\windows-x86_64\api-ms-win-core-console-l1-1-0.dll
0x000001efffbe0000 - 0x000001efffbe4000 	C:\Users\Zjaun\.javacpp\cache\javacpp-1.5.9-windows-x86_64.jar\org\bytedeco\javacpp\windows-x86_64\api-ms-win-core-debug-l1-1-0.dll
0x000001efffbf0000 - 0x000001efffbf4000 	C:\Users\Zjaun\.javacpp\cache\javacpp-1.5.9-windows-x86_64.jar\org\bytedeco\javacpp\windows-x86_64\api-ms-win-core-rtlsupport-l1-1-0.dll
0x000001efffc00000 - 0x000001efffc04000 	C:\Users\Zjaun\.javacpp\cache\javacpp-1.5.9-windows-x86_64.jar\org\bytedeco\javacpp\windows-x86_64\api-ms-win-core-processthreads-l1-1-1.dll
0x000001efffea0000 - 0x000001efffea4000 	C:\Users\Zjaun\.javacpp\cache\javacpp-1.5.9-windows-x86_64.jar\org\bytedeco\javacpp\windows-x86_64\api-ms-win-core-file-l1-2-0.dll
0x000001efffc10000 - 0x000001efffc14000 	C:\Users\Zjaun\.javacpp\cache\javacpp-1.5.9-windows-x86_64.jar\org\bytedeco\javacpp\windows-x86_64\api-ms-win-core-profile-l1-1-0.dll
0x000001efffc20000 - 0x000001efffc24000 	C:\Users\Zjaun\.javacpp\cache\javacpp-1.5.9-windows-x86_64.jar\org\bytedeco\javacpp\windows-x86_64\api-ms-win-core-memory-l1-1-0.dll
0x000001efffc30000 - 0x000001efffc34000 	C:\Users\Zjaun\.javacpp\cache\javacpp-1.5.9-windows-x86_64.jar\org\bytedeco\javacpp\windows-x86_64\api-ms-win-core-util-l1-1-0.dll
0x000001efffc40000 - 0x000001efffc44000 	C:\Users\Zjaun\.javacpp\cache\javacpp-1.5.9-windows-x86_64.jar\org\bytedeco\javacpp\windows-x86_64\api-ms-win-core-interlocked-l1-1-0.dll
0x00007ff916000000 - 0x00007ff916111000 	C:\Users\Zjaun\.javacpp\cache\javacpp-1.5.9-windows-x86_64.jar\org\bytedeco\javacpp\windows-x86_64\ucrtbase.dll
0x00007ff9163b0000 - 0x00007ff9163cb000 	C:\Users\Zjaun\.javacpp\cache\javacpp-1.5.9-windows-x86_64.jar\org\bytedeco\javacpp\windows-x86_64\vcruntime140.dll
0x00007ff91db20000 - 0x00007ff91db2c000 	C:\Users\Zjaun\.javacpp\cache\javacpp-1.5.9-windows-x86_64.jar\org\bytedeco\javacpp\windows-x86_64\vcruntime140_1.dll
0x00007ff898190000 - 0x00007ff89821d000 	C:\Users\Zjaun\.javacpp\cache\javacpp-1.5.9-windows-x86_64.jar\org\bytedeco\javacpp\windows-x86_64\msvcp140.dll
0x00007ff91ad40000 - 0x00007ff91ad49000 	C:\Users\Zjaun\.javacpp\cache\javacpp-1.5.9-windows-x86_64.jar\org\bytedeco\javacpp\windows-x86_64\msvcp140_1.dll
0x00007ff8f7690000 - 0x00007ff8f76de000 	C:\Users\Zjaun\.javacpp\cache\javacpp-1.5.9-windows-x86_64.jar\org\bytedeco\javacpp\windows-x86_64\concrt140.dll
0x00007ff904dd0000 - 0x00007ff904e01000 	C:\Users\Zjaun\.javacpp\cache\javacpp-1.5.9-windows-x86_64.jar\org\bytedeco\javacpp\windows-x86_64\vcomp140.dll
0x00007ff9163a0000 - 0x00007ff9163af000 	C:\Users\Zjaun\.javacpp\cache\javacpp-1.5.9-windows-x86_64.jar\org\bytedeco\javacpp\windows-x86_64\jnijavacpp.dll
0x00007ff843d40000 - 0x00007ff845a80000 	C:\Users\Zjaun\.javacpp\cache\openblas-0.3.23-1.5.9-windows-x86_64.jar\org\bytedeco\openblas\windows-x86_64\libopenblas_nolapack.dll
0x00007ff94f5b0000 - 0x00007ff94f5bc000 	C:\WINDOWS\SYSTEM32\CRYPTBASE.DLL
0x00007ff8f59d0000 - 0x00007ff8f5a2f000 	C:\Users\Zjaun\.javacpp\cache\openblas-0.3.23-1.5.9-windows-x86_64.jar\org\bytedeco\openblas\windows-x86_64\jniopenblas_nolapack.dll
0x00007ff83ee80000 - 0x00007ff840bc0000 	C:\Users\Zjaun\.javacpp\cache\openblas-0.3.23-1.5.9-windows-x86_64.jar\org\bytedeco\openblas\windows-x86_64\libopenblas.dll
0x00007ff842950000 - 0x00007ff843d33000 	C:\Users\Zjaun\.javacpp\cache\openblas-0.3.23-1.5.9-windows-x86_64.jar\org\bytedeco\openblas\windows-x86_64\jniopenblas.dll
0x00007ff847160000 - 0x00007ff847617000 	C:\Users\Zjaun\.javacpp\cache\opencv-4.7.0-1.5.9-windows-x86_64.jar\org\bytedeco\opencv\windows-x86_64\opencv_core470.dll
0x00007ff841f90000 - 0x00007ff84270d000 	C:\Users\Zjaun\.javacpp\cache\opencv-4.7.0-1.5.9-windows-x86_64.jar\org\bytedeco\opencv\windows-x86_64\opencv_imgproc470.dll
0x00007ff846ec0000 - 0x00007ff847156000 	C:\Users\Zjaun\.javacpp\cache\opencv-4.7.0-1.5.9-windows-x86_64.jar\org\bytedeco\opencv\windows-x86_64\jniopencv_core.dll
0x00007ff950a10000 - 0x00007ff950baf000 	C:\WINDOWS\System32\ole32.dll
0x00007ff8c1380000 - 0x00007ff8c13cf000 	C:\Users\Zjaun\.javacpp\cache\videoinput-0.200-1.5.9-windows-x86_64.jar\org\bytedeco\videoinput\windows-x86_64\jnivideoInputLib.dll
0x00007ff94d1f0000 - 0x00007ff94d29b000 	C:\WINDOWS\system32\uxtheme.dll
0x00007ff9527f0000 - 0x00007ff9528a0000 	C:\WINDOWS\System32\clbcatq.dll
0x00007ff894490000 - 0x00007ff8944b1000 	C:\Windows\System32\devenum.dll
0x00007ff94fa80000 - 0x00007ff94face000 	C:\Windows\System32\CFGMGR32.dll
0x00007ff951600000 - 0x00007ff951a74000 	C:\WINDOWS\System32\setupapi.dll
0x00007ff94eee0000 - 0x00007ff94ef14000 	C:\WINDOWS\SYSTEM32\ntmarta.dll
0x00007ff94fa50000 - 0x00007ff94fa7c000 	C:\WINDOWS\SYSTEM32\DEVOBJ.dll
0x00007ff94fef0000 - 0x00007ff94ff5c000 	C:\WINDOWS\System32\WINTRUST.dll
0x00007ff94ff60000 - 0x00007ff9500c6000 	C:\WINDOWS\System32\CRYPT32.dll
0x00007ff94f5f0000 - 0x00007ff94f602000 	C:\WINDOWS\SYSTEM32\MSASN1.dll
0x00007ff93f830000 - 0x00007ff93f83b000 	C:\WINDOWS\SYSTEM32\msdmo.dll
0x00007ff894410000 - 0x00007ff894449000 	C:\Windows\System32\qcap.dll
0x00007ff9490c0000 - 0x00007ff9492a7000 	C:\Windows\System32\quartz.dll
0x00007ff94f750000 - 0x00007ff94f778000 	C:\Windows\System32\bcrypt.dll
0x00007ff951b30000 - 0x00007ff951c7c000 	C:\WINDOWS\System32\MSCTF.dll
0x00007ff8c1410000 - 0x00007ff8c144b000 	C:\Windows\System32\mfksproxy.dll
0x00007ff94cf10000 - 0x00007ff94cf2e000 	C:\Windows\System32\ATL.DLL
0x00007ff94a0d0000 - 0x00007ff94a29e000 	C:\Windows\System32\MFPlat.DLL
0x00007ff949fa0000 - 0x00007ff949fd3000 	C:\Windows\System32\RTWorkQ.DLL
0x00007ff899590000 - 0x00007ff8995d6000 	C:\Windows\System32\FrameServerMonitorClient.dll
0x00007ff94a990000 - 0x00007ff94aa0f000 	C:\Windows\System32\MFSENSORGROUP.dll

dbghelp: loaded successfully - version: 4.0.5 - missing functions: none
symbol engine: initialized successfully - sym options: 0x614 - pdb path: .;C:\Program Files\Java\jdk-17.0.2\bin;C:\WINDOWS\SYSTEM32;C:\WINDOWS\WinSxS\amd64_microsoft.windows.common-controls_6595b64144ccf1df_6.0.22621.2361_none_2712ced57382f843;C:\Program Files\Java\jdk-17.0.2\bin\server;C:\Program Files\JetBrains\IntelliJ IDEA 2023.2.4\bin;C:\Users\Zjaun\.javacpp\cache\javacpp-1.5.9-windows-x86_64.jar\org\bytedeco\javacpp\windows-x86_64;C:\Users\Zjaun\.javacpp\cache\openblas-0.3.23-1.5.9-windows-x86_64.jar\org\bytedeco\openblas\windows-x86_64;C:\Users\Zjaun\.javacpp\cache\opencv-4.7.0-1.5.9-windows-x86_64.jar\org\bytedeco\opencv\windows-x86_64;C:\Users\Zjaun\.javacpp\cache\videoinput-0.200-1.5.9-windows-x86_64.jar\org\bytedeco\videoinput\windows-x86_64;C:\WINDOWS\WinSxS\amd64_microsoft.windows.gdiplus_6595b64144ccf1df_1.1.22621.1778_none_57fe2016ce1542ec;C:\WINDOWS\System32\DriverStore\FileRepository\nv_dispig.inf_amd64_8c8de08a85de4474

VM Arguments:
jvm_args: -javaagent:C:\Program Files\JetBrains\IntelliJ IDEA 2023.2.4\lib\idea_rt.jar=53681:C:\Program Files\JetBrains\IntelliJ IDEA 2023.2.4\bin -Dfile.encoding=UTF-8 
java_command: ColorQuantizer
java_class_path (initial): C:\Users\Zjaun\Pictures\Stream Files\Semi-Hardcore Minecraft Server\Parallel Image Dithering Algorithms\target\classes;C:\Users\Zjaun\.m2\repository\org\bytedeco\javacv-platform\1.5.9\javacv-platform-1.5.9.jar;C:\Users\Zjaun\.m2\repository\org\bytedeco\javacv\1.5.9\javacv-1.5.9.jar;C:\Users\Zjaun\.m2\repository\org\bytedeco\javacpp\1.5.9\javacpp-1.5.9.jar;C:\Users\Zjaun\.m2\repository\org\bytedeco\openblas\0.3.23-1.5.9\openblas-0.3.23-1.5.9.jar;C:\Users\Zjaun\.m2\repository\org\bytedeco\opencv\4.7.0-1.5.9\opencv-4.7.0-1.5.9.jar;C:\Users\Zjaun\.m2\repository\org\bytedeco\ffmpeg\6.0-1.5.9\ffmpeg-6.0-1.5.9.jar;C:\Users\Zjaun\.m2\repository\org\bytedeco\flycapture\2.13.3.31-1.5.9\flycapture-2.13.3.31-1.5.9.jar;C:\Users\Zjaun\.m2\repository\org\bytedeco\libdc1394\2.2.6-1.5.9\libdc1394-2.2.6-1.5.9.jar;C:\Users\Zjaun\.m2\repository\org\bytedeco\libfreenect\0.5.7-1.5.9\libfreenect-0.5.7-1.5.9.jar;C:\Users\Zjaun\.m2\repository\org\bytedeco\libfreenect2\0.2.0-1.5.9\libfreenect2-0.2.0-1.5.9.jar;C:\Users\Zjaun\.m2\repository\org\bytedeco\librealsense\1.12.4-1.5.9\librealsense-1.12.4-1.5.9.jar;C:\Users\Zjaun\.m2\repository\org\bytedeco\librealsense2\2.53.1-1.5.9\librealsense2-2.53.1-1.5.9.jar;C:\Users\Zjaun\.m2\repository\org\bytedeco\videoinput\0.200-1.5.9\videoinput-0.200-1.5.9.jar;C:\Users\Zjaun\.m2\repository\org\bytedeco\artoolkitplus\2.3.1-1.5.9\artoolkitplus-2.3.1-1.5.9.jar;C:\Users\Zjaun\.m2\repository\org\bytedeco\leptonica\1.83.0-1.5.9\leptonica-1.83.0-1.5.9.jar;C:\Users\Zjaun\.m2\repository\org\bytedeco\tesseract\5.3.1-1.5.9\tesseract-5.3.1-1.5.9.jar;C:\Users\Zjaun\.m2\repository\org\openjfx\javafx-graphics\17\javafx-graphics-17.jar;C:\Users\Zjaun\.m2\repository\org\openjfx\javafx-graphics\17\javafx-graphics-17-win.jar;C:\Users\Zjaun\.m2\repository\org\openjfx\javafx-base\17\javafx-base-17.jar;C:\Users\Zjaun\.m2\repository\org\openjfx\javafx-base\17\javafx-base-17-win.jar;C:\Users\Zjaun\.m2\repository\org\bytedeco\openblas-platform\0.3.23-
Launcher Type: SUN_STANDARD

[Global flags]
     intx CICompilerCount                          = 4                                         {product} {ergonomic}
     uint ConcGCThreads                            = 3                                         {product} {ergonomic}
     uint G1ConcRefinementThreads                  = 10                                        {product} {ergonomic}
   size_t G1HeapRegionSize                         = 4194304                                   {product} {ergonomic}
    uintx GCDrainStackTargetSize                   = 64                                        {product} {ergonomic}
   size_t InitialHeapSize                          = 536870912                                 {product} {ergonomic}
   size_t MarkStackSize                            = 4194304                                   {product} {ergonomic}
   size_t MaxHeapSize                              = 8573157376                                {product} {ergonomic}
   size_t MaxNewSize                               = 5142216704                                {product} {ergonomic}
   size_t MinHeapDeltaBytes                        = 4194304                                   {product} {ergonomic}
   size_t MinHeapSize                              = 8388608                                   {product} {ergonomic}
    uintx NonNMethodCodeHeapSize                   = 5839372                                {pd product} {ergonomic}
    uintx NonProfiledCodeHeapSize                  = 122909434                              {pd product} {ergonomic}
    uintx ProfiledCodeHeapSize                     = 122909434                              {pd product} {ergonomic}
    uintx ReservedCodeCacheSize                    = 251658240                              {pd product} {ergonomic}
     bool SegmentedCodeCache                       = true                                      {product} {ergonomic}
   size_t SoftMaxHeapSize                          = 8573157376                             {manageable} {ergonomic}
     bool UseCompressedClassPointers               = true                           {product lp64_product} {ergonomic}
     bool UseCompressedOops                        = true                           {product lp64_product} {ergonomic}
     bool UseG1GC                                  = true                                      {product} {ergonomic}
     bool UseLargePagesIndividualAllocation        = false                                  {pd product} {ergonomic}

Logging:
Log output configuration:
 #0: stdout all=warning uptime,level,tags
 #1: stderr all=off uptime,level,tags

Environment Variables:
JAVA_HOME=C:\Program Files\Java\jdk-17.0.2
PATH=c:\program files (x86)\vmware\vmware player\bin\;c:\program files\oculus\support\oculus-runtime;c:\program files (x86)\common files\intel\shared libraries\redist\intel64\compiler;c:\program files\common files\oracle\java\javapath;C:\Program Files (x86)\Common Files\Oracle\Java\javapath;c:\windows\system32;c:\windows;c:\windows\system32\wbem;c:\windows\system32\windowspowershell\v1.0\;c:\windows\system32\openssh\;c:\program files (x86)\winscp\;c:\program files\dotnet\;c:\program files\nodejs\;c:\program files\git\cmd;c:\program files\powershell\7\;c:\windows\system32;c:\windows;c:\windows\system32\wbem;c:\windows\system32\windowspowershell\v1.0\;c:\windows\system32\openssh\;c:\scrcpy-win64-v1.25;C:\Program Files (x86)\NVIDIA Corporation\PhysX\Common;C:\Program Files\Apache\apache-maven-3.9.1\bin;;C:\Program Files\Docker\Docker\resources\bin;C:\Program Files\Tailscale\;C:\Program Files\Java\jdk-17.0.2\bin;C:\Users\Zjaun\AppData\Local\Programs\Microsoft VS Code\bin;C:\Program Files\JetBrains\IntelliJ IDEA 2023.2.4\bin;;C:\Program Files\JetBrains\CLion 2023.2.2\bin;;C:\Program Files\JetBrains\PyCharm 2023.2.3\bin;
USERNAME=Zjaun
OS=Windows_NT
PROCESSOR_IDENTIFIER=AMD64 Family 25 Model 33 Stepping 0, AuthenticAMD



---------------  S Y S T E M  ---------------

OS:
 Windows 11 , 64 bit Build 22621 (10.0.22621.2428)
OS uptime: 0 days 0:38 hours

CPU: total 12 (initial active 12) (12 cores per cpu, 2 threads per core) family 25 model 33 stepping 0 microcode 0x0, cx8, cmov, fxsr, ht, mmx, 3dnowpref, sse, sse2, sse3, ssse3, sse4a, sse4.1, sse4.2, popcnt, lzcnt, tsc, tscinvbit, avx, avx2, aes, erms, clmul, bmi1, bmi2, adx, sha, fma, vzeroupper, clflush, clflushopt

Memory: 4k page, system-wide physical 32691M (20425M free)
TotalPageFile size 34739M (AvailPageFile size 14704M)
current process WorkingSet (physical memory assigned to process): 522M, peak: 522M
current process commit charge ("private bytes"): 3555M, peak: 3559M

vm_info: Java HotSpot(TM) 64-Bit Server VM (17.0.2+8-LTS-86) for windows-amd64 JRE (17.0.2+8-LTS-86), built on Dec  7 2021 21:51:03 by "mach5one" with MS VC++ 16.8 / 16.9 (VS2019)

END.
