#
# A fatal error has been detected by the Java Runtime Environment:
#
#  EXCEPTION_ACCESS_VIOLATION (0xc0000005) at pc=0x00007fffda97cece, pid=6168, tid=22220
#
# JRE version: Java(TM) SE Runtime Environment (17.0.2+8) (build 17.0.2+8-LTS-86)
# Java VM: Java HotSpot(TM) 64-Bit Server VM (17.0.2+8-LTS-86, mixed mode, sharing, tiered, compressed oops, compressed class ptrs, g1 gc, windows-amd64)
# Problematic frame:
# C  [jnivideoInputLib.dll+0x1cece]
#
# No core dump will be written. Minidumps are not enabled by default on client versions of Windows
#
# If you would like to submit a bug report, please visit:
#   https://bugreport.java.com/bugreport/crash.jsp
# The crash happened outside the Java Virtual Machine in native code.
# See problematic frame for where to report the bug.
#

---------------  S U M M A R Y ------------

Command Line: -javaagent:C:\Program Files\JetBrains\IntelliJ IDEA 2023.2.4\lib\idea_rt.jar=54047:C:\Program Files\JetBrains\IntelliJ IDEA 2023.2.4\bin -Dfile.encoding=UTF-8 ColorQuantizer

Host: AMD Ryzen 5 5600X 6-Core Processor             , 12 cores, 31G,  Windows 11 , 64 bit Build 22621 (10.0.22621.2428)
Time: Sun Nov  5 22:10:18 2023 Malay Peninsula Standard Time elapsed time: 5.297164 seconds (0d 0h 0m 5s)

---------------  T H R E A D  ---------------

Current thread (0x0000010b7885bec0):  JavaThread "Thread-12" [_thread_in_native, id=22220, stack(0x0000000104c00000,0x0000000104d00000)]

Stack: [0x0000000104c00000,0x0000000104d00000],  sp=0x0000000104cfed28,  free space=1019k
Native frames: (J=compiled Java code, j=interpreted, Vv=VM code, C=native code)
C  [jnivideoInputLib.dll+0x1cece]

Java frames: (J=compiled Java code, j=interpreted, Vv=VM code)
j  org.bytedeco.videoinput.videoInput.getPixels(ILorg/bytedeco/javacpp/BytePointer;ZZ)Z+0
j  CustomVideoInputFrameGrabber.grab()Lorg/bytedeco/javacv/Frame;+107
j  Demo.run()V+142
j  java.lang.Thread.run()V+11 java.base@17.0.2
v  ~StubRoutines::call_stub

siginfo: EXCEPTION_ACCESS_VIOLATION (0xc0000005), writing address 0x0000010b8b8ff000


Register to memory mapping:

RIP=0x00007fffda97cece jnivideoInputLib.dll
RAX=0x0000010b8b8fed40 points into unknown readable memory: 0x7b75787b79787b79 | 79 7b 78 79 7b 78 75 7b
RBX=0x0000010b8b8fed40 points into unknown readable memory: 0x7b75787b79787b79 | 79 7b 78 79 7b 78 75 7b
RCX=0x0000010b8b8fef60 points into unknown readable memory: 0xa2a4a2a2a4a2a6a3 | a3 a6 a2 a4 a2 a2 a4 a2
RDX=0x0000010b8b1a5a90 points into unknown readable memory: 0xa2a4a2a2a4a2a6a3 | a3 a6 a2 a4 a2 a2 a4 a2
RSP=0x0000000104cfed28 is pointing into the stack for thread: 0x0000010b7885bec0
RBP=0x00000000000001e0 is an unknown value
RSI=0x0000000000000780 is an unknown value
RDI=0x0000010b8b1a5870 points into unknown readable memory: 0x7975917873907772 | 72 77 90 73 78 91 75 79
R8 =0x0000000000000560 is an unknown value
R9 =0xffffffffffffffe0 is an unknown value
R10=0x00007fffda960000 jnivideoInputLib.dll
R11=0x0000000000000780 is an unknown value
R12=0x0 is NULL
R13=0x0000010b8c5d4f38 is pointing into metadata
R14=0xfffffffffffff880 is an unknown value
R15=0x0 is NULL


Registers:
RAX=0x0000010b8b8fed40, RBX=0x0000010b8b8fed40, RCX=0x0000010b8b8fef60, RDX=0x0000010b8b1a5a90
RSP=0x0000000104cfed28, RBP=0x00000000000001e0, RSI=0x0000000000000780, RDI=0x0000010b8b1a5870
R8 =0x0000000000000560, R9 =0xffffffffffffffe0, R10=0x00007fffda960000, R11=0x0000000000000780
R12=0x0000000000000000, R13=0x0000010b8c5d4f38, R14=0xfffffffffffff880, R15=0x0000000000000000
RIP=0x00007fffda97cece, EFLAGS=0x0000000000010206

Top of Stack: (sp=0x0000000104cfed28)
0x0000000104cfed28:   00007fffda963dde 0000000000000000
0x0000000104cfed38:   0000010b77aaf8ea 0000010b8b8fed40
0x0000000104cfed48:   0000010b8b8fed00 0000010b8b8fed00
0x0000000104cfed58:   00007fffda9628e8 0000000000000000
0x0000000104cfed68:   0000010b78b85908 0000010b8b8fed40
0x0000000104cfed78:   0000000000000000 0000010b000001e0
0x0000000104cfed88:   0000000104cfed00 0000010b77bad701
0x0000000104cfed98:   0000000000000000 0000000104cfeee8
0x0000000104cfeda8:   0000010b8b8fed40 0000010b78b85850
0x0000000104cfedb8:   00007fffda96c0cb 0000010b7885c168
0x0000000104cfedc8:   0000010b52079612 0000000104cfeeb8
0x0000000104cfedd8:   0000000104cfedd8 0000010b77ba8301
0x0000000104cfede8:   0000000104cfee30 0000010b77ba9200
0x0000000104cfedf8:   0000000000000000 0000010b7885bec0
0x0000000104cfee08:   0000000104cfeef8 0000010b52079612
0x0000000104cfee18:   0000010b5207d621 0000010b7885c168 

Instructions: (pc=0x00007fffda97cece)
0x00007fffda97cdce:   c3 90 49 83 f8 20 77 17 f3 0f 6f 0a f3 42 0f 6f
0x00007fffda97cdde:   54 02 f0 f3 0f 7f 09 f3 42 0f 7f 54 01 f0 c3 48
0x00007fffda97cdee:   3b d1 73 0e 4e 8d 0c 02 49 3b c9 0f 82 41 04 00
0x00007fffda97cdfe:   00 90 83 3d 11 92 02 00 03 0f 82 e3 02 00 00 49
0x00007fffda97ce0e:   81 f8 00 20 00 00 76 16 49 81 f8 00 00 18 00 77
0x00007fffda97ce1e:   0d f6 05 1e a4 02 00 02 0f 85 64 fe ff ff c5 fe
0x00007fffda97ce2e:   6f 02 c4 a1 7e 6f 6c 02 e0 49 81 f8 00 01 00 00
0x00007fffda97ce3e:   0f 86 c4 00 00 00 4c 8b c9 49 83 e1 1f 49 83 e9
0x00007fffda97ce4e:   20 49 2b c9 49 2b d1 4d 03 c1 49 81 f8 00 01 00
0x00007fffda97ce5e:   00 0f 86 a3 00 00 00 49 81 f8 00 00 18 00 0f 87
0x00007fffda97ce6e:   3e 01 00 00 66 66 66 66 66 66 0f 1f 84 00 00 00
0x00007fffda97ce7e:   00 00 c5 fe 6f 0a c5 fe 6f 52 20 c5 fe 6f 5a 40
0x00007fffda97ce8e:   c5 fe 6f 62 60 c5 fd 7f 09 c5 fd 7f 51 20 c5 fd
0x00007fffda97ce9e:   7f 59 40 c5 fd 7f 61 60 c5 fe 6f 8a 80 00 00 00
0x00007fffda97ceae:   c5 fe 6f 92 a0 00 00 00 c5 fe 6f 9a c0 00 00 00
0x00007fffda97cebe:   c5 fe 6f a2 e0 00 00 00 c5 fd 7f 89 80 00 00 00
0x00007fffda97cece:   c5 fd 7f 91 a0 00 00 00 c5 fd 7f 99 c0 00 00 00
0x00007fffda97cede:   c5 fd 7f a1 e0 00 00 00 48 81 c1 00 01 00 00 48
0x00007fffda97ceee:   81 c2 00 01 00 00 49 81 e8 00 01 00 00 49 81 f8
0x00007fffda97cefe:   00 01 00 00 0f 83 78 ff ff ff 4d 8d 48 1f 49 83
0x00007fffda97cf0e:   e1 e0 4d 8b d9 49 c1 eb 05 47 8b 9c 9a 90 d0 04
0x00007fffda97cf1e:   00 4d 03 da 41 ff e3 c4 a1 7e 6f 8c 0a 00 ff ff
0x00007fffda97cf2e:   ff c4 a1 7e 7f 8c 09 00 ff ff ff c4 a1 7e 6f 8c
0x00007fffda97cf3e:   0a 20 ff ff ff c4 a1 7e 7f 8c 09 20 ff ff ff c4
0x00007fffda97cf4e:   a1 7e 6f 8c 0a 40 ff ff ff c4 a1 7e 7f 8c 09 40
0x00007fffda97cf5e:   ff ff ff c4 a1 7e 6f 8c 0a 60 ff ff ff c4 a1 7e
0x00007fffda97cf6e:   7f 8c 09 60 ff ff ff c4 a1 7e 6f 4c 0a 80 c4 a1
0x00007fffda97cf7e:   7e 7f 4c 09 80 c4 a1 7e 6f 4c 0a a0 c4 a1 7e 7f
0x00007fffda97cf8e:   4c 09 a0 c4 a1 7e 6f 4c 0a c0 c4 a1 7e 7f 4c 09
0x00007fffda97cf9e:   c0 c4 a1 7e 7f 6c 01 e0 c5 fe 7f 00 c5 f8 77 c3
0x00007fffda97cfae:   66 90 c5 fe 6f 0a c5 fe 6f 52 20 c5 fe 6f 5a 40
0x00007fffda97cfbe:   c5 fe 6f 62 60 c5 fd e7 09 c5 fd e7 51 20 c5 fd 


Stack slot to memory mapping:
stack at sp + 0 slots: 0x00007fffda963dde jnivideoInputLib.dll
stack at sp + 1 slots: 0x0 is NULL
stack at sp + 2 slots: 0x0000010b77aaf8ea is pointing into metadata
stack at sp + 3 slots: 0x0000010b8b8fed40 points into unknown readable memory: 0x7b75787b79787b79 | 79 7b 78 79 7b 78 75 7b
stack at sp + 4 slots: 0x0000010b8b8fed00 points into unknown readable memory: 0x0000000000000000 | 00 00 00 00 00 00 00 00
stack at sp + 5 slots: 0x0000010b8b8fed00 points into unknown readable memory: 0x0000000000000000 | 00 00 00 00 00 00 00 00
stack at sp + 6 slots: 0x00007fffda9628e8 jnivideoInputLib.dll
stack at sp + 7 slots: 0x0 is NULL


---------------  P R O C E S S  ---------------

Threads class SMR info:
_java_thread_list=0x0000010b8bac0ed0, length=21, elements={
0x0000010b771e7240, 0x0000010b771e7dc0, 0x0000010b771fd1b0, 0x0000010b771fea80,
0x0000010b771ff340, 0x0000010b771ffc00, 0x0000010b772010b0, 0x0000010b7720cf70,
0x0000010b77238470, 0x0000010b770c1960, 0x0000010b786673c0, 0x0000010b78667890,
0x0000010b7885b050, 0x0000010b7885cd30, 0x0000010b7885bec0, 0x0000010b7885b9f0,
0x0000010b7885ab80, 0x0000010b7885c860, 0x0000010b7885d200, 0x0000010b7885d6d0,
0x0000010b8b85a320
}

Java Threads: ( => current thread )
  0x0000010b771e7240 JavaThread "Reference Handler" daemon [_thread_blocked, id=14996, stack(0x0000000100d00000,0x0000000100e00000)]
  0x0000010b771e7dc0 JavaThread "Finalizer" daemon [_thread_blocked, id=7768, stack(0x0000000100e00000,0x0000000100f00000)]
  0x0000010b771fd1b0 JavaThread "Signal Dispatcher" daemon [_thread_blocked, id=10504, stack(0x0000000100f00000,0x0000000101000000)]
  0x0000010b771fea80 JavaThread "Attach Listener" daemon [_thread_blocked, id=14020, stack(0x0000000101000000,0x0000000101100000)]
  0x0000010b771ff340 JavaThread "Service Thread" daemon [_thread_blocked, id=9808, stack(0x0000000101100000,0x0000000101200000)]
  0x0000010b771ffc00 JavaThread "Monitor Deflation Thread" daemon [_thread_blocked, id=20844, stack(0x0000000101200000,0x0000000101300000)]
  0x0000010b772010b0 JavaThread "C2 CompilerThread0" daemon [_thread_blocked, id=5388, stack(0x0000000101300000,0x0000000101400000)]
  0x0000010b7720cf70 JavaThread "C1 CompilerThread0" daemon [_thread_blocked, id=20272, stack(0x0000000101400000,0x0000000101500000)]
  0x0000010b77238470 JavaThread "Sweeper thread" daemon [_thread_blocked, id=16316, stack(0x0000000101500000,0x0000000101600000)]
  0x0000010b770c1960 JavaThread "Common-Cleaner" daemon [_thread_blocked, id=12720, stack(0x0000000101600000,0x0000000101700000)]
  0x0000010b786673c0 JavaThread "Monitor Ctrl-Break" daemon [_thread_in_native, id=21172, stack(0x0000000101800000,0x0000000101900000)]
  0x0000010b78667890 JavaThread "Notification Thread" daemon [_thread_blocked, id=10124, stack(0x0000000101900000,0x0000000101a00000)]
  0x0000010b7885b050 JavaThread "JavaCPP Deallocator" daemon [_thread_blocked, id=22120, stack(0x0000000102500000,0x0000000102600000)]
  0x0000010b7885cd30 JavaThread "Thread-11" [_thread_in_native, id=22228, stack(0x0000000104b00000,0x0000000104c00000)]
=>0x0000010b7885bec0 JavaThread "Thread-12" [_thread_in_native, id=22220, stack(0x0000000104c00000,0x0000000104d00000)]
  0x0000010b7885b9f0 JavaThread "DestroyJavaVM" [_thread_blocked, id=20992, stack(0x0000000100600000,0x0000000100700000)]
  0x0000010b7885ab80 JavaThread "Java2D Disposer" daemon [_thread_blocked, id=15708, stack(0x0000000101700000,0x0000000101800000)]
  0x0000010b7885c860 JavaThread "AWT-Shutdown" [_thread_blocked, id=18152, stack(0x0000000101b00000,0x0000000101c00000)]
  0x0000010b7885d200 JavaThread "AWT-Windows" daemon [_thread_in_native, id=20364, stack(0x0000000104d00000,0x0000000104e00000)]
  0x0000010b7885d6d0 JavaThread "AWT-EventQueue-0" [_thread_blocked, id=17648, stack(0x0000000104f20000,0x0000000105020000)]
  0x0000010b8b85a320 JavaThread "D3D Screen Updater" daemon [_thread_blocked, id=8004, stack(0x0000000105020000,0x0000000105120000)]

Other Threads:
  0x0000010b771e2830 VMThread "VM Thread" [stack: 0x0000000100c00000,0x0000000100d00000] [id=5492]
  0x0000010b4a8e4510 WatcherThread [stack: 0x0000000101a00000,0x0000000101b00000] [id=14392]
  0x0000010b4a8b3880 GCTaskThread "GC Thread#0" [stack: 0x0000000100700000,0x0000000100800000] [id=15084]
  0x0000010b78c26f30 GCTaskThread "GC Thread#1" [stack: 0x0000000101c00000,0x0000000101d00000] [id=22156]
  0x0000010b79342470 GCTaskThread "GC Thread#2" [stack: 0x0000000101d00000,0x0000000101e00000] [id=6120]
  0x0000010b79342720 GCTaskThread "GC Thread#3" [stack: 0x0000000101e00000,0x0000000101f00000] [id=7392]
  0x0000010b790e4530 GCTaskThread "GC Thread#4" [stack: 0x0000000101f00000,0x0000000102000000] [id=17692]
  0x0000010b790e47e0 GCTaskThread "GC Thread#5" [stack: 0x0000000102000000,0x0000000102100000] [id=6192]
  0x0000010b790e4a90 GCTaskThread "GC Thread#6" [stack: 0x0000000102100000,0x0000000102200000] [id=2400]
  0x0000010b79335bd0 GCTaskThread "GC Thread#7" [stack: 0x0000000102200000,0x0000000102300000] [id=5984]
  0x0000010b79335e80 GCTaskThread "GC Thread#8" [stack: 0x0000000102300000,0x0000000102400000] [id=22132]
  0x0000010b79336130 GCTaskThread "GC Thread#9" [stack: 0x0000000102400000,0x0000000102500000] [id=10500]
  0x0000010b4a8c4650 ConcurrentGCThread "G1 Main Marker" [stack: 0x0000000100800000,0x0000000100900000] [id=10536]
  0x0000010b4a8c6720 ConcurrentGCThread "G1 Conc#0" [stack: 0x0000000100900000,0x0000000100a00000] [id=7488]
  0x0000010b76f87fd0 ConcurrentGCThread "G1 Refine#0" [stack: 0x0000000100a00000,0x0000000100b00000] [id=15068]
  0x0000010b76f88900 ConcurrentGCThread "G1 Service" [stack: 0x0000000100b00000,0x0000000100c00000] [id=7132]

Threads with active compile tasks:

VM state: not at safepoint (normal execution)

VM Mutex/Monitor currently owned by a thread: None

Heap address: 0x0000000601000000, size: 8176 MB, Compressed Oops mode: Zero based, Oop shift amount: 3

CDS archive(s) mapped at: [0x0000000800000000-0x0000000800bc0000-0x0000000800bc0000), size 12320768, SharedBaseAddress: 0x0000000800000000, ArchiveRelocationMode: 0.
Compressed class space mapped at: 0x0000000800c00000-0x0000000840c00000, reserved size: 1073741824
Narrow klass base: 0x0000000800000000, Narrow klass shift: 0, Narrow klass range: 0x100000000

GC Precious Log:
 CPUs: 12 total, 12 available
 Memory: 32691M
 Large Page Support: Disabled
 NUMA Support: Disabled
 Compressed Oops: Enabled (Zero based)
 Heap Region Size: 4M
 Heap Min Capacity: 8M
 Heap Initial Capacity: 512M
 Heap Max Capacity: 8176M
 Pre-touch: Disabled
 Parallel Workers: 10
 Concurrent Workers: 3
 Concurrent Refinement Workers: 10
 Periodic GC: Disabled

Heap:
 garbage-first heap   total 524288K, used 309774K [0x0000000601000000, 0x0000000800000000)
  region size 4096K, 58 young (237568K), 2 survivors (8192K)
 Metaspace       used 14352K, committed 14528K, reserved 1064960K
  class space    used 1104K, committed 1216K, reserved 1048576K

Heap Regions: E=young(eden), S=young(survivor), O=old, HS=humongous(starts), HC=humongous(continues), CS=collection set, F=free, OA=open archive, CA=closed archive, TAMS=top-at-mark-start (previous, next)
|   0|0x0000000601000000, 0x0000000601400000, 0x0000000601400000|100%|HS|  |TAMS 0x0000000601000000, 0x0000000601000000| Complete 
|   1|0x0000000601400000, 0x0000000601800000, 0x0000000601800000|100%|HC|  |TAMS 0x0000000601400000, 0x0000000601400000| Complete 
|   2|0x0000000601800000, 0x0000000601c00000, 0x0000000601c00000|100%|HC|  |TAMS 0x0000000601800000, 0x0000000601800000| Complete 
|   3|0x0000000601c00000, 0x0000000602000000, 0x0000000602000000|100%|HC|  |TAMS 0x0000000601c00000, 0x0000000601c00000| Complete 
|   4|0x0000000602000000, 0x0000000602400000, 0x0000000602400000|100%|HC|  |TAMS 0x0000000602000000, 0x0000000602000000| Complete 
|   5|0x0000000602400000, 0x0000000602800000, 0x0000000602800000|100%|HC|  |TAMS 0x0000000602400000, 0x0000000602400000| Complete 
|   6|0x0000000602800000, 0x0000000602c00000, 0x0000000602c00000|100%|HC|  |TAMS 0x0000000602800000, 0x0000000602800000| Complete 
|   7|0x0000000602c00000, 0x0000000603000000, 0x0000000603000000|100%|HC|  |TAMS 0x0000000602c00000, 0x0000000602c00000| Complete 
|   8|0x0000000603000000, 0x0000000603400000, 0x0000000603400000|100%|HC|  |TAMS 0x0000000603000000, 0x0000000603000000| Complete 
|   9|0x0000000603400000, 0x0000000603800000, 0x0000000603800000|100%|HC|  |TAMS 0x0000000603400000, 0x0000000603400000| Complete 
|  10|0x0000000603800000, 0x0000000603c00000, 0x0000000603c00000|100%|HC|  |TAMS 0x0000000603800000, 0x0000000603800000| Complete 
|  11|0x0000000603c00000, 0x0000000604000000, 0x0000000604000000|100%|HC|  |TAMS 0x0000000603c00000, 0x0000000603c00000| Complete 
|  12|0x0000000604000000, 0x0000000604400000, 0x0000000604400000|100%|HC|  |TAMS 0x0000000604000000, 0x0000000604000000| Complete 
|  13|0x0000000604400000, 0x0000000604800000, 0x0000000604800000|100%|HC|  |TAMS 0x0000000604400000, 0x0000000604400000| Complete 
|  14|0x0000000604800000, 0x0000000604c00000, 0x0000000604c00000|100%|HC|  |TAMS 0x0000000604800000, 0x0000000604800000| Complete 
|  15|0x0000000604c00000, 0x0000000605000000, 0x0000000605000000|100%|HC|  |TAMS 0x0000000604c00000, 0x0000000604c00000| Complete 
|  16|0x0000000605000000, 0x0000000605400000, 0x0000000605400000|100%|HC|  |TAMS 0x0000000605000000, 0x0000000605000000| Complete 
|  17|0x0000000605400000, 0x0000000605800000, 0x0000000605800000|100%| O|  |TAMS 0x0000000605400000, 0x0000000605400000| Untracked 
|  18|0x0000000605800000, 0x00000006058c1a00, 0x0000000605c00000| 18%| O|  |TAMS 0x0000000605800000, 0x0000000605800000| Untracked 
|  19|0x0000000605c00000, 0x0000000606000000, 0x0000000606000000|100%| O|  |TAMS 0x0000000605c00000, 0x0000000605c00000| Untracked 
|  20|0x0000000606000000, 0x0000000606000000, 0x0000000606400000|  0%| F|  |TAMS 0x0000000606000000, 0x0000000606000000| Untracked 
|  21|0x0000000606400000, 0x0000000606400000, 0x0000000606800000|  0%| F|  |TAMS 0x0000000606400000, 0x0000000606400000| Untracked 
|  22|0x0000000606800000, 0x0000000606800000, 0x0000000606c00000|  0%| F|  |TAMS 0x0000000606800000, 0x0000000606800000| Untracked 
|  23|0x0000000606c00000, 0x0000000606c00000, 0x0000000607000000|  0%| F|  |TAMS 0x0000000606c00000, 0x0000000606c00000| Untracked 
|  24|0x0000000607000000, 0x0000000607000000, 0x0000000607400000|  0%| F|  |TAMS 0x0000000607000000, 0x0000000607000000| Untracked 
|  25|0x0000000607400000, 0x0000000607400000, 0x0000000607800000|  0%| F|  |TAMS 0x0000000607400000, 0x0000000607400000| Untracked 
|  26|0x0000000607800000, 0x0000000607800000, 0x0000000607c00000|  0%| F|  |TAMS 0x0000000607800000, 0x0000000607800000| Untracked 
|  27|0x0000000607c00000, 0x0000000607c00000, 0x0000000608000000|  0%| F|  |TAMS 0x0000000607c00000, 0x0000000607c00000| Untracked 
|  28|0x0000000608000000, 0x0000000608000000, 0x0000000608400000|  0%| F|  |TAMS 0x0000000608000000, 0x0000000608000000| Untracked 
|  29|0x0000000608400000, 0x0000000608400000, 0x0000000608800000|  0%| F|  |TAMS 0x0000000608400000, 0x0000000608400000| Untracked 
|  30|0x0000000608800000, 0x0000000608800000, 0x0000000608c00000|  0%| F|  |TAMS 0x0000000608800000, 0x0000000608800000| Untracked 
|  31|0x0000000608c00000, 0x0000000608c00000, 0x0000000609000000|  0%| F|  |TAMS 0x0000000608c00000, 0x0000000608c00000| Untracked 
|  32|0x0000000609000000, 0x0000000609000000, 0x0000000609400000|  0%| F|  |TAMS 0x0000000609000000, 0x0000000609000000| Untracked 
|  33|0x0000000609400000, 0x0000000609400000, 0x0000000609800000|  0%| F|  |TAMS 0x0000000609400000, 0x0000000609400000| Untracked 
|  34|0x0000000609800000, 0x0000000609800000, 0x0000000609c00000|  0%| F|  |TAMS 0x0000000609800000, 0x0000000609800000| Untracked 
|  35|0x0000000609c00000, 0x0000000609c00000, 0x000000060a000000|  0%| F|  |TAMS 0x0000000609c00000, 0x0000000609c00000| Untracked 
|  36|0x000000060a000000, 0x000000060a000000, 0x000000060a400000|  0%| F|  |TAMS 0x000000060a000000, 0x000000060a000000| Untracked 
|  37|0x000000060a400000, 0x000000060a400000, 0x000000060a800000|  0%| F|  |TAMS 0x000000060a400000, 0x000000060a400000| Untracked 
|  38|0x000000060a800000, 0x000000060a800000, 0x000000060ac00000|  0%| F|  |TAMS 0x000000060a800000, 0x000000060a800000| Untracked 
|  39|0x000000060ac00000, 0x000000060ac00000, 0x000000060b000000|  0%| F|  |TAMS 0x000000060ac00000, 0x000000060ac00000| Untracked 
|  40|0x000000060b000000, 0x000000060b000000, 0x000000060b400000|  0%| F|  |TAMS 0x000000060b000000, 0x000000060b000000| Untracked 
|  41|0x000000060b400000, 0x000000060b400000, 0x000000060b800000|  0%| F|  |TAMS 0x000000060b400000, 0x000000060b400000| Untracked 
|  42|0x000000060b800000, 0x000000060b800000, 0x000000060bc00000|  0%| F|  |TAMS 0x000000060b800000, 0x000000060b800000| Untracked 
|  43|0x000000060bc00000, 0x000000060bc00000, 0x000000060c000000|  0%| F|  |TAMS 0x000000060bc00000, 0x000000060bc00000| Untracked 
|  44|0x000000060c000000, 0x000000060c000000, 0x000000060c400000|  0%| F|  |TAMS 0x000000060c000000, 0x000000060c000000| Untracked 
|  45|0x000000060c400000, 0x000000060c400000, 0x000000060c800000|  0%| F|  |TAMS 0x000000060c400000, 0x000000060c400000| Untracked 
|  46|0x000000060c800000, 0x000000060c800000, 0x000000060cc00000|  0%| F|  |TAMS 0x000000060c800000, 0x000000060c800000| Untracked 
|  47|0x000000060cc00000, 0x000000060cc00000, 0x000000060d000000|  0%| F|  |TAMS 0x000000060cc00000, 0x000000060cc00000| Untracked 
|  48|0x000000060d000000, 0x000000060d000000, 0x000000060d400000|  0%| F|  |TAMS 0x000000060d000000, 0x000000060d000000| Untracked 
|  49|0x000000060d400000, 0x000000060d400000, 0x000000060d800000|  0%| F|  |TAMS 0x000000060d400000, 0x000000060d400000| Untracked 
|  50|0x000000060d800000, 0x000000060d9c2020, 0x000000060dc00000| 43%| S|CS|TAMS 0x000000060d800000, 0x000000060d800000| Complete 
|  51|0x000000060dc00000, 0x000000060e000000, 0x000000060e000000|100%| S|CS|TAMS 0x000000060dc00000, 0x000000060dc00000| Complete 
|  52|0x000000060e000000, 0x000000060e000000, 0x000000060e400000|  0%| F|  |TAMS 0x000000060e000000, 0x000000060e000000| Untracked 
|  53|0x000000060e400000, 0x000000060e400000, 0x000000060e800000|  0%| F|  |TAMS 0x000000060e400000, 0x000000060e400000| Untracked 
|  54|0x000000060e800000, 0x000000060e800000, 0x000000060ec00000|  0%| F|  |TAMS 0x000000060e800000, 0x000000060e800000| Untracked 
|  55|0x000000060ec00000, 0x000000060ec00000, 0x000000060f000000|  0%| F|  |TAMS 0x000000060ec00000, 0x000000060ec00000| Untracked 
|  56|0x000000060f000000, 0x000000060f000000, 0x000000060f400000|  0%| F|  |TAMS 0x000000060f000000, 0x000000060f000000| Untracked 
|  57|0x000000060f400000, 0x000000060f400000, 0x000000060f800000|  0%| F|  |TAMS 0x000000060f400000, 0x000000060f400000| Untracked 
|  58|0x000000060f800000, 0x000000060f800000, 0x000000060fc00000|  0%| F|  |TAMS 0x000000060f800000, 0x000000060f800000| Untracked 
|  59|0x000000060fc00000, 0x000000060fc00000, 0x0000000610000000|  0%| F|  |TAMS 0x000000060fc00000, 0x000000060fc00000| Untracked 
|  60|0x0000000610000000, 0x0000000610000000, 0x0000000610400000|  0%| F|  |TAMS 0x0000000610000000, 0x0000000610000000| Untracked 
|  61|0x0000000610400000, 0x0000000610400000, 0x0000000610800000|  0%| F|  |TAMS 0x0000000610400000, 0x0000000610400000| Untracked 
|  62|0x0000000610800000, 0x0000000610800000, 0x0000000610c00000|  0%| F|  |TAMS 0x0000000610800000, 0x0000000610800000| Untracked 
|  63|0x0000000610c00000, 0x0000000610c00000, 0x0000000611000000|  0%| F|  |TAMS 0x0000000610c00000, 0x0000000610c00000| Untracked 
|  64|0x0000000611000000, 0x0000000611000000, 0x0000000611400000|  0%| F|  |TAMS 0x0000000611000000, 0x0000000611000000| Untracked 
|  65|0x0000000611400000, 0x0000000611400000, 0x0000000611800000|  0%| F|  |TAMS 0x0000000611400000, 0x0000000611400000| Untracked 
|  66|0x0000000611800000, 0x0000000611800000, 0x0000000611c00000|  0%| F|  |TAMS 0x0000000611800000, 0x0000000611800000| Untracked 
|  67|0x0000000611c00000, 0x0000000611c00000, 0x0000000612000000|  0%| F|  |TAMS 0x0000000611c00000, 0x0000000611c00000| Untracked 
|  68|0x0000000612000000, 0x0000000612000000, 0x0000000612400000|  0%| F|  |TAMS 0x0000000612000000, 0x0000000612000000| Untracked 
|  69|0x0000000612400000, 0x0000000612400000, 0x0000000612800000|  0%| F|  |TAMS 0x0000000612400000, 0x0000000612400000| Untracked 
|  70|0x0000000612800000, 0x0000000612800000, 0x0000000612c00000|  0%| F|  |TAMS 0x0000000612800000, 0x0000000612800000| Untracked 
|  71|0x0000000612c00000, 0x0000000612c00000, 0x0000000613000000|  0%| F|  |TAMS 0x0000000612c00000, 0x0000000612c00000| Untracked 
|  72|0x0000000613000000, 0x00000006131ee450, 0x0000000613400000| 48%| E|  |TAMS 0x0000000613000000, 0x0000000613000000| Complete 
|  73|0x0000000613400000, 0x0000000613800000, 0x0000000613800000|100%| E|CS|TAMS 0x0000000613400000, 0x0000000613400000| Complete 
|  74|0x0000000613800000, 0x0000000613c00000, 0x0000000613c00000|100%| E|CS|TAMS 0x0000000613800000, 0x0000000613800000| Complete 
|  75|0x0000000613c00000, 0x0000000614000000, 0x0000000614000000|100%| E|CS|TAMS 0x0000000613c00000, 0x0000000613c00000| Complete 
|  76|0x0000000614000000, 0x0000000614400000, 0x0000000614400000|100%| E|CS|TAMS 0x0000000614000000, 0x0000000614000000| Complete 
|  77|0x0000000614400000, 0x0000000614800000, 0x0000000614800000|100%| E|CS|TAMS 0x0000000614400000, 0x0000000614400000| Complete 
|  78|0x0000000614800000, 0x0000000614c00000, 0x0000000614c00000|100%| E|CS|TAMS 0x0000000614800000, 0x0000000614800000| Complete 
|  79|0x0000000614c00000, 0x0000000615000000, 0x0000000615000000|100%| E|CS|TAMS 0x0000000614c00000, 0x0000000614c00000| Complete 
|  80|0x0000000615000000, 0x0000000615400000, 0x0000000615400000|100%| E|CS|TAMS 0x0000000615000000, 0x0000000615000000| Complete 
|  81|0x0000000615400000, 0x0000000615800000, 0x0000000615800000|100%| E|CS|TAMS 0x0000000615400000, 0x0000000615400000| Complete 
|  82|0x0000000615800000, 0x0000000615c00000, 0x0000000615c00000|100%| E|CS|TAMS 0x0000000615800000, 0x0000000615800000| Complete 
|  83|0x0000000615c00000, 0x0000000616000000, 0x0000000616000000|100%| E|CS|TAMS 0x0000000615c00000, 0x0000000615c00000| Complete 
|  84|0x0000000616000000, 0x0000000616400000, 0x0000000616400000|100%| E|CS|TAMS 0x0000000616000000, 0x0000000616000000| Complete 
|  85|0x0000000616400000, 0x0000000616800000, 0x0000000616800000|100%| E|CS|TAMS 0x0000000616400000, 0x0000000616400000| Complete 
|  86|0x0000000616800000, 0x0000000616c00000, 0x0000000616c00000|100%| E|CS|TAMS 0x0000000616800000, 0x0000000616800000| Complete 
|  87|0x0000000616c00000, 0x0000000617000000, 0x0000000617000000|100%| E|CS|TAMS 0x0000000616c00000, 0x0000000616c00000| Complete 
|  88|0x0000000617000000, 0x0000000617400000, 0x0000000617400000|100%| E|CS|TAMS 0x0000000617000000, 0x0000000617000000| Complete 
|  89|0x0000000617400000, 0x0000000617800000, 0x0000000617800000|100%| E|CS|TAMS 0x0000000617400000, 0x0000000617400000| Complete 
|  90|0x0000000617800000, 0x0000000617c00000, 0x0000000617c00000|100%| E|CS|TAMS 0x0000000617800000, 0x0000000617800000| Complete 
|  91|0x0000000617c00000, 0x0000000618000000, 0x0000000618000000|100%| E|CS|TAMS 0x0000000617c00000, 0x0000000617c00000| Complete 
|  92|0x0000000618000000, 0x0000000618400000, 0x0000000618400000|100%| E|CS|TAMS 0x0000000618000000, 0x0000000618000000| Complete 
|  93|0x0000000618400000, 0x0000000618800000, 0x0000000618800000|100%| E|CS|TAMS 0x0000000618400000, 0x0000000618400000| Complete 
|  94|0x0000000618800000, 0x0000000618c00000, 0x0000000618c00000|100%| E|CS|TAMS 0x0000000618800000, 0x0000000618800000| Complete 
|  95|0x0000000618c00000, 0x0000000619000000, 0x0000000619000000|100%| E|CS|TAMS 0x0000000618c00000, 0x0000000618c00000| Complete 
|  96|0x0000000619000000, 0x0000000619400000, 0x0000000619400000|100%| E|CS|TAMS 0x0000000619000000, 0x0000000619000000| Complete 
|  97|0x0000000619400000, 0x0000000619800000, 0x0000000619800000|100%| E|CS|TAMS 0x0000000619400000, 0x0000000619400000| Complete 
|  98|0x0000000619800000, 0x0000000619c00000, 0x0000000619c00000|100%| E|CS|TAMS 0x0000000619800000, 0x0000000619800000| Complete 
|  99|0x0000000619c00000, 0x000000061a000000, 0x000000061a000000|100%| E|CS|TAMS 0x0000000619c00000, 0x0000000619c00000| Complete 
| 100|0x000000061a000000, 0x000000061a400000, 0x000000061a400000|100%| E|CS|TAMS 0x000000061a000000, 0x000000061a000000| Complete 
| 101|0x000000061a400000, 0x000000061a800000, 0x000000061a800000|100%| E|CS|TAMS 0x000000061a400000, 0x000000061a400000| Complete 
| 102|0x000000061a800000, 0x000000061ac00000, 0x000000061ac00000|100%| E|CS|TAMS 0x000000061a800000, 0x000000061a800000| Complete 
| 103|0x000000061ac00000, 0x000000061b000000, 0x000000061b000000|100%| E|CS|TAMS 0x000000061ac00000, 0x000000061ac00000| Complete 
| 104|0x000000061b000000, 0x000000061b400000, 0x000000061b400000|100%| E|CS|TAMS 0x000000061b000000, 0x000000061b000000| Complete 
| 105|0x000000061b400000, 0x000000061b800000, 0x000000061b800000|100%| E|CS|TAMS 0x000000061b400000, 0x000000061b400000| Complete 
| 106|0x000000061b800000, 0x000000061bc00000, 0x000000061bc00000|100%| E|CS|TAMS 0x000000061b800000, 0x000000061b800000| Complete 
| 107|0x000000061bc00000, 0x000000061c000000, 0x000000061c000000|100%| E|CS|TAMS 0x000000061bc00000, 0x000000061bc00000| Complete 
| 108|0x000000061c000000, 0x000000061c400000, 0x000000061c400000|100%| E|CS|TAMS 0x000000061c000000, 0x000000061c000000| Complete 
| 109|0x000000061c400000, 0x000000061c800000, 0x000000061c800000|100%| E|CS|TAMS 0x000000061c400000, 0x000000061c400000| Complete 
| 110|0x000000061c800000, 0x000000061cc00000, 0x000000061cc00000|100%| E|CS|TAMS 0x000000061c800000, 0x000000061c800000| Complete 
| 111|0x000000061cc00000, 0x000000061d000000, 0x000000061d000000|100%| E|CS|TAMS 0x000000061cc00000, 0x000000061cc00000| Complete 
| 112|0x000000061d000000, 0x000000061d400000, 0x000000061d400000|100%| E|CS|TAMS 0x000000061d000000, 0x000000061d000000| Complete 
| 113|0x000000061d400000, 0x000000061d800000, 0x000000061d800000|100%| E|CS|TAMS 0x000000061d400000, 0x000000061d400000| Complete 
| 114|0x000000061d800000, 0x000000061dc00000, 0x000000061dc00000|100%| E|CS|TAMS 0x000000061d800000, 0x000000061d800000| Complete 
| 115|0x000000061dc00000, 0x000000061e000000, 0x000000061e000000|100%| E|CS|TAMS 0x000000061dc00000, 0x000000061dc00000| Complete 
| 116|0x000000061e000000, 0x000000061e400000, 0x000000061e400000|100%| E|CS|TAMS 0x000000061e000000, 0x000000061e000000| Complete 
| 117|0x000000061e400000, 0x000000061e800000, 0x000000061e800000|100%| E|CS|TAMS 0x000000061e400000, 0x000000061e400000| Complete 
| 118|0x000000061e800000, 0x000000061ec00000, 0x000000061ec00000|100%| E|CS|TAMS 0x000000061e800000, 0x000000061e800000| Complete 
| 119|0x000000061ec00000, 0x000000061f000000, 0x000000061f000000|100%| E|CS|TAMS 0x000000061ec00000, 0x000000061ec00000| Complete 
| 120|0x000000061f000000, 0x000000061f400000, 0x000000061f400000|100%| E|CS|TAMS 0x000000061f000000, 0x000000061f000000| Complete 
| 121|0x000000061f400000, 0x000000061f800000, 0x000000061f800000|100%| E|CS|TAMS 0x000000061f400000, 0x000000061f400000| Complete 
| 122|0x000000061f800000, 0x000000061fc00000, 0x000000061fc00000|100%| E|CS|TAMS 0x000000061f800000, 0x000000061f800000| Complete 
| 123|0x000000061fc00000, 0x0000000620000000, 0x0000000620000000|100%| E|CS|TAMS 0x000000061fc00000, 0x000000061fc00000| Complete 
| 124|0x0000000620000000, 0x0000000620400000, 0x0000000620400000|100%| E|CS|TAMS 0x0000000620000000, 0x0000000620000000| Complete 
| 125|0x0000000620400000, 0x0000000620800000, 0x0000000620800000|100%| E|CS|TAMS 0x0000000620400000, 0x0000000620400000| Complete 
| 126|0x0000000620800000, 0x0000000620c00000, 0x0000000620c00000|100%| E|CS|TAMS 0x0000000620800000, 0x0000000620800000| Complete 
| 127|0x0000000620c00000, 0x0000000621000000, 0x0000000621000000|100%| E|CS|TAMS 0x0000000620c00000, 0x0000000620c00000| Complete 

Card table byte_map: [0x0000010b625c0000,0x0000010b635c0000] _byte_map_base: 0x0000010b5f5b8000

Marking Bits (Prev, Next): (CMBitMap*) 0x0000010b4a8b3da0, (CMBitMap*) 0x0000010b4a8b3de0
 Prev Bits: [0x0000010b645c0000, 0x0000010b6c580000)
 Next Bits: [0x0000010b6c580000, 0x0000010b74540000)

Polling page: 0x0000010b48820000

Metaspace:

Usage:
  Non-class:     12.94 MB used.
      Class:      1.08 MB used.
       Both:     14.02 MB used.

Virtual space:
  Non-class space:       16.00 MB reserved,      13.00 MB ( 81%) committed,  2 nodes.
      Class space:        1.00 GB reserved,       1.19 MB ( <1%) committed,  1 nodes.
             Both:        1.02 GB reserved,      14.19 MB (  1%) committed. 

Chunk freelists:
   Non-Class:  2.94 MB
       Class:  2.74 MB
        Both:  5.69 MB

MaxMetaspaceSize: unlimited
CompressedClassSpaceSize: 1.00 GB
Initial GC threshold: 21.00 MB
Current GC threshold: 21.00 MB
CDS: on
MetaspaceReclaimPolicy: balanced
 - commit_granule_bytes: 65536.
 - commit_granule_words: 8192.
 - virtual_space_node_default_size: 1048576.
 - enlarge_chunks_in_place: 1.
 - new_chunks_are_fully_committed: 0.
 - uncommit_free_chunks: 1.
 - use_allocation_guard: 0.
 - handle_deallocations: 1.


Internal statistics:

num_allocs_failed_limit: 0.
num_arena_births: 126.
num_arena_deaths: 0.
num_vsnodes_births: 3.
num_vsnodes_deaths: 0.
num_space_committed: 225.
num_space_uncommitted: 0.
num_chunks_returned_to_freelist: 0.
num_chunks_taken_from_freelist: 390.
num_chunk_merges: 0.
num_chunk_splits: 292.
num_chunks_enlarged: 214.
num_purges: 0.
num_inconsistent_stats: 0.

CodeHeap 'non-profiled nmethods': size=120000Kb used=1154Kb max_used=1154Kb free=118845Kb
 bounds [0x0000010b59b40000, 0x0000010b59db0000, 0x0000010b61070000]
CodeHeap 'profiled nmethods': size=120000Kb used=3643Kb max_used=3643Kb free=116357Kb
 bounds [0x0000010b52610000, 0x0000010b529a0000, 0x0000010b59b40000]
CodeHeap 'non-nmethods': size=5760Kb used=1735Kb max_used=1749Kb free=4024Kb
 bounds [0x0000010b52070000, 0x0000010b522e0000, 0x0000010b52610000]
 total_blobs=2939 nmethods=1807 adapters=1045
 compilation: enabled
              stopped_count=0, restarted_count=0
 full_count=0

Compilation events (20 events):
Event: 5.181 Thread 0x0000010b7720cf70 1797       3       java.awt.EventDispatchThread$HierarchyEventFilter::acceptEvent (225 bytes)
Event: 5.182 Thread 0x0000010b7720cf70 nmethod 1797 0x0000010b52997910 code [0x0000010b52997ba0, 0x0000010b52998eb8]
Event: 5.187 Thread 0x0000010b7720cf70 1798       3       java.awt.event.ComponentEvent::<init> (7 bytes)
Event: 5.187 Thread 0x0000010b7720cf70 nmethod 1798 0x0000010b52999190 code [0x0000010b52999320, 0x0000010b52999468]
Event: 5.194 Thread 0x0000010b7720cf70 1799       3       sun.awt.windows.WComponentPeer::postEvent (17 bytes)
Event: 5.195 Thread 0x0000010b7720cf70 nmethod 1799 0x0000010b52999510 code [0x0000010b52999700, 0x0000010b52999d58]
Event: 5.224 Thread 0x0000010b7720cf70 1800       3       java.awt.image.ComponentColorModel::getNormalizedComponents (500 bytes)
Event: 5.224 Thread 0x0000010b7720cf70 nmethod 1800 0x0000010b52999f90 code [0x0000010b5299a2a0, 0x0000010b5299b7d8]
Event: 5.225 Thread 0x0000010b7720cf70 1801       3       sun.awt.SunToolkit::getSystemEventQueueImplPP (13 bytes)
Event: 5.225 Thread 0x0000010b7720cf70 nmethod 1801 0x0000010b5299c190 code [0x0000010b5299c340, 0x0000010b5299c568]
Event: 5.242 Thread 0x0000010b7720cf70 1802       3       java.awt.Component::isEnabled (5 bytes)
Event: 5.242 Thread 0x0000010b7720cf70 nmethod 1802 0x0000010b5299c690 code [0x0000010b5299c820, 0x0000010b5299c958]
Event: 5.249 Thread 0x0000010b7720cf70 1803       3       java.awt.KeyboardFocusManager::checkKFMSecurity (11 bytes)
Event: 5.250 Thread 0x0000010b7720cf70 nmethod 1803 0x0000010b5299ca10 code [0x0000010b5299cc20, 0x0000010b5299d218]
Event: 5.263 Thread 0x0000010b7720cf70 1804       3       java.awt.Toolkit::getEventQueue (7 bytes)
Event: 5.263 Thread 0x0000010b7720cf70 nmethod 1804 0x0000010b5299d410 code [0x0000010b5299d600, 0x0000010b5299da28]
Event: 5.263 Thread 0x0000010b7720cf70 1805       3       sun.awt.SunToolkit::getSystemEventQueueImpl (4 bytes)
Event: 5.263 Thread 0x0000010b7720cf70 nmethod 1805 0x0000010b5299dc10 code [0x0000010b5299dde0, 0x0000010b5299e118]
Event: 5.266 Thread 0x0000010b7720cf70 1806       3       sun.awt.windows.WComponentPeer::preprocessPostEvent (1 bytes)
Event: 5.266 Thread 0x0000010b7720cf70 nmethod 1806 0x0000010b5299e290 code [0x0000010b5299e420, 0x0000010b5299e538]

GC Heap History (20 events):
Event: 4.207 GC heap before
{Heap before GC invocations=10 (full 0):
 garbage-first heap   total 524288K, used 386363K [0x0000000601000000, 0x0000000800000000)
  region size 4096K, 76 young (311296K), 2 survivors (8192K)
 Metaspace       used 14233K, committed 14464K, reserved 1064960K
  class space    used 1101K, committed 1216K, reserved 1048576K
}
Event: 4.208 GC heap after
{Heap after GC invocations=11 (full 0):
 garbage-first heap   total 524288K, used 81644K [0x0000000601000000, 0x0000000800000000)
  region size 4096K, 2 young (8192K), 2 survivors (8192K)
 Metaspace       used 14233K, committed 14464K, reserved 1064960K
  class space    used 1101K, committed 1216K, reserved 1048576K
}
Event: 4.325 GC heap before
{Heap before GC invocations=11 (full 0):
 garbage-first heap   total 524288K, used 384748K [0x0000000601000000, 0x0000000800000000)
  region size 4096K, 76 young (311296K), 2 survivors (8192K)
 Metaspace       used 14235K, committed 14464K, reserved 1064960K
  class space    used 1101K, committed 1216K, reserved 1048576K
}
Event: 4.326 GC heap after
{Heap after GC invocations=12 (full 0):
 garbage-first heap   total 524288K, used 81602K [0x0000000601000000, 0x0000000800000000)
  region size 4096K, 2 young (8192K), 2 survivors (8192K)
 Metaspace       used 14235K, committed 14464K, reserved 1064960K
  class space    used 1101K, committed 1216K, reserved 1048576K
}
Event: 4.438 GC heap before
{Heap before GC invocations=12 (full 0):
 garbage-first heap   total 524288K, used 384706K [0x0000000601000000, 0x0000000800000000)
  region size 4096K, 76 young (311296K), 2 survivors (8192K)
 Metaspace       used 14238K, committed 14464K, reserved 1064960K
  class space    used 1101K, committed 1216K, reserved 1048576K
}
Event: 4.439 GC heap after
{Heap after GC invocations=13 (full 0):
 garbage-first heap   total 524288K, used 83236K [0x0000000601000000, 0x0000000800000000)
  region size 4096K, 2 young (8192K), 2 survivors (8192K)
 Metaspace       used 14238K, committed 14464K, reserved 1064960K
  class space    used 1101K, committed 1216K, reserved 1048576K
}
Event: 4.557 GC heap before
{Heap before GC invocations=13 (full 0):
 garbage-first heap   total 524288K, used 386340K [0x0000000601000000, 0x0000000800000000)
  region size 4096K, 76 young (311296K), 2 survivors (8192K)
 Metaspace       used 14240K, committed 14464K, reserved 1064960K
  class space    used 1101K, committed 1216K, reserved 1048576K
}
Event: 4.558 GC heap after
{Heap after GC invocations=14 (full 0):
 garbage-first heap   total 524288K, used 83174K [0x0000000601000000, 0x0000000800000000)
  region size 4096K, 2 young (8192K), 2 survivors (8192K)
 Metaspace       used 14240K, committed 14464K, reserved 1064960K
  class space    used 1101K, committed 1216K, reserved 1048576K
}
Event: 4.649 GC heap before
{Heap before GC invocations=14 (full 0):
 garbage-first heap   total 524288K, used 386278K [0x0000000601000000, 0x0000000800000000)
  region size 4096K, 76 young (311296K), 2 survivors (8192K)
 Metaspace       used 14240K, committed 14464K, reserved 1064960K
  class space    used 1101K, committed 1216K, reserved 1048576K
}
Event: 4.650 GC heap after
{Heap after GC invocations=15 (full 0):
 garbage-first heap   total 524288K, used 83090K [0x0000000601000000, 0x0000000800000000)
  region size 4096K, 2 young (8192K), 2 survivors (8192K)
 Metaspace       used 14240K, committed 14464K, reserved 1064960K
  class space    used 1101K, committed 1216K, reserved 1048576K
}
Event: 4.768 GC heap before
{Heap before GC invocations=15 (full 0):
 garbage-first heap   total 524288K, used 382098K [0x0000000601000000, 0x0000000800000000)
  region size 4096K, 76 young (311296K), 2 survivors (8192K)
 Metaspace       used 14240K, committed 14464K, reserved 1064960K
  class space    used 1101K, committed 1216K, reserved 1048576K
}
Event: 4.769 GC heap after
{Heap after GC invocations=16 (full 0):
 garbage-first heap   total 524288K, used 82880K [0x0000000601000000, 0x0000000800000000)
  region size 4096K, 2 young (8192K), 2 survivors (8192K)
 Metaspace       used 14240K, committed 14464K, reserved 1064960K
  class space    used 1101K, committed 1216K, reserved 1048576K
}
Event: 4.870 GC heap before
{Heap before GC invocations=16 (full 0):
 garbage-first heap   total 524288K, used 385984K [0x0000000601000000, 0x0000000800000000)
  region size 4096K, 76 young (311296K), 2 survivors (8192K)
 Metaspace       used 14241K, committed 14464K, reserved 1064960K
  class space    used 1101K, committed 1216K, reserved 1048576K
}
Event: 4.871 GC heap after
{Heap after GC invocations=17 (full 0):
 garbage-first heap   total 524288K, used 81762K [0x0000000601000000, 0x0000000800000000)
  region size 4096K, 2 young (8192K), 2 survivors (8192K)
 Metaspace       used 14241K, committed 14464K, reserved 1064960K
  class space    used 1101K, committed 1216K, reserved 1048576K
}
Event: 4.973 GC heap before
{Heap before GC invocations=17 (full 0):
 garbage-first heap   total 524288K, used 384866K [0x0000000601000000, 0x0000000800000000)
  region size 4096K, 76 young (311296K), 2 survivors (8192K)
 Metaspace       used 14268K, committed 14464K, reserved 1064960K
  class space    used 1104K, committed 1216K, reserved 1048576K
}
Event: 4.974 GC heap after
{Heap after GC invocations=18 (full 0):
 garbage-first heap   total 524288K, used 83484K [0x0000000601000000, 0x0000000800000000)
  region size 4096K, 2 young (8192K), 2 survivors (8192K)
 Metaspace       used 14268K, committed 14464K, reserved 1064960K
  class space    used 1104K, committed 1216K, reserved 1048576K
}
Event: 5.108 GC heap before
{Heap before GC invocations=18 (full 0):
 garbage-first heap   total 524288K, used 382492K [0x0000000601000000, 0x0000000800000000)
  region size 4096K, 76 young (311296K), 2 survivors (8192K)
 Metaspace       used 14311K, committed 14528K, reserved 1064960K
  class space    used 1104K, committed 1216K, reserved 1048576K
}
Event: 5.109 GC heap after
{Heap after GC invocations=19 (full 0):
 garbage-first heap   total 524288K, used 83737K [0x0000000601000000, 0x0000000800000000)
  region size 4096K, 2 young (8192K), 2 survivors (8192K)
 Metaspace       used 14311K, committed 14528K, reserved 1064960K
  class space    used 1104K, committed 1216K, reserved 1048576K
}
Event: 5.226 GC heap before
{Heap before GC invocations=19 (full 0):
 garbage-first heap   total 524288K, used 386841K [0x0000000601000000, 0x0000000800000000)
  region size 4096K, 76 young (311296K), 2 survivors (8192K)
 Metaspace       used 14349K, committed 14528K, reserved 1064960K
  class space    used 1104K, committed 1216K, reserved 1048576K
}
Event: 5.226 GC heap after
{Heap after GC invocations=20 (full 0):
 garbage-first heap   total 524288K, used 84494K [0x0000000601000000, 0x0000000800000000)
  region size 4096K, 2 young (8192K), 2 survivors (8192K)
 Metaspace       used 14349K, committed 14528K, reserved 1064960K
  class space    used 1104K, committed 1216K, reserved 1048576K
}

Deoptimization events (20 events):
Event: 3.551 Thread 0x0000010b7885cd30 Uncommon trap: trap_request=0xffffff45 fr.pc=0x0000010b59c490a4 relative=0x0000000000001024
Event: 3.551 Thread 0x0000010b7885cd30 Uncommon trap: reason=unstable_if action=reinterpret pc=0x0000010b59c490a4 method=ColorQuantizer.dither(Ljava/awt/image/BufferedImage;)Ljava/awt/image/BufferedImage; @ 173 c2
Event: 3.551 Thread 0x0000010b7885cd30 DEOPT PACKING pc=0x0000010b59c490a4 sp=0x0000000104bff690
Event: 3.551 Thread 0x0000010b7885cd30 DEOPT UNPACKING pc=0x0000010b520c23a3 sp=0x0000000104bff658 mode 2
Event: 3.623 Thread 0x0000010b7885bec0 DEOPT PACKING pc=0x0000010b52957b5e sp=0x0000000104cfeb20
Event: 3.623 Thread 0x0000010b7885cd30 DEOPT PACKING pc=0x0000010b52957b5e sp=0x0000000104bff2f0
Event: 3.623 Thread 0x0000010b7885bec0 DEOPT UNPACKING pc=0x0000010b520c2b43 sp=0x0000000104cfe038 mode 0
Event: 3.623 Thread 0x0000010b7885cd30 DEOPT UNPACKING pc=0x0000010b520c2b43 sp=0x0000000104bfe808 mode 0
Event: 3.687 Thread 0x0000010b7885bec0 DEOPT PACKING pc=0x0000010b52957b5e sp=0x0000000104cfeb20
Event: 3.687 Thread 0x0000010b7885bec0 DEOPT UNPACKING pc=0x0000010b520c2b43 sp=0x0000000104cfe038 mode 0
Event: 3.751 Thread 0x0000010b7885cd30 DEOPT PACKING pc=0x0000010b52957b5e sp=0x0000000104bff2f0
Event: 3.751 Thread 0x0000010b7885bec0 DEOPT PACKING pc=0x0000010b52957b5e sp=0x0000000104cfeb20
Event: 3.751 Thread 0x0000010b7885cd30 DEOPT UNPACKING pc=0x0000010b520c2b43 sp=0x0000000104bfe808 mode 0
Event: 3.751 Thread 0x0000010b7885bec0 DEOPT UNPACKING pc=0x0000010b520c2b43 sp=0x0000000104cfe038 mode 0
Event: 3.831 Thread 0x0000010b7885bec0 DEOPT PACKING pc=0x0000010b52957b5e sp=0x0000000104cfeb20
Event: 3.831 Thread 0x0000010b7885bec0 DEOPT UNPACKING pc=0x0000010b520c2b43 sp=0x0000000104cfe038 mode 0
Event: 3.895 Thread 0x0000010b7885cd30 DEOPT PACKING pc=0x0000010b52957b5e sp=0x0000000104bff2f0
Event: 3.895 Thread 0x0000010b7885cd30 DEOPT UNPACKING pc=0x0000010b520c2b43 sp=0x0000000104bfe808 mode 0
Event: 3.895 Thread 0x0000010b7885bec0 DEOPT PACKING pc=0x0000010b52957b5e sp=0x0000000104cfeb20
Event: 3.895 Thread 0x0000010b7885bec0 DEOPT UNPACKING pc=0x0000010b520c2b43 sp=0x0000000104cfe038 mode 0

Classes unloaded (0 events):
No events

Classes redefined (0 events):
No events

Internal exceptions (20 events):
Event: 2.015 Thread 0x0000010b4a83cbd0 Exception <a 'java/lang/NoSuchMethodError'{0x000000061fca3760}: 'java.lang.Object java.lang.invoke.DirectMethodHandle$Holder.invokeInterface(java.lang.Object, java.lang.Object)'> (0x000000061fca3760) 
thrown [t:\workspace\open\src\hotspot\share\interpreter\linkResolver.cpp, line 766]
Event: 2.016 Thread 0x0000010b4a83cbd0 Exception <a 'java/lang/IncompatibleClassChangeError'{0x000000061fca6ec8}: Found class java.lang.Object, but interface was expected> (0x000000061fca6ec8) 
thrown [t:\workspace\open\src\hotspot\share\interpreter\linkResolver.cpp, line 833]
Event: 2.016 Thread 0x0000010b4a83cbd0 Exception <a 'java/lang/NoSuchMethodError'{0x000000061fca9e38}: 'void java.lang.invoke.DirectMethodHandle$Holder.invokeStaticInit(java.lang.Object, java.lang.Object)'> (0x000000061fca9e38) 
thrown [t:\workspace\open\src\hotspot\share\interpreter\linkResolver.cpp, line 766]
Event: 2.016 Thread 0x0000010b4a83cbd0 Exception <a 'java/lang/NoSuchMethodError'{0x000000061fcafa60}: 'int java.lang.invoke.DirectMethodHandle$Holder.invokeStaticInit(java.lang.Object, java.lang.Object)'> (0x000000061fcafa60) 
thrown [t:\workspace\open\src\hotspot\share\interpreter\linkResolver.cpp, line 766]
Event: 3.110 Thread 0x0000010b7885bec0 Exception <a 'java/lang/ClassNotFoundException'{0x000000061de0e648}: sun/awt/resources/spi/awtProvider> (0x000000061de0e648) 
thrown [t:\workspace\open\src\hotspot\share\classfile\systemDictionary.cpp, line 256]
Event: 3.120 Thread 0x0000010b7885bec0 Exception <a 'java/io/FileNotFoundException'{0x000000061de5df08}> (0x000000061de5df08) 
thrown [t:\workspace\open\src\hotspot\share\prims\jni.cpp, line 516]
Event: 3.122 Thread 0x0000010b7885bec0 Exception <a 'java/io/FileNotFoundException'{0x000000061de8aef8}> (0x000000061de8aef8) 
thrown [t:\workspace\open\src\hotspot\share\prims\jni.cpp, line 516]
Event: 3.243 Thread 0x0000010b7885bec0 Exception <a 'java/lang/NoSuchMethodError'{0x000000061df1e498}: 'void java.lang.invoke.DirectMethodHandle$Holder.invokeSpecial(java.lang.Object, java.lang.Object, java.lang.Object)'> (0x000000061df1e498) 
thrown [t:\workspace\open\src\hotspot\share\interpreter\linkResolver.cpp, line 766]
Event: 3.247 Thread 0x0000010b7885bec0 Exception <a 'java/lang/NoSuchMethodError'{0x000000061df48598}: 'java.lang.Object java.lang.invoke.DirectMethodHandle$Holder.newInvokeSpecial(java.lang.Object, java.lang.Object, java.lang.Object, java.lang.Object, java.lang.Object)'> (0x000000061df48598) 
thrown [t:\workspace\open\src\hotspot\share\interpreter\linkResolver.cpp, line 766]
Event: 3.248 Thread 0x0000010b7885bec0 Exception <a 'java/lang/NoSuchMethodError'{0x000000061df53f60}: 'java.lang.Object java.lang.invoke.DirectMethodHandle$Holder.invokeStatic(java.lang.Object, int, java.lang.Object, java.lang.Object, java.lang.Object, java.lang.Object)'> (0x000000061df53f60) 
thrown [t:\workspace\open\src\hotspot\share\interpreter\linkResolver.cpp, line 766]
Event: 3.250 Thread 0x0000010b7885bec0 Exception <a 'java/lang/NoSuchMethodError'{0x000000061df796f0}: 'java.lang.Object java.lang.invoke.DirectMethodHandle$Holder.invokeStatic(java.lang.Object, int, java.lang.Object)'> (0x000000061df796f0) 
thrown [t:\workspace\open\src\hotspot\share\interpreter\linkResolver.cpp, line 766]
Event: 3.264 Thread 0x0000010b7885bec0 Exception <a 'java/lang/ClassNotFoundException'{0x000000061da361f0}: com/sun/swing/internal/plaf/metal/resources/spi/metalProvider> (0x000000061da361f0) 
thrown [t:\workspace\open\src\hotspot\share\classfile\systemDictionary.cpp, line 256]
Event: 3.264 Thread 0x0000010b7885bec0 Exception <a 'java/lang/ClassNotFoundException'{0x000000061da3a0f0}: com/sun/swing/internal/plaf/basic/resources/spi/basicProvider> (0x000000061da3a0f0) 
thrown [t:\workspace\open\src\hotspot\share\classfile\systemDictionary.cpp, line 256]
Event: 3.268 Thread 0x0000010b7885cd30 Implicit null exception at 0x0000010b59c1bc8b to 0x0000010b59c1c0a0
Event: 3.268 Thread 0x0000010b7885bec0 Implicit null exception at 0x0000010b59c1bc8b to 0x0000010b59c1c0a0
Event: 3.268 Thread 0x0000010b7885bec0 Implicit null exception at 0x0000010b59bbe98b to 0x0000010b59bbed98
Event: 3.268 Thread 0x0000010b7885cd30 Implicit null exception at 0x0000010b59bbe98b to 0x0000010b59bbed98
Event: 3.268 Thread 0x0000010b7885bec0 Implicit null exception at 0x0000010b59ba708f to 0x0000010b59ba7109
Event: 3.275 Thread 0x0000010b7885d200 Exception <a 'java/lang/NoSuchMethodError'{0x000000061d80ff70}: 'void java.lang.invoke.DirectMethodHandle$Holder.invokeVirtual(java.lang.Object, java.lang.Object)'> (0x000000061d80ff70) 
thrown [t:\workspace\open\src\hotspot\share\interpreter\linkResolver.cpp, line 766]
Event: 3.283 Thread 0x0000010b7885d6d0 Exception <a 'java/lang/NoSuchMethodError'{0x000000061d4236e8}: 'void java.lang.invoke.DirectMethodHandle$Holder.invokeStaticInit(java.lang.Object)'> (0x000000061d4236e8) 
thrown [t:\workspace\open\src\hotspot\share\interpreter\linkResolver.cpp, line 766]

VM Operations (20 events):
Event: 4.207 Executing VM operation: G1CollectForAllocation
Event: 4.208 Executing VM operation: G1CollectForAllocation done
Event: 4.325 Executing VM operation: G1CollectForAllocation
Event: 4.326 Executing VM operation: G1CollectForAllocation done
Event: 4.438 Executing VM operation: G1CollectForAllocation
Event: 4.439 Executing VM operation: G1CollectForAllocation done
Event: 4.557 Executing VM operation: G1CollectForAllocation
Event: 4.558 Executing VM operation: G1CollectForAllocation done
Event: 4.649 Executing VM operation: G1CollectForAllocation
Event: 4.650 Executing VM operation: G1CollectForAllocation done
Event: 4.768 Executing VM operation: G1CollectForAllocation
Event: 4.769 Executing VM operation: G1CollectForAllocation done
Event: 4.870 Executing VM operation: G1CollectForAllocation
Event: 4.871 Executing VM operation: G1CollectForAllocation done
Event: 4.973 Executing VM operation: G1CollectForAllocation
Event: 4.974 Executing VM operation: G1CollectForAllocation done
Event: 5.108 Executing VM operation: G1CollectForAllocation
Event: 5.109 Executing VM operation: G1CollectForAllocation done
Event: 5.226 Executing VM operation: G1CollectForAllocation
Event: 5.226 Executing VM operation: G1CollectForAllocation done

Events (20 events):
Event: 5.120 Thread 0x0000010b8b85a7f0 Thread exited: 0x0000010b8b85a7f0
Event: 5.120 Thread 0x0000010b8b856960 Thread exited: 0x0000010b8b856960
Event: 5.120 Thread 0x0000010b8b8594b0 Thread exited: 0x0000010b8b8594b0
Event: 5.121 Thread 0x0000010b8b855620 Thread exited: 0x0000010b8b855620
Event: 5.159 Thread 0x0000010b8b8542e0 Thread added: 0x0000010b8b8542e0
Event: 5.159 Thread 0x0000010b8b858b10 Thread added: 0x0000010b8b858b10
Event: 5.159 Thread 0x0000010b8b856960 Thread added: 0x0000010b8b856960
Event: 5.160 Thread 0x0000010b8b855620 Thread added: 0x0000010b8b855620
Event: 5.179 Thread 0x0000010b8b8542e0 Thread exited: 0x0000010b8b8542e0
Event: 5.180 Thread 0x0000010b8b858b10 Thread exited: 0x0000010b8b858b10
Event: 5.182 Thread 0x0000010b8b855620 Thread exited: 0x0000010b8b855620
Event: 5.184 Thread 0x0000010b8b856960 Thread exited: 0x0000010b8b856960
Event: 5.223 Thread 0x0000010b8b853940 Thread added: 0x0000010b8b853940
Event: 5.223 Thread 0x0000010b8b85a7f0 Thread added: 0x0000010b8b85a7f0
Event: 5.223 Thread 0x0000010b8b856e30 Thread added: 0x0000010b8b856e30
Event: 5.223 Thread 0x0000010b8b858fe0 Thread added: 0x0000010b8b858fe0
Event: 5.245 Thread 0x0000010b8b853940 Thread exited: 0x0000010b8b853940
Event: 5.245 Thread 0x0000010b8b85a7f0 Thread exited: 0x0000010b8b85a7f0
Event: 5.248 Thread 0x0000010b8b858fe0 Thread exited: 0x0000010b8b858fe0
Event: 5.249 Thread 0x0000010b8b856e30 Thread exited: 0x0000010b8b856e30


Dynamic libraries:
0x00007ff72b680000 - 0x00007ff72b690000 	C:\Program Files\Java\jdk-17.0.2\bin\java.exe
0x00007ff952a10000 - 0x00007ff952c27000 	C:\WINDOWS\SYSTEM32\ntdll.dll
0x00007ff951e40000 - 0x00007ff951f04000 	C:\WINDOWS\System32\KERNEL32.DLL
0x00007ff9500d0000 - 0x00007ff950476000 	C:\WINDOWS\System32\KERNELBASE.dll
0x00007ff9505d0000 - 0x00007ff9506e1000 	C:\WINDOWS\System32\ucrtbase.dll
0x00007ff933fa0000 - 0x00007ff933fb8000 	C:\Program Files\Java\jdk-17.0.2\bin\jli.dll
0x00007ff933720000 - 0x00007ff93373a000 	C:\Program Files\Java\jdk-17.0.2\bin\VCRUNTIME140.dll
0x00007ff951d80000 - 0x00007ff951e30000 	C:\WINDOWS\System32\ADVAPI32.dll
0x00007ff950960000 - 0x00007ff950a07000 	C:\WINDOWS\System32\msvcrt.dll
0x00007ff951a80000 - 0x00007ff951b26000 	C:\WINDOWS\System32\sechost.dll
0x00007ff950790000 - 0x00007ff9508a7000 	C:\WINDOWS\System32\RPCRT4.dll
0x00007ff9523a0000 - 0x00007ff95254d000 	C:\WINDOWS\System32\USER32.dll
0x00007ff950480000 - 0x00007ff9504a6000 	C:\WINDOWS\System32\win32u.dll
0x00007ff940d30000 - 0x00007ff940fc3000 	C:\WINDOWS\WinSxS\amd64_microsoft.windows.common-controls_6595b64144ccf1df_6.0.22621.2361_none_2712ced57382f843\COMCTL32.dll
0x00007ff950930000 - 0x00007ff950959000 	C:\WINDOWS\System32\GDI32.dll
0x00007ff9504b0000 - 0x00007ff9505c8000 	C:\WINDOWS\System32\gdi32full.dll
0x00007ff94fe50000 - 0x00007ff94feea000 	C:\WINDOWS\System32\msvcp_win.dll
0x00007ff945e80000 - 0x00007ff945e8a000 	C:\WINDOWS\SYSTEM32\VERSION.dll
0x00007ff9528a0000 - 0x00007ff9528d1000 	C:\WINDOWS\System32\IMM32.DLL
0x00007ff935d70000 - 0x00007ff935d7c000 	C:\Program Files\Java\jdk-17.0.2\bin\vcruntime140_1.dll
0x00007ff916000000 - 0x00007ff91608d000 	C:\Program Files\Java\jdk-17.0.2\bin\msvcp140.dll
0x00007ff8930c0000 - 0x00007ff893c81000 	C:\Program Files\Java\jdk-17.0.2\bin\server\jvm.dll
0x00007ff9508b0000 - 0x00007ff9508b8000 	C:\WINDOWS\System32\PSAPI.DLL
0x00007ff949080000 - 0x00007ff9490b4000 	C:\WINDOWS\SYSTEM32\WINMM.dll
0x00007ff93f740000 - 0x00007ff93f749000 	C:\WINDOWS\SYSTEM32\WSOCK32.dll
0x00007ff951580000 - 0x00007ff9515f1000 	C:\WINDOWS\System32\WS2_32.dll
0x00007ff94ee60000 - 0x00007ff94ee78000 	C:\WINDOWS\SYSTEM32\kernel.appcore.dll
0x00007ff933f90000 - 0x00007ff933f9a000 	C:\Program Files\Java\jdk-17.0.2\bin\jimage.dll
0x00007ff942040000 - 0x00007ff94226e000 	C:\WINDOWS\SYSTEM32\DBGHELP.DLL
0x00007ff951f10000 - 0x00007ff95229a000 	C:\WINDOWS\System32\combase.dll
0x00007ff9514a0000 - 0x00007ff951577000 	C:\WINDOWS\System32\OLEAUT32.dll
0x00007ff9445a0000 - 0x00007ff9445d2000 	C:\WINDOWS\SYSTEM32\dbgcore.DLL
0x00007ff9506f0000 - 0x00007ff95076a000 	C:\WINDOWS\System32\bcryptPrimitives.dll
0x00007ff932cd0000 - 0x00007ff932cde000 	C:\Program Files\Java\jdk-17.0.2\bin\instrument.dll
0x00007ff933600000 - 0x00007ff933625000 	C:\Program Files\Java\jdk-17.0.2\bin\java.dll
0x00007ff8c2570000 - 0x00007ff8c2646000 	C:\Program Files\Java\jdk-17.0.2\bin\jsvml.dll
0x00007ff950c10000 - 0x00007ff951468000 	C:\WINDOWS\System32\SHELL32.dll
0x00007ff94dd00000 - 0x00007ff94e5f2000 	C:\WINDOWS\SYSTEM32\windows.storage.dll
0x00007ff94dbc0000 - 0x00007ff94dcfe000 	C:\WINDOWS\SYSTEM32\wintypes.dll
0x00007ff951c80000 - 0x00007ff951d73000 	C:\WINDOWS\System32\SHCORE.dll
0x00007ff952970000 - 0x00007ff9529ce000 	C:\WINDOWS\System32\shlwapi.dll
0x00007ff94fcc0000 - 0x00007ff94fce6000 	C:\WINDOWS\SYSTEM32\profapi.dll
0x00007ff932ea0000 - 0x00007ff932eb8000 	C:\Program Files\Java\jdk-17.0.2\bin\zip.dll
0x00007ff9334a0000 - 0x00007ff9334b9000 	C:\Program Files\Java\jdk-17.0.2\bin\net.dll
0x00007ff94ab20000 - 0x00007ff94ac57000 	C:\WINDOWS\SYSTEM32\WINHTTP.dll
0x00007ff94f340000 - 0x00007ff94f3a9000 	C:\WINDOWS\system32\mswsock.dll
0x00007ff932ec0000 - 0x00007ff932ed6000 	C:\Program Files\Java\jdk-17.0.2\bin\nio.dll
0x00007ff8962b0000 - 0x00007ff8962ca000 	C:\Program Files\JetBrains\IntelliJ IDEA 2023.2.4\bin\breakgen64.dll
0x0000010b777e0000 - 0x0000010b777e4000 	C:\Users\Zjaun\.javacpp\cache\javacpp-1.5.9-windows-x86_64.jar\org\bytedeco\javacpp\windows-x86_64\api-ms-win-crt-locale-l1-1-0.dll
0x0000010b777f0000 - 0x0000010b777f5000 	C:\Users\Zjaun\.javacpp\cache\javacpp-1.5.9-windows-x86_64.jar\org\bytedeco\javacpp\windows-x86_64\api-ms-win-crt-string-l1-1-0.dll
0x0000010b797d0000 - 0x0000010b797d5000 	C:\Users\Zjaun\.javacpp\cache\javacpp-1.5.9-windows-x86_64.jar\org\bytedeco\javacpp\windows-x86_64\api-ms-win-crt-stdio-l1-1-0.dll
0x0000010b797e0000 - 0x0000010b797e6000 	C:\Users\Zjaun\.javacpp\cache\javacpp-1.5.9-windows-x86_64.jar\org\bytedeco\javacpp\windows-x86_64\api-ms-win-crt-math-l1-1-0.dll
0x0000010b797f0000 - 0x0000010b797f4000 	C:\Users\Zjaun\.javacpp\cache\javacpp-1.5.9-windows-x86_64.jar\org\bytedeco\javacpp\windows-x86_64\api-ms-win-crt-heap-l1-1-0.dll
0x0000010b79800000 - 0x0000010b79805000 	C:\Users\Zjaun\.javacpp\cache\javacpp-1.5.9-windows-x86_64.jar\org\bytedeco\javacpp\windows-x86_64\api-ms-win-crt-runtime-l1-1-0.dll
0x0000010b79810000 - 0x0000010b79815000 	C:\Users\Zjaun\.javacpp\cache\javacpp-1.5.9-windows-x86_64.jar\org\bytedeco\javacpp\windows-x86_64\api-ms-win-crt-convert-l1-1-0.dll
0x0000010b79820000 - 0x0000010b79824000 	C:\Users\Zjaun\.javacpp\cache\javacpp-1.5.9-windows-x86_64.jar\org\bytedeco\javacpp\windows-x86_64\api-ms-win-crt-environment-l1-1-0.dll
0x0000010b79830000 - 0x0000010b79834000 	C:\Users\Zjaun\.javacpp\cache\javacpp-1.5.9-windows-x86_64.jar\org\bytedeco\javacpp\windows-x86_64\api-ms-win-crt-time-l1-1-0.dll
0x0000010b79840000 - 0x0000010b79844000 	C:\Users\Zjaun\.javacpp\cache\javacpp-1.5.9-windows-x86_64.jar\org\bytedeco\javacpp\windows-x86_64\api-ms-win-crt-filesystem-l1-1-0.dll
0x0000010b79850000 - 0x0000010b79854000 	C:\Users\Zjaun\.javacpp\cache\javacpp-1.5.9-windows-x86_64.jar\org\bytedeco\javacpp\windows-x86_64\api-ms-win-crt-utility-l1-1-0.dll
0x0000010b79860000 - 0x0000010b79866000 	C:\Users\Zjaun\.javacpp\cache\javacpp-1.5.9-windows-x86_64.jar\org\bytedeco\javacpp\windows-x86_64\api-ms-win-crt-multibyte-l1-1-0.dll
0x0000010b79870000 - 0x0000010b79874000 	C:\Users\Zjaun\.javacpp\cache\javacpp-1.5.9-windows-x86_64.jar\org\bytedeco\javacpp\windows-x86_64\api-ms-win-crt-conio-l1-1-0.dll
0x0000010b79880000 - 0x0000010b79891000 	C:\Users\Zjaun\.javacpp\cache\javacpp-1.5.9-windows-x86_64.jar\org\bytedeco\javacpp\windows-x86_64\api-ms-win-crt-private-l1-1-0.dll
0x0000010b798a0000 - 0x0000010b798a4000 	C:\Users\Zjaun\.javacpp\cache\javacpp-1.5.9-windows-x86_64.jar\org\bytedeco\javacpp\windows-x86_64\api-ms-win-crt-process-l1-1-0.dll
0x0000010b798b0000 - 0x0000010b798b4000 	C:\Users\Zjaun\.javacpp\cache\javacpp-1.5.9-windows-x86_64.jar\org\bytedeco\javacpp\windows-x86_64\api-ms-win-core-console-l1-2-0.dll
0x0000010b798c0000 - 0x0000010b798c4000 	C:\Users\Zjaun\.javacpp\cache\javacpp-1.5.9-windows-x86_64.jar\org\bytedeco\javacpp\windows-x86_64\api-ms-win-core-string-l1-1-0.dll
0x0000010b798d0000 - 0x0000010b798d4000 	C:\Users\Zjaun\.javacpp\cache\javacpp-1.5.9-windows-x86_64.jar\org\bytedeco\javacpp\windows-x86_64\api-ms-win-core-errorhandling-l1-1-0.dll
0x0000010b798e0000 - 0x0000010b798e4000 	C:\Users\Zjaun\.javacpp\cache\javacpp-1.5.9-windows-x86_64.jar\org\bytedeco\javacpp\windows-x86_64\api-ms-win-core-timezone-l1-1-0.dll
0x0000010b798f0000 - 0x0000010b798f5000 	C:\Users\Zjaun\.javacpp\cache\javacpp-1.5.9-windows-x86_64.jar\org\bytedeco\javacpp\windows-x86_64\api-ms-win-core-file-l1-1-0.dll
0x0000010b79900000 - 0x0000010b79904000 	C:\Users\Zjaun\.javacpp\cache\javacpp-1.5.9-windows-x86_64.jar\org\bytedeco\javacpp\windows-x86_64\api-ms-win-core-namedpipe-l1-1-0.dll
0x0000010b79910000 - 0x0000010b79914000 	C:\Users\Zjaun\.javacpp\cache\javacpp-1.5.9-windows-x86_64.jar\org\bytedeco\javacpp\windows-x86_64\api-ms-win-core-handle-l1-1-0.dll
0x0000010b79920000 - 0x0000010b79924000 	C:\Users\Zjaun\.javacpp\cache\javacpp-1.5.9-windows-x86_64.jar\org\bytedeco\javacpp\windows-x86_64\api-ms-win-core-file-l2-1-0.dll
0x0000010b79930000 - 0x0000010b79934000 	C:\Users\Zjaun\.javacpp\cache\javacpp-1.5.9-windows-x86_64.jar\org\bytedeco\javacpp\windows-x86_64\api-ms-win-core-heap-l1-1-0.dll
0x0000010b79940000 - 0x0000010b79944000 	C:\Users\Zjaun\.javacpp\cache\javacpp-1.5.9-windows-x86_64.jar\org\bytedeco\javacpp\windows-x86_64\api-ms-win-core-libraryloader-l1-1-0.dll
0x0000010b79950000 - 0x0000010b79954000 	C:\Users\Zjaun\.javacpp\cache\javacpp-1.5.9-windows-x86_64.jar\org\bytedeco\javacpp\windows-x86_64\api-ms-win-core-synch-l1-1-0.dll
0x0000010b79960000 - 0x0000010b79964000 	C:\Users\Zjaun\.javacpp\cache\javacpp-1.5.9-windows-x86_64.jar\org\bytedeco\javacpp\windows-x86_64\api-ms-win-core-processthreads-l1-1-0.dll
0x0000010b7a940000 - 0x0000010b7a944000 	C:\Users\Zjaun\.javacpp\cache\javacpp-1.5.9-windows-x86_64.jar\org\bytedeco\javacpp\windows-x86_64\api-ms-win-core-processenvironment-l1-1-0.dll
0x0000010b7a950000 - 0x0000010b7a954000 	C:\Users\Zjaun\.javacpp\cache\javacpp-1.5.9-windows-x86_64.jar\org\bytedeco\javacpp\windows-x86_64\api-ms-win-core-datetime-l1-1-0.dll
0x0000010b7a960000 - 0x0000010b7a964000 	C:\Users\Zjaun\.javacpp\cache\javacpp-1.5.9-windows-x86_64.jar\org\bytedeco\javacpp\windows-x86_64\api-ms-win-core-localization-l1-2-0.dll
0x0000010b7a970000 - 0x0000010b7a974000 	C:\Users\Zjaun\.javacpp\cache\javacpp-1.5.9-windows-x86_64.jar\org\bytedeco\javacpp\windows-x86_64\api-ms-win-core-sysinfo-l1-1-0.dll
0x0000010b7a980000 - 0x0000010b7a984000 	C:\Users\Zjaun\.javacpp\cache\javacpp-1.5.9-windows-x86_64.jar\org\bytedeco\javacpp\windows-x86_64\api-ms-win-core-synch-l1-2-0.dll
0x0000010b7a990000 - 0x0000010b7a994000 	C:\Users\Zjaun\.javacpp\cache\javacpp-1.5.9-windows-x86_64.jar\org\bytedeco\javacpp\windows-x86_64\api-ms-win-core-console-l1-1-0.dll
0x0000010b7a9a0000 - 0x0000010b7a9a4000 	C:\Users\Zjaun\.javacpp\cache\javacpp-1.5.9-windows-x86_64.jar\org\bytedeco\javacpp\windows-x86_64\api-ms-win-core-debug-l1-1-0.dll
0x0000010b7a9b0000 - 0x0000010b7a9b4000 	C:\Users\Zjaun\.javacpp\cache\javacpp-1.5.9-windows-x86_64.jar\org\bytedeco\javacpp\windows-x86_64\api-ms-win-core-rtlsupport-l1-1-0.dll
0x0000010b7a9c0000 - 0x0000010b7a9c4000 	C:\Users\Zjaun\.javacpp\cache\javacpp-1.5.9-windows-x86_64.jar\org\bytedeco\javacpp\windows-x86_64\api-ms-win-core-processthreads-l1-1-1.dll
0x0000010b7a9d0000 - 0x0000010b7a9d4000 	C:\Users\Zjaun\.javacpp\cache\javacpp-1.5.9-windows-x86_64.jar\org\bytedeco\javacpp\windows-x86_64\api-ms-win-core-file-l1-2-0.dll
0x0000010b7a9e0000 - 0x0000010b7a9e4000 	C:\Users\Zjaun\.javacpp\cache\javacpp-1.5.9-windows-x86_64.jar\org\bytedeco\javacpp\windows-x86_64\api-ms-win-core-profile-l1-1-0.dll
0x0000010b7a9f0000 - 0x0000010b7a9f4000 	C:\Users\Zjaun\.javacpp\cache\javacpp-1.5.9-windows-x86_64.jar\org\bytedeco\javacpp\windows-x86_64\api-ms-win-core-memory-l1-1-0.dll
0x0000010b7aa00000 - 0x0000010b7aa04000 	C:\Users\Zjaun\.javacpp\cache\javacpp-1.5.9-windows-x86_64.jar\org\bytedeco\javacpp\windows-x86_64\api-ms-win-core-util-l1-1-0.dll
0x0000010b7aa10000 - 0x0000010b7aa14000 	C:\Users\Zjaun\.javacpp\cache\javacpp-1.5.9-windows-x86_64.jar\org\bytedeco\javacpp\windows-x86_64\api-ms-win-core-interlocked-l1-1-0.dll
0x00007fffe0760000 - 0x00007fffe0871000 	C:\Users\Zjaun\.javacpp\cache\javacpp-1.5.9-windows-x86_64.jar\org\bytedeco\javacpp\windows-x86_64\ucrtbase.dll
0x00007ff895d10000 - 0x00007ff895d2b000 	C:\Users\Zjaun\.javacpp\cache\javacpp-1.5.9-windows-x86_64.jar\org\bytedeco\javacpp\windows-x86_64\vcruntime140.dll
0x00007ff8f6370000 - 0x00007ff8f637c000 	C:\Users\Zjaun\.javacpp\cache\javacpp-1.5.9-windows-x86_64.jar\org\bytedeco\javacpp\windows-x86_64\vcruntime140_1.dll
0x00007ff800040000 - 0x00007ff8000cd000 	C:\Users\Zjaun\.javacpp\cache\javacpp-1.5.9-windows-x86_64.jar\org\bytedeco\javacpp\windows-x86_64\msvcp140.dll
0x00007ff8f5fa0000 - 0x00007ff8f5fa9000 	C:\Users\Zjaun\.javacpp\cache\javacpp-1.5.9-windows-x86_64.jar\org\bytedeco\javacpp\windows-x86_64\msvcp140_1.dll
0x00007ff800a40000 - 0x00007ff800a8e000 	C:\Users\Zjaun\.javacpp\cache\javacpp-1.5.9-windows-x86_64.jar\org\bytedeco\javacpp\windows-x86_64\concrt140.dll
0x00007ff800000000 - 0x00007ff800031000 	C:\Users\Zjaun\.javacpp\cache\javacpp-1.5.9-windows-x86_64.jar\org\bytedeco\javacpp\windows-x86_64\vcomp140.dll
0x00007ff8c1410000 - 0x00007ff8c141f000 	C:\Users\Zjaun\.javacpp\cache\javacpp-1.5.9-windows-x86_64.jar\org\bytedeco\javacpp\windows-x86_64\jnijavacpp.dll
0x00007fffdea20000 - 0x00007fffe0760000 	C:\Users\Zjaun\.javacpp\cache\openblas-0.3.23-1.5.9-windows-x86_64.jar\org\bytedeco\openblas\windows-x86_64\libopenblas_nolapack.dll
0x00007ff94f5b0000 - 0x00007ff94f5bc000 	C:\WINDOWS\SYSTEM32\CRYPTBASE.DLL
0x00007fffde9c0000 - 0x00007fffdea1f000 	C:\Users\Zjaun\.javacpp\cache\openblas-0.3.23-1.5.9-windows-x86_64.jar\org\bytedeco\openblas\windows-x86_64\jniopenblas_nolapack.dll
0x00007fffdcc80000 - 0x00007fffde9c0000 	C:\Users\Zjaun\.javacpp\cache\openblas-0.3.23-1.5.9-windows-x86_64.jar\org\bytedeco\openblas\windows-x86_64\libopenblas.dll
0x00007fffdb890000 - 0x00007fffdcc73000 	C:\Users\Zjaun\.javacpp\cache\openblas-0.3.23-1.5.9-windows-x86_64.jar\org\bytedeco\openblas\windows-x86_64\jniopenblas.dll
0x00007fffdb3d0000 - 0x00007fffdb887000 	C:\Users\Zjaun\.javacpp\cache\opencv-4.7.0-1.5.9-windows-x86_64.jar\org\bytedeco\opencv\windows-x86_64\opencv_core470.dll
0x00007fffdac50000 - 0x00007fffdb3cd000 	C:\Users\Zjaun\.javacpp\cache\opencv-4.7.0-1.5.9-windows-x86_64.jar\org\bytedeco\opencv\windows-x86_64\opencv_imgproc470.dll
0x00007fffda9b0000 - 0x00007fffdac46000 	C:\Users\Zjaun\.javacpp\cache\opencv-4.7.0-1.5.9-windows-x86_64.jar\org\bytedeco\opencv\windows-x86_64\jniopencv_core.dll
0x00007ff950a10000 - 0x00007ff950baf000 	C:\WINDOWS\System32\ole32.dll
0x00007fffda960000 - 0x00007fffda9af000 	C:\Users\Zjaun\.javacpp\cache\videoinput-0.200-1.5.9-windows-x86_64.jar\org\bytedeco\videoinput\windows-x86_64\jnivideoInputLib.dll
0x00007ff94d1f0000 - 0x00007ff94d29b000 	C:\WINDOWS\system32\uxtheme.dll
0x00007ff9527f0000 - 0x00007ff9528a0000 	C:\WINDOWS\System32\clbcatq.dll
0x00007ff894490000 - 0x00007ff8944b1000 	C:\Windows\System32\devenum.dll
0x00007ff94fa80000 - 0x00007ff94face000 	C:\Windows\System32\CFGMGR32.dll
0x00007ff951600000 - 0x00007ff951a74000 	C:\WINDOWS\System32\setupapi.dll
0x00007ff94eee0000 - 0x00007ff94ef14000 	C:\WINDOWS\SYSTEM32\ntmarta.dll
0x00007ff94fa50000 - 0x00007ff94fa7c000 	C:\WINDOWS\SYSTEM32\DEVOBJ.dll
0x00007ff94fef0000 - 0x00007ff94ff5c000 	C:\WINDOWS\System32\WINTRUST.dll
0x00007ff94ff60000 - 0x00007ff9500c6000 	C:\WINDOWS\System32\CRYPT32.dll
0x00007ff94f5f0000 - 0x00007ff94f602000 	C:\WINDOWS\SYSTEM32\MSASN1.dll
0x00007ff93f830000 - 0x00007ff93f83b000 	C:\WINDOWS\SYSTEM32\msdmo.dll
0x00007ff894410000 - 0x00007ff894449000 	C:\Windows\System32\qcap.dll
0x00007ff9490c0000 - 0x00007ff9492a7000 	C:\Windows\System32\quartz.dll
0x00007ff94f750000 - 0x00007ff94f778000 	C:\Windows\System32\bcrypt.dll
0x00007ff951b30000 - 0x00007ff951c7c000 	C:\WINDOWS\System32\MSCTF.dll
0x00007ff85a6d0000 - 0x00007ff85a70b000 	C:\Windows\System32\mfksproxy.dll
0x00007ff94cf10000 - 0x00007ff94cf2e000 	C:\Windows\System32\ATL.DLL
0x00007ff94a0d0000 - 0x00007ff94a29e000 	C:\Windows\System32\MFPlat.DLL
0x00007ff949fa0000 - 0x00007ff949fd3000 	C:\Windows\System32\RTWorkQ.DLL
0x00007ff85a680000 - 0x00007ff85a6c6000 	C:\Windows\System32\FrameServerMonitorClient.dll
0x00007ff94a990000 - 0x00007ff94aa0f000 	C:\Windows\System32\MFSENSORGROUP.dll

dbghelp: loaded successfully - version: 4.0.5 - missing functions: none
symbol engine: initialized successfully - sym options: 0x614 - pdb path: .;C:\Program Files\Java\jdk-17.0.2\bin;C:\WINDOWS\SYSTEM32;C:\WINDOWS\WinSxS\amd64_microsoft.windows.common-controls_6595b64144ccf1df_6.0.22621.2361_none_2712ced57382f843;C:\Program Files\Java\jdk-17.0.2\bin\server;C:\Program Files\JetBrains\IntelliJ IDEA 2023.2.4\bin;C:\Users\Zjaun\.javacpp\cache\javacpp-1.5.9-windows-x86_64.jar\org\bytedeco\javacpp\windows-x86_64;C:\Users\Zjaun\.javacpp\cache\openblas-0.3.23-1.5.9-windows-x86_64.jar\org\bytedeco\openblas\windows-x86_64;C:\Users\Zjaun\.javacpp\cache\opencv-4.7.0-1.5.9-windows-x86_64.jar\org\bytedeco\opencv\windows-x86_64;C:\Users\Zjaun\.javacpp\cache\videoinput-0.200-1.5.9-windows-x86_64.jar\org\bytedeco\videoinput\windows-x86_64;C:\WINDOWS\WinSxS\amd64_microsoft.windows.gdiplus_6595b64144ccf1df_1.1.22621.1778_none_57fe2016ce1542ec;C:\WINDOWS\System32\DriverStore\FileRepository\nv_dispig.inf_amd64_8c8de08a85de4474

VM Arguments:
jvm_args: -javaagent:C:\Program Files\JetBrains\IntelliJ IDEA 2023.2.4\lib\idea_rt.jar=54047:C:\Program Files\JetBrains\IntelliJ IDEA 2023.2.4\bin -Dfile.encoding=UTF-8 
java_command: ColorQuantizer
java_class_path (initial): C:\Users\Zjaun\Pictures\Stream Files\Semi-Hardcore Minecraft Server\Parallel Image Dithering Algorithms\target\classes;C:\Users\Zjaun\.m2\repository\org\bytedeco\javacv-platform\1.5.9\javacv-platform-1.5.9.jar;C:\Users\Zjaun\.m2\repository\org\bytedeco\javacv\1.5.9\javacv-1.5.9.jar;C:\Users\Zjaun\.m2\repository\org\bytedeco\javacpp\1.5.9\javacpp-1.5.9.jar;C:\Users\Zjaun\.m2\repository\org\bytedeco\openblas\0.3.23-1.5.9\openblas-0.3.23-1.5.9.jar;C:\Users\Zjaun\.m2\repository\org\bytedeco\opencv\4.7.0-1.5.9\opencv-4.7.0-1.5.9.jar;C:\Users\Zjaun\.m2\repository\org\bytedeco\ffmpeg\6.0-1.5.9\ffmpeg-6.0-1.5.9.jar;C:\Users\Zjaun\.m2\repository\org\bytedeco\flycapture\2.13.3.31-1.5.9\flycapture-2.13.3.31-1.5.9.jar;C:\Users\Zjaun\.m2\repository\org\bytedeco\libdc1394\2.2.6-1.5.9\libdc1394-2.2.6-1.5.9.jar;C:\Users\Zjaun\.m2\repository\org\bytedeco\libfreenect\0.5.7-1.5.9\libfreenect-0.5.7-1.5.9.jar;C:\Users\Zjaun\.m2\repository\org\bytedeco\libfreenect2\0.2.0-1.5.9\libfreenect2-0.2.0-1.5.9.jar;C:\Users\Zjaun\.m2\repository\org\bytedeco\librealsense\1.12.4-1.5.9\librealsense-1.12.4-1.5.9.jar;C:\Users\Zjaun\.m2\repository\org\bytedeco\librealsense2\2.53.1-1.5.9\librealsense2-2.53.1-1.5.9.jar;C:\Users\Zjaun\.m2\repository\org\bytedeco\videoinput\0.200-1.5.9\videoinput-0.200-1.5.9.jar;C:\Users\Zjaun\.m2\repository\org\bytedeco\artoolkitplus\2.3.1-1.5.9\artoolkitplus-2.3.1-1.5.9.jar;C:\Users\Zjaun\.m2\repository\org\bytedeco\leptonica\1.83.0-1.5.9\leptonica-1.83.0-1.5.9.jar;C:\Users\Zjaun\.m2\repository\org\bytedeco\tesseract\5.3.1-1.5.9\tesseract-5.3.1-1.5.9.jar;C:\Users\Zjaun\.m2\repository\org\openjfx\javafx-graphics\17\javafx-graphics-17.jar;C:\Users\Zjaun\.m2\repository\org\openjfx\javafx-graphics\17\javafx-graphics-17-win.jar;C:\Users\Zjaun\.m2\repository\org\openjfx\javafx-base\17\javafx-base-17.jar;C:\Users\Zjaun\.m2\repository\org\openjfx\javafx-base\17\javafx-base-17-win.jar;C:\Users\Zjaun\.m2\repository\org\bytedeco\openblas-platform\0.3.23-
Launcher Type: SUN_STANDARD

[Global flags]
     intx CICompilerCount                          = 4                                         {product} {ergonomic}
     uint ConcGCThreads                            = 3                                         {product} {ergonomic}
     uint G1ConcRefinementThreads                  = 10                                        {product} {ergonomic}
   size_t G1HeapRegionSize                         = 4194304                                   {product} {ergonomic}
    uintx GCDrainStackTargetSize                   = 64                                        {product} {ergonomic}
   size_t InitialHeapSize                          = 536870912                                 {product} {ergonomic}
   size_t MarkStackSize                            = 4194304                                   {product} {ergonomic}
   size_t MaxHeapSize                              = 8573157376                                {product} {ergonomic}
   size_t MaxNewSize                               = 5142216704                                {product} {ergonomic}
   size_t MinHeapDeltaBytes                        = 4194304                                   {product} {ergonomic}
   size_t MinHeapSize                              = 8388608                                   {product} {ergonomic}
    uintx NonNMethodCodeHeapSize                   = 5839372                                {pd product} {ergonomic}
    uintx NonProfiledCodeHeapSize                  = 122909434                              {pd product} {ergonomic}
    uintx ProfiledCodeHeapSize                     = 122909434                              {pd product} {ergonomic}
    uintx ReservedCodeCacheSize                    = 251658240                              {pd product} {ergonomic}
     bool SegmentedCodeCache                       = true                                      {product} {ergonomic}
   size_t SoftMaxHeapSize                          = 8573157376                             {manageable} {ergonomic}
     bool UseCompressedClassPointers               = true                           {product lp64_product} {ergonomic}
     bool UseCompressedOops                        = true                           {product lp64_product} {ergonomic}
     bool UseG1GC                                  = true                                      {product} {ergonomic}
     bool UseLargePagesIndividualAllocation        = false                                  {pd product} {ergonomic}

Logging:
Log output configuration:
 #0: stdout all=warning uptime,level,tags
 #1: stderr all=off uptime,level,tags

Environment Variables:
JAVA_HOME=C:\Program Files\Java\jdk-17.0.2
PATH=c:\program files (x86)\vmware\vmware player\bin\;c:\program files\oculus\support\oculus-runtime;c:\program files (x86)\common files\intel\shared libraries\redist\intel64\compiler;c:\program files\common files\oracle\java\javapath;C:\Program Files (x86)\Common Files\Oracle\Java\javapath;c:\windows\system32;c:\windows;c:\windows\system32\wbem;c:\windows\system32\windowspowershell\v1.0\;c:\windows\system32\openssh\;c:\program files (x86)\winscp\;c:\program files\dotnet\;c:\program files\nodejs\;c:\program files\git\cmd;c:\program files\powershell\7\;c:\windows\system32;c:\windows;c:\windows\system32\wbem;c:\windows\system32\windowspowershell\v1.0\;c:\windows\system32\openssh\;c:\scrcpy-win64-v1.25;C:\Program Files (x86)\NVIDIA Corporation\PhysX\Common;C:\Program Files\Apache\apache-maven-3.9.1\bin;;C:\Program Files\Docker\Docker\resources\bin;C:\Program Files\Tailscale\;C:\Program Files\Java\jdk-17.0.2\bin;C:\Users\Zjaun\AppData\Local\Programs\Microsoft VS Code\bin;C:\Program Files\JetBrains\IntelliJ IDEA 2023.2.4\bin;;C:\Program Files\JetBrains\CLion 2023.2.2\bin;;C:\Program Files\JetBrains\PyCharm 2023.2.3\bin;
USERNAME=Zjaun
OS=Windows_NT
PROCESSOR_IDENTIFIER=AMD64 Family 25 Model 33 Stepping 0, AuthenticAMD



---------------  S Y S T E M  ---------------

OS:
 Windows 11 , 64 bit Build 22621 (10.0.22621.2428)
OS uptime: 0 days 0:43 hours

CPU: total 12 (initial active 12) (12 cores per cpu, 2 threads per core) family 25 model 33 stepping 0 microcode 0x0, cx8, cmov, fxsr, ht, mmx, 3dnowpref, sse, sse2, sse3, ssse3, sse4a, sse4.1, sse4.2, popcnt, lzcnt, tsc, tscinvbit, avx, avx2, aes, erms, clmul, bmi1, bmi2, adx, sha, fma, vzeroupper, clflush, clflushopt

Memory: 4k page, system-wide physical 32691M (18453M free)
TotalPageFile size 34739M (AvailPageFile size 10002M)
current process WorkingSet (physical memory assigned to process): 501M, peak: 529M
current process commit charge ("private bytes"): 3533M, peak: 3559M

vm_info: Java HotSpot(TM) 64-Bit Server VM (17.0.2+8-LTS-86) for windows-amd64 JRE (17.0.2+8-LTS-86), built on Dec  7 2021 21:51:03 by "mach5one" with MS VC++ 16.8 / 16.9 (VS2019)

END.
