#
# A fatal error has been detected by the Java Runtime Environment:
#
#  EXCEPTION_ACCESS_VIOLATION (0xc0000005) at pc=0x00007ff92db1cea1, pid=21376, tid=13464
#
# JRE version: Java(TM) SE Runtime Environment (17.0.2+8) (build 17.0.2+8-LTS-86)
# Java VM: Java HotSpot(TM) 64-Bit Server VM (17.0.2+8-LTS-86, mixed mode, sharing, tiered, compressed oops, compressed class ptrs, g1 gc, windows-amd64)
# Problematic frame:
# C  [jnivideoInputLib.dll+0x1cea1]
#
# No core dump will be written. Minidumps are not enabled by default on client versions of Windows
#
# If you would like to submit a bug report, please visit:
#   https://bugreport.java.com/bugreport/crash.jsp
# The crash happened outside the Java Virtual Machine in native code.
# See problematic frame for where to report the bug.
#

---------------  S U M M A R Y ------------

Command Line: -javaagent:C:\Program Files\JetBrains\IntelliJ IDEA 2023.2.4\lib\idea_rt.jar=55301:C:\Program Files\JetBrains\IntelliJ IDEA 2023.2.4\bin -Dfile.encoding=UTF-8 ColorQuantizer

Host: AMD Ryzen 5 5600X 6-Core Processor             , 12 cores, 31G,  Windows 11 , 64 bit Build 22621 (10.0.22621.2428)
Time: Sun Nov  5 22:29:09 2023 Malay Peninsula Standard Time elapsed time: 3.454187 seconds (0d 0h 0m 3s)

---------------  T H R E A D  ---------------

Current thread (0x000001e7fd8d8ae0):  JavaThread "Thread-11" [_thread_in_native, id=13464, stack(0x0000008a6a200000,0x0000008a6a300000)]

Stack: [0x0000008a6a200000,0x0000008a6a300000],  sp=0x0000008a6a2ff088,  free space=1020k
Native frames: (J=compiled Java code, j=interpreted, Vv=VM code, C=native code)
C  [jnivideoInputLib.dll+0x1cea1]

Java frames: (J=compiled Java code, j=interpreted, Vv=VM code)
j  org.bytedeco.videoinput.videoInput.getPixels(ILorg/bytedeco/javacpp/BytePointer;ZZ)Z+0
j  CustomVideoInputFrameGrabber.grab()Lorg/bytedeco/javacv/Frame;+107
j  Demo.run()V+170
j  java.lang.Thread.run()V+11 java.base@17.0.2
v  ~StubRoutines::call_stub

siginfo: EXCEPTION_ACCESS_VIOLATION (0xc0000005), writing address 0x000001e7886f9000


Register to memory mapping:

RIP=0x00007ff92db1cea1 jnivideoInputLib.dll
RAX=0x000001e7886f8c80 points into unknown readable memory: 0x6d6b706e6c706e6c | 6c 6e 70 6c 6e 70 6b 6d
RBX=0x000001e7886f8c80 points into unknown readable memory: 0x6d6b706e6c706e6c | 6c 6e 70 6c 6e 70 6b 6d
RCX=0x000001e7886f8fa0 points into unknown readable memory: 0x172d2d2d6060607a | 7a 60 60 60 2d 2d 2d 17
RDX=0x000001e7881f7cd0 points into unknown readable memory: 0x172d2d2d6060607a | 7a 60 60 60 2d 2d 2d 17
RSP=0x0000008a6a2ff088 is pointing into the stack for thread: 0x000001e7fd8d8ae0
RBP=0x0000000000000167 is an unknown value
RSI=0x0000000000000780 is an unknown value
RDI=0x000001e7881f79b0 points into unknown readable memory: 0x6c686e6c686e6c68 | 68 6c 6e 68 6c 6e 68 6c
R8 =0x0000000000000460 is an unknown value
R9 =0xffffffffffffffe0 is an unknown value
R10=0x00007ff92db00000 jnivideoInputLib.dll
R11=0x00007ff92db1cf83 jnivideoInputLib.dll
R12=0x0 is NULL
R13=0x000001e8105d4fa8 is pointing into metadata
R14=0xfffffffffffff880 is an unknown value
R15=0x0000000000000002 is an unknown value


Registers:
RAX=0x000001e7886f8c80, RBX=0x000001e7886f8c80, RCX=0x000001e7886f8fa0, RDX=0x000001e7881f7cd0
RSP=0x0000008a6a2ff088, RBP=0x0000000000000167, RSI=0x0000000000000780, RDI=0x000001e7881f79b0
R8 =0x0000000000000460, R9 =0xffffffffffffffe0, R10=0x00007ff92db00000, R11=0x00007ff92db1cf83
R12=0x0000000000000000, R13=0x000001e8105d4fa8, R14=0xfffffffffffff880, R15=0x0000000000000002
RIP=0x00007ff92db1cea1, EFLAGS=0x0000000000010206

Top of Stack: (sp=0x0000008a6a2ff088)
0x0000008a6a2ff088:   00007ff92db03dde 0000000000000000
0x0000008a6a2ff098:   000001e7d5870000 000001e7886f8500
0x0000008a6a2ff0a8:   000001e7886f8500 000001e7886f8500
0x0000008a6a2ff0b8:   00007ff92db028e8 0000000000000000
0x0000008a6a2ff0c8:   000001e7ffa13448 000001e7886f8500
0x0000008a6a2ff0d8:   0000000000000002 0000000000000168
0x0000008a6a2ff0e8:   000001e7ff739d00 000001e7ff572801
0x0000008a6a2ff0f8:   00007ff8931c944f 0000008a6a2ff248
0x0000008a6a2ff108:   000001e7886f8500 000001e7ffa13380
0x0000008a6a2ff118:   00007ff92db0c0cb 000001e7fd8d8d88
0x0000008a6a2ff128:   000001e7ff722920 0000008a6a2ff218
0x0000008a6a2ff138:   00007ff8938461a6 00000008accdd101
0x0000008a6a2ff148:   000001e7fd8d8ae0 bce4217d2849cb00
0x0000008a6a2ff158:   0000000000000000 000001e7fd8d8ae0
0x0000008a6a2ff168:   0000008a6a2ff258 000001e7df309612
0x0000008a6a2ff178:   000001e7df30d621 000001e7fd8d8d88 

Instructions: (pc=0x00007ff92db1cea1)
0x00007ff92db1cda1:   0a 44 0f b7 42 04 89 08 66 44 89 40 04 c3 8b 0a
0x00007ff92db1cdb1:   44 0f b6 42 04 89 08 44 88 40 04 c3 48 8b 0a 48
0x00007ff92db1cdc1:   89 08 c3 0f b6 0a 88 08 c3 8b 0a 89 08 c3 90 49
0x00007ff92db1cdd1:   83 f8 20 77 17 f3 0f 6f 0a f3 42 0f 6f 54 02 f0
0x00007ff92db1cde1:   f3 0f 7f 09 f3 42 0f 7f 54 01 f0 c3 48 3b d1 73
0x00007ff92db1cdf1:   0e 4e 8d 0c 02 49 3b c9 0f 82 41 04 00 00 90 83
0x00007ff92db1ce01:   3d 11 92 02 00 03 0f 82 e3 02 00 00 49 81 f8 00
0x00007ff92db1ce11:   20 00 00 76 16 49 81 f8 00 00 18 00 77 0d f6 05
0x00007ff92db1ce21:   1e a4 02 00 02 0f 85 64 fe ff ff c5 fe 6f 02 c4
0x00007ff92db1ce31:   a1 7e 6f 6c 02 e0 49 81 f8 00 01 00 00 0f 86 c4
0x00007ff92db1ce41:   00 00 00 4c 8b c9 49 83 e1 1f 49 83 e9 20 49 2b
0x00007ff92db1ce51:   c9 49 2b d1 4d 03 c1 49 81 f8 00 01 00 00 0f 86
0x00007ff92db1ce61:   a3 00 00 00 49 81 f8 00 00 18 00 0f 87 3e 01 00
0x00007ff92db1ce71:   00 66 66 66 66 66 66 0f 1f 84 00 00 00 00 00 c5
0x00007ff92db1ce81:   fe 6f 0a c5 fe 6f 52 20 c5 fe 6f 5a 40 c5 fe 6f
0x00007ff92db1ce91:   62 60 c5 fd 7f 09 c5 fd 7f 51 20 c5 fd 7f 59 40
0x00007ff92db1cea1:   c5 fd 7f 61 60 c5 fe 6f 8a 80 00 00 00 c5 fe 6f
0x00007ff92db1ceb1:   92 a0 00 00 00 c5 fe 6f 9a c0 00 00 00 c5 fe 6f
0x00007ff92db1cec1:   a2 e0 00 00 00 c5 fd 7f 89 80 00 00 00 c5 fd 7f
0x00007ff92db1ced1:   91 a0 00 00 00 c5 fd 7f 99 c0 00 00 00 c5 fd 7f
0x00007ff92db1cee1:   a1 e0 00 00 00 48 81 c1 00 01 00 00 48 81 c2 00
0x00007ff92db1cef1:   01 00 00 49 81 e8 00 01 00 00 49 81 f8 00 01 00
0x00007ff92db1cf01:   00 0f 83 78 ff ff ff 4d 8d 48 1f 49 83 e1 e0 4d
0x00007ff92db1cf11:   8b d9 49 c1 eb 05 47 8b 9c 9a 90 d0 04 00 4d 03
0x00007ff92db1cf21:   da 41 ff e3 c4 a1 7e 6f 8c 0a 00 ff ff ff c4 a1
0x00007ff92db1cf31:   7e 7f 8c 09 00 ff ff ff c4 a1 7e 6f 8c 0a 20 ff
0x00007ff92db1cf41:   ff ff c4 a1 7e 7f 8c 09 20 ff ff ff c4 a1 7e 6f
0x00007ff92db1cf51:   8c 0a 40 ff ff ff c4 a1 7e 7f 8c 09 40 ff ff ff
0x00007ff92db1cf61:   c4 a1 7e 6f 8c 0a 60 ff ff ff c4 a1 7e 7f 8c 09
0x00007ff92db1cf71:   60 ff ff ff c4 a1 7e 6f 4c 0a 80 c4 a1 7e 7f 4c
0x00007ff92db1cf81:   09 80 c4 a1 7e 6f 4c 0a a0 c4 a1 7e 7f 4c 09 a0
0x00007ff92db1cf91:   c4 a1 7e 6f 4c 0a c0 c4 a1 7e 7f 4c 09 c0 c4 a1 


Stack slot to memory mapping:
stack at sp + 0 slots: 0x00007ff92db03dde jnivideoInputLib.dll
stack at sp + 1 slots: 0x0 is NULL
stack at sp + 2 slots: 0x000001e7d5870000 points into unknown readable memory: 0x0000000000000000 | 00 00 00 00 00 00 00 00
stack at sp + 3 slots: 0x000001e7886f8500 points into unknown readable memory: 0x6b676d6b67696763 | 63 67 69 67 6b 6d 67 6b
stack at sp + 4 slots: 0x000001e7886f8500 points into unknown readable memory: 0x6b676d6b67696763 | 63 67 69 67 6b 6d 67 6b
stack at sp + 5 slots: 0x000001e7886f8500 points into unknown readable memory: 0x6b676d6b67696763 | 63 67 69 67 6b 6d 67 6b
stack at sp + 6 slots: 0x00007ff92db028e8 jnivideoInputLib.dll
stack at sp + 7 slots: 0x0 is NULL


---------------  P R O C E S S  ---------------

Threads class SMR info:
_java_thread_list=0x000001e7886b0bd0, length=23, elements={
0x000001e7fd0030a0, 0x000001e7fd003d20, 0x000001e7fd016b20, 0x000001e7fd0186e0,
0x000001e7fd01b0a0, 0x000001e7fd01ba50, 0x000001e7fd026140, 0x000001e7fd02ebf0,
0x000001e7fd03a1d0, 0x000001e7fc49de30, 0x000001e7fd4c4260, 0x000001e7fdaa81e0,
0x000001e7fd8d72d0, 0x000001e7fd8d8140, 0x000001e7fd8d5ac0, 0x000001e7fd8d8ae0,
0x000001e7fd8d8fb0, 0x000001e7fd8d5f90, 0x000001e7fd8d6930, 0x000001e7fd8d6e00,
0x000001e7fd8d77a0, 0x000001e78866e830, 0x000001e788670eb0
}

Java Threads: ( => current thread )
  0x000001e7fd0030a0 JavaThread "Reference Handler" daemon [_thread_blocked, id=17896, stack(0x0000008a66400000,0x0000008a66500000)]
  0x000001e7fd003d20 JavaThread "Finalizer" daemon [_thread_blocked, id=17628, stack(0x0000008a66500000,0x0000008a66600000)]
  0x000001e7fd016b20 JavaThread "Signal Dispatcher" daemon [_thread_blocked, id=12516, stack(0x0000008a66600000,0x0000008a66700000)]
  0x000001e7fd0186e0 JavaThread "Attach Listener" daemon [_thread_blocked, id=10484, stack(0x0000008a66700000,0x0000008a66800000)]
  0x000001e7fd01b0a0 JavaThread "Service Thread" daemon [_thread_blocked, id=21736, stack(0x0000008a66800000,0x0000008a66900000)]
  0x000001e7fd01ba50 JavaThread "Monitor Deflation Thread" daemon [_thread_blocked, id=13696, stack(0x0000008a66900000,0x0000008a66a00000)]
  0x000001e7fd026140 JavaThread "C2 CompilerThread0" daemon [_thread_blocked, id=11400, stack(0x0000008a66a00000,0x0000008a66b00000)]
  0x000001e7fd02ebf0 JavaThread "C1 CompilerThread0" daemon [_thread_blocked, id=6504, stack(0x0000008a66b00000,0x0000008a66c00000)]
  0x000001e7fd03a1d0 JavaThread "Sweeper thread" daemon [_thread_blocked, id=11656, stack(0x0000008a66c00000,0x0000008a66d00000)]
  0x000001e7fc49de30 JavaThread "Common-Cleaner" daemon [_thread_blocked, id=15708, stack(0x0000008a66d00000,0x0000008a66e00000)]
  0x000001e7fd4c4260 JavaThread "Monitor Ctrl-Break" daemon [_thread_in_native, id=13172, stack(0x0000008a66f00000,0x0000008a67000000)]
  0x000001e7fdaa81e0 JavaThread "Notification Thread" daemon [_thread_blocked, id=22352, stack(0x0000008a67000000,0x0000008a67100000)]
  0x000001e7fd8d72d0 JavaThread "JavaCPP Deallocator" daemon [_thread_blocked, id=3652, stack(0x0000008a67c00000,0x0000008a67d00000)]
  0x000001e7fd8d8140 JavaThread "Thread-9" [_thread_in_native, id=22400, stack(0x0000008a6a000000,0x0000008a6a100000)]
  0x000001e7fd8d5ac0 JavaThread "Thread-10" [_thread_in_native, id=13892, stack(0x0000008a6a100000,0x0000008a6a200000)]
=>0x000001e7fd8d8ae0 JavaThread "Thread-11" [_thread_in_native, id=13464, stack(0x0000008a6a200000,0x0000008a6a300000)]
  0x000001e7fd8d8fb0 JavaThread "Thread-12" [_thread_in_native, id=22340, stack(0x0000008a6a300000,0x0000008a6a400000)]
  0x000001e7fd8d5f90 JavaThread "DestroyJavaVM" [_thread_blocked, id=2644, stack(0x0000008a65d00000,0x0000008a65e00000)]
  0x000001e7fd8d6930 JavaThread "Java2D Disposer" daemon [_thread_blocked, id=12696, stack(0x0000008a66e00000,0x0000008a66f00000)]
  0x000001e7fd8d6e00 JavaThread "AWT-Shutdown" [_thread_blocked, id=5988, stack(0x0000008a67200000,0x0000008a67300000)]
  0x000001e7fd8d77a0 JavaThread "AWT-Windows" daemon [_thread_in_native, id=18972, stack(0x0000008a6a400000,0x0000008a6a500000)]
  0x000001e78866e830 JavaThread "AWT-EventQueue-0" [_thread_blocked, id=5612, stack(0x0000008a6a500000,0x0000008a6a600000)]
  0x000001e788670eb0 JavaThread "D3D Screen Updater" daemon [_thread_blocked, id=11192, stack(0x0000008a6ac00000,0x0000008a6ad00000)]

Other Threads:
  0x000001e7fc4ad1f0 VMThread "VM Thread" [stack: 0x0000008a66300000,0x0000008a66400000] [id=5380]
  0x000001e7d7b587e0 WatcherThread [stack: 0x0000008a67100000,0x0000008a67200000] [id=20228]
  0x000001e7d7b3fec0 GCTaskThread "GC Thread#0" [stack: 0x0000008a65e00000,0x0000008a65f00000] [id=7804]
  0x000001e7fdb781f0 GCTaskThread "GC Thread#1" [stack: 0x0000008a67300000,0x0000008a67400000] [id=21696]
  0x000001e7fdb61820 GCTaskThread "GC Thread#2" [stack: 0x0000008a67400000,0x0000008a67500000] [id=21780]
  0x000001e7fdb61ad0 GCTaskThread "GC Thread#3" [stack: 0x0000008a67500000,0x0000008a67600000] [id=9144]
  0x000001e7fdff6a00 GCTaskThread "GC Thread#4" [stack: 0x0000008a67600000,0x0000008a67700000] [id=15024]
  0x000001e7fdff6cb0 GCTaskThread "GC Thread#5" [stack: 0x0000008a67700000,0x0000008a67800000] [id=10820]
  0x000001e7fe704720 GCTaskThread "GC Thread#6" [stack: 0x0000008a67800000,0x0000008a67900000] [id=2640]
  0x000001e7fe7049d0 GCTaskThread "GC Thread#7" [stack: 0x0000008a67900000,0x0000008a67a00000] [id=15172]
  0x000001e7fe5ec490 GCTaskThread "GC Thread#8" [stack: 0x0000008a67a00000,0x0000008a67b00000] [id=20788]
  0x000001e7fe30b540 GCTaskThread "GC Thread#9" [stack: 0x0000008a67b00000,0x0000008a67c00000] [id=8008]
  0x000001e7d7b50d80 ConcurrentGCThread "G1 Main Marker" [stack: 0x0000008a65f00000,0x0000008a66000000] [id=4772]
  0x000001e7d7b52f40 ConcurrentGCThread "G1 Conc#0" [stack: 0x0000008a66000000,0x0000008a66100000] [id=19684]
  0x000001e7fc365ba0 ConcurrentGCThread "G1 Refine#0" [stack: 0x0000008a66100000,0x0000008a66200000] [id=12244]
  0x000001e7fc3665c0 ConcurrentGCThread "G1 Service" [stack: 0x0000008a66200000,0x0000008a66300000] [id=19476]

Threads with active compile tasks:

VM state: not at safepoint (normal execution)

VM Mutex/Monitor currently owned by a thread: None

Heap address: 0x0000000601000000, size: 8176 MB, Compressed Oops mode: Zero based, Oop shift amount: 3

CDS archive(s) mapped at: [0x0000000800000000-0x0000000800bc0000-0x0000000800bc0000), size 12320768, SharedBaseAddress: 0x0000000800000000, ArchiveRelocationMode: 0.
Compressed class space mapped at: 0x0000000800c00000-0x0000000840c00000, reserved size: 1073741824
Narrow klass base: 0x0000000800000000, Narrow klass shift: 0, Narrow klass range: 0x100000000

GC Precious Log:
 CPUs: 12 total, 12 available
 Memory: 32691M
 Large Page Support: Disabled
 NUMA Support: Disabled
 Compressed Oops: Enabled (Zero based)
 Heap Region Size: 4M
 Heap Min Capacity: 8M
 Heap Initial Capacity: 512M
 Heap Max Capacity: 8176M
 Pre-touch: Disabled
 Parallel Workers: 10
 Concurrent Workers: 3
 Concurrent Refinement Workers: 10
 Periodic GC: Disabled

Heap:
 garbage-first heap   total 524288K, used 91498K [0x0000000601000000, 0x0000000800000000)
  region size 4096K, 5 young (20480K), 2 survivors (8192K)
 Metaspace       used 14248K, committed 14464K, reserved 1064960K
  class space    used 1100K, committed 1216K, reserved 1048576K

Heap Regions: E=young(eden), S=young(survivor), O=old, HS=humongous(starts), HC=humongous(continues), CS=collection set, F=free, OA=open archive, CA=closed archive, TAMS=top-at-mark-start (previous, next)
|   0|0x0000000601000000, 0x0000000601400000, 0x0000000601400000|100%|HS|  |TAMS 0x0000000601000000, 0x0000000601000000| Complete 
|   1|0x0000000601400000, 0x0000000601800000, 0x0000000601800000|100%|HC|  |TAMS 0x0000000601400000, 0x0000000601400000| Complete 
|   2|0x0000000601800000, 0x0000000601c00000, 0x0000000601c00000|100%|HC|  |TAMS 0x0000000601800000, 0x0000000601800000| Complete 
|   3|0x0000000601c00000, 0x0000000602000000, 0x0000000602000000|100%|HC|  |TAMS 0x0000000601c00000, 0x0000000601c00000| Complete 
|   4|0x0000000602000000, 0x0000000602400000, 0x0000000602400000|100%|HC|  |TAMS 0x0000000602000000, 0x0000000602000000| Complete 
|   5|0x0000000602400000, 0x0000000602800000, 0x0000000602800000|100%|HC|  |TAMS 0x0000000602400000, 0x0000000602400000| Complete 
|   6|0x0000000602800000, 0x0000000602c00000, 0x0000000602c00000|100%|HC|  |TAMS 0x0000000602800000, 0x0000000602800000| Complete 
|   7|0x0000000602c00000, 0x0000000603000000, 0x0000000603000000|100%|HC|  |TAMS 0x0000000602c00000, 0x0000000602c00000| Complete 
|   8|0x0000000603000000, 0x0000000603400000, 0x0000000603400000|100%|HC|  |TAMS 0x0000000603000000, 0x0000000603000000| Complete 
|   9|0x0000000603400000, 0x0000000603800000, 0x0000000603800000|100%|HC|  |TAMS 0x0000000603400000, 0x0000000603400000| Complete 
|  10|0x0000000603800000, 0x0000000603c00000, 0x0000000603c00000|100%|HC|  |TAMS 0x0000000603800000, 0x0000000603800000| Complete 
|  11|0x0000000603c00000, 0x0000000604000000, 0x0000000604000000|100%|HC|  |TAMS 0x0000000603c00000, 0x0000000603c00000| Complete 
|  12|0x0000000604000000, 0x0000000604400000, 0x0000000604400000|100%|HC|  |TAMS 0x0000000604000000, 0x0000000604000000| Complete 
|  13|0x0000000604400000, 0x0000000604800000, 0x0000000604800000|100%|HC|  |TAMS 0x0000000604400000, 0x0000000604400000| Complete 
|  14|0x0000000604800000, 0x0000000604c00000, 0x0000000604c00000|100%|HC|  |TAMS 0x0000000604800000, 0x0000000604800000| Complete 
|  15|0x0000000604c00000, 0x0000000605000000, 0x0000000605000000|100%|HC|  |TAMS 0x0000000604c00000, 0x0000000604c00000| Complete 
|  16|0x0000000605000000, 0x0000000605400000, 0x0000000605400000|100%|HC|  |TAMS 0x0000000605000000, 0x0000000605000000| Complete 
|  17|0x0000000605400000, 0x0000000605800000, 0x0000000605800000|100%| O|  |TAMS 0x0000000605400000, 0x0000000605400000| Untracked 
|  18|0x0000000605800000, 0x0000000605800000, 0x0000000605c00000|  0%| F|  |TAMS 0x0000000605800000, 0x0000000605800000| Untracked 
|  19|0x0000000605c00000, 0x0000000605d8f400, 0x0000000606000000| 38%| O|  |TAMS 0x0000000605c00000, 0x0000000605c00000| Untracked 
|  20|0x0000000606000000, 0x0000000606000000, 0x0000000606400000|  0%| F|  |TAMS 0x0000000606000000, 0x0000000606000000| Untracked 
|  21|0x0000000606400000, 0x0000000606400000, 0x0000000606800000|  0%| F|  |TAMS 0x0000000606400000, 0x0000000606400000| Untracked 
|  22|0x0000000606800000, 0x0000000606800000, 0x0000000606c00000|  0%| F|  |TAMS 0x0000000606800000, 0x0000000606800000| Untracked 
|  23|0x0000000606c00000, 0x0000000606c00000, 0x0000000607000000|  0%| F|  |TAMS 0x0000000606c00000, 0x0000000606c00000| Untracked 
|  24|0x0000000607000000, 0x0000000607000000, 0x0000000607400000|  0%| F|  |TAMS 0x0000000607000000, 0x0000000607000000| Untracked 
|  25|0x0000000607400000, 0x0000000607400000, 0x0000000607800000|  0%| F|  |TAMS 0x0000000607400000, 0x0000000607400000| Untracked 
|  26|0x0000000607800000, 0x0000000607800000, 0x0000000607c00000|  0%| F|  |TAMS 0x0000000607800000, 0x0000000607800000| Untracked 
|  27|0x0000000607c00000, 0x0000000607c00000, 0x0000000608000000|  0%| F|  |TAMS 0x0000000607c00000, 0x0000000607c00000| Untracked 
|  28|0x0000000608000000, 0x0000000608000000, 0x0000000608400000|  0%| F|  |TAMS 0x0000000608000000, 0x0000000608000000| Untracked 
|  29|0x0000000608400000, 0x0000000608400000, 0x0000000608800000|  0%| F|  |TAMS 0x0000000608400000, 0x0000000608400000| Untracked 
|  30|0x0000000608800000, 0x0000000608800000, 0x0000000608c00000|  0%| F|  |TAMS 0x0000000608800000, 0x0000000608800000| Untracked 
|  31|0x0000000608c00000, 0x0000000608c00000, 0x0000000609000000|  0%| F|  |TAMS 0x0000000608c00000, 0x0000000608c00000| Untracked 
|  32|0x0000000609000000, 0x0000000609000000, 0x0000000609400000|  0%| F|  |TAMS 0x0000000609000000, 0x0000000609000000| Untracked 
|  33|0x0000000609400000, 0x0000000609400000, 0x0000000609800000|  0%| F|  |TAMS 0x0000000609400000, 0x0000000609400000| Untracked 
|  34|0x0000000609800000, 0x0000000609800000, 0x0000000609c00000|  0%| F|  |TAMS 0x0000000609800000, 0x0000000609800000| Untracked 
|  35|0x0000000609c00000, 0x0000000609c00000, 0x000000060a000000|  0%| F|  |TAMS 0x0000000609c00000, 0x0000000609c00000| Untracked 
|  36|0x000000060a000000, 0x000000060a000000, 0x000000060a400000|  0%| F|  |TAMS 0x000000060a000000, 0x000000060a000000| Untracked 
|  37|0x000000060a400000, 0x000000060a400000, 0x000000060a800000|  0%| F|  |TAMS 0x000000060a400000, 0x000000060a400000| Untracked 
|  38|0x000000060a800000, 0x000000060a800000, 0x000000060ac00000|  0%| F|  |TAMS 0x000000060a800000, 0x000000060a800000| Untracked 
|  39|0x000000060ac00000, 0x000000060ac00000, 0x000000060b000000|  0%| F|  |TAMS 0x000000060ac00000, 0x000000060ac00000| Untracked 
|  40|0x000000060b000000, 0x000000060b000000, 0x000000060b400000|  0%| F|  |TAMS 0x000000060b000000, 0x000000060b000000| Untracked 
|  41|0x000000060b400000, 0x000000060b400000, 0x000000060b800000|  0%| F|  |TAMS 0x000000060b400000, 0x000000060b400000| Untracked 
|  42|0x000000060b800000, 0x000000060b800000, 0x000000060bc00000|  0%| F|  |TAMS 0x000000060b800000, 0x000000060b800000| Untracked 
|  43|0x000000060bc00000, 0x000000060bc00000, 0x000000060c000000|  0%| F|  |TAMS 0x000000060bc00000, 0x000000060bc00000| Untracked 
|  44|0x000000060c000000, 0x000000060c000000, 0x000000060c400000|  0%| F|  |TAMS 0x000000060c000000, 0x000000060c000000| Untracked 
|  45|0x000000060c400000, 0x000000060c400000, 0x000000060c800000|  0%| F|  |TAMS 0x000000060c400000, 0x000000060c400000| Untracked 
|  46|0x000000060c800000, 0x000000060c800000, 0x000000060cc00000|  0%| F|  |TAMS 0x000000060c800000, 0x000000060c800000| Untracked 
|  47|0x000000060cc00000, 0x000000060cc00000, 0x000000060d000000|  0%| F|  |TAMS 0x000000060cc00000, 0x000000060cc00000| Untracked 
|  48|0x000000060d000000, 0x000000060d000000, 0x000000060d400000|  0%| F|  |TAMS 0x000000060d000000, 0x000000060d000000| Untracked 
|  49|0x000000060d400000, 0x000000060d400000, 0x000000060d800000|  0%| F|  |TAMS 0x000000060d400000, 0x000000060d400000| Untracked 
|  50|0x000000060d800000, 0x000000060d800000, 0x000000060dc00000|  0%| F|  |TAMS 0x000000060d800000, 0x000000060d800000| Untracked 
|  51|0x000000060dc00000, 0x000000060dfcb450, 0x000000060e000000| 94%| S|CS|TAMS 0x000000060dc00000, 0x000000060dc00000| Complete 
|  52|0x000000060e000000, 0x000000060e000000, 0x000000060e400000|  0%| F|  |TAMS 0x000000060e000000, 0x000000060e000000| Untracked 
|  53|0x000000060e400000, 0x000000060e400000, 0x000000060e800000|  0%| F|  |TAMS 0x000000060e400000, 0x000000060e400000| Untracked 
|  54|0x000000060e800000, 0x000000060ec00000, 0x000000060ec00000|100%| S|CS|TAMS 0x000000060e800000, 0x000000060e800000| Complete 
|  55|0x000000060ec00000, 0x000000060ec00000, 0x000000060f000000|  0%| F|  |TAMS 0x000000060ec00000, 0x000000060ec00000| Untracked 
|  56|0x000000060f000000, 0x000000060f000000, 0x000000060f400000|  0%| F|  |TAMS 0x000000060f000000, 0x000000060f000000| Untracked 
|  57|0x000000060f400000, 0x000000060f400000, 0x000000060f800000|  0%| F|  |TAMS 0x000000060f400000, 0x000000060f400000| Untracked 
|  58|0x000000060f800000, 0x000000060f800000, 0x000000060fc00000|  0%| F|  |TAMS 0x000000060f800000, 0x000000060f800000| Untracked 
|  59|0x000000060fc00000, 0x000000060fc00000, 0x0000000610000000|  0%| F|  |TAMS 0x000000060fc00000, 0x000000060fc00000| Untracked 
|  60|0x0000000610000000, 0x0000000610000000, 0x0000000610400000|  0%| F|  |TAMS 0x0000000610000000, 0x0000000610000000| Untracked 
|  61|0x0000000610400000, 0x0000000610400000, 0x0000000610800000|  0%| F|  |TAMS 0x0000000610400000, 0x0000000610400000| Untracked 
|  62|0x0000000610800000, 0x0000000610800000, 0x0000000610c00000|  0%| F|  |TAMS 0x0000000610800000, 0x0000000610800000| Untracked 
|  63|0x0000000610c00000, 0x0000000610c00000, 0x0000000611000000|  0%| F|  |TAMS 0x0000000610c00000, 0x0000000610c00000| Untracked 
|  64|0x0000000611000000, 0x0000000611000000, 0x0000000611400000|  0%| F|  |TAMS 0x0000000611000000, 0x0000000611000000| Untracked 
|  65|0x0000000611400000, 0x0000000611400000, 0x0000000611800000|  0%| F|  |TAMS 0x0000000611400000, 0x0000000611400000| Untracked 
|  66|0x0000000611800000, 0x0000000611800000, 0x0000000611c00000|  0%| F|  |TAMS 0x0000000611800000, 0x0000000611800000| Untracked 
|  67|0x0000000611c00000, 0x0000000611c00000, 0x0000000612000000|  0%| F|  |TAMS 0x0000000611c00000, 0x0000000611c00000| Untracked 
|  68|0x0000000612000000, 0x0000000612000000, 0x0000000612400000|  0%| F|  |TAMS 0x0000000612000000, 0x0000000612000000| Untracked 
|  69|0x0000000612400000, 0x0000000612400000, 0x0000000612800000|  0%| F|  |TAMS 0x0000000612400000, 0x0000000612400000| Untracked 
|  70|0x0000000612800000, 0x0000000612800000, 0x0000000612c00000|  0%| F|  |TAMS 0x0000000612800000, 0x0000000612800000| Untracked 
|  71|0x0000000612c00000, 0x0000000612c00000, 0x0000000613000000|  0%| F|  |TAMS 0x0000000612c00000, 0x0000000612c00000| Untracked 
|  72|0x0000000613000000, 0x0000000613000000, 0x0000000613400000|  0%| F|  |TAMS 0x0000000613000000, 0x0000000613000000| Untracked 
|  73|0x0000000613400000, 0x0000000613400000, 0x0000000613800000|  0%| F|  |TAMS 0x0000000613400000, 0x0000000613400000| Untracked 
|  74|0x0000000613800000, 0x0000000613800000, 0x0000000613c00000|  0%| F|  |TAMS 0x0000000613800000, 0x0000000613800000| Untracked 
|  75|0x0000000613c00000, 0x0000000613c00000, 0x0000000614000000|  0%| F|  |TAMS 0x0000000613c00000, 0x0000000613c00000| Untracked 
|  76|0x0000000614000000, 0x0000000614000000, 0x0000000614400000|  0%| F|  |TAMS 0x0000000614000000, 0x0000000614000000| Untracked 
|  77|0x0000000614400000, 0x0000000614400000, 0x0000000614800000|  0%| F|  |TAMS 0x0000000614400000, 0x0000000614400000| Untracked 
|  78|0x0000000614800000, 0x0000000614800000, 0x0000000614c00000|  0%| F|  |TAMS 0x0000000614800000, 0x0000000614800000| Untracked 
|  79|0x0000000614c00000, 0x0000000614c00000, 0x0000000615000000|  0%| F|  |TAMS 0x0000000614c00000, 0x0000000614c00000| Untracked 
|  80|0x0000000615000000, 0x0000000615000000, 0x0000000615400000|  0%| F|  |TAMS 0x0000000615000000, 0x0000000615000000| Untracked 
|  81|0x0000000615400000, 0x0000000615400000, 0x0000000615800000|  0%| F|  |TAMS 0x0000000615400000, 0x0000000615400000| Untracked 
|  82|0x0000000615800000, 0x0000000615800000, 0x0000000615c00000|  0%| F|  |TAMS 0x0000000615800000, 0x0000000615800000| Untracked 
|  83|0x0000000615c00000, 0x0000000615c00000, 0x0000000616000000|  0%| F|  |TAMS 0x0000000615c00000, 0x0000000615c00000| Untracked 
|  84|0x0000000616000000, 0x0000000616000000, 0x0000000616400000|  0%| F|  |TAMS 0x0000000616000000, 0x0000000616000000| Untracked 
|  85|0x0000000616400000, 0x0000000616400000, 0x0000000616800000|  0%| F|  |TAMS 0x0000000616400000, 0x0000000616400000| Untracked 
|  86|0x0000000616800000, 0x0000000616800000, 0x0000000616c00000|  0%| F|  |TAMS 0x0000000616800000, 0x0000000616800000| Untracked 
|  87|0x0000000616c00000, 0x0000000616c00000, 0x0000000617000000|  0%| F|  |TAMS 0x0000000616c00000, 0x0000000616c00000| Untracked 
|  88|0x0000000617000000, 0x0000000617000000, 0x0000000617400000|  0%| F|  |TAMS 0x0000000617000000, 0x0000000617000000| Untracked 
|  89|0x0000000617400000, 0x0000000617400000, 0x0000000617800000|  0%| F|  |TAMS 0x0000000617400000, 0x0000000617400000| Untracked 
|  90|0x0000000617800000, 0x0000000617800000, 0x0000000617c00000|  0%| F|  |TAMS 0x0000000617800000, 0x0000000617800000| Untracked 
|  91|0x0000000617c00000, 0x0000000617c00000, 0x0000000618000000|  0%| F|  |TAMS 0x0000000617c00000, 0x0000000617c00000| Untracked 
|  92|0x0000000618000000, 0x0000000618000000, 0x0000000618400000|  0%| F|  |TAMS 0x0000000618000000, 0x0000000618000000| Untracked 
|  93|0x0000000618400000, 0x0000000618400000, 0x0000000618800000|  0%| F|  |TAMS 0x0000000618400000, 0x0000000618400000| Untracked 
|  94|0x0000000618800000, 0x0000000618800000, 0x0000000618c00000|  0%| F|  |TAMS 0x0000000618800000, 0x0000000618800000| Untracked 
|  95|0x0000000618c00000, 0x0000000618c00000, 0x0000000619000000|  0%| F|  |TAMS 0x0000000618c00000, 0x0000000618c00000| Untracked 
|  96|0x0000000619000000, 0x0000000619000000, 0x0000000619400000|  0%| F|  |TAMS 0x0000000619000000, 0x0000000619000000| Untracked 
|  97|0x0000000619400000, 0x0000000619400000, 0x0000000619800000|  0%| F|  |TAMS 0x0000000619400000, 0x0000000619400000| Untracked 
|  98|0x0000000619800000, 0x0000000619800000, 0x0000000619c00000|  0%| F|  |TAMS 0x0000000619800000, 0x0000000619800000| Untracked 
|  99|0x0000000619c00000, 0x0000000619c00000, 0x000000061a000000|  0%| F|  |TAMS 0x0000000619c00000, 0x0000000619c00000| Untracked 
| 100|0x000000061a000000, 0x000000061a000000, 0x000000061a400000|  0%| F|  |TAMS 0x000000061a000000, 0x000000061a000000| Untracked 
| 101|0x000000061a400000, 0x000000061a400000, 0x000000061a800000|  0%| F|  |TAMS 0x000000061a400000, 0x000000061a400000| Untracked 
| 102|0x000000061a800000, 0x000000061a800000, 0x000000061ac00000|  0%| F|  |TAMS 0x000000061a800000, 0x000000061a800000| Untracked 
| 103|0x000000061ac00000, 0x000000061ac00000, 0x000000061b000000|  0%| F|  |TAMS 0x000000061ac00000, 0x000000061ac00000| Untracked 
| 104|0x000000061b000000, 0x000000061b000000, 0x000000061b400000|  0%| F|  |TAMS 0x000000061b000000, 0x000000061b000000| Untracked 
| 105|0x000000061b400000, 0x000000061b400000, 0x000000061b800000|  0%| F|  |TAMS 0x000000061b400000, 0x000000061b400000| Untracked 
| 106|0x000000061b800000, 0x000000061b800000, 0x000000061bc00000|  0%| F|  |TAMS 0x000000061b800000, 0x000000061b800000| Untracked 
| 107|0x000000061bc00000, 0x000000061bc00000, 0x000000061c000000|  0%| F|  |TAMS 0x000000061bc00000, 0x000000061bc00000| Untracked 
| 108|0x000000061c000000, 0x000000061c000000, 0x000000061c400000|  0%| F|  |TAMS 0x000000061c000000, 0x000000061c000000| Untracked 
| 109|0x000000061c400000, 0x000000061c400000, 0x000000061c800000|  0%| F|  |TAMS 0x000000061c400000, 0x000000061c400000| Untracked 
| 110|0x000000061c800000, 0x000000061c800000, 0x000000061cc00000|  0%| F|  |TAMS 0x000000061c800000, 0x000000061c800000| Untracked 
| 111|0x000000061cc00000, 0x000000061cc00000, 0x000000061d000000|  0%| F|  |TAMS 0x000000061cc00000, 0x000000061cc00000| Untracked 
| 112|0x000000061d000000, 0x000000061d000000, 0x000000061d400000|  0%| F|  |TAMS 0x000000061d000000, 0x000000061d000000| Untracked 
| 113|0x000000061d400000, 0x000000061d400000, 0x000000061d800000|  0%| F|  |TAMS 0x000000061d400000, 0x000000061d400000| Untracked 
| 114|0x000000061d800000, 0x000000061d800000, 0x000000061dc00000|  0%| F|  |TAMS 0x000000061d800000, 0x000000061d800000| Untracked 
| 115|0x000000061dc00000, 0x000000061dc00000, 0x000000061e000000|  0%| F|  |TAMS 0x000000061dc00000, 0x000000061dc00000| Untracked 
| 116|0x000000061e000000, 0x000000061e000000, 0x000000061e400000|  0%| F|  |TAMS 0x000000061e000000, 0x000000061e000000| Untracked 
| 117|0x000000061e400000, 0x000000061e400000, 0x000000061e800000|  0%| F|  |TAMS 0x000000061e400000, 0x000000061e400000| Untracked 
| 118|0x000000061e800000, 0x000000061e800000, 0x000000061ec00000|  0%| F|  |TAMS 0x000000061e800000, 0x000000061e800000| Untracked 
| 119|0x000000061ec00000, 0x000000061ec00000, 0x000000061f000000|  0%| F|  |TAMS 0x000000061ec00000, 0x000000061ec00000| Untracked 
| 120|0x000000061f000000, 0x000000061f000000, 0x000000061f400000|  0%| F|  |TAMS 0x000000061f000000, 0x000000061f000000| Untracked 
| 121|0x000000061f400000, 0x000000061f400000, 0x000000061f800000|  0%| F|  |TAMS 0x000000061f400000, 0x000000061f400000| Untracked 
| 122|0x000000061f800000, 0x000000061f800000, 0x000000061fc00000|  0%| F|  |TAMS 0x000000061f800000, 0x000000061f800000| Untracked 
| 123|0x000000061fc00000, 0x000000061fc00000, 0x0000000620000000|  0%| F|  |TAMS 0x000000061fc00000, 0x000000061fc00000| Untracked 
| 124|0x0000000620000000, 0x0000000620000000, 0x0000000620400000|  0%| F|  |TAMS 0x0000000620000000, 0x0000000620000000| Untracked 
| 125|0x0000000620400000, 0x0000000620667d10, 0x0000000620800000| 60%| E|  |TAMS 0x0000000620400000, 0x0000000620400000| Complete 
| 126|0x0000000620800000, 0x0000000620c00000, 0x0000000620c00000|100%| E|CS|TAMS 0x0000000620800000, 0x0000000620800000| Complete 
| 127|0x0000000620c00000, 0x0000000621000000, 0x0000000621000000|100%| E|CS|TAMS 0x0000000620c00000, 0x0000000620c00000| Complete 

Card table byte_map: [0x000001e7ef850000,0x000001e7f0850000] _byte_map_base: 0x000001e7ec848000

Marking Bits (Prev, Next): (CMBitMap*) 0x000001e7d7b404d0, (CMBitMap*) 0x000001e7d7b40510
 Prev Bits: [0x000001e7f1850000, 0x000001e7f9810000)
 Next Bits: [0x000001e780000000, 0x000001e787fc0000)

Polling page: 0x000001e7d5a70000

Metaspace:

Usage:
  Non-class:     12.84 MB used.
      Class:      1.07 MB used.
       Both:     13.91 MB used.

Virtual space:
  Non-class space:       16.00 MB reserved,      12.94 MB ( 81%) committed,  2 nodes.
      Class space:        1.00 GB reserved,       1.19 MB ( <1%) committed,  1 nodes.
             Both:        1.02 GB reserved,      14.12 MB (  1%) committed. 

Chunk freelists:
   Non-Class:  2.95 MB
       Class:  2.74 MB
        Both:  5.70 MB

MaxMetaspaceSize: unlimited
CompressedClassSpaceSize: 1.00 GB
Initial GC threshold: 21.00 MB
Current GC threshold: 21.00 MB
CDS: on
MetaspaceReclaimPolicy: balanced
 - commit_granule_bytes: 65536.
 - commit_granule_words: 8192.
 - virtual_space_node_default_size: 1048576.
 - enlarge_chunks_in_place: 1.
 - new_chunks_are_fully_committed: 0.
 - uncommit_free_chunks: 1.
 - use_allocation_guard: 0.
 - handle_deallocations: 1.


Internal statistics:

num_allocs_failed_limit: 0.
num_arena_births: 126.
num_arena_deaths: 0.
num_vsnodes_births: 3.
num_vsnodes_deaths: 0.
num_space_committed: 224.
num_space_uncommitted: 0.
num_chunks_returned_to_freelist: 0.
num_chunks_taken_from_freelist: 365.
num_chunk_merges: 0.
num_chunk_splits: 290.
num_chunks_enlarged: 240.
num_purges: 0.
num_inconsistent_stats: 0.

CodeHeap 'non-profiled nmethods': size=120000Kb used=1152Kb max_used=1152Kb free=118848Kb
 bounds [0x000001e7e6dd0000, 0x000001e7e7040000, 0x000001e7ee300000]
CodeHeap 'profiled nmethods': size=120000Kb used=3474Kb max_used=3474Kb free=116525Kb
 bounds [0x000001e7df8a0000, 0x000001e7dfc10000, 0x000001e7e6dd0000]
CodeHeap 'non-nmethods': size=5760Kb used=1733Kb max_used=1752Kb free=4026Kb
 bounds [0x000001e7df300000, 0x000001e7df570000, 0x000001e7df8a0000]
 total_blobs=2826 nmethods=1698 adapters=1041
 compilation: enabled
              stopped_count=0, restarted_count=0
 full_count=0

Compilation events (20 events):
Event: 3.401 Thread 0x000001e7fd02ebf0 1689       3       java.awt.Component::getBackground (29 bytes)
Event: 3.401 Thread 0x000001e7fd02ebf0 nmethod 1689 0x000001e7dfc02f10 code [0x000001e7dfc030c0, 0x000001e7dfc03388]
Event: 3.401 Thread 0x000001e7fd02ebf0 1690       3       java.awt.Component::getFont (5 bytes)
Event: 3.401 Thread 0x000001e7fd02ebf0 nmethod 1690 0x000001e7dfc03490 code [0x000001e7dfc03660, 0x000001e7dfc039a8]
Event: 3.401 Thread 0x000001e7fd02ebf0 1691       1       java.awt.image.ColorModel::getTransparency (5 bytes)
Event: 3.401 Thread 0x000001e7fd02ebf0 nmethod 1691 0x000001e7e6eeeb10 code [0x000001e7e6eeeca0, 0x000001e7e6eeed78]
Event: 3.410 Thread 0x000001e7fd02ebf0 1692       1       java.awt.image.Raster::getSampleModel (5 bytes)
Event: 3.410 Thread 0x000001e7fd02ebf0 nmethod 1692 0x000001e7e6eeee10 code [0x000001e7e6eeefa0, 0x000001e7e6eef078]
Event: 3.410 Thread 0x000001e7fd02ebf0 1693       1       java.awt.image.ComponentSampleModel::getScanlineStride (5 bytes)
Event: 3.410 Thread 0x000001e7fd02ebf0 nmethod 1693 0x000001e7e6eef110 code [0x000001e7e6eef2a0, 0x000001e7e6eef378]
Event: 3.410 Thread 0x000001e7fd02ebf0 1694       1       java.awt.image.ComponentSampleModel::getPixelStride (5 bytes)
Event: 3.410 Thread 0x000001e7fd02ebf0 nmethod 1694 0x000001e7e6eef410 code [0x000001e7e6eef5a0, 0x000001e7e6eef678]
Event: 3.411 Thread 0x000001e7fd02ebf0 1695       1       java.awt.image.DataBuffer::getOffset (5 bytes)
Event: 3.411 Thread 0x000001e7fd02ebf0 nmethod 1695 0x000001e7e6eef710 code [0x000001e7e6eef8a0, 0x000001e7e6eef978]
Event: 3.421 Thread 0x000001e7fd02ebf0 1696       1       sun.java2d.SurfaceData::getDisposerReferent (5 bytes)
Event: 3.421 Thread 0x000001e7fd02ebf0 nmethod 1696 0x000001e7e6eefa10 code [0x000001e7e6eefba0, 0x000001e7e6eefc78]
Event: 3.421 Thread 0x000001e7fd02ebf0 1697       1       sun.java2d.SurfaceData::getColorModel (5 bytes)
Event: 3.421 Thread 0x000001e7fd02ebf0 nmethod 1697 0x000001e7e6eefd10 code [0x000001e7e6eefea0, 0x000001e7e6eeff78]
Event: 3.428 Thread 0x000001e7fd02ebf0 1698  s    3       sun.java2d.loops.GraphicsPrimitiveMgr::locatePrim (95 bytes)
Event: 3.429 Thread 0x000001e7fd02ebf0 nmethod 1698 0x000001e7dfc03b10 code [0x000001e7dfc03d20, 0x000001e7dfc04588]

GC Heap History (12 events):
Event: 1.965 GC heap before
{Heap before GC invocations=0 (full 0):
 garbage-first heap   total 524288K, used 90112K [0x0000000601000000, 0x0000000800000000)
  region size 4096K, 6 young (24576K), 0 survivors (0K)
 Metaspace       used 2788K, committed 2944K, reserved 1056768K
  class space    used 180K, committed 256K, reserved 1048576K
}
Event: 1.966 GC heap after
{Heap after GC invocations=1 (full 0):
 garbage-first heap   total 524288K, used 75275K [0x0000000601000000, 0x0000000800000000)
  region size 4096K, 1 young (4096K), 1 survivors (4096K)
 Metaspace       used 2788K, committed 2944K, reserved 1056768K
  class space    used 180K, committed 256K, reserved 1048576K
}
Event: 2.135 GC heap before
{Heap before GC invocations=1 (full 0):
 garbage-first heap   total 524288K, used 95755K [0x0000000601000000, 0x0000000800000000)
  region size 4096K, 6 young (24576K), 1 survivors (4096K)
 Metaspace       used 7011K, committed 7232K, reserved 1064960K
  class space    used 221K, committed 320K, reserved 1048576K
}
Event: 2.137 GC heap after
{Heap after GC invocations=2 (full 0):
 garbage-first heap   total 524288K, used 75695K [0x0000000601000000, 0x0000000800000000)
  region size 4096K, 1 young (4096K), 1 survivors (4096K)
 Metaspace       used 7011K, committed 7232K, reserved 1064960K
  class space    used 221K, committed 320K, reserved 1048576K
}
Event: 2.368 GC heap before
{Heap before GC invocations=2 (full 0):
 garbage-first heap   total 524288K, used 145327K [0x0000000601000000, 0x0000000800000000)
  region size 4096K, 18 young (73728K), 1 survivors (4096K)
 Metaspace       used 7015K, committed 7232K, reserved 1064960K
  class space    used 221K, committed 320K, reserved 1048576K
}
Event: 2.368 GC heap after
{Heap after GC invocations=3 (full 0):
 garbage-first heap   total 524288K, used 75601K [0x0000000601000000, 0x0000000800000000)
  region size 4096K, 1 young (4096K), 1 survivors (4096K)
 Metaspace       used 7015K, committed 7232K, reserved 1064960K
  class space    used 221K, committed 320K, reserved 1048576K
}
Event: 3.264 GC heap before
{Heap before GC invocations=3 (full 0):
 garbage-first heap   total 524288K, used 382801K [0x0000000601000000, 0x0000000800000000)
  region size 4096K, 76 young (311296K), 1 survivors (4096K)
 Metaspace       used 14231K, committed 14464K, reserved 1064960K
  class space    used 1100K, committed 1216K, reserved 1048576K
}
Event: 3.265 GC heap after
{Heap after GC invocations=4 (full 0):
 garbage-first heap   total 524288K, used 83149K [0x0000000601000000, 0x0000000800000000)
  region size 4096K, 2 young (8192K), 2 survivors (8192K)
 Metaspace       used 14231K, committed 14464K, reserved 1064960K
  class space    used 1100K, committed 1216K, reserved 1048576K
}
Event: 3.359 GC heap before
{Heap before GC invocations=4 (full 0):
 garbage-first heap   total 524288K, used 386253K [0x0000000601000000, 0x0000000800000000)
  region size 4096K, 76 young (311296K), 2 survivors (8192K)
 Metaspace       used 14244K, committed 14464K, reserved 1064960K
  class space    used 1100K, committed 1216K, reserved 1048576K
}
Event: 3.360 GC heap after
{Heap after GC invocations=5 (full 0):
 garbage-first heap   total 524288K, used 84454K [0x0000000601000000, 0x0000000800000000)
  region size 4096K, 3 young (12288K), 3 survivors (12288K)
 Metaspace       used 14244K, committed 14464K, reserved 1064960K
  class space    used 1100K, committed 1216K, reserved 1048576K
}
Event: 3.427 GC heap before
{Heap before GC invocations=5 (full 0):
 garbage-first heap   total 524288K, used 383462K [0x0000000601000000, 0x0000000800000000)
  region size 4096K, 76 young (311296K), 3 survivors (12288K)
 Metaspace       used 14247K, committed 14464K, reserved 1064960K
  class space    used 1100K, committed 1216K, reserved 1048576K
}
Event: 3.428 GC heap after
{Heap after GC invocations=6 (full 0):
 garbage-first heap   total 524288K, used 83306K [0x0000000601000000, 0x0000000800000000)
  region size 4096K, 2 young (8192K), 2 survivors (8192K)
 Metaspace       used 14247K, committed 14464K, reserved 1064960K
  class space    used 1100K, committed 1216K, reserved 1048576K
}

Deoptimization events (20 events):
Event: 3.344 Thread 0x000001e7fd8d8ae0 DEOPT PACKING pc=0x000001e7dfbeff5e sp=0x0000008a6a2fee80
Event: 3.344 Thread 0x000001e7fd8d8140 DEOPT PACKING pc=0x000001e7dfbeff5e sp=0x0000008a6a0feb90
Event: 3.344 Thread 0x000001e7fd8d5ac0 DEOPT PACKING pc=0x000001e7dfbeff5e sp=0x0000008a6a1ff110
Event: 3.344 Thread 0x000001e7fd8d8ae0 DEOPT UNPACKING pc=0x000001e7df352b43 sp=0x0000008a6a2fe398 mode 0
Event: 3.344 Thread 0x000001e7fd8d8140 DEOPT UNPACKING pc=0x000001e7df352b43 sp=0x0000008a6a0fe0a8 mode 0
Event: 3.344 Thread 0x000001e7fd8d5ac0 DEOPT UNPACKING pc=0x000001e7df352b43 sp=0x0000008a6a1fe628 mode 0
Event: 3.344 Thread 0x000001e7fd8d8fb0 DEOPT PACKING pc=0x000001e7dfbeff5e sp=0x0000008a6a3fef60
Event: 3.344 Thread 0x000001e7fd8d8fb0 DEOPT UNPACKING pc=0x000001e7df352b43 sp=0x0000008a6a3fe478 mode 0
Event: 3.377 Thread 0x000001e7fd8d8fb0 Uncommon trap: trap_request=0xffffffbe fr.pc=0x000001e7e6eee5c4 relative=0x0000000000001724
Event: 3.377 Thread 0x000001e7fd8d8fb0 Uncommon trap: reason=profile_predicate action=maybe_recompile pc=0x000001e7e6eee5c4 method=org.bytedeco.javacv.Java2DFrameConverter.flipCopyWithGamma(Ljava/nio/ByteBuffer;IILjava/nio/ByteBuffer;IIZDZI)V @ 46 c2
Event: 3.377 Thread 0x000001e7fd8d8fb0 DEOPT PACKING pc=0x000001e7e6eee5c4 sp=0x0000008a6a3fef90
Event: 3.377 Thread 0x000001e7fd8d8fb0 DEOPT UNPACKING pc=0x000001e7df3523a3 sp=0x0000008a6a3fef78 mode 2
Event: 3.410 Thread 0x000001e7fd8d8fb0 Uncommon trap: trap_request=0xffffffbe fr.pc=0x000001e7e6eee5c4 relative=0x0000000000001724
Event: 3.410 Thread 0x000001e7fd8d8fb0 Uncommon trap: reason=profile_predicate action=maybe_recompile pc=0x000001e7e6eee5c4 method=org.bytedeco.javacv.Java2DFrameConverter.flipCopyWithGamma(Ljava/nio/ByteBuffer;IILjava/nio/ByteBuffer;IIZDZI)V @ 46 c2
Event: 3.410 Thread 0x000001e7fd8d8fb0 DEOPT PACKING pc=0x000001e7e6eee5c4 sp=0x0000008a6a3fef90
Event: 3.410 Thread 0x000001e7fd8d5ac0 Uncommon trap: trap_request=0xffffffbe fr.pc=0x000001e7e6eee5c4 relative=0x0000000000001724
Event: 3.410 Thread 0x000001e7fd8d5ac0 Uncommon trap: reason=profile_predicate action=maybe_recompile pc=0x000001e7e6eee5c4 method=org.bytedeco.javacv.Java2DFrameConverter.flipCopyWithGamma(Ljava/nio/ByteBuffer;IILjava/nio/ByteBuffer;IIZDZI)V @ 46 c2
Event: 3.410 Thread 0x000001e7fd8d8fb0 DEOPT UNPACKING pc=0x000001e7df3523a3 sp=0x0000008a6a3fef78 mode 2
Event: 3.410 Thread 0x000001e7fd8d5ac0 DEOPT PACKING pc=0x000001e7e6eee5c4 sp=0x0000008a6a1ff140
Event: 3.410 Thread 0x000001e7fd8d5ac0 DEOPT UNPACKING pc=0x000001e7df3523a3 sp=0x0000008a6a1ff128 mode 2

Classes unloaded (0 events):
No events

Classes redefined (0 events):
No events

Internal exceptions (20 events):
Event: 2.816 Thread 0x000001e7fd8d8140 Exception <a 'java/lang/ClassNotFoundException'{0x000000061e219480}: sun/awt/resources/spi/awtProvider> (0x000000061e219480) 
thrown [t:\workspace\open\src\hotspot\share\classfile\systemDictionary.cpp, line 256]
Event: 2.825 Thread 0x000001e7fd8d8140 Exception <a 'java/io/FileNotFoundException'{0x000000061e268a20}> (0x000000061e268a20) 
thrown [t:\workspace\open\src\hotspot\share\prims\jni.cpp, line 516]
Event: 2.828 Thread 0x000001e7fd8d8140 Exception <a 'java/io/FileNotFoundException'{0x000000061e295a10}> (0x000000061e295a10) 
thrown [t:\workspace\open\src\hotspot\share\prims\jni.cpp, line 516]
Event: 2.967 Thread 0x000001e7fd8d5ac0 Exception <a 'java/lang/NoSuchMethodError'{0x000000061da47090}: 'void java.lang.invoke.DirectMethodHandle$Holder.invokeSpecial(java.lang.Object, java.lang.Object, java.lang.Object)'> (0x000000061da47090) 
thrown [t:\workspace\open\src\hotspot\share\interpreter\linkResolver.cpp, line 766]
Event: 2.971 Thread 0x000001e7fd8d5ac0 Exception <a 'java/lang/NoSuchMethodError'{0x000000061da71190}: 'java.lang.Object java.lang.invoke.DirectMethodHandle$Holder.newInvokeSpecial(java.lang.Object, java.lang.Object, java.lang.Object, java.lang.Object, java.lang.Object)'> (0x000000061da71190) 
thrown [t:\workspace\open\src\hotspot\share\interpreter\linkResolver.cpp, line 766]
Event: 2.972 Thread 0x000001e7fd8d5ac0 Exception <a 'java/lang/NoSuchMethodError'{0x000000061da7cb58}: 'java.lang.Object java.lang.invoke.DirectMethodHandle$Holder.invokeStatic(java.lang.Object, int, java.lang.Object, java.lang.Object, java.lang.Object, java.lang.Object)'> (0x000000061da7cb58) 
thrown [t:\workspace\open\src\hotspot\share\interpreter\linkResolver.cpp, line 766]
Event: 2.974 Thread 0x000001e7fd8d5ac0 Exception <a 'java/lang/NoSuchMethodError'{0x000000061daa22e8}: 'java.lang.Object java.lang.invoke.DirectMethodHandle$Holder.invokeStatic(java.lang.Object, int, java.lang.Object)'> (0x000000061daa22e8) 
thrown [t:\workspace\open\src\hotspot\share\interpreter\linkResolver.cpp, line 766]
Event: 2.987 Thread 0x000001e7fd8d5ac0 Exception <a 'java/lang/ClassNotFoundException'{0x000000061db5e430}: com/sun/swing/internal/plaf/metal/resources/spi/metalProvider> (0x000000061db5e430) 
thrown [t:\workspace\open\src\hotspot\share\classfile\systemDictionary.cpp, line 256]
Event: 2.988 Thread 0x000001e7fd8d5ac0 Exception <a 'java/lang/ClassNotFoundException'{0x000000061db62330}: com/sun/swing/internal/plaf/basic/resources/spi/basicProvider> (0x000000061db62330) 
thrown [t:\workspace\open\src\hotspot\share\classfile\systemDictionary.cpp, line 256]
Event: 2.992 Thread 0x000001e7fd8d8ae0 Implicit null exception at 0x000001e7e6eac30e to 0x000001e7e6eac718
Event: 2.992 Thread 0x000001e7fd8d5ac0 Implicit null exception at 0x000001e7e6eac30e to 0x000001e7e6eac718
Event: 2.992 Thread 0x000001e7fd8d8140 Implicit null exception at 0x000001e7e6eac30e to 0x000001e7e6eac718
Event: 2.992 Thread 0x000001e7fd8d8fb0 Implicit null exception at 0x000001e7e6eac30e to 0x000001e7e6eac718
Event: 2.992 Thread 0x000001e7fd8d5ac0 Implicit null exception at 0x000001e7e6e50a0e to 0x000001e7e6e50e08
Event: 2.992 Thread 0x000001e7fd8d8140 Implicit null exception at 0x000001e7e6e50a0e to 0x000001e7e6e50e08
Event: 2.992 Thread 0x000001e7fd8d8fb0 Implicit null exception at 0x000001e7e6e50a0e to 0x000001e7e6e50e08
Event: 2.992 Thread 0x000001e7fd8d8ae0 Implicit null exception at 0x000001e7e6e50a0e to 0x000001e7e6e50e08
Event: 2.992 Thread 0x000001e7fd8d5ac0 Implicit null exception at 0x000001e7e6e0b18f to 0x000001e7e6e0b209
Event: 2.999 Thread 0x000001e7fd8d77a0 Exception <a 'java/lang/NoSuchMethodError'{0x000000061d0038e0}: 'void java.lang.invoke.DirectMethodHandle$Holder.invokeVirtual(java.lang.Object, java.lang.Object)'> (0x000000061d0038e0) 
thrown [t:\workspace\open\src\hotspot\share\interpreter\linkResolver.cpp, line 766]
Event: 3.007 Thread 0x000001e78866e830 Exception <a 'java/lang/NoSuchMethodError'{0x000000061d6236e8}: 'void java.lang.invoke.DirectMethodHandle$Holder.invokeStaticInit(java.lang.Object)'> (0x000000061d6236e8) 
thrown [t:\workspace\open\src\hotspot\share\interpreter\linkResolver.cpp, line 766]

VM Operations (20 events):
Event: 1.907 Executing VM operation: HandshakeAllThreads
Event: 1.907 Executing VM operation: HandshakeAllThreads done
Event: 1.965 Executing VM operation: G1CollectForAllocation
Event: 1.966 Executing VM operation: G1CollectForAllocation done
Event: 2.028 Executing VM operation: HandshakeAllThreads
Event: 2.028 Executing VM operation: HandshakeAllThreads done
Event: 2.045 Executing VM operation: HandshakeAllThreads
Event: 2.045 Executing VM operation: HandshakeAllThreads done
Event: 2.135 Executing VM operation: G1CollectForAllocation
Event: 2.137 Executing VM operation: G1CollectForAllocation done
Event: 2.368 Executing VM operation: G1CollectForAllocation
Event: 2.368 Executing VM operation: G1CollectForAllocation done
Event: 2.816 Executing VM operation: HandshakeAllThreads
Event: 2.816 Executing VM operation: HandshakeAllThreads done
Event: 3.264 Executing VM operation: G1CollectForAllocation
Event: 3.265 Executing VM operation: G1CollectForAllocation done
Event: 3.359 Executing VM operation: G1CollectForAllocation
Event: 3.360 Executing VM operation: G1CollectForAllocation done
Event: 3.427 Executing VM operation: G1CollectForAllocation
Event: 3.428 Executing VM operation: G1CollectForAllocation done

Events (20 events):
Event: 3.366 Thread 0x000001e788673530 Thread exited: 0x000001e788673530
Event: 3.366 Thread 0x000001e78866e360 Thread exited: 0x000001e78866e360
Event: 3.377 Thread 0x000001e78866ed00 Thread added: 0x000001e78866ed00
Event: 3.377 Thread 0x000001e788671d20 Thread added: 0x000001e788671d20
Event: 3.377 Thread 0x000001e7886721f0 Thread added: 0x000001e7886721f0
Event: 3.377 Thread 0x000001e78866e360 Thread added: 0x000001e78866e360
Event: 3.392 Thread 0x000001e78891a400 Thread exited: 0x000001e78891a400
Event: 3.393 Thread 0x000001e7886721f0 Thread exited: 0x000001e7886721f0
Event: 3.396 Thread 0x000001e788671d20 Thread exited: 0x000001e788671d20
Event: 3.396 Thread 0x000001e78866e360 Thread exited: 0x000001e78866e360
Event: 3.397 Thread 0x000001e78866ed00 Thread exited: 0x000001e78866ed00
Event: 3.401 Thread 0x000001e7888fa4c0 Thread exited: 0x000001e7888fa4c0
Event: 3.410 Thread 0x000001e7886709e0 Thread added: 0x000001e7886709e0
Event: 3.410 Thread 0x000001e7886726c0 Thread added: 0x000001e7886726c0
Event: 3.411 Thread 0x000001e78866de90 Thread added: 0x000001e78866de90
Event: 3.411 Thread 0x000001e788672b90 Thread added: 0x000001e788672b90
Event: 3.428 Thread 0x000001e7886726c0 Thread exited: 0x000001e7886726c0
Event: 3.429 Thread 0x000001e78866de90 Thread exited: 0x000001e78866de90
Event: 3.431 Thread 0x000001e7886709e0 Thread exited: 0x000001e7886709e0
Event: 3.431 Thread 0x000001e788672b90 Thread exited: 0x000001e788672b90


Dynamic libraries:
0x00007ff72b680000 - 0x00007ff72b690000 	C:\Program Files\Java\jdk-17.0.2\bin\java.exe
0x00007ff952a10000 - 0x00007ff952c27000 	C:\WINDOWS\SYSTEM32\ntdll.dll
0x00007ff951e40000 - 0x00007ff951f04000 	C:\WINDOWS\System32\KERNEL32.DLL
0x00007ff9500d0000 - 0x00007ff950476000 	C:\WINDOWS\System32\KERNELBASE.dll
0x00007ff9505d0000 - 0x00007ff9506e1000 	C:\WINDOWS\System32\ucrtbase.dll
0x00007ff933720000 - 0x00007ff93373a000 	C:\Program Files\Java\jdk-17.0.2\bin\VCRUNTIME140.dll
0x00007ff933fa0000 - 0x00007ff933fb8000 	C:\Program Files\Java\jdk-17.0.2\bin\jli.dll
0x00007ff951d80000 - 0x00007ff951e30000 	C:\WINDOWS\System32\ADVAPI32.dll
0x00007ff950960000 - 0x00007ff950a07000 	C:\WINDOWS\System32\msvcrt.dll
0x00007ff951a80000 - 0x00007ff951b26000 	C:\WINDOWS\System32\sechost.dll
0x00007ff950790000 - 0x00007ff9508a7000 	C:\WINDOWS\System32\RPCRT4.dll
0x00007ff9523a0000 - 0x00007ff95254d000 	C:\WINDOWS\System32\USER32.dll
0x00007ff950480000 - 0x00007ff9504a6000 	C:\WINDOWS\System32\win32u.dll
0x00007ff940d30000 - 0x00007ff940fc3000 	C:\WINDOWS\WinSxS\amd64_microsoft.windows.common-controls_6595b64144ccf1df_6.0.22621.2361_none_2712ced57382f843\COMCTL32.dll
0x00007ff950930000 - 0x00007ff950959000 	C:\WINDOWS\System32\GDI32.dll
0x00007ff9504b0000 - 0x00007ff9505c8000 	C:\WINDOWS\System32\gdi32full.dll
0x00007ff94fe50000 - 0x00007ff94feea000 	C:\WINDOWS\System32\msvcp_win.dll
0x00007ff945e80000 - 0x00007ff945e8a000 	C:\WINDOWS\SYSTEM32\VERSION.dll
0x00007ff9528a0000 - 0x00007ff9528d1000 	C:\WINDOWS\System32\IMM32.DLL
0x00007ff935d70000 - 0x00007ff935d7c000 	C:\Program Files\Java\jdk-17.0.2\bin\vcruntime140_1.dll
0x00007ff916000000 - 0x00007ff91608d000 	C:\Program Files\Java\jdk-17.0.2\bin\msvcp140.dll
0x00007ff8930c0000 - 0x00007ff893c81000 	C:\Program Files\Java\jdk-17.0.2\bin\server\jvm.dll
0x00007ff9508b0000 - 0x00007ff9508b8000 	C:\WINDOWS\System32\PSAPI.DLL
0x00007ff93f740000 - 0x00007ff93f749000 	C:\WINDOWS\SYSTEM32\WSOCK32.dll
0x00007ff949080000 - 0x00007ff9490b4000 	C:\WINDOWS\SYSTEM32\WINMM.dll
0x00007ff951580000 - 0x00007ff9515f1000 	C:\WINDOWS\System32\WS2_32.dll
0x00007ff94ee60000 - 0x00007ff94ee78000 	C:\WINDOWS\SYSTEM32\kernel.appcore.dll
0x00007ff933f90000 - 0x00007ff933f9a000 	C:\Program Files\Java\jdk-17.0.2\bin\jimage.dll
0x00007ff942040000 - 0x00007ff94226e000 	C:\WINDOWS\SYSTEM32\DBGHELP.DLL
0x00007ff951f10000 - 0x00007ff95229a000 	C:\WINDOWS\System32\combase.dll
0x00007ff9514a0000 - 0x00007ff951577000 	C:\WINDOWS\System32\OLEAUT32.dll
0x00007ff9445a0000 - 0x00007ff9445d2000 	C:\WINDOWS\SYSTEM32\dbgcore.DLL
0x00007ff9506f0000 - 0x00007ff95076a000 	C:\WINDOWS\System32\bcryptPrimitives.dll
0x00007ff94cd60000 - 0x00007ff94cd6e000 	C:\Program Files\Java\jdk-17.0.2\bin\instrument.dll
0x00007ff9239d0000 - 0x00007ff9239f5000 	C:\Program Files\Java\jdk-17.0.2\bin\java.dll
0x00007fffe0680000 - 0x00007fffe0756000 	C:\Program Files\Java\jdk-17.0.2\bin\jsvml.dll
0x00007ff950c10000 - 0x00007ff951468000 	C:\WINDOWS\System32\SHELL32.dll
0x00007ff94dd00000 - 0x00007ff94e5f2000 	C:\WINDOWS\SYSTEM32\windows.storage.dll
0x00007ff94dbc0000 - 0x00007ff94dcfe000 	C:\WINDOWS\SYSTEM32\wintypes.dll
0x00007ff951c80000 - 0x00007ff951d73000 	C:\WINDOWS\System32\SHCORE.dll
0x00007ff952970000 - 0x00007ff9529ce000 	C:\WINDOWS\System32\shlwapi.dll
0x00007ff94fcc0000 - 0x00007ff94fce6000 	C:\WINDOWS\SYSTEM32\profapi.dll
0x00007ff933610000 - 0x00007ff933628000 	C:\Program Files\Java\jdk-17.0.2\bin\zip.dll
0x00007ff932ca0000 - 0x00007ff932cb9000 	C:\Program Files\Java\jdk-17.0.2\bin\net.dll
0x00007ff94ab20000 - 0x00007ff94ac57000 	C:\WINDOWS\SYSTEM32\WINHTTP.dll
0x00007ff94f340000 - 0x00007ff94f3a9000 	C:\WINDOWS\system32\mswsock.dll
0x00007ff91be30000 - 0x00007ff91be46000 	C:\Program Files\Java\jdk-17.0.2\bin\nio.dll
0x00007ff941550000 - 0x00007ff94156a000 	C:\Program Files\JetBrains\IntelliJ IDEA 2023.2.4\bin\breakgen64.dll
0x000001e7d5ac0000 - 0x000001e7d5ac4000 	C:\Users\Zjaun\.javacpp\cache\javacpp-1.5.9-windows-x86_64.jar\org\bytedeco\javacpp\windows-x86_64\api-ms-win-crt-locale-l1-1-0.dll
0x000001e7d7a40000 - 0x000001e7d7a45000 	C:\Users\Zjaun\.javacpp\cache\javacpp-1.5.9-windows-x86_64.jar\org\bytedeco\javacpp\windows-x86_64\api-ms-win-crt-string-l1-1-0.dll
0x000001e7d7a50000 - 0x000001e7d7a55000 	C:\Users\Zjaun\.javacpp\cache\javacpp-1.5.9-windows-x86_64.jar\org\bytedeco\javacpp\windows-x86_64\api-ms-win-crt-stdio-l1-1-0.dll
0x000001e7d7a60000 - 0x000001e7d7a66000 	C:\Users\Zjaun\.javacpp\cache\javacpp-1.5.9-windows-x86_64.jar\org\bytedeco\javacpp\windows-x86_64\api-ms-win-crt-math-l1-1-0.dll
0x000001e7d7a70000 - 0x000001e7d7a74000 	C:\Users\Zjaun\.javacpp\cache\javacpp-1.5.9-windows-x86_64.jar\org\bytedeco\javacpp\windows-x86_64\api-ms-win-crt-heap-l1-1-0.dll
0x000001e7fc6b0000 - 0x000001e7fc6b5000 	C:\Users\Zjaun\.javacpp\cache\javacpp-1.5.9-windows-x86_64.jar\org\bytedeco\javacpp\windows-x86_64\api-ms-win-crt-runtime-l1-1-0.dll
0x000001e7fc6c0000 - 0x000001e7fc6c5000 	C:\Users\Zjaun\.javacpp\cache\javacpp-1.5.9-windows-x86_64.jar\org\bytedeco\javacpp\windows-x86_64\api-ms-win-crt-convert-l1-1-0.dll
0x000001e7fc6d0000 - 0x000001e7fc6d4000 	C:\Users\Zjaun\.javacpp\cache\javacpp-1.5.9-windows-x86_64.jar\org\bytedeco\javacpp\windows-x86_64\api-ms-win-crt-environment-l1-1-0.dll
0x000001e7fc6e0000 - 0x000001e7fc6e4000 	C:\Users\Zjaun\.javacpp\cache\javacpp-1.5.9-windows-x86_64.jar\org\bytedeco\javacpp\windows-x86_64\api-ms-win-crt-time-l1-1-0.dll
0x000001e7fc6f0000 - 0x000001e7fc6f4000 	C:\Users\Zjaun\.javacpp\cache\javacpp-1.5.9-windows-x86_64.jar\org\bytedeco\javacpp\windows-x86_64\api-ms-win-crt-filesystem-l1-1-0.dll
0x000001e7fc700000 - 0x000001e7fc704000 	C:\Users\Zjaun\.javacpp\cache\javacpp-1.5.9-windows-x86_64.jar\org\bytedeco\javacpp\windows-x86_64\api-ms-win-crt-utility-l1-1-0.dll
0x000001e7fc710000 - 0x000001e7fc716000 	C:\Users\Zjaun\.javacpp\cache\javacpp-1.5.9-windows-x86_64.jar\org\bytedeco\javacpp\windows-x86_64\api-ms-win-crt-multibyte-l1-1-0.dll
0x000001e7fc720000 - 0x000001e7fc724000 	C:\Users\Zjaun\.javacpp\cache\javacpp-1.5.9-windows-x86_64.jar\org\bytedeco\javacpp\windows-x86_64\api-ms-win-crt-conio-l1-1-0.dll
0x000001e7fc730000 - 0x000001e7fc741000 	C:\Users\Zjaun\.javacpp\cache\javacpp-1.5.9-windows-x86_64.jar\org\bytedeco\javacpp\windows-x86_64\api-ms-win-crt-private-l1-1-0.dll
0x000001e7fc750000 - 0x000001e7fc754000 	C:\Users\Zjaun\.javacpp\cache\javacpp-1.5.9-windows-x86_64.jar\org\bytedeco\javacpp\windows-x86_64\api-ms-win-crt-process-l1-1-0.dll
0x000001e7fc760000 - 0x000001e7fc764000 	C:\Users\Zjaun\.javacpp\cache\javacpp-1.5.9-windows-x86_64.jar\org\bytedeco\javacpp\windows-x86_64\api-ms-win-core-console-l1-2-0.dll
0x000001e7fc770000 - 0x000001e7fc774000 	C:\Users\Zjaun\.javacpp\cache\javacpp-1.5.9-windows-x86_64.jar\org\bytedeco\javacpp\windows-x86_64\api-ms-win-core-string-l1-1-0.dll
0x000001e7fc780000 - 0x000001e7fc784000 	C:\Users\Zjaun\.javacpp\cache\javacpp-1.5.9-windows-x86_64.jar\org\bytedeco\javacpp\windows-x86_64\api-ms-win-core-errorhandling-l1-1-0.dll
0x000001e7fc790000 - 0x000001e7fc794000 	C:\Users\Zjaun\.javacpp\cache\javacpp-1.5.9-windows-x86_64.jar\org\bytedeco\javacpp\windows-x86_64\api-ms-win-core-timezone-l1-1-0.dll
0x000001e7fc7a0000 - 0x000001e7fc7a5000 	C:\Users\Zjaun\.javacpp\cache\javacpp-1.5.9-windows-x86_64.jar\org\bytedeco\javacpp\windows-x86_64\api-ms-win-core-file-l1-1-0.dll
0x000001e7fc7b0000 - 0x000001e7fc7b4000 	C:\Users\Zjaun\.javacpp\cache\javacpp-1.5.9-windows-x86_64.jar\org\bytedeco\javacpp\windows-x86_64\api-ms-win-core-namedpipe-l1-1-0.dll
0x000001e7fc7c0000 - 0x000001e7fc7c4000 	C:\Users\Zjaun\.javacpp\cache\javacpp-1.5.9-windows-x86_64.jar\org\bytedeco\javacpp\windows-x86_64\api-ms-win-core-handle-l1-1-0.dll
0x000001e7fc7d0000 - 0x000001e7fc7d4000 	C:\Users\Zjaun\.javacpp\cache\javacpp-1.5.9-windows-x86_64.jar\org\bytedeco\javacpp\windows-x86_64\api-ms-win-core-file-l2-1-0.dll
0x000001e7fc7e0000 - 0x000001e7fc7e4000 	C:\Users\Zjaun\.javacpp\cache\javacpp-1.5.9-windows-x86_64.jar\org\bytedeco\javacpp\windows-x86_64\api-ms-win-core-heap-l1-1-0.dll
0x000001e7fc7f0000 - 0x000001e7fc7f4000 	C:\Users\Zjaun\.javacpp\cache\javacpp-1.5.9-windows-x86_64.jar\org\bytedeco\javacpp\windows-x86_64\api-ms-win-core-libraryloader-l1-1-0.dll
0x000001e7febd0000 - 0x000001e7febd4000 	C:\Users\Zjaun\.javacpp\cache\javacpp-1.5.9-windows-x86_64.jar\org\bytedeco\javacpp\windows-x86_64\api-ms-win-core-synch-l1-1-0.dll
0x000001e7febe0000 - 0x000001e7febe4000 	C:\Users\Zjaun\.javacpp\cache\javacpp-1.5.9-windows-x86_64.jar\org\bytedeco\javacpp\windows-x86_64\api-ms-win-core-processthreads-l1-1-0.dll
0x000001e7febf0000 - 0x000001e7febf4000 	C:\Users\Zjaun\.javacpp\cache\javacpp-1.5.9-windows-x86_64.jar\org\bytedeco\javacpp\windows-x86_64\api-ms-win-core-processenvironment-l1-1-0.dll
0x000001e7fec00000 - 0x000001e7fec04000 	C:\Users\Zjaun\.javacpp\cache\javacpp-1.5.9-windows-x86_64.jar\org\bytedeco\javacpp\windows-x86_64\api-ms-win-core-datetime-l1-1-0.dll
0x000001e7ffbe0000 - 0x000001e7ffbe4000 	C:\Users\Zjaun\.javacpp\cache\javacpp-1.5.9-windows-x86_64.jar\org\bytedeco\javacpp\windows-x86_64\api-ms-win-core-localization-l1-2-0.dll
0x000001e7ffbf0000 - 0x000001e7ffbf4000 	C:\Users\Zjaun\.javacpp\cache\javacpp-1.5.9-windows-x86_64.jar\org\bytedeco\javacpp\windows-x86_64\api-ms-win-core-sysinfo-l1-1-0.dll
0x000001e7ffc00000 - 0x000001e7ffc04000 	C:\Users\Zjaun\.javacpp\cache\javacpp-1.5.9-windows-x86_64.jar\org\bytedeco\javacpp\windows-x86_64\api-ms-win-core-synch-l1-2-0.dll
0x000001e7ffc10000 - 0x000001e7ffc14000 	C:\Users\Zjaun\.javacpp\cache\javacpp-1.5.9-windows-x86_64.jar\org\bytedeco\javacpp\windows-x86_64\api-ms-win-core-console-l1-1-0.dll
0x000001e7ffc20000 - 0x000001e7ffc24000 	C:\Users\Zjaun\.javacpp\cache\javacpp-1.5.9-windows-x86_64.jar\org\bytedeco\javacpp\windows-x86_64\api-ms-win-core-debug-l1-1-0.dll
0x000001e7ffc30000 - 0x000001e7ffc34000 	C:\Users\Zjaun\.javacpp\cache\javacpp-1.5.9-windows-x86_64.jar\org\bytedeco\javacpp\windows-x86_64\api-ms-win-core-rtlsupport-l1-1-0.dll
0x000001e7ffc40000 - 0x000001e7ffc44000 	C:\Users\Zjaun\.javacpp\cache\javacpp-1.5.9-windows-x86_64.jar\org\bytedeco\javacpp\windows-x86_64\api-ms-win-core-processthreads-l1-1-1.dll
0x000001e7ffc50000 - 0x000001e7ffc54000 	C:\Users\Zjaun\.javacpp\cache\javacpp-1.5.9-windows-x86_64.jar\org\bytedeco\javacpp\windows-x86_64\api-ms-win-core-file-l1-2-0.dll
0x000001e7ffc60000 - 0x000001e7ffc64000 	C:\Users\Zjaun\.javacpp\cache\javacpp-1.5.9-windows-x86_64.jar\org\bytedeco\javacpp\windows-x86_64\api-ms-win-core-profile-l1-1-0.dll
0x000001e7ffc70000 - 0x000001e7ffc74000 	C:\Users\Zjaun\.javacpp\cache\javacpp-1.5.9-windows-x86_64.jar\org\bytedeco\javacpp\windows-x86_64\api-ms-win-core-memory-l1-1-0.dll
0x000001e7ffc80000 - 0x000001e7ffc84000 	C:\Users\Zjaun\.javacpp\cache\javacpp-1.5.9-windows-x86_64.jar\org\bytedeco\javacpp\windows-x86_64\api-ms-win-core-util-l1-1-0.dll
0x000001e7ffc90000 - 0x000001e7ffc94000 	C:\Users\Zjaun\.javacpp\cache\javacpp-1.5.9-windows-x86_64.jar\org\bytedeco\javacpp\windows-x86_64\api-ms-win-core-interlocked-l1-1-0.dll
0x00007ff941430000 - 0x00007ff941541000 	C:\Users\Zjaun\.javacpp\cache\javacpp-1.5.9-windows-x86_64.jar\org\bytedeco\javacpp\windows-x86_64\ucrtbase.dll
0x00007ff941410000 - 0x00007ff94142b000 	C:\Users\Zjaun\.javacpp\cache\javacpp-1.5.9-windows-x86_64.jar\org\bytedeco\javacpp\windows-x86_64\vcruntime140.dll
0x00007ff9417a0000 - 0x00007ff9417ac000 	C:\Users\Zjaun\.javacpp\cache\javacpp-1.5.9-windows-x86_64.jar\org\bytedeco\javacpp\windows-x86_64\vcruntime140_1.dll
0x00007ff941380000 - 0x00007ff94140d000 	C:\Users\Zjaun\.javacpp\cache\javacpp-1.5.9-windows-x86_64.jar\org\bytedeco\javacpp\windows-x86_64\msvcp140.dll
0x00007ff941370000 - 0x00007ff941379000 	C:\Users\Zjaun\.javacpp\cache\javacpp-1.5.9-windows-x86_64.jar\org\bytedeco\javacpp\windows-x86_64\msvcp140_1.dll
0x00007ff941320000 - 0x00007ff94136e000 	C:\Users\Zjaun\.javacpp\cache\javacpp-1.5.9-windows-x86_64.jar\org\bytedeco\javacpp\windows-x86_64\concrt140.dll
0x00007ff9412e0000 - 0x00007ff941311000 	C:\Users\Zjaun\.javacpp\cache\javacpp-1.5.9-windows-x86_64.jar\org\bytedeco\javacpp\windows-x86_64\vcomp140.dll
0x00007ff9412d0000 - 0x00007ff9412df000 	C:\Users\Zjaun\.javacpp\cache\javacpp-1.5.9-windows-x86_64.jar\org\bytedeco\javacpp\windows-x86_64\jnijavacpp.dll
0x00007ff843d40000 - 0x00007ff845a80000 	C:\Users\Zjaun\.javacpp\cache\openblas-0.3.23-1.5.9-windows-x86_64.jar\org\bytedeco\openblas\windows-x86_64\libopenblas_nolapack.dll
0x00007ff94f5b0000 - 0x00007ff94f5bc000 	C:\WINDOWS\SYSTEM32\CRYPTBASE.DLL
0x00007ff92db50000 - 0x00007ff92dbaf000 	C:\Users\Zjaun\.javacpp\cache\openblas-0.3.23-1.5.9-windows-x86_64.jar\org\bytedeco\openblas\windows-x86_64\jniopenblas_nolapack.dll
0x00007ff83ee80000 - 0x00007ff840bc0000 	C:\Users\Zjaun\.javacpp\cache\openblas-0.3.23-1.5.9-windows-x86_64.jar\org\bytedeco\openblas\windows-x86_64\libopenblas.dll
0x00007ff842950000 - 0x00007ff843d33000 	C:\Users\Zjaun\.javacpp\cache\openblas-0.3.23-1.5.9-windows-x86_64.jar\org\bytedeco\openblas\windows-x86_64\jniopenblas.dll
0x00007ff874410000 - 0x00007ff8748c7000 	C:\Users\Zjaun\.javacpp\cache\opencv-4.7.0-1.5.9-windows-x86_64.jar\org\bytedeco\opencv\windows-x86_64\opencv_core470.dll
0x00007ff873ab0000 - 0x00007ff87422d000 	C:\Users\Zjaun\.javacpp\cache\opencv-4.7.0-1.5.9-windows-x86_64.jar\org\bytedeco\opencv\windows-x86_64\opencv_imgproc470.dll
0x00007ff8735f0000 - 0x00007ff873886000 	C:\Users\Zjaun\.javacpp\cache\opencv-4.7.0-1.5.9-windows-x86_64.jar\org\bytedeco\opencv\windows-x86_64\jniopencv_core.dll
0x00007ff950a10000 - 0x00007ff950baf000 	C:\WINDOWS\System32\ole32.dll
0x00007ff92db00000 - 0x00007ff92db4f000 	C:\Users\Zjaun\.javacpp\cache\videoinput-0.200-1.5.9-windows-x86_64.jar\org\bytedeco\videoinput\windows-x86_64\jnivideoInputLib.dll
0x00007ff94d1f0000 - 0x00007ff94d29b000 	C:\WINDOWS\system32\uxtheme.dll
0x00007ff9527f0000 - 0x00007ff9528a0000 	C:\WINDOWS\System32\clbcatq.dll
0x00007ff894490000 - 0x00007ff8944b1000 	C:\Windows\System32\devenum.dll
0x00007ff94fa80000 - 0x00007ff94face000 	C:\Windows\System32\CFGMGR32.dll
0x00007ff951600000 - 0x00007ff951a74000 	C:\WINDOWS\System32\setupapi.dll
0x00007ff94eee0000 - 0x00007ff94ef14000 	C:\WINDOWS\SYSTEM32\ntmarta.dll
0x00007ff94fa50000 - 0x00007ff94fa7c000 	C:\WINDOWS\SYSTEM32\DEVOBJ.dll
0x00007ff94fef0000 - 0x00007ff94ff5c000 	C:\WINDOWS\System32\WINTRUST.dll
0x00007ff94ff60000 - 0x00007ff9500c6000 	C:\WINDOWS\System32\CRYPT32.dll
0x00007ff94f5f0000 - 0x00007ff94f602000 	C:\WINDOWS\SYSTEM32\MSASN1.dll
0x00007ff93f830000 - 0x00007ff93f83b000 	C:\WINDOWS\SYSTEM32\msdmo.dll
0x00007ff894410000 - 0x00007ff894449000 	C:\Windows\System32\qcap.dll
0x00007ff9490c0000 - 0x00007ff9492a7000 	C:\Windows\System32\quartz.dll
0x00007ff94f750000 - 0x00007ff94f778000 	C:\Windows\System32\bcrypt.dll
0x00007ff951b30000 - 0x00007ff951c7c000 	C:\WINDOWS\System32\MSCTF.dll
0x00007ff941290000 - 0x00007ff9412cb000 	C:\Windows\System32\mfksproxy.dll
0x00007ff94cf10000 - 0x00007ff94cf2e000 	C:\Windows\System32\ATL.DLL
0x00007ff94a0d0000 - 0x00007ff94a29e000 	C:\Windows\System32\MFPlat.DLL
0x00007ff949fa0000 - 0x00007ff949fd3000 	C:\Windows\System32\RTWorkQ.DLL
0x00007ff916240000 - 0x00007ff916286000 	C:\Windows\System32\FrameServerMonitorClient.dll
0x00007ff94a990000 - 0x00007ff94aa0f000 	C:\Windows\System32\MFSENSORGROUP.dll

dbghelp: loaded successfully - version: 4.0.5 - missing functions: none
symbol engine: initialized successfully - sym options: 0x614 - pdb path: .;C:\Program Files\Java\jdk-17.0.2\bin;C:\WINDOWS\SYSTEM32;C:\WINDOWS\WinSxS\amd64_microsoft.windows.common-controls_6595b64144ccf1df_6.0.22621.2361_none_2712ced57382f843;C:\Program Files\Java\jdk-17.0.2\bin\server;C:\Program Files\JetBrains\IntelliJ IDEA 2023.2.4\bin;C:\Users\Zjaun\.javacpp\cache\javacpp-1.5.9-windows-x86_64.jar\org\bytedeco\javacpp\windows-x86_64;C:\Users\Zjaun\.javacpp\cache\openblas-0.3.23-1.5.9-windows-x86_64.jar\org\bytedeco\openblas\windows-x86_64;C:\Users\Zjaun\.javacpp\cache\opencv-4.7.0-1.5.9-windows-x86_64.jar\org\bytedeco\opencv\windows-x86_64;C:\Users\Zjaun\.javacpp\cache\videoinput-0.200-1.5.9-windows-x86_64.jar\org\bytedeco\videoinput\windows-x86_64;C:\WINDOWS\WinSxS\amd64_microsoft.windows.gdiplus_6595b64144ccf1df_1.1.22621.1778_none_57fe2016ce1542ec;C:\WINDOWS\System32\DriverStore\FileRepository\nv_dispig.inf_amd64_8c8de08a85de4474

VM Arguments:
jvm_args: -javaagent:C:\Program Files\JetBrains\IntelliJ IDEA 2023.2.4\lib\idea_rt.jar=55301:C:\Program Files\JetBrains\IntelliJ IDEA 2023.2.4\bin -Dfile.encoding=UTF-8 
java_command: ColorQuantizer
java_class_path (initial): C:\Users\Zjaun\Pictures\Stream Files\Semi-Hardcore Minecraft Server\Parallel Image Dithering Algorithms\target\classes;C:\Users\Zjaun\.m2\repository\org\bytedeco\javacv-platform\1.5.9\javacv-platform-1.5.9.jar;C:\Users\Zjaun\.m2\repository\org\bytedeco\javacv\1.5.9\javacv-1.5.9.jar;C:\Users\Zjaun\.m2\repository\org\bytedeco\javacpp\1.5.9\javacpp-1.5.9.jar;C:\Users\Zjaun\.m2\repository\org\bytedeco\openblas\0.3.23-1.5.9\openblas-0.3.23-1.5.9.jar;C:\Users\Zjaun\.m2\repository\org\bytedeco\opencv\4.7.0-1.5.9\opencv-4.7.0-1.5.9.jar;C:\Users\Zjaun\.m2\repository\org\bytedeco\ffmpeg\6.0-1.5.9\ffmpeg-6.0-1.5.9.jar;C:\Users\Zjaun\.m2\repository\org\bytedeco\flycapture\2.13.3.31-1.5.9\flycapture-2.13.3.31-1.5.9.jar;C:\Users\Zjaun\.m2\repository\org\bytedeco\libdc1394\2.2.6-1.5.9\libdc1394-2.2.6-1.5.9.jar;C:\Users\Zjaun\.m2\repository\org\bytedeco\libfreenect\0.5.7-1.5.9\libfreenect-0.5.7-1.5.9.jar;C:\Users\Zjaun\.m2\repository\org\bytedeco\libfreenect2\0.2.0-1.5.9\libfreenect2-0.2.0-1.5.9.jar;C:\Users\Zjaun\.m2\repository\org\bytedeco\librealsense\1.12.4-1.5.9\librealsense-1.12.4-1.5.9.jar;C:\Users\Zjaun\.m2\repository\org\bytedeco\librealsense2\2.53.1-1.5.9\librealsense2-2.53.1-1.5.9.jar;C:\Users\Zjaun\.m2\repository\org\bytedeco\videoinput\0.200-1.5.9\videoinput-0.200-1.5.9.jar;C:\Users\Zjaun\.m2\repository\org\bytedeco\artoolkitplus\2.3.1-1.5.9\artoolkitplus-2.3.1-1.5.9.jar;C:\Users\Zjaun\.m2\repository\org\bytedeco\leptonica\1.83.0-1.5.9\leptonica-1.83.0-1.5.9.jar;C:\Users\Zjaun\.m2\repository\org\bytedeco\tesseract\5.3.1-1.5.9\tesseract-5.3.1-1.5.9.jar;C:\Users\Zjaun\.m2\repository\org\openjfx\javafx-graphics\17\javafx-graphics-17.jar;C:\Users\Zjaun\.m2\repository\org\openjfx\javafx-graphics\17\javafx-graphics-17-win.jar;C:\Users\Zjaun\.m2\repository\org\openjfx\javafx-base\17\javafx-base-17.jar;C:\Users\Zjaun\.m2\repository\org\openjfx\javafx-base\17\javafx-base-17-win.jar;C:\Users\Zjaun\.m2\repository\org\bytedeco\openblas-platform\0.3.23-
Launcher Type: SUN_STANDARD

[Global flags]
     intx CICompilerCount                          = 4                                         {product} {ergonomic}
     uint ConcGCThreads                            = 3                                         {product} {ergonomic}
     uint G1ConcRefinementThreads                  = 10                                        {product} {ergonomic}
   size_t G1HeapRegionSize                         = 4194304                                   {product} {ergonomic}
    uintx GCDrainStackTargetSize                   = 64                                        {product} {ergonomic}
   size_t InitialHeapSize                          = 536870912                                 {product} {ergonomic}
   size_t MarkStackSize                            = 4194304                                   {product} {ergonomic}
   size_t MaxHeapSize                              = 8573157376                                {product} {ergonomic}
   size_t MaxNewSize                               = 5142216704                                {product} {ergonomic}
   size_t MinHeapDeltaBytes                        = 4194304                                   {product} {ergonomic}
   size_t MinHeapSize                              = 8388608                                   {product} {ergonomic}
    uintx NonNMethodCodeHeapSize                   = 5839372                                {pd product} {ergonomic}
    uintx NonProfiledCodeHeapSize                  = 122909434                              {pd product} {ergonomic}
    uintx ProfiledCodeHeapSize                     = 122909434                              {pd product} {ergonomic}
    uintx ReservedCodeCacheSize                    = 251658240                              {pd product} {ergonomic}
     bool SegmentedCodeCache                       = true                                      {product} {ergonomic}
   size_t SoftMaxHeapSize                          = 8573157376                             {manageable} {ergonomic}
     bool UseCompressedClassPointers               = true                           {product lp64_product} {ergonomic}
     bool UseCompressedOops                        = true                           {product lp64_product} {ergonomic}
     bool UseG1GC                                  = true                                      {product} {ergonomic}
     bool UseLargePagesIndividualAllocation        = false                                  {pd product} {ergonomic}

Logging:
Log output configuration:
 #0: stdout all=warning uptime,level,tags
 #1: stderr all=off uptime,level,tags

Environment Variables:
JAVA_HOME=C:\Program Files\Java\jdk-17.0.2
PATH=c:\program files (x86)\vmware\vmware player\bin\;c:\program files\oculus\support\oculus-runtime;c:\program files (x86)\common files\intel\shared libraries\redist\intel64\compiler;c:\program files\common files\oracle\java\javapath;C:\Program Files (x86)\Common Files\Oracle\Java\javapath;c:\windows\system32;c:\windows;c:\windows\system32\wbem;c:\windows\system32\windowspowershell\v1.0\;c:\windows\system32\openssh\;c:\program files (x86)\winscp\;c:\program files\dotnet\;c:\program files\nodejs\;c:\program files\git\cmd;c:\program files\powershell\7\;c:\windows\system32;c:\windows;c:\windows\system32\wbem;c:\windows\system32\windowspowershell\v1.0\;c:\windows\system32\openssh\;c:\scrcpy-win64-v1.25;C:\Program Files (x86)\NVIDIA Corporation\PhysX\Common;C:\Program Files\Apache\apache-maven-3.9.1\bin;;C:\Program Files\Docker\Docker\resources\bin;C:\Program Files\Tailscale\;C:\Program Files\Java\jdk-17.0.2\bin;C:\Users\Zjaun\AppData\Local\Programs\Microsoft VS Code\bin;C:\Program Files\JetBrains\IntelliJ IDEA 2023.2.4\bin;;C:\Program Files\JetBrains\CLion 2023.2.2\bin;;C:\Program Files\JetBrains\PyCharm 2023.2.3\bin;
USERNAME=Zjaun
OS=Windows_NT
PROCESSOR_IDENTIFIER=AMD64 Family 25 Model 33 Stepping 0, AuthenticAMD



---------------  S Y S T E M  ---------------

OS:
 Windows 11 , 64 bit Build 22621 (10.0.22621.2428)
OS uptime: 0 days 1:02 hours

CPU: total 12 (initial active 12) (12 cores per cpu, 2 threads per core) family 25 model 33 stepping 0 microcode 0x0, cx8, cmov, fxsr, ht, mmx, 3dnowpref, sse, sse2, sse3, ssse3, sse4a, sse4.1, sse4.2, popcnt, lzcnt, tsc, tscinvbit, avx, avx2, aes, erms, clmul, bmi1, bmi2, adx, sha, fma, vzeroupper, clflush, clflushopt

Memory: 4k page, system-wide physical 32691M (19715M free)
TotalPageFile size 34739M (AvailPageFile size 12828M)
current process WorkingSet (physical memory assigned to process): 518M, peak: 522M
current process commit charge ("private bytes"): 3542M, peak: 3548M

vm_info: Java HotSpot(TM) 64-Bit Server VM (17.0.2+8-LTS-86) for windows-amd64 JRE (17.0.2+8-LTS-86), built on Dec  7 2021 21:51:03 by "mach5one" with MS VC++ 16.8 / 16.9 (VS2019)

END.
