#
# A fatal error has been detected by the Java Runtime Environment:
#
#  EXCEPTION_ACCESS_VIOLATION (0xc0000005) at pc=0x00007ff8c139cede, pid=9008, tid=10308
#
# JRE version: Java(TM) SE Runtime Environment (17.0.2+8) (build 17.0.2+8-LTS-86)
# Java VM: Java HotSpot(TM) 64-Bit Server VM (17.0.2+8-LTS-86, mixed mode, sharing, tiered, compressed oops, compressed class ptrs, g1 gc, windows-amd64)
# Problematic frame:
# C  [jnivideoInputLib.dll+0x1cede]
#
# No core dump will be written. Minidumps are not enabled by default on client versions of Windows
#
# If you would like to submit a bug report, please visit:
#   https://bugreport.java.com/bugreport/crash.jsp
# The crash happened outside the Java Virtual Machine in native code.
# See problematic frame for where to report the bug.
#

---------------  S U M M A R Y ------------

Command Line: -javaagent:C:\Program Files\JetBrains\IntelliJ IDEA 2023.2.4\lib\idea_rt.jar=53713:C:\Program Files\JetBrains\IntelliJ IDEA 2023.2.4\bin -Dfile.encoding=UTF-8 ColorQuantizer

Host: AMD Ryzen 5 5600X 6-Core Processor             , 12 cores, 31G,  Windows 11 , 64 bit Build 22621 (10.0.22621.2428)
Time: Sun Nov  5 22:06:17 2023 Malay Peninsula Standard Time elapsed time: 3.404483 seconds (0d 0h 0m 3s)

---------------  T H R E A D  ---------------

Current thread (0x00000186ba6a80a0):  JavaThread "Thread-12" [_thread_in_native, id=10308, stack(0x0000000fa8a00000,0x0000000fa8b00000)]

Stack: [0x0000000fa8a00000,0x0000000fa8b00000],  sp=0x0000000fa8aff0f8,  free space=1020k
Native frames: (J=compiled Java code, j=interpreted, Vv=VM code, C=native code)
C  [jnivideoInputLib.dll+0x1cede]

Java frames: (J=compiled Java code, j=interpreted, Vv=VM code)
j  org.bytedeco.videoinput.videoInput.getPixels(ILorg/bytedeco/javacpp/BytePointer;ZZ)Z+0
j  CustomVideoInputFrameGrabber.grab()Lorg/bytedeco/javacv/Frame;+108
j  Demo.run()V+142
j  java.lang.Thread.run()V+11 java.base@17.0.2
v  ~StubRoutines::call_stub

siginfo: EXCEPTION_ACCESS_VIOLATION (0xc0000005), writing address 0x000001870d60b000


Register to memory mapping:

RIP=0x00007ff8c139cede jnivideoInputLib.dll
RAX=0x000001870d60a900 points into unknown readable memory: 0x68815b6a7e5b6a7e | 7e 6a 5b 7e 6a 5b 81 68
RBX=0x000001870d60a900 points into unknown readable memory: 0x68815b6a7e5b6a7e | 7e 6a 5b 7e 6a 5b 81 68
RCX=0x000001870d60af20 points into unknown readable memory: 0x422f36412f333f2c | 2c 3f 33 2f 41 36 2f 42
RDX=0x000001870cd42bc0 points into unknown readable memory: 0x422f36412f333f2c | 2c 3f 33 2f 41 36 2f 42
RSP=0x0000000fa8aff0f8 is pointing into the stack for thread: 0x00000186ba6a80a0
RBP=0x00000000000001e0 is an unknown value
RSI=0x0000000000000780 is an unknown value
RDI=0x000001870cd425a0 points into unknown readable memory: 0x667a60687b61697c | 7c 69 61 7b 68 60 7a 66
R8 =0x0000000000000160 is an unknown value
R9 =0xffffffffffffffe0 is an unknown value
R10=0x00007ff8c1380000 jnivideoInputLib.dll
R11=0x0000000000000780 is an unknown value
R12=0x0 is NULL
R13=0x000001870e1d4f08 is pointing into metadata
R14=0xfffffffffffff880 is an unknown value
R15=0x0 is NULL


Registers:
RAX=0x000001870d60a900, RBX=0x000001870d60a900, RCX=0x000001870d60af20, RDX=0x000001870cd42bc0
RSP=0x0000000fa8aff0f8, RBP=0x00000000000001e0, RSI=0x0000000000000780, RDI=0x000001870cd425a0
R8 =0x0000000000000160, R9 =0xffffffffffffffe0, R10=0x00007ff8c1380000, R11=0x0000000000000780
R12=0x0000000000000000, R13=0x000001870e1d4f08, R14=0xfffffffffffff880, R15=0x0000000000000000
RIP=0x00007ff8c139cede, EFLAGS=0x0000000000010206

Top of Stack: (sp=0x0000000fa8aff0f8)
0x0000000fa8aff0f8:   00007ff8c1383dde 0000000000000000
0x0000000fa8aff108:   00000186b96b0c52 000001870d60a900
0x0000000fa8aff118:   000001870d60a900 000001870d60a900
0x0000000fa8aff128:   00007ff8c13828e8 0000000000000000
0x0000000fa8aff138:   00000186bc230f38 000001870d60a900
0x0000000fa8aff148:   0000000000000000 00000186000001e0
0x0000000fa8aff158:   0000000fa8aff100 00000186b97af101
0x0000000fa8aff168:   0000000000000000 0000000fa8aff2b8
0x0000000fa8aff178:   000001870d60a900 00000186bc230e80
0x0000000fa8aff188:   00007ff8c138c0cb 00000186ba6a8348
0x0000000fa8aff198:   0000018694179612 0000000fa8aff288
0x0000000fa8aff1a8:   0000000fa8aff1a8 00000186b97a9d01
0x0000000fa8aff1b8:   0000000fa8aff200 00000186b97aac00
0x0000000fa8aff1c8:   0000000000000000 00000186ba6a80a0
0x0000000fa8aff1d8:   0000000fa8aff2c8 0000018694179612
0x0000000fa8aff1e8:   000001869417d621 00000186ba6a8348 

Instructions: (pc=0x00007ff8c139cede)
0x00007ff8c139cdde:   54 02 f0 f3 0f 7f 09 f3 42 0f 7f 54 01 f0 c3 48
0x00007ff8c139cdee:   3b d1 73 0e 4e 8d 0c 02 49 3b c9 0f 82 41 04 00
0x00007ff8c139cdfe:   00 90 83 3d 11 92 02 00 03 0f 82 e3 02 00 00 49
0x00007ff8c139ce0e:   81 f8 00 20 00 00 76 16 49 81 f8 00 00 18 00 77
0x00007ff8c139ce1e:   0d f6 05 1e a4 02 00 02 0f 85 64 fe ff ff c5 fe
0x00007ff8c139ce2e:   6f 02 c4 a1 7e 6f 6c 02 e0 49 81 f8 00 01 00 00
0x00007ff8c139ce3e:   0f 86 c4 00 00 00 4c 8b c9 49 83 e1 1f 49 83 e9
0x00007ff8c139ce4e:   20 49 2b c9 49 2b d1 4d 03 c1 49 81 f8 00 01 00
0x00007ff8c139ce5e:   00 0f 86 a3 00 00 00 49 81 f8 00 00 18 00 0f 87
0x00007ff8c139ce6e:   3e 01 00 00 66 66 66 66 66 66 0f 1f 84 00 00 00
0x00007ff8c139ce7e:   00 00 c5 fe 6f 0a c5 fe 6f 52 20 c5 fe 6f 5a 40
0x00007ff8c139ce8e:   c5 fe 6f 62 60 c5 fd 7f 09 c5 fd 7f 51 20 c5 fd
0x00007ff8c139ce9e:   7f 59 40 c5 fd 7f 61 60 c5 fe 6f 8a 80 00 00 00
0x00007ff8c139ceae:   c5 fe 6f 92 a0 00 00 00 c5 fe 6f 9a c0 00 00 00
0x00007ff8c139cebe:   c5 fe 6f a2 e0 00 00 00 c5 fd 7f 89 80 00 00 00
0x00007ff8c139cece:   c5 fd 7f 91 a0 00 00 00 c5 fd 7f 99 c0 00 00 00
0x00007ff8c139cede:   c5 fd 7f a1 e0 00 00 00 48 81 c1 00 01 00 00 48
0x00007ff8c139ceee:   81 c2 00 01 00 00 49 81 e8 00 01 00 00 49 81 f8
0x00007ff8c139cefe:   00 01 00 00 0f 83 78 ff ff ff 4d 8d 48 1f 49 83
0x00007ff8c139cf0e:   e1 e0 4d 8b d9 49 c1 eb 05 47 8b 9c 9a 90 d0 04
0x00007ff8c139cf1e:   00 4d 03 da 41 ff e3 c4 a1 7e 6f 8c 0a 00 ff ff
0x00007ff8c139cf2e:   ff c4 a1 7e 7f 8c 09 00 ff ff ff c4 a1 7e 6f 8c
0x00007ff8c139cf3e:   0a 20 ff ff ff c4 a1 7e 7f 8c 09 20 ff ff ff c4
0x00007ff8c139cf4e:   a1 7e 6f 8c 0a 40 ff ff ff c4 a1 7e 7f 8c 09 40
0x00007ff8c139cf5e:   ff ff ff c4 a1 7e 6f 8c 0a 60 ff ff ff c4 a1 7e
0x00007ff8c139cf6e:   7f 8c 09 60 ff ff ff c4 a1 7e 6f 4c 0a 80 c4 a1
0x00007ff8c139cf7e:   7e 7f 4c 09 80 c4 a1 7e 6f 4c 0a a0 c4 a1 7e 7f
0x00007ff8c139cf8e:   4c 09 a0 c4 a1 7e 6f 4c 0a c0 c4 a1 7e 7f 4c 09
0x00007ff8c139cf9e:   c0 c4 a1 7e 7f 6c 01 e0 c5 fe 7f 00 c5 f8 77 c3
0x00007ff8c139cfae:   66 90 c5 fe 6f 0a c5 fe 6f 52 20 c5 fe 6f 5a 40
0x00007ff8c139cfbe:   c5 fe 6f 62 60 c5 fd e7 09 c5 fd e7 51 20 c5 fd
0x00007ff8c139cfce:   e7 59 40 c5 fd e7 61 60 c5 fe 6f 8a 80 00 00 00 


Stack slot to memory mapping:
stack at sp + 0 slots: 0x00007ff8c1383dde jnivideoInputLib.dll
stack at sp + 1 slots: 0x0 is NULL
stack at sp + 2 slots: 0x00000186b96b0c52 is pointing into metadata
stack at sp + 3 slots: 0x000001870d60a900 points into unknown readable memory: 0x68815b6a7e5b6a7e | 7e 6a 5b 7e 6a 5b 81 68
stack at sp + 4 slots: 0x000001870d60a900 points into unknown readable memory: 0x68815b6a7e5b6a7e | 7e 6a 5b 7e 6a 5b 81 68
stack at sp + 5 slots: 0x000001870d60a900 points into unknown readable memory: 0x68815b6a7e5b6a7e | 7e 6a 5b 7e 6a 5b 81 68
stack at sp + 6 slots: 0x00007ff8c13828e8 jnivideoInputLib.dll
stack at sp + 7 slots: 0x0 is NULL


---------------  P R O C E S S  ---------------

Threads class SMR info:
_java_thread_list=0x000001870d4bf7b0, length=23, elements={
0x00000186b90dead0, 0x00000186b9c08a70, 0x00000186b9c18850, 0x00000186b9c1a410,
0x00000186b9c1cdd0, 0x00000186b9c1db90, 0x00000186b9c1fc50, 0x00000186b9c22080,
0x00000186b9c2f040, 0x00000186b9d30300, 0x00000186b9e6ab20, 0x00000186ba798a90,
0x00000186ba6a6890, 0x00000186ba6a98b0, 0x00000186ba6a80a0, 0x00000186ba6a9d80,
0x00000186ba6a6d60, 0x00000186ba6a7230, 0x00000186ba6a7700, 0x000001870d4cf9d0,
0x00000186bb588b80, 0x00000186bb589090, 0x000001870d4d16b0
}

Java Threads: ( => current thread )
  0x00000186b90dead0 JavaThread "Reference Handler" daemon [_thread_blocked, id=13352, stack(0x0000000fa4b00000,0x0000000fa4c00000)]
  0x00000186b9c08a70 JavaThread "Finalizer" daemon [_thread_blocked, id=15800, stack(0x0000000fa4c00000,0x0000000fa4d00000)]
  0x00000186b9c18850 JavaThread "Signal Dispatcher" daemon [_thread_blocked, id=7904, stack(0x0000000fa4d00000,0x0000000fa4e00000)]
  0x00000186b9c1a410 JavaThread "Attach Listener" daemon [_thread_blocked, id=6332, stack(0x0000000fa4e00000,0x0000000fa4f00000)]
  0x00000186b9c1cdd0 JavaThread "Service Thread" daemon [_thread_blocked, id=21392, stack(0x0000000fa4f00000,0x0000000fa5000000)]
  0x00000186b9c1db90 JavaThread "Monitor Deflation Thread" daemon [_thread_blocked, id=8964, stack(0x0000000fa5000000,0x0000000fa5100000)]
  0x00000186b9c1fc50 JavaThread "C2 CompilerThread0" daemon [_thread_blocked, id=5140, stack(0x0000000fa5100000,0x0000000fa5200000)]
  0x00000186b9c22080 JavaThread "C1 CompilerThread0" daemon [_thread_blocked, id=5160, stack(0x0000000fa5200000,0x0000000fa5300000)]
  0x00000186b9c2f040 JavaThread "Sweeper thread" daemon [_thread_blocked, id=14096, stack(0x0000000fa5300000,0x0000000fa5400000)]
  0x00000186b9d30300 JavaThread "Common-Cleaner" daemon [_thread_blocked, id=9116, stack(0x0000000fa5400000,0x0000000fa5500000)]
  0x00000186b9e6ab20 JavaThread "Monitor Ctrl-Break" daemon [_thread_in_native, id=5856, stack(0x0000000fa5500000,0x0000000fa5600000)]
  0x00000186ba798a90 JavaThread "Notification Thread" daemon [_thread_blocked, id=20960, stack(0x0000000fa5600000,0x0000000fa5700000)]
  0x00000186ba6a6890 JavaThread "JavaCPP Deallocator" daemon [_thread_blocked, id=19248, stack(0x0000000fa6300000,0x0000000fa6400000)]
  0x00000186ba6a98b0 JavaThread "Thread-11" [_thread_in_native, id=10792, stack(0x0000000fa8900000,0x0000000fa8a00000)]
=>0x00000186ba6a80a0 JavaThread "Thread-12" [_thread_in_native, id=10308, stack(0x0000000fa8a00000,0x0000000fa8b00000)]
  0x00000186ba6a9d80 JavaThread "DestroyJavaVM" [_thread_blocked, id=10540, stack(0x0000000fa4400000,0x0000000fa4500000)]
  0x00000186ba6a6d60 JavaThread "Java2D Disposer" daemon [_thread_blocked, id=15140, stack(0x0000000fa5800000,0x0000000fa5900000)]
  0x00000186ba6a7230 JavaThread "AWT-Shutdown" [_thread_blocked, id=14320, stack(0x0000000fa5900000,0x0000000fa5a00000)]
  0x00000186ba6a7700 JavaThread "AWT-Windows" daemon [_thread_in_native, id=9432, stack(0x0000000fa8b00000,0x0000000fa8c00000)]
  0x000001870d4cf9d0 JavaThread "AWT-EventQueue-0" [_thread_blocked, id=11108, stack(0x0000000fa8d00000,0x0000000fa8e00000)]
  0x00000186bb588b80 JavaThread "C2 CompilerThread1" daemon [_thread_blocked, id=1896, stack(0x0000000fa9600000,0x0000000fa9700000)]
  0x00000186bb589090 JavaThread "C2 CompilerThread2" daemon [_thread_blocked, id=16788, stack(0x0000000fa9700000,0x0000000fa9800000)]
  0x000001870d4d16b0 JavaThread "D3D Screen Updater" daemon [_thread_blocked, id=7092, stack(0x0000000fa8e00000,0x0000000fa8f00000)]

Other Threads:
  0x00000186b90dd8f0 VMThread "VM Thread" [stack: 0x0000000fa4a00000,0x0000000fa4b00000] [id=4024]
  0x000001868c9d9280 WatcherThread [stack: 0x0000000fa5700000,0x0000000fa5800000] [id=16372]
  0x000001868c9b7040 GCTaskThread "GC Thread#0" [stack: 0x0000000fa4500000,0x0000000fa4600000] [id=21360]
  0x00000186bb1f0620 GCTaskThread "GC Thread#1" [stack: 0x0000000fa5a00000,0x0000000fa5b00000] [id=14888]
  0x00000186bb13a860 GCTaskThread "GC Thread#2" [stack: 0x0000000fa5b00000,0x0000000fa5c00000] [id=9056]
  0x00000186bad791a0 GCTaskThread "GC Thread#3" [stack: 0x0000000fa5c00000,0x0000000fa5d00000] [id=3044]
  0x00000186bad79450 GCTaskThread "GC Thread#4" [stack: 0x0000000fa5d00000,0x0000000fa5e00000] [id=7236]
  0x00000186bad79b10 GCTaskThread "GC Thread#5" [stack: 0x0000000fa5e00000,0x0000000fa5f00000] [id=14280]
  0x00000186bafcdde0 GCTaskThread "GC Thread#6" [stack: 0x0000000fa5f00000,0x0000000fa6000000] [id=2260]
  0x00000186bafce090 GCTaskThread "GC Thread#7" [stack: 0x0000000fa6000000,0x0000000fa6100000] [id=12684]
  0x00000186bafce340 GCTaskThread "GC Thread#8" [stack: 0x0000000fa6100000,0x0000000fa6200000] [id=21016]
  0x00000186bafce5f0 GCTaskThread "GC Thread#9" [stack: 0x0000000fa6200000,0x0000000fa6300000] [id=15048]
  0x000001868c9c8510 ConcurrentGCThread "G1 Main Marker" [stack: 0x0000000fa4600000,0x0000000fa4700000] [id=12224]
  0x000001868c9ca6d0 ConcurrentGCThread "G1 Conc#0" [stack: 0x0000000fa4700000,0x0000000fa4800000] [id=5484]
  0x00000186b8f9a3f0 ConcurrentGCThread "G1 Refine#0" [stack: 0x0000000fa4800000,0x0000000fa4900000] [id=4048]
  0x00000186b8f9ae10 ConcurrentGCThread "G1 Service" [stack: 0x0000000fa4900000,0x0000000fa4a00000] [id=5864]

Threads with active compile tasks:

VM state: not at safepoint (normal execution)

VM Mutex/Monitor currently owned by a thread: None

Heap address: 0x0000000601000000, size: 8176 MB, Compressed Oops mode: Zero based, Oop shift amount: 3

CDS archive(s) mapped at: [0x0000000800000000-0x0000000800bc0000-0x0000000800bc0000), size 12320768, SharedBaseAddress: 0x0000000800000000, ArchiveRelocationMode: 0.
Compressed class space mapped at: 0x0000000800c00000-0x0000000840c00000, reserved size: 1073741824
Narrow klass base: 0x0000000800000000, Narrow klass shift: 0, Narrow klass range: 0x100000000

GC Precious Log:
 CPUs: 12 total, 12 available
 Memory: 32691M
 Large Page Support: Disabled
 NUMA Support: Disabled
 Compressed Oops: Enabled (Zero based)
 Heap Region Size: 4M
 Heap Min Capacity: 8M
 Heap Initial Capacity: 512M
 Heap Max Capacity: 8176M
 Pre-touch: Disabled
 Parallel Workers: 10
 Concurrent Workers: 3
 Concurrent Refinement Workers: 10
 Periodic GC: Disabled

Heap:
 garbage-first heap   total 524288K, used 101213K [0x0000000601000000, 0x0000000800000000)
  region size 4096K, 8 young (32768K), 2 survivors (8192K)
 Metaspace       used 14223K, committed 14400K, reserved 1064960K
  class space    used 1101K, committed 1216K, reserved 1048576K

Heap Regions: E=young(eden), S=young(survivor), O=old, HS=humongous(starts), HC=humongous(continues), CS=collection set, F=free, OA=open archive, CA=closed archive, TAMS=top-at-mark-start (previous, next)
|   0|0x0000000601000000, 0x0000000601400000, 0x0000000601400000|100%|HS|  |TAMS 0x0000000601000000, 0x0000000601000000| Complete 
|   1|0x0000000601400000, 0x0000000601800000, 0x0000000601800000|100%|HC|  |TAMS 0x0000000601400000, 0x0000000601400000| Complete 
|   2|0x0000000601800000, 0x0000000601c00000, 0x0000000601c00000|100%|HC|  |TAMS 0x0000000601800000, 0x0000000601800000| Complete 
|   3|0x0000000601c00000, 0x0000000602000000, 0x0000000602000000|100%|HC|  |TAMS 0x0000000601c00000, 0x0000000601c00000| Complete 
|   4|0x0000000602000000, 0x0000000602400000, 0x0000000602400000|100%|HC|  |TAMS 0x0000000602000000, 0x0000000602000000| Complete 
|   5|0x0000000602400000, 0x0000000602800000, 0x0000000602800000|100%|HC|  |TAMS 0x0000000602400000, 0x0000000602400000| Complete 
|   6|0x0000000602800000, 0x0000000602c00000, 0x0000000602c00000|100%|HC|  |TAMS 0x0000000602800000, 0x0000000602800000| Complete 
|   7|0x0000000602c00000, 0x0000000603000000, 0x0000000603000000|100%|HC|  |TAMS 0x0000000602c00000, 0x0000000602c00000| Complete 
|   8|0x0000000603000000, 0x0000000603400000, 0x0000000603400000|100%|HC|  |TAMS 0x0000000603000000, 0x0000000603000000| Complete 
|   9|0x0000000603400000, 0x0000000603800000, 0x0000000603800000|100%|HC|  |TAMS 0x0000000603400000, 0x0000000603400000| Complete 
|  10|0x0000000603800000, 0x0000000603c00000, 0x0000000603c00000|100%|HC|  |TAMS 0x0000000603800000, 0x0000000603800000| Complete 
|  11|0x0000000603c00000, 0x0000000604000000, 0x0000000604000000|100%|HC|  |TAMS 0x0000000603c00000, 0x0000000603c00000| Complete 
|  12|0x0000000604000000, 0x0000000604400000, 0x0000000604400000|100%|HC|  |TAMS 0x0000000604000000, 0x0000000604000000| Complete 
|  13|0x0000000604400000, 0x0000000604800000, 0x0000000604800000|100%|HC|  |TAMS 0x0000000604400000, 0x0000000604400000| Complete 
|  14|0x0000000604800000, 0x0000000604c00000, 0x0000000604c00000|100%|HC|  |TAMS 0x0000000604800000, 0x0000000604800000| Complete 
|  15|0x0000000604c00000, 0x0000000605000000, 0x0000000605000000|100%|HC|  |TAMS 0x0000000604c00000, 0x0000000604c00000| Complete 
|  16|0x0000000605000000, 0x0000000605400000, 0x0000000605400000|100%|HC|  |TAMS 0x0000000605000000, 0x0000000605000000| Complete 
|  17|0x0000000605400000, 0x0000000605800000, 0x0000000605800000|100%| O|  |TAMS 0x0000000605400000, 0x0000000605400000| Untracked 
|  18|0x0000000605800000, 0x0000000605800000, 0x0000000605c00000|  0%| F|  |TAMS 0x0000000605800000, 0x0000000605800000| Untracked 
|  19|0x0000000605c00000, 0x0000000605d92000, 0x0000000606000000| 39%| O|  |TAMS 0x0000000605c00000, 0x0000000605c00000| Untracked 
|  20|0x0000000606000000, 0x0000000606000000, 0x0000000606400000|  0%| F|  |TAMS 0x0000000606000000, 0x0000000606000000| Untracked 
|  21|0x0000000606400000, 0x0000000606400000, 0x0000000606800000|  0%| F|  |TAMS 0x0000000606400000, 0x0000000606400000| Untracked 
|  22|0x0000000606800000, 0x0000000606800000, 0x0000000606c00000|  0%| F|  |TAMS 0x0000000606800000, 0x0000000606800000| Untracked 
|  23|0x0000000606c00000, 0x0000000606c00000, 0x0000000607000000|  0%| F|  |TAMS 0x0000000606c00000, 0x0000000606c00000| Untracked 
|  24|0x0000000607000000, 0x0000000607000000, 0x0000000607400000|  0%| F|  |TAMS 0x0000000607000000, 0x0000000607000000| Untracked 
|  25|0x0000000607400000, 0x0000000607400000, 0x0000000607800000|  0%| F|  |TAMS 0x0000000607400000, 0x0000000607400000| Untracked 
|  26|0x0000000607800000, 0x0000000607800000, 0x0000000607c00000|  0%| F|  |TAMS 0x0000000607800000, 0x0000000607800000| Untracked 
|  27|0x0000000607c00000, 0x0000000607c00000, 0x0000000608000000|  0%| F|  |TAMS 0x0000000607c00000, 0x0000000607c00000| Untracked 
|  28|0x0000000608000000, 0x0000000608000000, 0x0000000608400000|  0%| F|  |TAMS 0x0000000608000000, 0x0000000608000000| Untracked 
|  29|0x0000000608400000, 0x0000000608400000, 0x0000000608800000|  0%| F|  |TAMS 0x0000000608400000, 0x0000000608400000| Untracked 
|  30|0x0000000608800000, 0x0000000608800000, 0x0000000608c00000|  0%| F|  |TAMS 0x0000000608800000, 0x0000000608800000| Untracked 
|  31|0x0000000608c00000, 0x0000000608c00000, 0x0000000609000000|  0%| F|  |TAMS 0x0000000608c00000, 0x0000000608c00000| Untracked 
|  32|0x0000000609000000, 0x0000000609000000, 0x0000000609400000|  0%| F|  |TAMS 0x0000000609000000, 0x0000000609000000| Untracked 
|  33|0x0000000609400000, 0x0000000609400000, 0x0000000609800000|  0%| F|  |TAMS 0x0000000609400000, 0x0000000609400000| Untracked 
|  34|0x0000000609800000, 0x0000000609800000, 0x0000000609c00000|  0%| F|  |TAMS 0x0000000609800000, 0x0000000609800000| Untracked 
|  35|0x0000000609c00000, 0x0000000609c00000, 0x000000060a000000|  0%| F|  |TAMS 0x0000000609c00000, 0x0000000609c00000| Untracked 
|  36|0x000000060a000000, 0x000000060a000000, 0x000000060a400000|  0%| F|  |TAMS 0x000000060a000000, 0x000000060a000000| Untracked 
|  37|0x000000060a400000, 0x000000060a400000, 0x000000060a800000|  0%| F|  |TAMS 0x000000060a400000, 0x000000060a400000| Untracked 
|  38|0x000000060a800000, 0x000000060a800000, 0x000000060ac00000|  0%| F|  |TAMS 0x000000060a800000, 0x000000060a800000| Untracked 
|  39|0x000000060ac00000, 0x000000060ac00000, 0x000000060b000000|  0%| F|  |TAMS 0x000000060ac00000, 0x000000060ac00000| Untracked 
|  40|0x000000060b000000, 0x000000060b000000, 0x000000060b400000|  0%| F|  |TAMS 0x000000060b000000, 0x000000060b000000| Untracked 
|  41|0x000000060b400000, 0x000000060b400000, 0x000000060b800000|  0%| F|  |TAMS 0x000000060b400000, 0x000000060b400000| Untracked 
|  42|0x000000060b800000, 0x000000060b800000, 0x000000060bc00000|  0%| F|  |TAMS 0x000000060b800000, 0x000000060b800000| Untracked 
|  43|0x000000060bc00000, 0x000000060bc00000, 0x000000060c000000|  0%| F|  |TAMS 0x000000060bc00000, 0x000000060bc00000| Untracked 
|  44|0x000000060c000000, 0x000000060c000000, 0x000000060c400000|  0%| F|  |TAMS 0x000000060c000000, 0x000000060c000000| Untracked 
|  45|0x000000060c400000, 0x000000060c400000, 0x000000060c800000|  0%| F|  |TAMS 0x000000060c400000, 0x000000060c400000| Untracked 
|  46|0x000000060c800000, 0x000000060c800000, 0x000000060cc00000|  0%| F|  |TAMS 0x000000060c800000, 0x000000060c800000| Untracked 
|  47|0x000000060cc00000, 0x000000060cc00000, 0x000000060d000000|  0%| F|  |TAMS 0x000000060cc00000, 0x000000060cc00000| Untracked 
|  48|0x000000060d000000, 0x000000060d000000, 0x000000060d400000|  0%| F|  |TAMS 0x000000060d000000, 0x000000060d000000| Untracked 
|  49|0x000000060d400000, 0x000000060d400000, 0x000000060d800000|  0%| F|  |TAMS 0x000000060d400000, 0x000000060d400000| Untracked 
|  50|0x000000060d800000, 0x000000060d800000, 0x000000060dc00000|  0%| F|  |TAMS 0x000000060d800000, 0x000000060d800000| Untracked 
|  51|0x000000060dc00000, 0x000000060dc00000, 0x000000060e000000|  0%| F|  |TAMS 0x000000060dc00000, 0x000000060dc00000| Untracked 
|  52|0x000000060e000000, 0x000000060e145730, 0x000000060e400000| 31%| S|CS|TAMS 0x000000060e000000, 0x000000060e000000| Complete 
|  53|0x000000060e400000, 0x000000060e800000, 0x000000060e800000|100%| S|CS|TAMS 0x000000060e400000, 0x000000060e400000| Complete 
|  54|0x000000060e800000, 0x000000060e800000, 0x000000060ec00000|  0%| F|  |TAMS 0x000000060e800000, 0x000000060e800000| Untracked 
|  55|0x000000060ec00000, 0x000000060ec00000, 0x000000060f000000|  0%| F|  |TAMS 0x000000060ec00000, 0x000000060ec00000| Untracked 
|  56|0x000000060f000000, 0x000000060f000000, 0x000000060f400000|  0%| F|  |TAMS 0x000000060f000000, 0x000000060f000000| Untracked 
|  57|0x000000060f400000, 0x000000060f400000, 0x000000060f800000|  0%| F|  |TAMS 0x000000060f400000, 0x000000060f400000| Untracked 
|  58|0x000000060f800000, 0x000000060f800000, 0x000000060fc00000|  0%| F|  |TAMS 0x000000060f800000, 0x000000060f800000| Untracked 
|  59|0x000000060fc00000, 0x000000060fc00000, 0x0000000610000000|  0%| F|  |TAMS 0x000000060fc00000, 0x000000060fc00000| Untracked 
|  60|0x0000000610000000, 0x0000000610000000, 0x0000000610400000|  0%| F|  |TAMS 0x0000000610000000, 0x0000000610000000| Untracked 
|  61|0x0000000610400000, 0x0000000610400000, 0x0000000610800000|  0%| F|  |TAMS 0x0000000610400000, 0x0000000610400000| Untracked 
|  62|0x0000000610800000, 0x0000000610800000, 0x0000000610c00000|  0%| F|  |TAMS 0x0000000610800000, 0x0000000610800000| Untracked 
|  63|0x0000000610c00000, 0x0000000610c00000, 0x0000000611000000|  0%| F|  |TAMS 0x0000000610c00000, 0x0000000610c00000| Untracked 
|  64|0x0000000611000000, 0x0000000611000000, 0x0000000611400000|  0%| F|  |TAMS 0x0000000611000000, 0x0000000611000000| Untracked 
|  65|0x0000000611400000, 0x0000000611400000, 0x0000000611800000|  0%| F|  |TAMS 0x0000000611400000, 0x0000000611400000| Untracked 
|  66|0x0000000611800000, 0x0000000611800000, 0x0000000611c00000|  0%| F|  |TAMS 0x0000000611800000, 0x0000000611800000| Untracked 
|  67|0x0000000611c00000, 0x0000000611c00000, 0x0000000612000000|  0%| F|  |TAMS 0x0000000611c00000, 0x0000000611c00000| Untracked 
|  68|0x0000000612000000, 0x0000000612000000, 0x0000000612400000|  0%| F|  |TAMS 0x0000000612000000, 0x0000000612000000| Untracked 
|  69|0x0000000612400000, 0x0000000612400000, 0x0000000612800000|  0%| F|  |TAMS 0x0000000612400000, 0x0000000612400000| Untracked 
|  70|0x0000000612800000, 0x0000000612800000, 0x0000000612c00000|  0%| F|  |TAMS 0x0000000612800000, 0x0000000612800000| Untracked 
|  71|0x0000000612c00000, 0x0000000612c00000, 0x0000000613000000|  0%| F|  |TAMS 0x0000000612c00000, 0x0000000612c00000| Untracked 
|  72|0x0000000613000000, 0x0000000613000000, 0x0000000613400000|  0%| F|  |TAMS 0x0000000613000000, 0x0000000613000000| Untracked 
|  73|0x0000000613400000, 0x0000000613400000, 0x0000000613800000|  0%| F|  |TAMS 0x0000000613400000, 0x0000000613400000| Untracked 
|  74|0x0000000613800000, 0x0000000613800000, 0x0000000613c00000|  0%| F|  |TAMS 0x0000000613800000, 0x0000000613800000| Untracked 
|  75|0x0000000613c00000, 0x0000000613c00000, 0x0000000614000000|  0%| F|  |TAMS 0x0000000613c00000, 0x0000000613c00000| Untracked 
|  76|0x0000000614000000, 0x0000000614000000, 0x0000000614400000|  0%| F|  |TAMS 0x0000000614000000, 0x0000000614000000| Untracked 
|  77|0x0000000614400000, 0x0000000614400000, 0x0000000614800000|  0%| F|  |TAMS 0x0000000614400000, 0x0000000614400000| Untracked 
|  78|0x0000000614800000, 0x0000000614800000, 0x0000000614c00000|  0%| F|  |TAMS 0x0000000614800000, 0x0000000614800000| Untracked 
|  79|0x0000000614c00000, 0x0000000614c00000, 0x0000000615000000|  0%| F|  |TAMS 0x0000000614c00000, 0x0000000614c00000| Untracked 
|  80|0x0000000615000000, 0x0000000615000000, 0x0000000615400000|  0%| F|  |TAMS 0x0000000615000000, 0x0000000615000000| Untracked 
|  81|0x0000000615400000, 0x0000000615400000, 0x0000000615800000|  0%| F|  |TAMS 0x0000000615400000, 0x0000000615400000| Untracked 
|  82|0x0000000615800000, 0x0000000615800000, 0x0000000615c00000|  0%| F|  |TAMS 0x0000000615800000, 0x0000000615800000| Untracked 
|  83|0x0000000615c00000, 0x0000000615c00000, 0x0000000616000000|  0%| F|  |TAMS 0x0000000615c00000, 0x0000000615c00000| Untracked 
|  84|0x0000000616000000, 0x0000000616000000, 0x0000000616400000|  0%| F|  |TAMS 0x0000000616000000, 0x0000000616000000| Untracked 
|  85|0x0000000616400000, 0x0000000616400000, 0x0000000616800000|  0%| F|  |TAMS 0x0000000616400000, 0x0000000616400000| Untracked 
|  86|0x0000000616800000, 0x0000000616800000, 0x0000000616c00000|  0%| F|  |TAMS 0x0000000616800000, 0x0000000616800000| Untracked 
|  87|0x0000000616c00000, 0x0000000616c00000, 0x0000000617000000|  0%| F|  |TAMS 0x0000000616c00000, 0x0000000616c00000| Untracked 
|  88|0x0000000617000000, 0x0000000617000000, 0x0000000617400000|  0%| F|  |TAMS 0x0000000617000000, 0x0000000617000000| Untracked 
|  89|0x0000000617400000, 0x0000000617400000, 0x0000000617800000|  0%| F|  |TAMS 0x0000000617400000, 0x0000000617400000| Untracked 
|  90|0x0000000617800000, 0x0000000617800000, 0x0000000617c00000|  0%| F|  |TAMS 0x0000000617800000, 0x0000000617800000| Untracked 
|  91|0x0000000617c00000, 0x0000000617c00000, 0x0000000618000000|  0%| F|  |TAMS 0x0000000617c00000, 0x0000000617c00000| Untracked 
|  92|0x0000000618000000, 0x0000000618000000, 0x0000000618400000|  0%| F|  |TAMS 0x0000000618000000, 0x0000000618000000| Untracked 
|  93|0x0000000618400000, 0x0000000618400000, 0x0000000618800000|  0%| F|  |TAMS 0x0000000618400000, 0x0000000618400000| Untracked 
|  94|0x0000000618800000, 0x0000000618800000, 0x0000000618c00000|  0%| F|  |TAMS 0x0000000618800000, 0x0000000618800000| Untracked 
|  95|0x0000000618c00000, 0x0000000618c00000, 0x0000000619000000|  0%| F|  |TAMS 0x0000000618c00000, 0x0000000618c00000| Untracked 
|  96|0x0000000619000000, 0x0000000619000000, 0x0000000619400000|  0%| F|  |TAMS 0x0000000619000000, 0x0000000619000000| Untracked 
|  97|0x0000000619400000, 0x0000000619400000, 0x0000000619800000|  0%| F|  |TAMS 0x0000000619400000, 0x0000000619400000| Untracked 
|  98|0x0000000619800000, 0x0000000619800000, 0x0000000619c00000|  0%| F|  |TAMS 0x0000000619800000, 0x0000000619800000| Untracked 
|  99|0x0000000619c00000, 0x0000000619c00000, 0x000000061a000000|  0%| F|  |TAMS 0x0000000619c00000, 0x0000000619c00000| Untracked 
| 100|0x000000061a000000, 0x000000061a000000, 0x000000061a400000|  0%| F|  |TAMS 0x000000061a000000, 0x000000061a000000| Untracked 
| 101|0x000000061a400000, 0x000000061a400000, 0x000000061a800000|  0%| F|  |TAMS 0x000000061a400000, 0x000000061a400000| Untracked 
| 102|0x000000061a800000, 0x000000061a800000, 0x000000061ac00000|  0%| F|  |TAMS 0x000000061a800000, 0x000000061a800000| Untracked 
| 103|0x000000061ac00000, 0x000000061ac00000, 0x000000061b000000|  0%| F|  |TAMS 0x000000061ac00000, 0x000000061ac00000| Untracked 
| 104|0x000000061b000000, 0x000000061b000000, 0x000000061b400000|  0%| F|  |TAMS 0x000000061b000000, 0x000000061b000000| Untracked 
| 105|0x000000061b400000, 0x000000061b400000, 0x000000061b800000|  0%| F|  |TAMS 0x000000061b400000, 0x000000061b400000| Untracked 
| 106|0x000000061b800000, 0x000000061b800000, 0x000000061bc00000|  0%| F|  |TAMS 0x000000061b800000, 0x000000061b800000| Untracked 
| 107|0x000000061bc00000, 0x000000061bc00000, 0x000000061c000000|  0%| F|  |TAMS 0x000000061bc00000, 0x000000061bc00000| Untracked 
| 108|0x000000061c000000, 0x000000061c000000, 0x000000061c400000|  0%| F|  |TAMS 0x000000061c000000, 0x000000061c000000| Untracked 
| 109|0x000000061c400000, 0x000000061c400000, 0x000000061c800000|  0%| F|  |TAMS 0x000000061c400000, 0x000000061c400000| Untracked 
| 110|0x000000061c800000, 0x000000061c800000, 0x000000061cc00000|  0%| F|  |TAMS 0x000000061c800000, 0x000000061c800000| Untracked 
| 111|0x000000061cc00000, 0x000000061cc00000, 0x000000061d000000|  0%| F|  |TAMS 0x000000061cc00000, 0x000000061cc00000| Untracked 
| 112|0x000000061d000000, 0x000000061d000000, 0x000000061d400000|  0%| F|  |TAMS 0x000000061d000000, 0x000000061d000000| Untracked 
| 113|0x000000061d400000, 0x000000061d400000, 0x000000061d800000|  0%| F|  |TAMS 0x000000061d400000, 0x000000061d400000| Untracked 
| 114|0x000000061d800000, 0x000000061d800000, 0x000000061dc00000|  0%| F|  |TAMS 0x000000061d800000, 0x000000061d800000| Untracked 
| 115|0x000000061dc00000, 0x000000061dc00000, 0x000000061e000000|  0%| F|  |TAMS 0x000000061dc00000, 0x000000061dc00000| Untracked 
| 116|0x000000061e000000, 0x000000061e000000, 0x000000061e400000|  0%| F|  |TAMS 0x000000061e000000, 0x000000061e000000| Untracked 
| 117|0x000000061e400000, 0x000000061e400000, 0x000000061e800000|  0%| F|  |TAMS 0x000000061e400000, 0x000000061e400000| Untracked 
| 118|0x000000061e800000, 0x000000061e800000, 0x000000061ec00000|  0%| F|  |TAMS 0x000000061e800000, 0x000000061e800000| Untracked 
| 119|0x000000061ec00000, 0x000000061ec00000, 0x000000061f000000|  0%| F|  |TAMS 0x000000061ec00000, 0x000000061ec00000| Untracked 
| 120|0x000000061f000000, 0x000000061f000000, 0x000000061f400000|  0%| F|  |TAMS 0x000000061f000000, 0x000000061f000000| Untracked 
| 121|0x000000061f400000, 0x000000061f400000, 0x000000061f800000|  0%| F|  |TAMS 0x000000061f400000, 0x000000061f400000| Untracked 
| 122|0x000000061f800000, 0x000000061faf64c8, 0x000000061fc00000| 74%| E|  |TAMS 0x000000061f800000, 0x000000061f800000| Complete 
| 123|0x000000061fc00000, 0x0000000620000000, 0x0000000620000000|100%| E|CS|TAMS 0x000000061fc00000, 0x000000061fc00000| Complete 
| 124|0x0000000620000000, 0x0000000620400000, 0x0000000620400000|100%| E|CS|TAMS 0x0000000620000000, 0x0000000620000000| Complete 
| 125|0x0000000620400000, 0x0000000620800000, 0x0000000620800000|100%| E|CS|TAMS 0x0000000620400000, 0x0000000620400000| Complete 
| 126|0x0000000620800000, 0x0000000620c00000, 0x0000000620c00000|100%| E|CS|TAMS 0x0000000620800000, 0x0000000620800000| Complete 
| 127|0x0000000620c00000, 0x0000000621000000, 0x0000000621000000|100%| E|CS|TAMS 0x0000000620c00000, 0x0000000620c00000| Complete 

Card table byte_map: [0x00000186a46d0000,0x00000186a56d0000] _byte_map_base: 0x00000186a16c8000

Marking Bits (Prev, Next): (CMBitMap*) 0x000001868c9b7650, (CMBitMap*) 0x000001868c9b7690
 Prev Bits: [0x00000186a66d0000, 0x00000186ae690000)
 Next Bits: [0x00000186ae690000, 0x00000186b6650000)

Polling page: 0x000001868a900000

Metaspace:

Usage:
  Non-class:     12.81 MB used.
      Class:      1.08 MB used.
       Both:     13.89 MB used.

Virtual space:
  Non-class space:       16.00 MB reserved,      12.88 MB ( 80%) committed,  2 nodes.
      Class space:        1.00 GB reserved,       1.19 MB ( <1%) committed,  1 nodes.
             Both:        1.02 GB reserved,      14.06 MB (  1%) committed. 

Chunk freelists:
   Non-Class:  2.94 MB
       Class:  2.74 MB
        Both:  5.69 MB

MaxMetaspaceSize: unlimited
CompressedClassSpaceSize: 1.00 GB
Initial GC threshold: 21.00 MB
Current GC threshold: 21.00 MB
CDS: on
MetaspaceReclaimPolicy: balanced
 - commit_granule_bytes: 65536.
 - commit_granule_words: 8192.
 - virtual_space_node_default_size: 1048576.
 - enlarge_chunks_in_place: 1.
 - new_chunks_are_fully_committed: 0.
 - uncommit_free_chunks: 1.
 - use_allocation_guard: 0.
 - handle_deallocations: 1.


Internal statistics:

num_allocs_failed_limit: 0.
num_arena_births: 126.
num_arena_deaths: 0.
num_vsnodes_births: 3.
num_vsnodes_deaths: 0.
num_space_committed: 223.
num_space_uncommitted: 0.
num_chunks_returned_to_freelist: 0.
num_chunks_taken_from_freelist: 387.
num_chunk_merges: 0.
num_chunk_splits: 288.
num_chunks_enlarged: 213.
num_purges: 0.
num_inconsistent_stats: 0.

CodeHeap 'non-profiled nmethods': size=120000Kb used=1115Kb max_used=1115Kb free=118884Kb
 bounds [0x000001869bc40000, 0x000001869beb0000, 0x00000186a3170000]
CodeHeap 'profiled nmethods': size=120000Kb used=3359Kb max_used=3359Kb free=116640Kb
 bounds [0x0000018694710000, 0x0000018694a60000, 0x000001869bc40000]
CodeHeap 'non-nmethods': size=5760Kb used=1730Kb max_used=1760Kb free=4029Kb
 bounds [0x0000018694170000, 0x00000186943e0000, 0x0000018694710000]
 total_blobs=2749 nmethods=1621 adapters=1041
 compilation: enabled
              stopped_count=0, restarted_count=0
 full_count=0

Compilation events (20 events):
Event: 3.327 Thread 0x00000186b9c22080 nmethod 1596 0x0000018694a4b010 code [0x0000018694a4bb40, 0x0000018694a50e08]
Event: 3.327 Thread 0x00000186b9c22080 1597       3       java.awt.image.ComponentSampleModel::getNumDataElements (5 bytes)
Event: 3.327 Thread 0x00000186b9c22080 nmethod 1597 0x0000018694a53190 code [0x0000018694a53320, 0x0000018694a53438]
Event: 3.328 Thread 0x00000186b9c22080 1598       3       java.awt.image.Raster::getNumDataElements (8 bytes)
Event: 3.328 Thread 0x00000186bb589090 1599       4       java.awt.image.ComponentColorModel::getDataElements (3175 bytes)
Event: 3.328 Thread 0x00000186b9c22080 nmethod 1598 0x0000018694a53510 code [0x0000018694a536c0, 0x0000018694a538a8]
Event: 3.333 Thread 0x00000186bb589090 nmethod 1599 0x000001869bd46910 code [0x000001869bd46ac0, 0x000001869bd471c8]
Event: 3.341 Thread 0x00000186b9c22080 1602       3       java.lang.ref.Reference::enqueueFromPending (19 bytes)
Event: 3.341 Thread 0x00000186b9c1fc50 nmethod 1589 0x000001869bd47e90 code [0x000001869bd48040, 0x000001869bd48ef8]
Event: 3.341 Thread 0x00000186b9c22080 nmethod 1602 0x0000018694a53990 code [0x0000018694a53b40, 0x0000018694a53d68]
Event: 3.341 Thread 0x00000186b9c22080 1603   !   3       java.lang.ref.ReferenceQueue::enqueue (119 bytes)
Event: 3.341 Thread 0x00000186b9c22080 nmethod 1603 0x0000018694a53e10 code [0x0000018694a54000, 0x0000018694a54708]
Event: 3.341 Thread 0x00000186b9c22080 1604       3       java.util.concurrent.locks.ReentrantLock::lock (8 bytes)
Event: 3.342 Thread 0x00000186b9c22080 nmethod 1604 0x0000018694a54910 code [0x0000018694a54ac0, 0x0000018694a54d78]
Event: 3.342 Thread 0x00000186b9c22080 1605       3       java.util.concurrent.locks.AbstractQueuedSynchronizer::signalNext (34 bytes)
Event: 3.342 Thread 0x00000186b9c22080 nmethod 1605 0x0000018694a54e90 code [0x0000018694a55060, 0x0000018694a55338]
Event: 3.365 Thread 0x00000186b9c22080 1606       1       java.awt.image.Raster::getSampleModel (5 bytes)
Event: 3.365 Thread 0x00000186b9c22080 nmethod 1606 0x000001869bd49410 code [0x000001869bd495a0, 0x000001869bd49678]
Event: 3.382 Thread 0x00000186bb588b80 nmethod 1578% 0x000001869bd49710 code [0x000001869bd49bc0, 0x000001869bd4f4c0]
Event: 3.382 Thread 0x00000186bb589090 1607       4       ColorQuantizer::dither (264 bytes)

GC Heap History (8 events):
Event: 1.916 GC heap before
{Heap before GC invocations=0 (full 0):
 garbage-first heap   total 524288K, used 90112K [0x0000000601000000, 0x0000000800000000)
  region size 4096K, 6 young (24576K), 0 survivors (0K)
 Metaspace       used 2784K, committed 2944K, reserved 1056768K
  class space    used 180K, committed 256K, reserved 1048576K
}
Event: 1.918 GC heap after
{Heap after GC invocations=1 (full 0):
 garbage-first heap   total 524288K, used 75368K [0x0000000601000000, 0x0000000800000000)
  region size 4096K, 1 young (4096K), 1 survivors (4096K)
 Metaspace       used 2784K, committed 2944K, reserved 1056768K
  class space    used 180K, committed 256K, reserved 1048576K
}
Event: 2.081 GC heap before
{Heap before GC invocations=1 (full 0):
 garbage-first heap   total 524288K, used 95848K [0x0000000601000000, 0x0000000800000000)
  region size 4096K, 6 young (24576K), 1 survivors (4096K)
 Metaspace       used 6995K, committed 7168K, reserved 1064960K
  class space    used 222K, committed 320K, reserved 1048576K
}
Event: 2.082 GC heap after
{Heap after GC invocations=2 (full 0):
 garbage-first heap   total 524288K, used 75664K [0x0000000601000000, 0x0000000800000000)
  region size 4096K, 1 young (4096K), 1 survivors (4096K)
 Metaspace       used 6995K, committed 7168K, reserved 1064960K
  class space    used 222K, committed 320K, reserved 1048576K
}
Event: 2.307 GC heap before
{Heap before GC invocations=2 (full 0):
 garbage-first heap   total 524288K, used 145296K [0x0000000601000000, 0x0000000800000000)
  region size 4096K, 18 young (73728K), 1 survivors (4096K)
 Metaspace       used 7011K, committed 7232K, reserved 1064960K
  class space    used 222K, committed 320K, reserved 1048576K
}
Event: 2.307 GC heap after
{Heap after GC invocations=3 (full 0):
 garbage-first heap   total 524288K, used 75612K [0x0000000601000000, 0x0000000800000000)
  region size 4096K, 1 young (4096K), 1 survivors (4096K)
 Metaspace       used 7011K, committed 7232K, reserved 1064960K
  class space    used 222K, committed 320K, reserved 1048576K
}
Event: 3.339 GC heap before
{Heap before GC invocations=3 (full 0):
 garbage-first heap   total 524288K, used 382812K [0x0000000601000000, 0x0000000800000000)
  region size 4096K, 76 young (311296K), 1 survivors (4096K)
 Metaspace       used 14214K, committed 14400K, reserved 1064960K
  class space    used 1101K, committed 1216K, reserved 1048576K
}
Event: 3.341 GC heap after
{Heap after GC invocations=4 (full 0):
 garbage-first heap   total 524288K, used 82902K [0x0000000601000000, 0x0000000800000000)
  region size 4096K, 2 young (8192K), 2 survivors (8192K)
 Metaspace       used 14214K, committed 14400K, reserved 1064960K
  class space    used 1101K, committed 1216K, reserved 1048576K
}

Deoptimization events (20 events):
Event: 3.387 Thread 0x000001870d4d2050 DEOPT PACKING pc=0x0000018694a45e91 sp=0x0000000fa90ff4d0
Event: 3.387 Thread 0x000001870d4d2050 DEOPT UNPACKING pc=0x00000186941c2b43 sp=0x0000000fa90fe9b8 mode 0
Event: 3.388 Thread 0x000001870d4d11e0 DEOPT PACKING pc=0x0000018694a45e91 sp=0x0000000fa91ff2c0
Event: 3.388 Thread 0x000001870d4d11e0 DEOPT UNPACKING pc=0x00000186941c2b43 sp=0x0000000fa91fe7a8 mode 0
Event: 3.389 Thread 0x000001870d4d2050 Uncommon trap: trap_request=0xffffff45 fr.pc=0x000001869bd4e044 relative=0x0000000000004484
Event: 3.389 Thread 0x000001870d4d2050 Uncommon trap: reason=unstable_if action=reinterpret pc=0x000001869bd4e044 method=ColorQuantizer.dither(Ljava/awt/image/BufferedImage;)Ljava/awt/image/BufferedImage; @ 173 c2
Event: 3.389 Thread 0x000001870d4d2050 DEOPT PACKING pc=0x000001869bd4e044 sp=0x0000000fa90ff4c0
Event: 3.389 Thread 0x000001870d4d2050 DEOPT UNPACKING pc=0x00000186941c23a3 sp=0x0000000fa90ff4b8 mode 2
Event: 3.391 Thread 0x000001870d4cf030 Uncommon trap: trap_request=0xffffff45 fr.pc=0x000001869bd4e044 relative=0x0000000000004484
Event: 3.391 Thread 0x000001870d4cf030 Uncommon trap: reason=unstable_if action=reinterpret pc=0x000001869bd4e044 method=ColorQuantizer.dither(Ljava/awt/image/BufferedImage;)Ljava/awt/image/BufferedImage; @ 173 c2
Event: 3.391 Thread 0x000001870d4cf030 DEOPT PACKING pc=0x000001869bd4e044 sp=0x0000000fa98ff3f0
Event: 3.391 Thread 0x000001870d4cf030 DEOPT UNPACKING pc=0x00000186941c23a3 sp=0x0000000fa98ff3e8 mode 2
Event: 3.391 Thread 0x000001870d4d0840 Uncommon trap: trap_request=0xffffff45 fr.pc=0x000001869bd4e044 relative=0x0000000000004484
Event: 3.391 Thread 0x000001870d4d0840 Uncommon trap: reason=unstable_if action=reinterpret pc=0x000001869bd4e044 method=ColorQuantizer.dither(Ljava/awt/image/BufferedImage;)Ljava/awt/image/BufferedImage; @ 173 c2
Event: 3.391 Thread 0x000001870d4d0840 DEOPT PACKING pc=0x000001869bd4e044 sp=0x0000000fa8fff000
Event: 3.391 Thread 0x000001870d4d0840 DEOPT UNPACKING pc=0x00000186941c23a3 sp=0x0000000fa8ffeff8 mode 2
Event: 3.392 Thread 0x000001870d4cbb40 Uncommon trap: trap_request=0xffffff45 fr.pc=0x000001869bd4e044 relative=0x0000000000004484
Event: 3.392 Thread 0x000001870d4cbb40 Uncommon trap: reason=unstable_if action=reinterpret pc=0x000001869bd4e044 method=ColorQuantizer.dither(Ljava/awt/image/BufferedImage;)Ljava/awt/image/BufferedImage; @ 173 c2
Event: 3.392 Thread 0x000001870d4cbb40 DEOPT PACKING pc=0x000001869bd4e044 sp=0x0000000fa92fef40
Event: 3.392 Thread 0x000001870d4cbb40 DEOPT UNPACKING pc=0x00000186941c23a3 sp=0x0000000fa92fef38 mode 2

Classes unloaded (0 events):
No events

Classes redefined (0 events):
No events

Internal exceptions (20 events):
Event: 1.835 Thread 0x000001868c93bdd0 Exception <a 'java/lang/IncompatibleClassChangeError'{0x000000061fca6dd8}: Found class java.lang.Object, but interface was expected> (0x000000061fca6dd8) 
thrown [t:\workspace\open\src\hotspot\share\interpreter\linkResolver.cpp, line 833]
Event: 1.836 Thread 0x000001868c93bdd0 Exception <a 'java/lang/NoSuchMethodError'{0x000000061fca9d48}: 'void java.lang.invoke.DirectMethodHandle$Holder.invokeStaticInit(java.lang.Object, java.lang.Object)'> (0x000000061fca9d48) 
thrown [t:\workspace\open\src\hotspot\share\interpreter\linkResolver.cpp, line 766]
Event: 1.836 Thread 0x000001868c93bdd0 Exception <a 'java/lang/NoSuchMethodError'{0x000000061fcaf990}: 'int java.lang.invoke.DirectMethodHandle$Holder.invokeStaticInit(java.lang.Object, java.lang.Object)'> (0x000000061fcaf990) 
thrown [t:\workspace\open\src\hotspot\share\interpreter\linkResolver.cpp, line 766]
Event: 2.965 Thread 0x00000186ba6a98b0 Exception <a 'java/lang/ClassNotFoundException'{0x000000061d818948}: sun/awt/resources/spi/awtProvider> (0x000000061d818948) 
thrown [t:\workspace\open\src\hotspot\share\classfile\systemDictionary.cpp, line 256]
Event: 2.974 Thread 0x00000186ba6a98b0 Exception <a 'java/io/FileNotFoundException'{0x000000061d867ee8}> (0x000000061d867ee8) 
thrown [t:\workspace\open\src\hotspot\share\prims\jni.cpp, line 516]
Event: 2.977 Thread 0x00000186ba6a98b0 Exception <a 'java/io/FileNotFoundException'{0x000000061d894ed8}> (0x000000061d894ed8) 
thrown [t:\workspace\open\src\hotspot\share\prims\jni.cpp, line 516]
Event: 3.100 Thread 0x00000186ba6a98b0 Exception <a 'java/lang/NoSuchMethodError'{0x000000061d92a950}: 'void java.lang.invoke.DirectMethodHandle$Holder.invokeSpecial(java.lang.Object, java.lang.Object, java.lang.Object)'> (0x000000061d92a950) 
thrown [t:\workspace\open\src\hotspot\share\interpreter\linkResolver.cpp, line 766]
Event: 3.104 Thread 0x00000186ba6a98b0 Exception <a 'java/lang/NoSuchMethodError'{0x000000061d954a50}: 'java.lang.Object java.lang.invoke.DirectMethodHandle$Holder.newInvokeSpecial(java.lang.Object, java.lang.Object, java.lang.Object, java.lang.Object, java.lang.Object)'> (0x000000061d954a50) 
thrown [t:\workspace\open\src\hotspot\share\interpreter\linkResolver.cpp, line 766]
Event: 3.104 Thread 0x00000186ba6a98b0 Exception <a 'java/lang/NoSuchMethodError'{0x000000061d960418}: 'java.lang.Object java.lang.invoke.DirectMethodHandle$Holder.invokeStatic(java.lang.Object, int, java.lang.Object, java.lang.Object, java.lang.Object, java.lang.Object)'> (0x000000061d960418) 
thrown [t:\workspace\open\src\hotspot\share\interpreter\linkResolver.cpp, line 766]
Event: 3.106 Thread 0x00000186ba6a98b0 Exception <a 'java/lang/NoSuchMethodError'{0x000000061d985ba8}: 'java.lang.Object java.lang.invoke.DirectMethodHandle$Holder.invokeStatic(java.lang.Object, int, java.lang.Object)'> (0x000000061d985ba8) 
thrown [t:\workspace\open\src\hotspot\share\interpreter\linkResolver.cpp, line 766]
Event: 3.119 Thread 0x00000186ba6a98b0 Exception <a 'java/lang/ClassNotFoundException'{0x000000061d4418e0}: com/sun/swing/internal/plaf/metal/resources/spi/metalProvider> (0x000000061d4418e0) 
thrown [t:\workspace\open\src\hotspot\share\classfile\systemDictionary.cpp, line 256]
Event: 3.120 Thread 0x00000186ba6a98b0 Exception <a 'java/lang/ClassNotFoundException'{0x000000061d4457e0}: com/sun/swing/internal/plaf/basic/resources/spi/basicProvider> (0x000000061d4457e0) 
thrown [t:\workspace\open\src\hotspot\share\classfile\systemDictionary.cpp, line 256]
Event: 3.122 Thread 0x00000186ba6a98b0 Implicit null exception at 0x000001869bca710f to 0x000001869bca7189
Event: 3.122 Thread 0x00000186ba6a80a0 Implicit null exception at 0x000001869bca710f to 0x000001869bca7189
Event: 3.123 Thread 0x00000186ba6a98b0 Implicit null exception at 0x000001869bd16f8b to 0x000001869bd173a0
Event: 3.123 Thread 0x00000186ba6a80a0 Implicit null exception at 0x000001869bd16f8b to 0x000001869bd173a0
Event: 3.123 Thread 0x00000186ba6a98b0 Implicit null exception at 0x000001869bcbd90b to 0x000001869bcbdd18
Event: 3.123 Thread 0x00000186ba6a80a0 Implicit null exception at 0x000001869bcbd90b to 0x000001869bcbdd18
Event: 3.129 Thread 0x00000186ba6a7700 Exception <a 'java/lang/NoSuchMethodError'{0x000000061da0ff70}: 'void java.lang.invoke.DirectMethodHandle$Holder.invokeVirtual(java.lang.Object, java.lang.Object)'> (0x000000061da0ff70) 
thrown [t:\workspace\open\src\hotspot\share\interpreter\linkResolver.cpp, line 766]
Event: 3.136 Thread 0x000001870d4cf9d0 Exception <a 'java/lang/NoSuchMethodError'{0x000000061d6236e8}: 'void java.lang.invoke.DirectMethodHandle$Holder.invokeStaticInit(java.lang.Object)'> (0x000000061d6236e8) 
thrown [t:\workspace\open\src\hotspot\share\interpreter\linkResolver.cpp, line 766]

VM Operations (20 events):
Event: 1.200 Executing VM operation: Cleanup
Event: 1.200 Executing VM operation: Cleanup done
Event: 1.841 Executing VM operation: HandshakeAllThreads
Event: 1.841 Executing VM operation: HandshakeAllThreads done
Event: 1.855 Executing VM operation: HandshakeAllThreads
Event: 1.855 Executing VM operation: HandshakeAllThreads done
Event: 1.916 Executing VM operation: G1CollectForAllocation
Event: 1.918 Executing VM operation: G1CollectForAllocation done
Event: 1.988 Executing VM operation: HandshakeAllThreads
Event: 1.988 Executing VM operation: HandshakeAllThreads done
Event: 2.004 Executing VM operation: HandshakeAllThreads
Event: 2.004 Executing VM operation: HandshakeAllThreads done
Event: 2.081 Executing VM operation: G1CollectForAllocation
Event: 2.082 Executing VM operation: G1CollectForAllocation done
Event: 2.307 Executing VM operation: G1CollectForAllocation
Event: 2.307 Executing VM operation: G1CollectForAllocation done
Event: 2.966 Executing VM operation: HandshakeAllThreads
Event: 2.966 Executing VM operation: HandshakeAllThreads done
Event: 3.339 Executing VM operation: G1CollectForAllocation
Event: 3.341 Executing VM operation: G1CollectForAllocation done

Events (20 events):
Event: 3.361 Thread 0x000001870d4cc010 Thread exited: 0x000001870d4cc010
Event: 3.362 Thread 0x000001870d4d11e0 Thread exited: 0x000001870d4d11e0
Event: 3.362 Thread 0x000001870d4cd350 Thread exited: 0x000001870d4cd350
Event: 3.362 Thread 0x000001870d4cc4e0 Thread exited: 0x000001870d4cc4e0
Event: 3.364 Thread 0x000001870d4d0840 Thread added: 0x000001870d4d0840
Event: 3.364 Thread 0x000001870d4d2050 Thread added: 0x000001870d4d2050
Event: 3.364 Thread 0x000001870d4d11e0 Thread added: 0x000001870d4d11e0
Event: 3.364 Thread 0x000001870d4cbb40 Thread added: 0x000001870d4cbb40
Event: 3.364 Thread 0x000001870d4d1b80 Thread added: 0x000001870d4d1b80
Event: 3.364 Thread 0x000001870d4cfea0 Thread added: 0x000001870d4cfea0
Event: 3.364 Thread 0x000001870d4ceb60 Thread added: 0x000001870d4ceb60
Event: 3.364 Thread 0x000001870d4cf030 Thread added: 0x000001870d4cf030
Event: 3.389 Thread 0x000001870d4d2050 Thread exited: 0x000001870d4d2050
Event: 3.390 Thread 0x000001870d4cfea0 Thread exited: 0x000001870d4cfea0
Event: 3.390 Thread 0x000001870d4d1b80 Thread exited: 0x000001870d4d1b80
Event: 3.390 Thread 0x000001870d4d11e0 Thread exited: 0x000001870d4d11e0
Event: 3.390 Thread 0x000001870d4ceb60 Thread exited: 0x000001870d4ceb60
Event: 3.391 Thread 0x000001870d4cf030 Thread exited: 0x000001870d4cf030
Event: 3.392 Thread 0x000001870d4d0840 Thread exited: 0x000001870d4d0840
Event: 3.392 Thread 0x000001870d4cbb40 Thread exited: 0x000001870d4cbb40


Dynamic libraries:
0x00007ff72b680000 - 0x00007ff72b690000 	C:\Program Files\Java\jdk-17.0.2\bin\java.exe
0x00007ff952a10000 - 0x00007ff952c27000 	C:\WINDOWS\SYSTEM32\ntdll.dll
0x00007ff951e40000 - 0x00007ff951f04000 	C:\WINDOWS\System32\KERNEL32.DLL
0x00007ff9500d0000 - 0x00007ff950476000 	C:\WINDOWS\System32\KERNELBASE.dll
0x00007ff9505d0000 - 0x00007ff9506e1000 	C:\WINDOWS\System32\ucrtbase.dll
0x00007ff932cd0000 - 0x00007ff932cea000 	C:\Program Files\Java\jdk-17.0.2\bin\VCRUNTIME140.dll
0x00007ff933490000 - 0x00007ff9334a8000 	C:\Program Files\Java\jdk-17.0.2\bin\jli.dll
0x00007ff951d80000 - 0x00007ff951e30000 	C:\WINDOWS\System32\ADVAPI32.dll
0x00007ff950960000 - 0x00007ff950a07000 	C:\WINDOWS\System32\msvcrt.dll
0x00007ff951a80000 - 0x00007ff951b26000 	C:\WINDOWS\System32\sechost.dll
0x00007ff950790000 - 0x00007ff9508a7000 	C:\WINDOWS\System32\RPCRT4.dll
0x00007ff9523a0000 - 0x00007ff95254d000 	C:\WINDOWS\System32\USER32.dll
0x00007ff940d30000 - 0x00007ff940fc3000 	C:\WINDOWS\WinSxS\amd64_microsoft.windows.common-controls_6595b64144ccf1df_6.0.22621.2361_none_2712ced57382f843\COMCTL32.dll
0x00007ff950480000 - 0x00007ff9504a6000 	C:\WINDOWS\System32\win32u.dll
0x00007ff950930000 - 0x00007ff950959000 	C:\WINDOWS\System32\GDI32.dll
0x00007ff9504b0000 - 0x00007ff9505c8000 	C:\WINDOWS\System32\gdi32full.dll
0x00007ff94fe50000 - 0x00007ff94feea000 	C:\WINDOWS\System32\msvcp_win.dll
0x00007ff945e80000 - 0x00007ff945e8a000 	C:\WINDOWS\SYSTEM32\VERSION.dll
0x00007ff9528a0000 - 0x00007ff9528d1000 	C:\WINDOWS\System32\IMM32.DLL
0x00007ff933f90000 - 0x00007ff933f9c000 	C:\Program Files\Java\jdk-17.0.2\bin\vcruntime140_1.dll
0x00007ff896820000 - 0x00007ff8968ad000 	C:\Program Files\Java\jdk-17.0.2\bin\msvcp140.dll
0x00007ff8930c0000 - 0x00007ff893c81000 	C:\Program Files\Java\jdk-17.0.2\bin\server\jvm.dll
0x00007ff9508b0000 - 0x00007ff9508b8000 	C:\WINDOWS\System32\PSAPI.DLL
0x00007ff949080000 - 0x00007ff9490b4000 	C:\WINDOWS\SYSTEM32\WINMM.dll
0x00007ff93f740000 - 0x00007ff93f749000 	C:\WINDOWS\SYSTEM32\WSOCK32.dll
0x00007ff951580000 - 0x00007ff9515f1000 	C:\WINDOWS\System32\WS2_32.dll
0x00007ff94ee60000 - 0x00007ff94ee78000 	C:\WINDOWS\SYSTEM32\kernel.appcore.dll
0x00007ff933730000 - 0x00007ff93373a000 	C:\Program Files\Java\jdk-17.0.2\bin\jimage.dll
0x00007ff942040000 - 0x00007ff94226e000 	C:\WINDOWS\SYSTEM32\DBGHELP.DLL
0x00007ff951f10000 - 0x00007ff95229a000 	C:\WINDOWS\System32\combase.dll
0x00007ff9514a0000 - 0x00007ff951577000 	C:\WINDOWS\System32\OLEAUT32.dll
0x00007ff9445a0000 - 0x00007ff9445d2000 	C:\WINDOWS\SYSTEM32\dbgcore.DLL
0x00007ff9506f0000 - 0x00007ff95076a000 	C:\WINDOWS\System32\bcryptPrimitives.dll
0x00007ff941250000 - 0x00007ff94125e000 	C:\Program Files\Java\jdk-17.0.2\bin\instrument.dll
0x00007ff933600000 - 0x00007ff933625000 	C:\Program Files\Java\jdk-17.0.2\bin\java.dll
0x00007ff8c2570000 - 0x00007ff8c2646000 	C:\Program Files\Java\jdk-17.0.2\bin\jsvml.dll
0x00007ff950c10000 - 0x00007ff951468000 	C:\WINDOWS\System32\SHELL32.dll
0x00007ff94dd00000 - 0x00007ff94e5f2000 	C:\WINDOWS\SYSTEM32\windows.storage.dll
0x00007ff94dbc0000 - 0x00007ff94dcfe000 	C:\WINDOWS\SYSTEM32\wintypes.dll
0x00007ff951c80000 - 0x00007ff951d73000 	C:\WINDOWS\System32\SHCORE.dll
0x00007ff952970000 - 0x00007ff9529ce000 	C:\WINDOWS\System32\shlwapi.dll
0x00007ff94fcc0000 - 0x00007ff94fce6000 	C:\WINDOWS\SYSTEM32\profapi.dll
0x00007ff932ea0000 - 0x00007ff932eb8000 	C:\Program Files\Java\jdk-17.0.2\bin\zip.dll
0x00007ff933710000 - 0x00007ff933729000 	C:\Program Files\Java\jdk-17.0.2\bin\net.dll
0x00007ff94ab20000 - 0x00007ff94ac57000 	C:\WINDOWS\SYSTEM32\WINHTTP.dll
0x00007ff94f340000 - 0x00007ff94f3a9000 	C:\WINDOWS\system32\mswsock.dll
0x00007ff932ec0000 - 0x00007ff932ed6000 	C:\Program Files\Java\jdk-17.0.2\bin\nio.dll
0x00007ff921de0000 - 0x00007ff921dfa000 	C:\Program Files\JetBrains\IntelliJ IDEA 2023.2.4\bin\breakgen64.dll
0x000001868c8d0000 - 0x000001868c8d4000 	C:\Users\Zjaun\.javacpp\cache\javacpp-1.5.9-windows-x86_64.jar\org\bytedeco\javacpp\windows-x86_64\api-ms-win-crt-locale-l1-1-0.dll
0x000001868c8e0000 - 0x000001868c8e5000 	C:\Users\Zjaun\.javacpp\cache\javacpp-1.5.9-windows-x86_64.jar\org\bytedeco\javacpp\windows-x86_64\api-ms-win-crt-string-l1-1-0.dll
0x00000186b9320000 - 0x00000186b9325000 	C:\Users\Zjaun\.javacpp\cache\javacpp-1.5.9-windows-x86_64.jar\org\bytedeco\javacpp\windows-x86_64\api-ms-win-crt-stdio-l1-1-0.dll
0x00000186b9330000 - 0x00000186b9336000 	C:\Users\Zjaun\.javacpp\cache\javacpp-1.5.9-windows-x86_64.jar\org\bytedeco\javacpp\windows-x86_64\api-ms-win-crt-math-l1-1-0.dll
0x00000186b9340000 - 0x00000186b9344000 	C:\Users\Zjaun\.javacpp\cache\javacpp-1.5.9-windows-x86_64.jar\org\bytedeco\javacpp\windows-x86_64\api-ms-win-crt-heap-l1-1-0.dll
0x00000186b9350000 - 0x00000186b9355000 	C:\Users\Zjaun\.javacpp\cache\javacpp-1.5.9-windows-x86_64.jar\org\bytedeco\javacpp\windows-x86_64\api-ms-win-crt-runtime-l1-1-0.dll
0x00000186b9360000 - 0x00000186b9365000 	C:\Users\Zjaun\.javacpp\cache\javacpp-1.5.9-windows-x86_64.jar\org\bytedeco\javacpp\windows-x86_64\api-ms-win-crt-convert-l1-1-0.dll
0x00000186b9370000 - 0x00000186b9374000 	C:\Users\Zjaun\.javacpp\cache\javacpp-1.5.9-windows-x86_64.jar\org\bytedeco\javacpp\windows-x86_64\api-ms-win-crt-environment-l1-1-0.dll
0x00000186b9380000 - 0x00000186b9384000 	C:\Users\Zjaun\.javacpp\cache\javacpp-1.5.9-windows-x86_64.jar\org\bytedeco\javacpp\windows-x86_64\api-ms-win-crt-time-l1-1-0.dll
0x00000186b9390000 - 0x00000186b9394000 	C:\Users\Zjaun\.javacpp\cache\javacpp-1.5.9-windows-x86_64.jar\org\bytedeco\javacpp\windows-x86_64\api-ms-win-crt-filesystem-l1-1-0.dll
0x00000186b93a0000 - 0x00000186b93a4000 	C:\Users\Zjaun\.javacpp\cache\javacpp-1.5.9-windows-x86_64.jar\org\bytedeco\javacpp\windows-x86_64\api-ms-win-crt-utility-l1-1-0.dll
0x00000186b93b0000 - 0x00000186b93b6000 	C:\Users\Zjaun\.javacpp\cache\javacpp-1.5.9-windows-x86_64.jar\org\bytedeco\javacpp\windows-x86_64\api-ms-win-crt-multibyte-l1-1-0.dll
0x00000186b93c0000 - 0x00000186b93c4000 	C:\Users\Zjaun\.javacpp\cache\javacpp-1.5.9-windows-x86_64.jar\org\bytedeco\javacpp\windows-x86_64\api-ms-win-crt-conio-l1-1-0.dll
0x00000186b93d0000 - 0x00000186b93e1000 	C:\Users\Zjaun\.javacpp\cache\javacpp-1.5.9-windows-x86_64.jar\org\bytedeco\javacpp\windows-x86_64\api-ms-win-crt-private-l1-1-0.dll
0x00000186b93f0000 - 0x00000186b93f4000 	C:\Users\Zjaun\.javacpp\cache\javacpp-1.5.9-windows-x86_64.jar\org\bytedeco\javacpp\windows-x86_64\api-ms-win-crt-process-l1-1-0.dll
0x00000186bb9d0000 - 0x00000186bb9d4000 	C:\Users\Zjaun\.javacpp\cache\javacpp-1.5.9-windows-x86_64.jar\org\bytedeco\javacpp\windows-x86_64\api-ms-win-core-console-l1-2-0.dll
0x00000186bb9e0000 - 0x00000186bb9e4000 	C:\Users\Zjaun\.javacpp\cache\javacpp-1.5.9-windows-x86_64.jar\org\bytedeco\javacpp\windows-x86_64\api-ms-win-core-string-l1-1-0.dll
0x00000186bb9f0000 - 0x00000186bb9f4000 	C:\Users\Zjaun\.javacpp\cache\javacpp-1.5.9-windows-x86_64.jar\org\bytedeco\javacpp\windows-x86_64\api-ms-win-core-errorhandling-l1-1-0.dll
0x00000186bba00000 - 0x00000186bba04000 	C:\Users\Zjaun\.javacpp\cache\javacpp-1.5.9-windows-x86_64.jar\org\bytedeco\javacpp\windows-x86_64\api-ms-win-core-timezone-l1-1-0.dll
0x00000186bba10000 - 0x00000186bba15000 	C:\Users\Zjaun\.javacpp\cache\javacpp-1.5.9-windows-x86_64.jar\org\bytedeco\javacpp\windows-x86_64\api-ms-win-core-file-l1-1-0.dll
0x00000186bba20000 - 0x00000186bba24000 	C:\Users\Zjaun\.javacpp\cache\javacpp-1.5.9-windows-x86_64.jar\org\bytedeco\javacpp\windows-x86_64\api-ms-win-core-namedpipe-l1-1-0.dll
0x00000186bba30000 - 0x00000186bba34000 	C:\Users\Zjaun\.javacpp\cache\javacpp-1.5.9-windows-x86_64.jar\org\bytedeco\javacpp\windows-x86_64\api-ms-win-core-handle-l1-1-0.dll
0x00000186bba40000 - 0x00000186bba44000 	C:\Users\Zjaun\.javacpp\cache\javacpp-1.5.9-windows-x86_64.jar\org\bytedeco\javacpp\windows-x86_64\api-ms-win-core-file-l2-1-0.dll
0x00000186bba50000 - 0x00000186bba54000 	C:\Users\Zjaun\.javacpp\cache\javacpp-1.5.9-windows-x86_64.jar\org\bytedeco\javacpp\windows-x86_64\api-ms-win-core-heap-l1-1-0.dll
0x00000186bba60000 - 0x00000186bba64000 	C:\Users\Zjaun\.javacpp\cache\javacpp-1.5.9-windows-x86_64.jar\org\bytedeco\javacpp\windows-x86_64\api-ms-win-core-libraryloader-l1-1-0.dll
0x00000186bba70000 - 0x00000186bba74000 	C:\Users\Zjaun\.javacpp\cache\javacpp-1.5.9-windows-x86_64.jar\org\bytedeco\javacpp\windows-x86_64\api-ms-win-core-synch-l1-1-0.dll
0x00000186bba80000 - 0x00000186bba84000 	C:\Users\Zjaun\.javacpp\cache\javacpp-1.5.9-windows-x86_64.jar\org\bytedeco\javacpp\windows-x86_64\api-ms-win-core-processthreads-l1-1-0.dll
0x00000186bba90000 - 0x00000186bba94000 	C:\Users\Zjaun\.javacpp\cache\javacpp-1.5.9-windows-x86_64.jar\org\bytedeco\javacpp\windows-x86_64\api-ms-win-core-processenvironment-l1-1-0.dll
0x00000186bbaa0000 - 0x00000186bbaa4000 	C:\Users\Zjaun\.javacpp\cache\javacpp-1.5.9-windows-x86_64.jar\org\bytedeco\javacpp\windows-x86_64\api-ms-win-core-datetime-l1-1-0.dll
0x00000186bbab0000 - 0x00000186bbab4000 	C:\Users\Zjaun\.javacpp\cache\javacpp-1.5.9-windows-x86_64.jar\org\bytedeco\javacpp\windows-x86_64\api-ms-win-core-localization-l1-2-0.dll
0x00000186bbac0000 - 0x00000186bbac4000 	C:\Users\Zjaun\.javacpp\cache\javacpp-1.5.9-windows-x86_64.jar\org\bytedeco\javacpp\windows-x86_64\api-ms-win-core-sysinfo-l1-1-0.dll
0x00000186bbad0000 - 0x00000186bbad4000 	C:\Users\Zjaun\.javacpp\cache\javacpp-1.5.9-windows-x86_64.jar\org\bytedeco\javacpp\windows-x86_64\api-ms-win-core-synch-l1-2-0.dll
0x00000186bbae0000 - 0x00000186bbae4000 	C:\Users\Zjaun\.javacpp\cache\javacpp-1.5.9-windows-x86_64.jar\org\bytedeco\javacpp\windows-x86_64\api-ms-win-core-console-l1-1-0.dll
0x00000186bbaf0000 - 0x00000186bbaf4000 	C:\Users\Zjaun\.javacpp\cache\javacpp-1.5.9-windows-x86_64.jar\org\bytedeco\javacpp\windows-x86_64\api-ms-win-core-debug-l1-1-0.dll
0x00000186bbb00000 - 0x00000186bbb04000 	C:\Users\Zjaun\.javacpp\cache\javacpp-1.5.9-windows-x86_64.jar\org\bytedeco\javacpp\windows-x86_64\api-ms-win-core-rtlsupport-l1-1-0.dll
0x00000186bbb10000 - 0x00000186bbb14000 	C:\Users\Zjaun\.javacpp\cache\javacpp-1.5.9-windows-x86_64.jar\org\bytedeco\javacpp\windows-x86_64\api-ms-win-core-processthreads-l1-1-1.dll
0x00000186bbb20000 - 0x00000186bbb24000 	C:\Users\Zjaun\.javacpp\cache\javacpp-1.5.9-windows-x86_64.jar\org\bytedeco\javacpp\windows-x86_64\api-ms-win-core-file-l1-2-0.dll
0x00000186bbb30000 - 0x00000186bbb34000 	C:\Users\Zjaun\.javacpp\cache\javacpp-1.5.9-windows-x86_64.jar\org\bytedeco\javacpp\windows-x86_64\api-ms-win-core-profile-l1-1-0.dll
0x00000186bbb40000 - 0x00000186bbb44000 	C:\Users\Zjaun\.javacpp\cache\javacpp-1.5.9-windows-x86_64.jar\org\bytedeco\javacpp\windows-x86_64\api-ms-win-core-memory-l1-1-0.dll
0x00000186bbb50000 - 0x00000186bbb54000 	C:\Users\Zjaun\.javacpp\cache\javacpp-1.5.9-windows-x86_64.jar\org\bytedeco\javacpp\windows-x86_64\api-ms-win-core-util-l1-1-0.dll
0x00000186bbb60000 - 0x00000186bbb64000 	C:\Users\Zjaun\.javacpp\cache\javacpp-1.5.9-windows-x86_64.jar\org\bytedeco\javacpp\windows-x86_64\api-ms-win-core-interlocked-l1-1-0.dll
0x00007ff916000000 - 0x00007ff916111000 	C:\Users\Zjaun\.javacpp\cache\javacpp-1.5.9-windows-x86_64.jar\org\bytedeco\javacpp\windows-x86_64\ucrtbase.dll
0x00007ff9163b0000 - 0x00007ff9163cb000 	C:\Users\Zjaun\.javacpp\cache\javacpp-1.5.9-windows-x86_64.jar\org\bytedeco\javacpp\windows-x86_64\vcruntime140.dll
0x00007ff91db20000 - 0x00007ff91db2c000 	C:\Users\Zjaun\.javacpp\cache\javacpp-1.5.9-windows-x86_64.jar\org\bytedeco\javacpp\windows-x86_64\vcruntime140_1.dll
0x00007ff898190000 - 0x00007ff89821d000 	C:\Users\Zjaun\.javacpp\cache\javacpp-1.5.9-windows-x86_64.jar\org\bytedeco\javacpp\windows-x86_64\msvcp140.dll
0x00007ff91ad40000 - 0x00007ff91ad49000 	C:\Users\Zjaun\.javacpp\cache\javacpp-1.5.9-windows-x86_64.jar\org\bytedeco\javacpp\windows-x86_64\msvcp140_1.dll
0x00007ff8f7690000 - 0x00007ff8f76de000 	C:\Users\Zjaun\.javacpp\cache\javacpp-1.5.9-windows-x86_64.jar\org\bytedeco\javacpp\windows-x86_64\concrt140.dll
0x00007ff904dd0000 - 0x00007ff904e01000 	C:\Users\Zjaun\.javacpp\cache\javacpp-1.5.9-windows-x86_64.jar\org\bytedeco\javacpp\windows-x86_64\vcomp140.dll
0x00007ff9163a0000 - 0x00007ff9163af000 	C:\Users\Zjaun\.javacpp\cache\javacpp-1.5.9-windows-x86_64.jar\org\bytedeco\javacpp\windows-x86_64\jnijavacpp.dll
0x00007ff843d40000 - 0x00007ff845a80000 	C:\Users\Zjaun\.javacpp\cache\openblas-0.3.23-1.5.9-windows-x86_64.jar\org\bytedeco\openblas\windows-x86_64\libopenblas_nolapack.dll
0x00007ff94f5b0000 - 0x00007ff94f5bc000 	C:\WINDOWS\SYSTEM32\CRYPTBASE.DLL
0x00007ff8f59d0000 - 0x00007ff8f5a2f000 	C:\Users\Zjaun\.javacpp\cache\openblas-0.3.23-1.5.9-windows-x86_64.jar\org\bytedeco\openblas\windows-x86_64\jniopenblas_nolapack.dll
0x00007ff83ee80000 - 0x00007ff840bc0000 	C:\Users\Zjaun\.javacpp\cache\openblas-0.3.23-1.5.9-windows-x86_64.jar\org\bytedeco\openblas\windows-x86_64\libopenblas.dll
0x00007ff842950000 - 0x00007ff843d33000 	C:\Users\Zjaun\.javacpp\cache\openblas-0.3.23-1.5.9-windows-x86_64.jar\org\bytedeco\openblas\windows-x86_64\jniopenblas.dll
0x00007ff847160000 - 0x00007ff847617000 	C:\Users\Zjaun\.javacpp\cache\opencv-4.7.0-1.5.9-windows-x86_64.jar\org\bytedeco\opencv\windows-x86_64\opencv_core470.dll
0x00007ff841f90000 - 0x00007ff84270d000 	C:\Users\Zjaun\.javacpp\cache\opencv-4.7.0-1.5.9-windows-x86_64.jar\org\bytedeco\opencv\windows-x86_64\opencv_imgproc470.dll
0x00007ff846ec0000 - 0x00007ff847156000 	C:\Users\Zjaun\.javacpp\cache\opencv-4.7.0-1.5.9-windows-x86_64.jar\org\bytedeco\opencv\windows-x86_64\jniopencv_core.dll
0x00007ff950a10000 - 0x00007ff950baf000 	C:\WINDOWS\System32\ole32.dll
0x00007ff8c1380000 - 0x00007ff8c13cf000 	C:\Users\Zjaun\.javacpp\cache\videoinput-0.200-1.5.9-windows-x86_64.jar\org\bytedeco\videoinput\windows-x86_64\jnivideoInputLib.dll
0x00007ff94d1f0000 - 0x00007ff94d29b000 	C:\WINDOWS\system32\uxtheme.dll
0x00007ff9527f0000 - 0x00007ff9528a0000 	C:\WINDOWS\System32\clbcatq.dll
0x00007ff894490000 - 0x00007ff8944b1000 	C:\Windows\System32\devenum.dll
0x00007ff94fa80000 - 0x00007ff94face000 	C:\Windows\System32\CFGMGR32.dll
0x00007ff951600000 - 0x00007ff951a74000 	C:\WINDOWS\System32\setupapi.dll
0x00007ff94eee0000 - 0x00007ff94ef14000 	C:\WINDOWS\SYSTEM32\ntmarta.dll
0x00007ff94fa50000 - 0x00007ff94fa7c000 	C:\WINDOWS\SYSTEM32\DEVOBJ.dll
0x00007ff94fef0000 - 0x00007ff94ff5c000 	C:\WINDOWS\System32\WINTRUST.dll
0x00007ff94ff60000 - 0x00007ff9500c6000 	C:\WINDOWS\System32\CRYPT32.dll
0x00007ff94f5f0000 - 0x00007ff94f602000 	C:\WINDOWS\SYSTEM32\MSASN1.dll
0x00007ff93f830000 - 0x00007ff93f83b000 	C:\WINDOWS\SYSTEM32\msdmo.dll
0x00007ff894410000 - 0x00007ff894449000 	C:\Windows\System32\qcap.dll
0x00007ff9490c0000 - 0x00007ff9492a7000 	C:\Windows\System32\quartz.dll
0x00007ff94f750000 - 0x00007ff94f778000 	C:\Windows\System32\bcrypt.dll
0x00007ff951b30000 - 0x00007ff951c7c000 	C:\WINDOWS\System32\MSCTF.dll
0x00007ff8c1410000 - 0x00007ff8c144b000 	C:\Windows\System32\mfksproxy.dll
0x00007ff94cf10000 - 0x00007ff94cf2e000 	C:\Windows\System32\ATL.DLL
0x00007ff94a0d0000 - 0x00007ff94a29e000 	C:\Windows\System32\MFPlat.DLL
0x00007ff949fa0000 - 0x00007ff949fd3000 	C:\Windows\System32\RTWorkQ.DLL
0x00007ff899590000 - 0x00007ff8995d6000 	C:\Windows\System32\FrameServerMonitorClient.dll
0x00007ff94a990000 - 0x00007ff94aa0f000 	C:\Windows\System32\MFSENSORGROUP.dll

dbghelp: loaded successfully - version: 4.0.5 - missing functions: none
symbol engine: initialized successfully - sym options: 0x614 - pdb path: .;C:\Program Files\Java\jdk-17.0.2\bin;C:\WINDOWS\SYSTEM32;C:\WINDOWS\WinSxS\amd64_microsoft.windows.common-controls_6595b64144ccf1df_6.0.22621.2361_none_2712ced57382f843;C:\Program Files\Java\jdk-17.0.2\bin\server;C:\Program Files\JetBrains\IntelliJ IDEA 2023.2.4\bin;C:\Users\Zjaun\.javacpp\cache\javacpp-1.5.9-windows-x86_64.jar\org\bytedeco\javacpp\windows-x86_64;C:\Users\Zjaun\.javacpp\cache\openblas-0.3.23-1.5.9-windows-x86_64.jar\org\bytedeco\openblas\windows-x86_64;C:\Users\Zjaun\.javacpp\cache\opencv-4.7.0-1.5.9-windows-x86_64.jar\org\bytedeco\opencv\windows-x86_64;C:\Users\Zjaun\.javacpp\cache\videoinput-0.200-1.5.9-windows-x86_64.jar\org\bytedeco\videoinput\windows-x86_64;C:\WINDOWS\WinSxS\amd64_microsoft.windows.gdiplus_6595b64144ccf1df_1.1.22621.1778_none_57fe2016ce1542ec;C:\WINDOWS\System32\DriverStore\FileRepository\nv_dispig.inf_amd64_8c8de08a85de4474

VM Arguments:
jvm_args: -javaagent:C:\Program Files\JetBrains\IntelliJ IDEA 2023.2.4\lib\idea_rt.jar=53713:C:\Program Files\JetBrains\IntelliJ IDEA 2023.2.4\bin -Dfile.encoding=UTF-8 
java_command: ColorQuantizer
java_class_path (initial): C:\Users\Zjaun\Pictures\Stream Files\Semi-Hardcore Minecraft Server\Parallel Image Dithering Algorithms\target\classes;C:\Users\Zjaun\.m2\repository\org\bytedeco\javacv-platform\1.5.9\javacv-platform-1.5.9.jar;C:\Users\Zjaun\.m2\repository\org\bytedeco\javacv\1.5.9\javacv-1.5.9.jar;C:\Users\Zjaun\.m2\repository\org\bytedeco\javacpp\1.5.9\javacpp-1.5.9.jar;C:\Users\Zjaun\.m2\repository\org\bytedeco\openblas\0.3.23-1.5.9\openblas-0.3.23-1.5.9.jar;C:\Users\Zjaun\.m2\repository\org\bytedeco\opencv\4.7.0-1.5.9\opencv-4.7.0-1.5.9.jar;C:\Users\Zjaun\.m2\repository\org\bytedeco\ffmpeg\6.0-1.5.9\ffmpeg-6.0-1.5.9.jar;C:\Users\Zjaun\.m2\repository\org\bytedeco\flycapture\2.13.3.31-1.5.9\flycapture-2.13.3.31-1.5.9.jar;C:\Users\Zjaun\.m2\repository\org\bytedeco\libdc1394\2.2.6-1.5.9\libdc1394-2.2.6-1.5.9.jar;C:\Users\Zjaun\.m2\repository\org\bytedeco\libfreenect\0.5.7-1.5.9\libfreenect-0.5.7-1.5.9.jar;C:\Users\Zjaun\.m2\repository\org\bytedeco\libfreenect2\0.2.0-1.5.9\libfreenect2-0.2.0-1.5.9.jar;C:\Users\Zjaun\.m2\repository\org\bytedeco\librealsense\1.12.4-1.5.9\librealsense-1.12.4-1.5.9.jar;C:\Users\Zjaun\.m2\repository\org\bytedeco\librealsense2\2.53.1-1.5.9\librealsense2-2.53.1-1.5.9.jar;C:\Users\Zjaun\.m2\repository\org\bytedeco\videoinput\0.200-1.5.9\videoinput-0.200-1.5.9.jar;C:\Users\Zjaun\.m2\repository\org\bytedeco\artoolkitplus\2.3.1-1.5.9\artoolkitplus-2.3.1-1.5.9.jar;C:\Users\Zjaun\.m2\repository\org\bytedeco\leptonica\1.83.0-1.5.9\leptonica-1.83.0-1.5.9.jar;C:\Users\Zjaun\.m2\repository\org\bytedeco\tesseract\5.3.1-1.5.9\tesseract-5.3.1-1.5.9.jar;C:\Users\Zjaun\.m2\repository\org\openjfx\javafx-graphics\17\javafx-graphics-17.jar;C:\Users\Zjaun\.m2\repository\org\openjfx\javafx-graphics\17\javafx-graphics-17-win.jar;C:\Users\Zjaun\.m2\repository\org\openjfx\javafx-base\17\javafx-base-17.jar;C:\Users\Zjaun\.m2\repository\org\openjfx\javafx-base\17\javafx-base-17-win.jar;C:\Users\Zjaun\.m2\repository\org\bytedeco\openblas-platform\0.3.23-
Launcher Type: SUN_STANDARD

[Global flags]
     intx CICompilerCount                          = 4                                         {product} {ergonomic}
     uint ConcGCThreads                            = 3                                         {product} {ergonomic}
     uint G1ConcRefinementThreads                  = 10                                        {product} {ergonomic}
   size_t G1HeapRegionSize                         = 4194304                                   {product} {ergonomic}
    uintx GCDrainStackTargetSize                   = 64                                        {product} {ergonomic}
   size_t InitialHeapSize                          = 536870912                                 {product} {ergonomic}
   size_t MarkStackSize                            = 4194304                                   {product} {ergonomic}
   size_t MaxHeapSize                              = 8573157376                                {product} {ergonomic}
   size_t MaxNewSize                               = 5142216704                                {product} {ergonomic}
   size_t MinHeapDeltaBytes                        = 4194304                                   {product} {ergonomic}
   size_t MinHeapSize                              = 8388608                                   {product} {ergonomic}
    uintx NonNMethodCodeHeapSize                   = 5839372                                {pd product} {ergonomic}
    uintx NonProfiledCodeHeapSize                  = 122909434                              {pd product} {ergonomic}
    uintx ProfiledCodeHeapSize                     = 122909434                              {pd product} {ergonomic}
    uintx ReservedCodeCacheSize                    = 251658240                              {pd product} {ergonomic}
     bool SegmentedCodeCache                       = true                                      {product} {ergonomic}
   size_t SoftMaxHeapSize                          = 8573157376                             {manageable} {ergonomic}
     bool UseCompressedClassPointers               = true                           {product lp64_product} {ergonomic}
     bool UseCompressedOops                        = true                           {product lp64_product} {ergonomic}
     bool UseG1GC                                  = true                                      {product} {ergonomic}
     bool UseLargePagesIndividualAllocation        = false                                  {pd product} {ergonomic}

Logging:
Log output configuration:
 #0: stdout all=warning uptime,level,tags
 #1: stderr all=off uptime,level,tags

Environment Variables:
JAVA_HOME=C:\Program Files\Java\jdk-17.0.2
PATH=c:\program files (x86)\vmware\vmware player\bin\;c:\program files\oculus\support\oculus-runtime;c:\program files (x86)\common files\intel\shared libraries\redist\intel64\compiler;c:\program files\common files\oracle\java\javapath;C:\Program Files (x86)\Common Files\Oracle\Java\javapath;c:\windows\system32;c:\windows;c:\windows\system32\wbem;c:\windows\system32\windowspowershell\v1.0\;c:\windows\system32\openssh\;c:\program files (x86)\winscp\;c:\program files\dotnet\;c:\program files\nodejs\;c:\program files\git\cmd;c:\program files\powershell\7\;c:\windows\system32;c:\windows;c:\windows\system32\wbem;c:\windows\system32\windowspowershell\v1.0\;c:\windows\system32\openssh\;c:\scrcpy-win64-v1.25;C:\Program Files (x86)\NVIDIA Corporation\PhysX\Common;C:\Program Files\Apache\apache-maven-3.9.1\bin;;C:\Program Files\Docker\Docker\resources\bin;C:\Program Files\Tailscale\;C:\Program Files\Java\jdk-17.0.2\bin;C:\Users\Zjaun\AppData\Local\Programs\Microsoft VS Code\bin;C:\Program Files\JetBrains\IntelliJ IDEA 2023.2.4\bin;;C:\Program Files\JetBrains\CLion 2023.2.2\bin;;C:\Program Files\JetBrains\PyCharm 2023.2.3\bin;
USERNAME=Zjaun
OS=Windows_NT
PROCESSOR_IDENTIFIER=AMD64 Family 25 Model 33 Stepping 0, AuthenticAMD



---------------  S Y S T E M  ---------------

OS:
 Windows 11 , 64 bit Build 22621 (10.0.22621.2428)
OS uptime: 0 days 0:39 hours

CPU: total 12 (initial active 12) (12 cores per cpu, 2 threads per core) family 25 model 33 stepping 0 microcode 0x0, cx8, cmov, fxsr, ht, mmx, 3dnowpref, sse, sse2, sse3, ssse3, sse4a, sse4.1, sse4.2, popcnt, lzcnt, tsc, tscinvbit, avx, avx2, aes, erms, clmul, bmi1, bmi2, adx, sha, fma, vzeroupper, clflush, clflushopt

Memory: 4k page, system-wide physical 32691M (20403M free)
TotalPageFile size 34739M (AvailPageFile size 14673M)
current process WorkingSet (physical memory assigned to process): 518M, peak: 518M
current process commit charge ("private bytes"): 3553M, peak: 3555M

vm_info: Java HotSpot(TM) 64-Bit Server VM (17.0.2+8-LTS-86) for windows-amd64 JRE (17.0.2+8-LTS-86), built on Dec  7 2021 21:51:03 by "mach5one" with MS VC++ 16.8 / 16.9 (VS2019)

END.
