#
# A fatal error has been detected by the Java Runtime Environment:
#
#  EXCEPTION_ACCESS_VIOLATION (0xc0000005) at pc=0x00007ff9100ace93, pid=21388, tid=21112
#
# JRE version: Java(TM) SE Runtime Environment (17.0.2+8) (build 17.0.2+8-LTS-86)
# Java VM: Java HotSpot(TM) 64-Bit Server VM (17.0.2+8-LTS-86, mixed mode, sharing, tiered, compressed oops, compressed class ptrs, g1 gc, windows-amd64)
# Problematic frame:
# C  [jnivideoInputLib.dll+0x1ce93]
#
# No core dump will be written. Minidumps are not enabled by default on client versions of Windows
#
# If you would like to submit a bug report, please visit:
#   https://bugreport.java.com/bugreport/crash.jsp
# The crash happened outside the Java Virtual Machine in native code.
# See problematic frame for where to report the bug.
#

---------------  S U M M A R Y ------------

Command Line: -javaagent:C:\Program Files\JetBrains\IntelliJ IDEA 2023.2.4\lib\idea_rt.jar=55436:C:\Program Files\JetBrains\IntelliJ IDEA 2023.2.4\bin -Dfile.encoding=UTF-8 ColorQuantizer

Host: AMD Ryzen 5 5600X 6-Core Processor             , 12 cores, 31G,  Windows 11 , 64 bit Build 22621 (10.0.22621.2428)
Time: Sun Nov  5 22:30:18 2023 Malay Peninsula Standard Time elapsed time: 3.131717 seconds (0d 0h 0m 3s)

---------------  T H R E A D  ---------------

Current thread (0x00000153cd884f40):  JavaThread "Thread-10" [_thread_in_native, id=21112, stack(0x000000297b000000,0x000000297b100000)]

Stack: [0x000000297b000000,0x000000297b100000],  sp=0x000000297b0ff418,  free space=1021k
Native frames: (J=compiled Java code, j=interpreted, Vv=VM code, C=native code)
C  [jnivideoInputLib.dll+0x1ce93]

Java frames: (J=compiled Java code, j=interpreted, Vv=VM code)
j  org.bytedeco.videoinput.videoInput.getPixels(ILorg/bytedeco/javacpp/BytePointer;ZZ)Z+0
j  CustomVideoInputFrameGrabber.grab()Lorg/bytedeco/javacv/Frame;+107
j  Demo.run()V+105
j  java.lang.Thread.run()V+11 java.base@17.0.2
v  ~StubRoutines::call_stub

siginfo: EXCEPTION_ACCESS_VIOLATION (0xc0000005), writing address 0x0000000000000020


Register to memory mapping:

RIP=0x00007ff9100ace93 jnivideoInputLib.dll
RAX=0x0 is NULL
RBX=0x0 is NULL
RCX=0x0000000000000020 is an unknown value
RDX=0x00000154117d8520 points into unknown readable memory: 0x757979747a78747a | 7a 74 78 7a 74 79 79 75
RSP=0x000000297b0ff418 is pointing into the stack for thread: 0x00000153cd884f40
RBP=0x0000000000000168 is an unknown value
RSI=0x0000000000000780 is an unknown value
RDI=0x00000154117d8500 points into unknown readable memory: 0x767276747074726e | 6e 72 74 70 74 76 72 76
R8 =0x0000000000000760 is an unknown value
R9 =0xffffffffffffffe0 is an unknown value
R10=0x00007ff910090000 jnivideoInputLib.dll
R11=0x0000000000000780 is an unknown value
R12=0x0 is NULL
R13=0x0000015412dd4fa8 is pointing into metadata
R14=0xfffffffffffff880 is an unknown value
R15=0x0000000000000002 is an unknown value


Registers:
RAX=0x0000000000000000, RBX=0x0000000000000000, RCX=0x0000000000000020, RDX=0x00000154117d8520
RSP=0x000000297b0ff418, RBP=0x0000000000000168, RSI=0x0000000000000780, RDI=0x00000154117d8500
R8 =0x0000000000000760, R9 =0xffffffffffffffe0, R10=0x00007ff910090000, R11=0x0000000000000780
R12=0x0000000000000000, R13=0x0000015412dd4fa8, R14=0xfffffffffffff880, R15=0x0000000000000002
RIP=0x00007ff9100ace93, EFLAGS=0x0000000000010287

Top of Stack: (sp=0x000000297b0ff418)
0x000000297b0ff418:   00007ff910093dde 0000000000000000
0x000000297b0ff428:   0000000000089948 0000000000000000
0x000000297b0ff438:   0000000000000000 0000000000000000
0x000000297b0ff448:   00007ff9100928e8 0000000000000000
0x000000297b0ff458:   00000153d0ec0c18 0000000000000000
0x000000297b0ff468:   0000000000000002 0000000000000168
0x000000297b0ff478:   00000153a77b9600 0000000000000001
0x000000297b0ff488:   0000015412dd4fa8 0000000000000000
0x000000297b0ff498:   0000000000000000 00000153d0ec0b50
0x000000297b0ff4a8:   00007ff91009c0cb 00000153cd8851e8
0x000000297b0ff4b8:   00000153cd884f40 000000297b0ff5a8
0x000000297b0ff4c8:   00000153cd884f40 00000153a77b9601
0x000000297b0ff4d8:   00000153a77bd48e 0000015412dd4f00
0x000000297b0ff4e8:   0000015412dd4fb8 00000153cd884f40
0x000000297b0ff4f8:   000000297b0ff5e8 00000153a77b9612
0x000000297b0ff508:   00000153a77bd621 00000153cd8851e8 

Instructions: (pc=0x00007ff9100ace93)
0x00007ff9100acd93:   4c 8b 02 8b 4a 08 4c 89 00 89 48 08 c3 8b 0a 44
0x00007ff9100acda3:   0f b7 42 04 89 08 66 44 89 40 04 c3 8b 0a 44 0f
0x00007ff9100acdb3:   b6 42 04 89 08 44 88 40 04 c3 48 8b 0a 48 89 08
0x00007ff9100acdc3:   c3 0f b6 0a 88 08 c3 8b 0a 89 08 c3 90 49 83 f8
0x00007ff9100acdd3:   20 77 17 f3 0f 6f 0a f3 42 0f 6f 54 02 f0 f3 0f
0x00007ff9100acde3:   7f 09 f3 42 0f 7f 54 01 f0 c3 48 3b d1 73 0e 4e
0x00007ff9100acdf3:   8d 0c 02 49 3b c9 0f 82 41 04 00 00 90 83 3d 11
0x00007ff9100ace03:   92 02 00 03 0f 82 e3 02 00 00 49 81 f8 00 20 00
0x00007ff9100ace13:   00 76 16 49 81 f8 00 00 18 00 77 0d f6 05 1e a4
0x00007ff9100ace23:   02 00 02 0f 85 64 fe ff ff c5 fe 6f 02 c4 a1 7e
0x00007ff9100ace33:   6f 6c 02 e0 49 81 f8 00 01 00 00 0f 86 c4 00 00
0x00007ff9100ace43:   00 4c 8b c9 49 83 e1 1f 49 83 e9 20 49 2b c9 49
0x00007ff9100ace53:   2b d1 4d 03 c1 49 81 f8 00 01 00 00 0f 86 a3 00
0x00007ff9100ace63:   00 00 49 81 f8 00 00 18 00 0f 87 3e 01 00 00 66
0x00007ff9100ace73:   66 66 66 66 66 0f 1f 84 00 00 00 00 00 c5 fe 6f
0x00007ff9100ace83:   0a c5 fe 6f 52 20 c5 fe 6f 5a 40 c5 fe 6f 62 60
0x00007ff9100ace93:   c5 fd 7f 09 c5 fd 7f 51 20 c5 fd 7f 59 40 c5 fd
0x00007ff9100acea3:   7f 61 60 c5 fe 6f 8a 80 00 00 00 c5 fe 6f 92 a0
0x00007ff9100aceb3:   00 00 00 c5 fe 6f 9a c0 00 00 00 c5 fe 6f a2 e0
0x00007ff9100acec3:   00 00 00 c5 fd 7f 89 80 00 00 00 c5 fd 7f 91 a0
0x00007ff9100aced3:   00 00 00 c5 fd 7f 99 c0 00 00 00 c5 fd 7f a1 e0
0x00007ff9100acee3:   00 00 00 48 81 c1 00 01 00 00 48 81 c2 00 01 00
0x00007ff9100acef3:   00 49 81 e8 00 01 00 00 49 81 f8 00 01 00 00 0f
0x00007ff9100acf03:   83 78 ff ff ff 4d 8d 48 1f 49 83 e1 e0 4d 8b d9
0x00007ff9100acf13:   49 c1 eb 05 47 8b 9c 9a 90 d0 04 00 4d 03 da 41
0x00007ff9100acf23:   ff e3 c4 a1 7e 6f 8c 0a 00 ff ff ff c4 a1 7e 7f
0x00007ff9100acf33:   8c 09 00 ff ff ff c4 a1 7e 6f 8c 0a 20 ff ff ff
0x00007ff9100acf43:   c4 a1 7e 7f 8c 09 20 ff ff ff c4 a1 7e 6f 8c 0a
0x00007ff9100acf53:   40 ff ff ff c4 a1 7e 7f 8c 09 40 ff ff ff c4 a1
0x00007ff9100acf63:   7e 6f 8c 0a 60 ff ff ff c4 a1 7e 7f 8c 09 60 ff
0x00007ff9100acf73:   ff ff c4 a1 7e 6f 4c 0a 80 c4 a1 7e 7f 4c 09 80
0x00007ff9100acf83:   c4 a1 7e 6f 4c 0a a0 c4 a1 7e 7f 4c 09 a0 c4 a1 


Stack slot to memory mapping:
stack at sp + 0 slots: 0x00007ff910093dde jnivideoInputLib.dll
stack at sp + 1 slots: 0x0 is NULL
stack at sp + 2 slots: 0x0000000000089948 is an unknown value
stack at sp + 3 slots: 0x0 is NULL
stack at sp + 4 slots: 0x0 is NULL
stack at sp + 5 slots: 0x0 is NULL
stack at sp + 6 slots: 0x00007ff9100928e8 jnivideoInputLib.dll
stack at sp + 7 slots: 0x0 is NULL


---------------  P R O C E S S  ---------------

Threads class SMR info:
_java_thread_list=0x00000153d14ccef0, length=22, elements={
0x00000153cc92e7a0, 0x00000153cd403e90, 0x00000153cd413b40, 0x00000153cd415700,
0x00000153cd418860, 0x00000153cd4199b0, 0x00000153cd41e3e0, 0x00000153cd41f620,
0x00000153cd423ef0, 0x00000153cc9192b0, 0x00000153cdddc8b0, 0x00000153cd8aca30,
0x00000153cd883c00, 0x00000153cd8845a0, 0x00000153cd884f40, 0x00000153cd885410,
0x00000153cd886c20, 0x00000153cd8840d0, 0x00000153cd885db0, 0x00000153cd886280,
0x00000153cd886750, 0x00000153d14ddc20
}

Java Threads: ( => current thread )
  0x00000153cc92e7a0 JavaThread "Reference Handler" daemon [_thread_blocked, id=14944, stack(0x0000002977300000,0x0000002977400000)]
  0x00000153cd403e90 JavaThread "Finalizer" daemon [_thread_blocked, id=14948, stack(0x0000002977400000,0x0000002977500000)]
  0x00000153cd413b40 JavaThread "Signal Dispatcher" daemon [_thread_blocked, id=17088, stack(0x0000002977500000,0x0000002977600000)]
  0x00000153cd415700 JavaThread "Attach Listener" daemon [_thread_blocked, id=11436, stack(0x0000002977600000,0x0000002977700000)]
  0x00000153cd418860 JavaThread "Service Thread" daemon [_thread_blocked, id=6316, stack(0x0000002977700000,0x0000002977800000)]
  0x00000153cd4199b0 JavaThread "Monitor Deflation Thread" daemon [_thread_blocked, id=5484, stack(0x0000002977800000,0x0000002977900000)]
  0x00000153cd41e3e0 JavaThread "C2 CompilerThread0" daemon [_thread_blocked, id=2824, stack(0x0000002977900000,0x0000002977a00000)]
  0x00000153cd41f620 JavaThread "C1 CompilerThread0" daemon [_thread_blocked, id=14116, stack(0x0000002977a00000,0x0000002977b00000)]
  0x00000153cd423ef0 JavaThread "Sweeper thread" daemon [_thread_blocked, id=2840, stack(0x0000002977b00000,0x0000002977c00000)]
  0x00000153cc9192b0 JavaThread "Common-Cleaner" daemon [_thread_blocked, id=3600, stack(0x0000002977c00000,0x0000002977d00000)]
  0x00000153cdddc8b0 JavaThread "Monitor Ctrl-Break" daemon [_thread_in_native, id=10832, stack(0x0000002977e00000,0x0000002977f00000)]
  0x00000153cd8aca30 JavaThread "Notification Thread" daemon [_thread_blocked, id=1880, stack(0x0000002977f00000,0x0000002978000000)]
  0x00000153cd883c00 JavaThread "JavaCPP Deallocator" daemon [_thread_blocked, id=15084, stack(0x0000002978b00000,0x0000002978c00000)]
  0x00000153cd8845a0 JavaThread "Thread-9" [_thread_in_native, id=3656, stack(0x000000297af00000,0x000000297b000000)]
=>0x00000153cd884f40 JavaThread "Thread-10" [_thread_in_native, id=21112, stack(0x000000297b000000,0x000000297b100000)]
  0x00000153cd885410 JavaThread "Thread-11" [_thread_in_native, id=18520, stack(0x000000297b100000,0x000000297b200000)]
  0x00000153cd886c20 JavaThread "Thread-12" [_thread_in_native, id=14392, stack(0x000000297b200000,0x000000297b300000)]
  0x00000153cd8840d0 JavaThread "DestroyJavaVM" [_thread_blocked, id=18400, stack(0x0000002976c00000,0x0000002976d00000)]
  0x00000153cd885db0 JavaThread "Java2D Disposer" daemon [_thread_blocked, id=13740, stack(0x0000002977d00000,0x0000002977e00000)]
  0x00000153cd886280 JavaThread "AWT-Shutdown" [_thread_blocked, id=21188, stack(0x0000002978100000,0x0000002978200000)]
  0x00000153cd886750 JavaThread "AWT-Windows" daemon [_thread_in_native, id=12580, stack(0x000000297b300000,0x000000297b400000)]
  0x00000153d14ddc20 JavaThread "AWT-EventQueue-0" [_thread_blocked, id=13204, stack(0x000000297b410000,0x000000297b510000)]

Other Threads:
  0x00000153cc92a410 VMThread "VM Thread" [stack: 0x0000002977200000,0x0000002977300000] [id=2524]
  0x00000153cdddcd80 WatcherThread [stack: 0x0000002978000000,0x0000002978100000] [id=21908]
  0x000001539fff0d30 GCTaskThread "GC Thread#0" [stack: 0x0000002976d00000,0x0000002976e00000] [id=16328]
  0x00000153ce9da000 GCTaskThread "GC Thread#1" [stack: 0x0000002978200000,0x0000002978300000] [id=21640]
  0x00000153cea9b6e0 GCTaskThread "GC Thread#2" [stack: 0x0000002978300000,0x0000002978400000] [id=19996]
  0x00000153ceb37800 GCTaskThread "GC Thread#3" [stack: 0x0000002978400000,0x0000002978500000] [id=12316]
  0x00000153ceb37ab0 GCTaskThread "GC Thread#4" [stack: 0x0000002978500000,0x0000002978600000] [id=15204]
  0x00000153ceb0bdf0 GCTaskThread "GC Thread#5" [stack: 0x0000002978600000,0x0000002978700000] [id=11836]
  0x00000153ceb0c0a0 GCTaskThread "GC Thread#6" [stack: 0x0000002978700000,0x0000002978800000] [id=5236]
  0x00000153ceb0cb60 GCTaskThread "GC Thread#7" [stack: 0x0000002978800000,0x0000002978900000] [id=12224]
  0x00000153ceb0ce10 GCTaskThread "GC Thread#8" [stack: 0x0000002978900000,0x0000002978a00000] [id=10172]
  0x00000153ceb0d0c0 GCTaskThread "GC Thread#9" [stack: 0x0000002978a00000,0x0000002978b00000] [id=17572]
  0x00000153a0001bf0 ConcurrentGCThread "G1 Main Marker" [stack: 0x0000002976e00000,0x0000002976f00000] [id=14052]
  0x00000153a0003db0 ConcurrentGCThread "G1 Conc#0" [stack: 0x0000002976f00000,0x0000002977000000] [id=5692]
  0x00000153cc7e7280 ConcurrentGCThread "G1 Refine#0" [stack: 0x0000002977000000,0x0000002977100000] [id=20740]
  0x00000153cc7e7ca0 ConcurrentGCThread "G1 Service" [stack: 0x0000002977100000,0x0000002977200000] [id=16724]

Threads with active compile tasks:

VM state: not at safepoint (normal execution)

VM Mutex/Monitor currently owned by a thread: None

Heap address: 0x0000000601000000, size: 8176 MB, Compressed Oops mode: Zero based, Oop shift amount: 3

CDS archive(s) mapped at: [0x0000000800000000-0x0000000800bc0000-0x0000000800bc0000), size 12320768, SharedBaseAddress: 0x0000000800000000, ArchiveRelocationMode: 0.
Compressed class space mapped at: 0x0000000800c00000-0x0000000840c00000, reserved size: 1073741824
Narrow klass base: 0x0000000800000000, Narrow klass shift: 0, Narrow klass range: 0x100000000

GC Precious Log:
 CPUs: 12 total, 12 available
 Memory: 32691M
 Large Page Support: Disabled
 NUMA Support: Disabled
 Compressed Oops: Enabled (Zero based)
 Heap Region Size: 4M
 Heap Min Capacity: 8M
 Heap Initial Capacity: 512M
 Heap Max Capacity: 8176M
 Pre-touch: Disabled
 Parallel Workers: 10
 Concurrent Workers: 3
 Concurrent Refinement Workers: 10
 Periodic GC: Disabled

Heap:
 garbage-first heap   total 524288K, used 137038K [0x0000000601000000, 0x0000000800000000)
  region size 4096K, 17 young (69632K), 1 survivors (4096K)
 Metaspace       used 14044K, committed 14272K, reserved 1064960K
  class space    used 1079K, committed 1216K, reserved 1048576K

Heap Regions: E=young(eden), S=young(survivor), O=old, HS=humongous(starts), HC=humongous(continues), CS=collection set, F=free, OA=open archive, CA=closed archive, TAMS=top-at-mark-start (previous, next)
|   0|0x0000000601000000, 0x0000000601400000, 0x0000000601400000|100%|HS|  |TAMS 0x0000000601000000, 0x0000000601000000| Complete 
|   1|0x0000000601400000, 0x0000000601800000, 0x0000000601800000|100%|HC|  |TAMS 0x0000000601400000, 0x0000000601400000| Complete 
|   2|0x0000000601800000, 0x0000000601c00000, 0x0000000601c00000|100%|HC|  |TAMS 0x0000000601800000, 0x0000000601800000| Complete 
|   3|0x0000000601c00000, 0x0000000602000000, 0x0000000602000000|100%|HC|  |TAMS 0x0000000601c00000, 0x0000000601c00000| Complete 
|   4|0x0000000602000000, 0x0000000602400000, 0x0000000602400000|100%|HC|  |TAMS 0x0000000602000000, 0x0000000602000000| Complete 
|   5|0x0000000602400000, 0x0000000602800000, 0x0000000602800000|100%|HC|  |TAMS 0x0000000602400000, 0x0000000602400000| Complete 
|   6|0x0000000602800000, 0x0000000602c00000, 0x0000000602c00000|100%|HC|  |TAMS 0x0000000602800000, 0x0000000602800000| Complete 
|   7|0x0000000602c00000, 0x0000000603000000, 0x0000000603000000|100%|HC|  |TAMS 0x0000000602c00000, 0x0000000602c00000| Complete 
|   8|0x0000000603000000, 0x0000000603400000, 0x0000000603400000|100%|HC|  |TAMS 0x0000000603000000, 0x0000000603000000| Complete 
|   9|0x0000000603400000, 0x0000000603800000, 0x0000000603800000|100%|HC|  |TAMS 0x0000000603400000, 0x0000000603400000| Complete 
|  10|0x0000000603800000, 0x0000000603c00000, 0x0000000603c00000|100%|HC|  |TAMS 0x0000000603800000, 0x0000000603800000| Complete 
|  11|0x0000000603c00000, 0x0000000604000000, 0x0000000604000000|100%|HC|  |TAMS 0x0000000603c00000, 0x0000000603c00000| Complete 
|  12|0x0000000604000000, 0x0000000604400000, 0x0000000604400000|100%|HC|  |TAMS 0x0000000604000000, 0x0000000604000000| Complete 
|  13|0x0000000604400000, 0x0000000604800000, 0x0000000604800000|100%|HC|  |TAMS 0x0000000604400000, 0x0000000604400000| Complete 
|  14|0x0000000604800000, 0x0000000604c00000, 0x0000000604c00000|100%|HC|  |TAMS 0x0000000604800000, 0x0000000604800000| Complete 
|  15|0x0000000604c00000, 0x0000000605000000, 0x0000000605000000|100%|HC|  |TAMS 0x0000000604c00000, 0x0000000604c00000| Complete 
|  16|0x0000000605000000, 0x0000000605400000, 0x0000000605400000|100%|HC|  |TAMS 0x0000000605000000, 0x0000000605000000| Complete 
|  17|0x0000000605400000, 0x0000000605800000, 0x0000000605800000|100%| O|  |TAMS 0x0000000605400000, 0x0000000605400000| Untracked 
|  18|0x0000000605800000, 0x0000000605800000, 0x0000000605c00000|  0%| F|  |TAMS 0x0000000605800000, 0x0000000605800000| Untracked 
|  19|0x0000000605c00000, 0x0000000605d8a000, 0x0000000606000000| 38%| O|  |TAMS 0x0000000605c00000, 0x0000000605c00000| Untracked 
|  20|0x0000000606000000, 0x0000000606000000, 0x0000000606400000|  0%| F|  |TAMS 0x0000000606000000, 0x0000000606000000| Untracked 
|  21|0x0000000606400000, 0x0000000606400000, 0x0000000606800000|  0%| F|  |TAMS 0x0000000606400000, 0x0000000606400000| Untracked 
|  22|0x0000000606800000, 0x0000000606800000, 0x0000000606c00000|  0%| F|  |TAMS 0x0000000606800000, 0x0000000606800000| Untracked 
|  23|0x0000000606c00000, 0x0000000606c00000, 0x0000000607000000|  0%| F|  |TAMS 0x0000000606c00000, 0x0000000606c00000| Untracked 
|  24|0x0000000607000000, 0x0000000607000000, 0x0000000607400000|  0%| F|  |TAMS 0x0000000607000000, 0x0000000607000000| Untracked 
|  25|0x0000000607400000, 0x0000000607400000, 0x0000000607800000|  0%| F|  |TAMS 0x0000000607400000, 0x0000000607400000| Untracked 
|  26|0x0000000607800000, 0x0000000607800000, 0x0000000607c00000|  0%| F|  |TAMS 0x0000000607800000, 0x0000000607800000| Untracked 
|  27|0x0000000607c00000, 0x0000000607c00000, 0x0000000608000000|  0%| F|  |TAMS 0x0000000607c00000, 0x0000000607c00000| Untracked 
|  28|0x0000000608000000, 0x0000000608000000, 0x0000000608400000|  0%| F|  |TAMS 0x0000000608000000, 0x0000000608000000| Untracked 
|  29|0x0000000608400000, 0x0000000608400000, 0x0000000608800000|  0%| F|  |TAMS 0x0000000608400000, 0x0000000608400000| Untracked 
|  30|0x0000000608800000, 0x0000000608800000, 0x0000000608c00000|  0%| F|  |TAMS 0x0000000608800000, 0x0000000608800000| Untracked 
|  31|0x0000000608c00000, 0x0000000608c00000, 0x0000000609000000|  0%| F|  |TAMS 0x0000000608c00000, 0x0000000608c00000| Untracked 
|  32|0x0000000609000000, 0x0000000609000000, 0x0000000609400000|  0%| F|  |TAMS 0x0000000609000000, 0x0000000609000000| Untracked 
|  33|0x0000000609400000, 0x0000000609400000, 0x0000000609800000|  0%| F|  |TAMS 0x0000000609400000, 0x0000000609400000| Untracked 
|  34|0x0000000609800000, 0x0000000609800000, 0x0000000609c00000|  0%| F|  |TAMS 0x0000000609800000, 0x0000000609800000| Untracked 
|  35|0x0000000609c00000, 0x0000000609c00000, 0x000000060a000000|  0%| F|  |TAMS 0x0000000609c00000, 0x0000000609c00000| Untracked 
|  36|0x000000060a000000, 0x000000060a000000, 0x000000060a400000|  0%| F|  |TAMS 0x000000060a000000, 0x000000060a000000| Untracked 
|  37|0x000000060a400000, 0x000000060a400000, 0x000000060a800000|  0%| F|  |TAMS 0x000000060a400000, 0x000000060a400000| Untracked 
|  38|0x000000060a800000, 0x000000060a800000, 0x000000060ac00000|  0%| F|  |TAMS 0x000000060a800000, 0x000000060a800000| Untracked 
|  39|0x000000060ac00000, 0x000000060ac00000, 0x000000060b000000|  0%| F|  |TAMS 0x000000060ac00000, 0x000000060ac00000| Untracked 
|  40|0x000000060b000000, 0x000000060b000000, 0x000000060b400000|  0%| F|  |TAMS 0x000000060b000000, 0x000000060b000000| Untracked 
|  41|0x000000060b400000, 0x000000060b400000, 0x000000060b800000|  0%| F|  |TAMS 0x000000060b400000, 0x000000060b400000| Untracked 
|  42|0x000000060b800000, 0x000000060b800000, 0x000000060bc00000|  0%| F|  |TAMS 0x000000060b800000, 0x000000060b800000| Untracked 
|  43|0x000000060bc00000, 0x000000060bc00000, 0x000000060c000000|  0%| F|  |TAMS 0x000000060bc00000, 0x000000060bc00000| Untracked 
|  44|0x000000060c000000, 0x000000060c000000, 0x000000060c400000|  0%| F|  |TAMS 0x000000060c000000, 0x000000060c000000| Untracked 
|  45|0x000000060c400000, 0x000000060c400000, 0x000000060c800000|  0%| F|  |TAMS 0x000000060c400000, 0x000000060c400000| Untracked 
|  46|0x000000060c800000, 0x000000060c800000, 0x000000060cc00000|  0%| F|  |TAMS 0x000000060c800000, 0x000000060c800000| Untracked 
|  47|0x000000060cc00000, 0x000000060cc00000, 0x000000060d000000|  0%| F|  |TAMS 0x000000060cc00000, 0x000000060cc00000| Untracked 
|  48|0x000000060d000000, 0x000000060d000000, 0x000000060d400000|  0%| F|  |TAMS 0x000000060d000000, 0x000000060d000000| Untracked 
|  49|0x000000060d400000, 0x000000060d400000, 0x000000060d800000|  0%| F|  |TAMS 0x000000060d400000, 0x000000060d400000| Untracked 
|  50|0x000000060d800000, 0x000000060d800000, 0x000000060dc00000|  0%| F|  |TAMS 0x000000060d800000, 0x000000060d800000| Untracked 
|  51|0x000000060dc00000, 0x000000060dc00000, 0x000000060e000000|  0%| F|  |TAMS 0x000000060dc00000, 0x000000060dc00000| Untracked 
|  52|0x000000060e000000, 0x000000060e000000, 0x000000060e400000|  0%| F|  |TAMS 0x000000060e000000, 0x000000060e000000| Untracked 
|  53|0x000000060e400000, 0x000000060e400000, 0x000000060e800000|  0%| F|  |TAMS 0x000000060e400000, 0x000000060e400000| Untracked 
|  54|0x000000060e800000, 0x000000060e800000, 0x000000060ec00000|  0%| F|  |TAMS 0x000000060e800000, 0x000000060e800000| Untracked 
|  55|0x000000060ec00000, 0x000000060ec00000, 0x000000060f000000|  0%| F|  |TAMS 0x000000060ec00000, 0x000000060ec00000| Untracked 
|  56|0x000000060f000000, 0x000000060f000000, 0x000000060f400000|  0%| F|  |TAMS 0x000000060f000000, 0x000000060f000000| Untracked 
|  57|0x000000060f400000, 0x000000060f400000, 0x000000060f800000|  0%| F|  |TAMS 0x000000060f400000, 0x000000060f400000| Untracked 
|  58|0x000000060f800000, 0x000000060f800000, 0x000000060fc00000|  0%| F|  |TAMS 0x000000060f800000, 0x000000060f800000| Untracked 
|  59|0x000000060fc00000, 0x000000060fc00000, 0x0000000610000000|  0%| F|  |TAMS 0x000000060fc00000, 0x000000060fc00000| Untracked 
|  60|0x0000000610000000, 0x0000000610000000, 0x0000000610400000|  0%| F|  |TAMS 0x0000000610000000, 0x0000000610000000| Untracked 
|  61|0x0000000610400000, 0x0000000610400000, 0x0000000610800000|  0%| F|  |TAMS 0x0000000610400000, 0x0000000610400000| Untracked 
|  62|0x0000000610800000, 0x0000000610800000, 0x0000000610c00000|  0%| F|  |TAMS 0x0000000610800000, 0x0000000610800000| Untracked 
|  63|0x0000000610c00000, 0x0000000610c00000, 0x0000000611000000|  0%| F|  |TAMS 0x0000000610c00000, 0x0000000610c00000| Untracked 
|  64|0x0000000611000000, 0x0000000611000000, 0x0000000611400000|  0%| F|  |TAMS 0x0000000611000000, 0x0000000611000000| Untracked 
|  65|0x0000000611400000, 0x0000000611400000, 0x0000000611800000|  0%| F|  |TAMS 0x0000000611400000, 0x0000000611400000| Untracked 
|  66|0x0000000611800000, 0x0000000611800000, 0x0000000611c00000|  0%| F|  |TAMS 0x0000000611800000, 0x0000000611800000| Untracked 
|  67|0x0000000611c00000, 0x0000000611c00000, 0x0000000612000000|  0%| F|  |TAMS 0x0000000611c00000, 0x0000000611c00000| Untracked 
|  68|0x0000000612000000, 0x0000000612000000, 0x0000000612400000|  0%| F|  |TAMS 0x0000000612000000, 0x0000000612000000| Untracked 
|  69|0x0000000612400000, 0x0000000612400000, 0x0000000612800000|  0%| F|  |TAMS 0x0000000612400000, 0x0000000612400000| Untracked 
|  70|0x0000000612800000, 0x0000000612800000, 0x0000000612c00000|  0%| F|  |TAMS 0x0000000612800000, 0x0000000612800000| Untracked 
|  71|0x0000000612c00000, 0x0000000612c00000, 0x0000000613000000|  0%| F|  |TAMS 0x0000000612c00000, 0x0000000612c00000| Untracked 
|  72|0x0000000613000000, 0x0000000613000000, 0x0000000613400000|  0%| F|  |TAMS 0x0000000613000000, 0x0000000613000000| Untracked 
|  73|0x0000000613400000, 0x0000000613400000, 0x0000000613800000|  0%| F|  |TAMS 0x0000000613400000, 0x0000000613400000| Untracked 
|  74|0x0000000613800000, 0x0000000613800000, 0x0000000613c00000|  0%| F|  |TAMS 0x0000000613800000, 0x0000000613800000| Untracked 
|  75|0x0000000613c00000, 0x0000000613c00000, 0x0000000614000000|  0%| F|  |TAMS 0x0000000613c00000, 0x0000000613c00000| Untracked 
|  76|0x0000000614000000, 0x0000000614000000, 0x0000000614400000|  0%| F|  |TAMS 0x0000000614000000, 0x0000000614000000| Untracked 
|  77|0x0000000614400000, 0x0000000614400000, 0x0000000614800000|  0%| F|  |TAMS 0x0000000614400000, 0x0000000614400000| Untracked 
|  78|0x0000000614800000, 0x0000000614800000, 0x0000000614c00000|  0%| F|  |TAMS 0x0000000614800000, 0x0000000614800000| Untracked 
|  79|0x0000000614c00000, 0x0000000614c00000, 0x0000000615000000|  0%| F|  |TAMS 0x0000000614c00000, 0x0000000614c00000| Untracked 
|  80|0x0000000615000000, 0x0000000615000000, 0x0000000615400000|  0%| F|  |TAMS 0x0000000615000000, 0x0000000615000000| Untracked 
|  81|0x0000000615400000, 0x0000000615400000, 0x0000000615800000|  0%| F|  |TAMS 0x0000000615400000, 0x0000000615400000| Untracked 
|  82|0x0000000615800000, 0x0000000615800000, 0x0000000615c00000|  0%| F|  |TAMS 0x0000000615800000, 0x0000000615800000| Untracked 
|  83|0x0000000615c00000, 0x0000000615c00000, 0x0000000616000000|  0%| F|  |TAMS 0x0000000615c00000, 0x0000000615c00000| Untracked 
|  84|0x0000000616000000, 0x0000000616000000, 0x0000000616400000|  0%| F|  |TAMS 0x0000000616000000, 0x0000000616000000| Untracked 
|  85|0x0000000616400000, 0x0000000616400000, 0x0000000616800000|  0%| F|  |TAMS 0x0000000616400000, 0x0000000616400000| Untracked 
|  86|0x0000000616800000, 0x0000000616800000, 0x0000000616c00000|  0%| F|  |TAMS 0x0000000616800000, 0x0000000616800000| Untracked 
|  87|0x0000000616c00000, 0x0000000616c00000, 0x0000000617000000|  0%| F|  |TAMS 0x0000000616c00000, 0x0000000616c00000| Untracked 
|  88|0x0000000617000000, 0x0000000617000000, 0x0000000617400000|  0%| F|  |TAMS 0x0000000617000000, 0x0000000617000000| Untracked 
|  89|0x0000000617400000, 0x0000000617400000, 0x0000000617800000|  0%| F|  |TAMS 0x0000000617400000, 0x0000000617400000| Untracked 
|  90|0x0000000617800000, 0x0000000617800000, 0x0000000617c00000|  0%| F|  |TAMS 0x0000000617800000, 0x0000000617800000| Untracked 
|  91|0x0000000617c00000, 0x0000000617c00000, 0x0000000618000000|  0%| F|  |TAMS 0x0000000617c00000, 0x0000000617c00000| Untracked 
|  92|0x0000000618000000, 0x0000000618000000, 0x0000000618400000|  0%| F|  |TAMS 0x0000000618000000, 0x0000000618000000| Untracked 
|  93|0x0000000618400000, 0x0000000618400000, 0x0000000618800000|  0%| F|  |TAMS 0x0000000618400000, 0x0000000618400000| Untracked 
|  94|0x0000000618800000, 0x0000000618800000, 0x0000000618c00000|  0%| F|  |TAMS 0x0000000618800000, 0x0000000618800000| Untracked 
|  95|0x0000000618c00000, 0x0000000618c00000, 0x0000000619000000|  0%| F|  |TAMS 0x0000000618c00000, 0x0000000618c00000| Untracked 
|  96|0x0000000619000000, 0x0000000619000000, 0x0000000619400000|  0%| F|  |TAMS 0x0000000619000000, 0x0000000619000000| Untracked 
|  97|0x0000000619400000, 0x0000000619400000, 0x0000000619800000|  0%| F|  |TAMS 0x0000000619400000, 0x0000000619400000| Untracked 
|  98|0x0000000619800000, 0x0000000619800000, 0x0000000619c00000|  0%| F|  |TAMS 0x0000000619800000, 0x0000000619800000| Untracked 
|  99|0x0000000619c00000, 0x0000000619c00000, 0x000000061a000000|  0%| F|  |TAMS 0x0000000619c00000, 0x0000000619c00000| Untracked 
| 100|0x000000061a000000, 0x000000061a000000, 0x000000061a400000|  0%| F|  |TAMS 0x000000061a000000, 0x000000061a000000| Untracked 
| 101|0x000000061a400000, 0x000000061a400000, 0x000000061a800000|  0%| F|  |TAMS 0x000000061a400000, 0x000000061a400000| Untracked 
| 102|0x000000061a800000, 0x000000061a800000, 0x000000061ac00000|  0%| F|  |TAMS 0x000000061a800000, 0x000000061a800000| Untracked 
| 103|0x000000061ac00000, 0x000000061ac00000, 0x000000061b000000|  0%| F|  |TAMS 0x000000061ac00000, 0x000000061ac00000| Untracked 
| 104|0x000000061b000000, 0x000000061b000000, 0x000000061b400000|  0%| F|  |TAMS 0x000000061b000000, 0x000000061b000000| Untracked 
| 105|0x000000061b400000, 0x000000061b400000, 0x000000061b800000|  0%| F|  |TAMS 0x000000061b400000, 0x000000061b400000| Untracked 
| 106|0x000000061b800000, 0x000000061b800000, 0x000000061bc00000|  0%| F|  |TAMS 0x000000061b800000, 0x000000061b800000| Untracked 
| 107|0x000000061bc00000, 0x000000061bc00000, 0x000000061c000000|  0%| F|  |TAMS 0x000000061bc00000, 0x000000061bc00000| Untracked 
| 108|0x000000061c000000, 0x000000061c000000, 0x000000061c400000|  0%| F|  |TAMS 0x000000061c000000, 0x000000061c000000| Untracked 
| 109|0x000000061c400000, 0x000000061c449ae8, 0x000000061c800000|  7%| S|CS|TAMS 0x000000061c400000, 0x000000061c400000| Complete 
| 110|0x000000061c800000, 0x000000061c800000, 0x000000061cc00000|  0%| F|  |TAMS 0x000000061c800000, 0x000000061c800000| Untracked 
| 111|0x000000061cc00000, 0x000000061cc00000, 0x000000061d000000|  0%| F|  |TAMS 0x000000061cc00000, 0x000000061cc00000| Untracked 
| 112|0x000000061d000000, 0x000000061d400000, 0x000000061d400000|100%| E|  |TAMS 0x000000061d000000, 0x000000061d000000| Complete 
| 113|0x000000061d400000, 0x000000061d800000, 0x000000061d800000|100%| E|CS|TAMS 0x000000061d400000, 0x000000061d400000| Complete 
| 114|0x000000061d800000, 0x000000061dc00000, 0x000000061dc00000|100%| E|CS|TAMS 0x000000061d800000, 0x000000061d800000| Complete 
| 115|0x000000061dc00000, 0x000000061e000000, 0x000000061e000000|100%| E|CS|TAMS 0x000000061dc00000, 0x000000061dc00000| Complete 
| 116|0x000000061e000000, 0x000000061e400000, 0x000000061e400000|100%| E|CS|TAMS 0x000000061e000000, 0x000000061e000000| Complete 
| 117|0x000000061e400000, 0x000000061e800000, 0x000000061e800000|100%| E|CS|TAMS 0x000000061e400000, 0x000000061e400000| Complete 
| 118|0x000000061e800000, 0x000000061ec00000, 0x000000061ec00000|100%| E|CS|TAMS 0x000000061e800000, 0x000000061e800000| Complete 
| 119|0x000000061ec00000, 0x000000061f000000, 0x000000061f000000|100%| E|CS|TAMS 0x000000061ec00000, 0x000000061ec00000| Complete 
| 120|0x000000061f000000, 0x000000061f400000, 0x000000061f400000|100%| E|CS|TAMS 0x000000061f000000, 0x000000061f000000| Complete 
| 121|0x000000061f400000, 0x000000061f800000, 0x000000061f800000|100%| E|CS|TAMS 0x000000061f400000, 0x000000061f400000| Complete 
| 122|0x000000061f800000, 0x000000061fc00000, 0x000000061fc00000|100%| E|CS|TAMS 0x000000061f800000, 0x000000061f800000| Complete 
| 123|0x000000061fc00000, 0x0000000620000000, 0x0000000620000000|100%| E|CS|TAMS 0x000000061fc00000, 0x000000061fc00000| Complete 
| 124|0x0000000620000000, 0x0000000620400000, 0x0000000620400000|100%| E|CS|TAMS 0x0000000620000000, 0x0000000620000000| Complete 
| 125|0x0000000620400000, 0x0000000620800000, 0x0000000620800000|100%| E|CS|TAMS 0x0000000620400000, 0x0000000620400000| Complete 
| 126|0x0000000620800000, 0x0000000620c00000, 0x0000000620c00000|100%| E|CS|TAMS 0x0000000620800000, 0x0000000620800000| Complete 
| 127|0x0000000620c00000, 0x0000000621000000, 0x0000000621000000|100%| E|CS|TAMS 0x0000000620c00000, 0x0000000620c00000| Complete 

Card table byte_map: [0x00000153b7d00000,0x00000153b8d00000] _byte_map_base: 0x00000153b4cf8000

Marking Bits (Prev, Next): (CMBitMap*) 0x000001539fff1340, (CMBitMap*) 0x000001539fff1380
 Prev Bits: [0x00000153b9d00000, 0x00000153c1cc0000)
 Next Bits: [0x00000153c1cc0000, 0x00000153c9c80000)

Polling page: 0x000001539f730000

Metaspace:

Usage:
  Non-class:     12.66 MB used.
      Class:      1.05 MB used.
       Both:     13.72 MB used.

Virtual space:
  Non-class space:       16.00 MB reserved,      12.75 MB ( 80%) committed,  2 nodes.
      Class space:        1.00 GB reserved,       1.19 MB ( <1%) committed,  1 nodes.
             Both:        1.02 GB reserved,      13.94 MB (  1%) committed. 

Chunk freelists:
   Non-Class:  2.97 MB
       Class:  2.74 MB
        Both:  5.71 MB

MaxMetaspaceSize: unlimited
CompressedClassSpaceSize: 1.00 GB
Initial GC threshold: 21.00 MB
Current GC threshold: 21.00 MB
CDS: on
MetaspaceReclaimPolicy: balanced
 - commit_granule_bytes: 65536.
 - commit_granule_words: 8192.
 - virtual_space_node_default_size: 1048576.
 - enlarge_chunks_in_place: 1.
 - new_chunks_are_fully_committed: 0.
 - uncommit_free_chunks: 1.
 - use_allocation_guard: 0.
 - handle_deallocations: 1.


Internal statistics:

num_allocs_failed_limit: 0.
num_arena_births: 126.
num_arena_deaths: 0.
num_vsnodes_births: 3.
num_vsnodes_deaths: 0.
num_space_committed: 221.
num_space_uncommitted: 0.
num_chunks_returned_to_freelist: 0.
num_chunks_taken_from_freelist: 387.
num_chunk_merges: 0.
num_chunk_splits: 289.
num_chunks_enlarged: 216.
num_purges: 0.
num_inconsistent_stats: 0.

CodeHeap 'non-profiled nmethods': size=120000Kb used=990Kb max_used=990Kb free=119009Kb
 bounds [0x00000153af280000, 0x00000153af4f0000, 0x00000153b67b0000]
CodeHeap 'profiled nmethods': size=120000Kb used=3234Kb max_used=3234Kb free=116765Kb
 bounds [0x00000153a7d50000, 0x00000153a8080000, 0x00000153af280000]
CodeHeap 'non-nmethods': size=5760Kb used=1731Kb max_used=1735Kb free=4028Kb
 bounds [0x00000153a77b0000, 0x00000153a7a20000, 0x00000153a7d50000]
 total_blobs=2681 nmethods=1553 adapters=1041
 compilation: enabled
              stopped_count=0, restarted_count=0
 full_count=0

Compilation events (20 events):
Event: 3.111 Thread 0x00000153cd41e3e0 nmethod 1515 0x00000153af374690 code [0x00000153af374820, 0x00000153af3749d8]
Event: 3.111 Thread 0x00000153cd41e3e0 1520       4       java.util.HashMap::getNode (150 bytes)
Event: 3.114 Thread 0x00000153cd41e3e0 nmethod 1520 0x00000153af374b10 code [0x00000153af374cc0, 0x00000153af375338]
Event: 3.114 Thread 0x00000153cd41e3e0 1521       4       java.util.ArrayList$Itr::next (66 bytes)
Event: 3.115 Thread 0x00000153cd41e3e0 nmethod 1521 0x00000153af375710 code [0x00000153af3758a0, 0x00000153af3759d8]
Event: 3.115 Thread 0x00000153cd41e3e0 1522       4       java.util.HashMap::hash (20 bytes)
Event: 3.115 Thread 0x00000153cd41f620 1523       3       java.util.ArrayDeque::size (17 bytes)
Event: 3.115 Thread 0x00000153cd41f620 nmethod 1523 0x00000153a806f590 code [0x00000153a806f720, 0x00000153a806f8d8]
Event: 3.115 Thread 0x00000153cd41f620 1524       3       java.util.ArrayDeque::sub (14 bytes)
Event: 3.115 Thread 0x00000153cd41f620 nmethod 1524 0x00000153a806f990 code [0x00000153a806fb20, 0x00000153a806fc58]
Event: 3.115 Thread 0x00000153cd41f620 1525       3       java.lang.ref.SoftReference::<init> (13 bytes)
Event: 3.116 Thread 0x00000153cd41f620 nmethod 1525 0x00000153a806fd10 code [0x00000153a806fec0, 0x00000153a80701f8]
Event: 3.116 Thread 0x00000153cd41e3e0 nmethod 1522 0x00000153af375b10 code [0x00000153af375c80, 0x00000153af375d58]
Event: 3.116 Thread 0x00000153cd41e3e0 1526       4       java.util.ArrayList::iterator (9 bytes)
Event: 3.116 Thread 0x00000153cd41e3e0 nmethod 1526 0x00000153af375e10 code [0x00000153af375fa0, 0x00000153af376098]
Event: 3.117 Thread 0x00000153cd41f620 1527       1       java.awt.AWTEvent::getID (5 bytes)
Event: 3.118 Thread 0x00000153cd41f620 nmethod 1527 0x00000153af376190 code [0x00000153af376320, 0x00000153af3763f8]
Event: 3.120 Thread 0x00000153cd41f620 1528       1       java.util.concurrent.locks.AbstractQueuedSynchronizer::setState (6 bytes)
Event: 3.120 Thread 0x00000153cd41f620 nmethod 1528 0x00000153af376490 code [0x00000153af376620, 0x00000153af3766f8]
Event: 3.121 Thread 0x00000153cd41f620 1529       3       sun.awt.AWTAutoShutdown::getInstance (4 bytes)

GC Heap History (6 events):
Event: 2.112 GC heap before
{Heap before GC invocations=0 (full 0):
 garbage-first heap   total 524288K, used 90112K [0x0000000601000000, 0x0000000800000000)
  region size 4096K, 6 young (24576K), 0 survivors (0K)
 Metaspace       used 2791K, committed 2944K, reserved 1056768K
  class space    used 180K, committed 256K, reserved 1048576K
}
Event: 2.114 GC heap after
{Heap after GC invocations=1 (full 0):
 garbage-first heap   total 524288K, used 75314K [0x0000000601000000, 0x0000000800000000)
  region size 4096K, 1 young (4096K), 1 survivors (4096K)
 Metaspace       used 2791K, committed 2944K, reserved 1056768K
  class space    used 180K, committed 256K, reserved 1048576K
}
Event: 2.279 GC heap before
{Heap before GC invocations=1 (full 0):
 garbage-first heap   total 524288K, used 95794K [0x0000000601000000, 0x0000000800000000)
  region size 4096K, 6 young (24576K), 1 survivors (4096K)
 Metaspace       used 7007K, committed 7168K, reserved 1064960K
  class space    used 221K, committed 320K, reserved 1048576K
}
Event: 2.280 GC heap after
{Heap after GC invocations=2 (full 0):
 garbage-first heap   total 524288K, used 75674K [0x0000000601000000, 0x0000000800000000)
  region size 4096K, 1 young (4096K), 1 survivors (4096K)
 Metaspace       used 7007K, committed 7168K, reserved 1064960K
  class space    used 221K, committed 320K, reserved 1048576K
}
Event: 2.475 GC heap before
{Heap before GC invocations=2 (full 0):
 garbage-first heap   total 524288K, used 145306K [0x0000000601000000, 0x0000000800000000)
  region size 4096K, 18 young (73728K), 1 survivors (4096K)
 Metaspace       used 7017K, committed 7232K, reserved 1064960K
  class space    used 221K, committed 320K, reserved 1048576K
}
Event: 2.475 GC heap after
{Heap after GC invocations=3 (full 0):
 garbage-first heap   total 524288K, used 75598K [0x0000000601000000, 0x0000000800000000)
  region size 4096K, 1 young (4096K), 1 survivors (4096K)
 Metaspace       used 7017K, committed 7232K, reserved 1064960K
  class space    used 221K, committed 320K, reserved 1048576K
}

Deoptimization events (20 events):
Event: 3.054 Thread 0x00000153d14ddc20 Uncommon trap: trap_request=0xffffff45 fr.pc=0x00000153af32cff4 relative=0x00000000000003d4
Event: 3.054 Thread 0x00000153d14ddc20 Uncommon trap: reason=unstable_if action=reinterpret pc=0x00000153af32cff4 method=java.lang.StringUTF16.compress([CII)[B @ 13 c2
Event: 3.054 Thread 0x00000153d14ddc20 DEOPT PACKING pc=0x00000153af32cff4 sp=0x000000297b50cd50
Event: 3.054 Thread 0x00000153d14ddc20 DEOPT UNPACKING pc=0x00000153a78023a3 sp=0x000000297b50cc90 mode 2
Event: 3.054 Thread 0x00000153d14ddc20 Uncommon trap: trap_request=0xffffff45 fr.pc=0x00000153af2ae94c relative=0x000000000000022c
Event: 3.054 Thread 0x00000153d14ddc20 Uncommon trap: reason=unstable_if action=reinterpret pc=0x00000153af2ae94c method=java.util.StringTokenizer.scanToken(I)I @ 42 c2
Event: 3.054 Thread 0x00000153d14ddc20 DEOPT PACKING pc=0x00000153af2ae94c sp=0x000000297b50cfd0
Event: 3.054 Thread 0x00000153d14ddc20 DEOPT UNPACKING pc=0x00000153a78023a3 sp=0x000000297b50cf60 mode 2
Event: 3.097 Thread 0x00000153cd886c20 Uncommon trap: trap_request=0xffffffc6 fr.pc=0x00000153af2d550c relative=0x000000000000062c
Event: 3.097 Thread 0x00000153cd886c20 Uncommon trap: reason=bimorphic_or_optimized_type_check action=maybe_recompile pc=0x00000153af2d550c method=java.util.concurrent.ConcurrentHashMap.get(Ljava/lang/Object;)Ljava/lang/Object; @ 149 c2
Event: 3.097 Thread 0x00000153cd886c20 DEOPT PACKING pc=0x00000153af2d550c sp=0x000000297b2fdc70
Event: 3.097 Thread 0x00000153cd886c20 DEOPT UNPACKING pc=0x00000153a78023a3 sp=0x000000297b2fdc10 mode 2
Event: 3.115 Thread 0x00000153cd885410 Uncommon trap: trap_request=0xffffffde fr.pc=0x00000153af37492c relative=0x000000000000010c
Event: 3.115 Thread 0x00000153cd885410 Uncommon trap: reason=class_check action=maybe_recompile pc=0x00000153af37492c method=jdk.internal.misc.Unsafe.allocateUninitializedArray(Ljava/lang/Class;I)Ljava/lang/Object; @ 51 c2
Event: 3.115 Thread 0x00000153cd885410 DEOPT PACKING pc=0x00000153af37492c sp=0x000000297b1fe980
Event: 3.115 Thread 0x00000153cd885410 DEOPT UNPACKING pc=0x00000153a78023a3 sp=0x000000297b1fe908 mode 2
Event: 3.115 Thread 0x00000153cd885410 Uncommon trap: trap_request=0xffffffde fr.pc=0x00000153af37492c relative=0x000000000000010c
Event: 3.115 Thread 0x00000153cd885410 Uncommon trap: reason=class_check action=maybe_recompile pc=0x00000153af37492c method=jdk.internal.misc.Unsafe.allocateUninitializedArray(Ljava/lang/Class;I)Ljava/lang/Object; @ 51 c2
Event: 3.115 Thread 0x00000153cd885410 DEOPT PACKING pc=0x00000153af37492c sp=0x000000297b1fe610
Event: 3.115 Thread 0x00000153cd885410 DEOPT UNPACKING pc=0x00000153a78023a3 sp=0x000000297b1fe598 mode 2

Classes unloaded (0 events):
No events

Classes redefined (0 events):
No events

Internal exceptions (20 events):
Event: 2.878 Thread 0x00000153cd8845a0 Exception <a 'java/lang/ClassNotFoundException'{0x000000061de18ed0}: sun/awt/resources/spi/awtProvider> (0x000000061de18ed0) 
thrown [t:\workspace\open\src\hotspot\share\classfile\systemDictionary.cpp, line 256]
Event: 2.888 Thread 0x00000153cd8845a0 Exception <a 'java/io/FileNotFoundException'{0x000000061de68470}> (0x000000061de68470) 
thrown [t:\workspace\open\src\hotspot\share\prims\jni.cpp, line 516]
Event: 2.890 Thread 0x00000153cd8845a0 Exception <a 'java/io/FileNotFoundException'{0x000000061de95780}> (0x000000061de95780) 
thrown [t:\workspace\open\src\hotspot\share\prims\jni.cpp, line 516]
Event: 3.010 Thread 0x00000153cd884f40 Exception <a 'java/lang/NoSuchMethodError'{0x000000061dc37150}: 'void java.lang.invoke.DirectMethodHandle$Holder.invokeSpecial(java.lang.Object, java.lang.Object, java.lang.Object)'> (0x000000061dc37150) 
thrown [t:\workspace\open\src\hotspot\share\interpreter\linkResolver.cpp, line 766]
Event: 3.014 Thread 0x00000153cd884f40 Exception <a 'java/lang/NoSuchMethodError'{0x000000061dc61250}: 'java.lang.Object java.lang.invoke.DirectMethodHandle$Holder.newInvokeSpecial(java.lang.Object, java.lang.Object, java.lang.Object, java.lang.Object, java.lang.Object)'> (0x000000061dc61250) 
thrown [t:\workspace\open\src\hotspot\share\interpreter\linkResolver.cpp, line 766]
Event: 3.014 Thread 0x00000153cd884f40 Exception <a 'java/lang/NoSuchMethodError'{0x000000061dc6cc18}: 'java.lang.Object java.lang.invoke.DirectMethodHandle$Holder.invokeStatic(java.lang.Object, int, java.lang.Object, java.lang.Object, java.lang.Object, java.lang.Object)'> (0x000000061dc6cc18) 
thrown [t:\workspace\open\src\hotspot\share\interpreter\linkResolver.cpp, line 766]
Event: 3.017 Thread 0x00000153cd884f40 Exception <a 'java/lang/NoSuchMethodError'{0x000000061dc923a8}: 'java.lang.Object java.lang.invoke.DirectMethodHandle$Holder.invokeStatic(java.lang.Object, int, java.lang.Object)'> (0x000000061dc923a8) 
thrown [t:\workspace\open\src\hotspot\share\interpreter\linkResolver.cpp, line 766]
Event: 3.030 Thread 0x00000153cd884f40 Exception <a 'java/lang/ClassNotFoundException'{0x000000061dd4e430}: com/sun/swing/internal/plaf/metal/resources/spi/metalProvider> (0x000000061dd4e430) 
thrown [t:\workspace\open\src\hotspot\share\classfile\systemDictionary.cpp, line 256]
Event: 3.030 Thread 0x00000153cd884f40 Exception <a 'java/lang/ClassNotFoundException'{0x000000061dd52330}: com/sun/swing/internal/plaf/basic/resources/spi/basicProvider> (0x000000061dd52330) 
thrown [t:\workspace\open\src\hotspot\share\classfile\systemDictionary.cpp, line 256]
Event: 3.034 Thread 0x00000153cd885410 Implicit null exception at 0x00000153af35510e to 0x00000153af355518
Event: 3.034 Thread 0x00000153cd8845a0 Implicit null exception at 0x00000153af35510e to 0x00000153af355518
Event: 3.034 Thread 0x00000153cd886c20 Implicit null exception at 0x00000153af35510e to 0x00000153af355518
Event: 3.034 Thread 0x00000153cd884f40 Implicit null exception at 0x00000153af35510e to 0x00000153af355518
Event: 3.034 Thread 0x00000153cd885410 Implicit null exception at 0x00000153af30498e to 0x00000153af304d88
Event: 3.034 Thread 0x00000153cd884f40 Implicit null exception at 0x00000153af30498e to 0x00000153af304d88
Event: 3.034 Thread 0x00000153cd886c20 Implicit null exception at 0x00000153af30498e to 0x00000153af304d88
Event: 3.034 Thread 0x00000153cd8845a0 Implicit null exception at 0x00000153af30498e to 0x00000153af304d88
Event: 3.034 Thread 0x00000153cd884f40 Implicit null exception at 0x00000153af2fb18f to 0x00000153af2fb209
Event: 3.040 Thread 0x00000153cd886750 Exception <a 'java/lang/NoSuchMethodError'{0x000000061d60ff70}: 'void java.lang.invoke.DirectMethodHandle$Holder.invokeVirtual(java.lang.Object, java.lang.Object)'> (0x000000061d60ff70) 
thrown [t:\workspace\open\src\hotspot\share\interpreter\linkResolver.cpp, line 766]
Event: 3.047 Thread 0x00000153d14ddc20 Exception <a 'java/lang/NoSuchMethodError'{0x000000061d023128}: 'void java.lang.invoke.DirectMethodHandle$Holder.invokeStaticInit(java.lang.Object)'> (0x000000061d023128) 
thrown [t:\workspace\open\src\hotspot\share\interpreter\linkResolver.cpp, line 766]

VM Operations (20 events):
Event: 0.227 Executing VM operation: HandshakeAllThreads
Event: 0.227 Executing VM operation: HandshakeAllThreads done
Event: 1.227 Executing VM operation: Cleanup
Event: 1.227 Executing VM operation: Cleanup done
Event: 2.035 Executing VM operation: HandshakeAllThreads
Event: 2.035 Executing VM operation: HandshakeAllThreads done
Event: 2.049 Executing VM operation: HandshakeAllThreads
Event: 2.049 Executing VM operation: HandshakeAllThreads done
Event: 2.112 Executing VM operation: G1CollectForAllocation
Event: 2.114 Executing VM operation: G1CollectForAllocation done
Event: 2.179 Executing VM operation: HandshakeAllThreads
Event: 2.179 Executing VM operation: HandshakeAllThreads done
Event: 2.194 Executing VM operation: HandshakeAllThreads
Event: 2.194 Executing VM operation: HandshakeAllThreads done
Event: 2.279 Executing VM operation: G1CollectForAllocation
Event: 2.280 Executing VM operation: G1CollectForAllocation done
Event: 2.475 Executing VM operation: G1CollectForAllocation
Event: 2.475 Executing VM operation: G1CollectForAllocation done
Event: 2.879 Executing VM operation: HandshakeAllThreads
Event: 2.879 Executing VM operation: HandshakeAllThreads done

Events (20 events):
Event: 3.073 loading class sun/java2d/d3d/D3DSurfaceData$1Status
Event: 3.073 loading class sun/java2d/d3d/D3DSurfaceData$1Status done
Event: 3.073 loading class sun/java2d/d3d/D3DSurfaceData$1
Event: 3.073 loading class sun/java2d/d3d/D3DSurfaceData$1 done
Event: 3.074 loading class sun/java2d/pipe/BufferedPaints
Event: 3.074 loading class sun/java2d/pipe/BufferedPaints done
Event: 3.074 loading class java/awt/EventQueue$5
Event: 3.074 loading class java/awt/EventQueue$5 done
Event: 3.074 loading class java/nio/ShortBuffer
Event: 3.075 loading class java/nio/ShortBuffer done
Event: 3.075 loading class java/nio/FloatBuffer
Event: 3.075 loading class java/nio/FloatBuffer done
Event: 3.075 loading class java/nio/DoubleBuffer
Event: 3.075 loading class java/nio/DoubleBuffer done
Event: 3.075 loading class java/lang/UnsupportedOperationException
Event: 3.075 loading class java/lang/UnsupportedOperationException done
Event: 3.121 loading class java/util/LinkedList$ListItr
Event: 3.121 loading class java/util/LinkedList$ListItr done
Event: 3.121 loading class javax/swing/RepaintManager$2$1
Event: 3.121 loading class javax/swing/RepaintManager$2$1 done


Dynamic libraries:
0x00007ff72b680000 - 0x00007ff72b690000 	C:\Program Files\Java\jdk-17.0.2\bin\java.exe
0x00007ff952a10000 - 0x00007ff952c27000 	C:\WINDOWS\SYSTEM32\ntdll.dll
0x00007ff951e40000 - 0x00007ff951f04000 	C:\WINDOWS\System32\KERNEL32.DLL
0x00007ff9500d0000 - 0x00007ff950476000 	C:\WINDOWS\System32\KERNELBASE.dll
0x00007ff9505d0000 - 0x00007ff9506e1000 	C:\WINDOWS\System32\ucrtbase.dll
0x00007ff93e8d0000 - 0x00007ff93e8ea000 	C:\Program Files\Java\jdk-17.0.2\bin\VCRUNTIME140.dll
0x00007ff93e8b0000 - 0x00007ff93e8c8000 	C:\Program Files\Java\jdk-17.0.2\bin\jli.dll
0x00007ff951d80000 - 0x00007ff951e30000 	C:\WINDOWS\System32\ADVAPI32.dll
0x00007ff950960000 - 0x00007ff950a07000 	C:\WINDOWS\System32\msvcrt.dll
0x00007ff951a80000 - 0x00007ff951b26000 	C:\WINDOWS\System32\sechost.dll
0x00007ff950790000 - 0x00007ff9508a7000 	C:\WINDOWS\System32\RPCRT4.dll
0x00007ff9523a0000 - 0x00007ff95254d000 	C:\WINDOWS\System32\USER32.dll
0x00007ff940d30000 - 0x00007ff940fc3000 	C:\WINDOWS\WinSxS\amd64_microsoft.windows.common-controls_6595b64144ccf1df_6.0.22621.2361_none_2712ced57382f843\COMCTL32.dll
0x00007ff950480000 - 0x00007ff9504a6000 	C:\WINDOWS\System32\win32u.dll
0x00007ff950930000 - 0x00007ff950959000 	C:\WINDOWS\System32\GDI32.dll
0x00007ff9504b0000 - 0x00007ff9505c8000 	C:\WINDOWS\System32\gdi32full.dll
0x00007ff94fe50000 - 0x00007ff94feea000 	C:\WINDOWS\System32\msvcp_win.dll
0x00007ff945e80000 - 0x00007ff945e8a000 	C:\WINDOWS\SYSTEM32\VERSION.dll
0x00007ff9528a0000 - 0x00007ff9528d1000 	C:\WINDOWS\System32\IMM32.DLL
0x00007ff9418d0000 - 0x00007ff9418dc000 	C:\Program Files\Java\jdk-17.0.2\bin\vcruntime140_1.dll
0x00007ff916290000 - 0x00007ff91631d000 	C:\Program Files\Java\jdk-17.0.2\bin\msvcp140.dll
0x00007ff893110000 - 0x00007ff893cd1000 	C:\Program Files\Java\jdk-17.0.2\bin\server\jvm.dll
0x00007ff9508b0000 - 0x00007ff9508b8000 	C:\WINDOWS\System32\PSAPI.DLL
0x00007ff93f740000 - 0x00007ff93f749000 	C:\WINDOWS\SYSTEM32\WSOCK32.dll
0x00007ff949080000 - 0x00007ff9490b4000 	C:\WINDOWS\SYSTEM32\WINMM.dll
0x00007ff951580000 - 0x00007ff9515f1000 	C:\WINDOWS\System32\WS2_32.dll
0x00007ff94ee60000 - 0x00007ff94ee78000 	C:\WINDOWS\SYSTEM32\kernel.appcore.dll
0x00007ff9417a0000 - 0x00007ff9417aa000 	C:\Program Files\Java\jdk-17.0.2\bin\jimage.dll
0x00007ff942040000 - 0x00007ff94226e000 	C:\WINDOWS\SYSTEM32\DBGHELP.DLL
0x00007ff951f10000 - 0x00007ff95229a000 	C:\WINDOWS\System32\combase.dll
0x00007ff9514a0000 - 0x00007ff951577000 	C:\WINDOWS\System32\OLEAUT32.dll
0x00007ff9445a0000 - 0x00007ff9445d2000 	C:\WINDOWS\SYSTEM32\dbgcore.DLL
0x00007ff9506f0000 - 0x00007ff95076a000 	C:\WINDOWS\System32\bcryptPrimitives.dll
0x00007ff935350000 - 0x00007ff93535e000 	C:\Program Files\Java\jdk-17.0.2\bin\instrument.dll
0x00007ff935360000 - 0x00007ff935385000 	C:\Program Files\Java\jdk-17.0.2\bin\java.dll
0x00007ff916040000 - 0x00007ff916116000 	C:\Program Files\Java\jdk-17.0.2\bin\jsvml.dll
0x00007ff950c10000 - 0x00007ff951468000 	C:\WINDOWS\System32\SHELL32.dll
0x00007ff94dd00000 - 0x00007ff94e5f2000 	C:\WINDOWS\SYSTEM32\windows.storage.dll
0x00007ff94dbc0000 - 0x00007ff94dcfe000 	C:\WINDOWS\SYSTEM32\wintypes.dll
0x00007ff951c80000 - 0x00007ff951d73000 	C:\WINDOWS\System32\SHCORE.dll
0x00007ff952970000 - 0x00007ff9529ce000 	C:\WINDOWS\System32\shlwapi.dll
0x00007ff94fcc0000 - 0x00007ff94fce6000 	C:\WINDOWS\SYSTEM32\profapi.dll
0x00007ff933fe0000 - 0x00007ff933ff8000 	C:\Program Files\Java\jdk-17.0.2\bin\zip.dll
0x00007ff9340f0000 - 0x00007ff934109000 	C:\Program Files\Java\jdk-17.0.2\bin\net.dll
0x00007ff94ab20000 - 0x00007ff94ac57000 	C:\WINDOWS\SYSTEM32\WINHTTP.dll
0x00007ff94f340000 - 0x00007ff94f3a9000 	C:\WINDOWS\system32\mswsock.dll
0x00007ff934070000 - 0x00007ff934086000 	C:\Program Files\Java\jdk-17.0.2\bin\nio.dll
0x00007ff933600000 - 0x00007ff93361a000 	C:\Program Files\JetBrains\IntelliJ IDEA 2023.2.4\bin\breakgen64.dll
0x00000153ccb40000 - 0x00000153ccb44000 	C:\Users\Zjaun\.javacpp\cache\javacpp-1.5.9-windows-x86_64.jar\org\bytedeco\javacpp\windows-x86_64\api-ms-win-crt-locale-l1-1-0.dll
0x00000153ccb50000 - 0x00000153ccb55000 	C:\Users\Zjaun\.javacpp\cache\javacpp-1.5.9-windows-x86_64.jar\org\bytedeco\javacpp\windows-x86_64\api-ms-win-crt-string-l1-1-0.dll
0x00000153ccb60000 - 0x00000153ccb65000 	C:\Users\Zjaun\.javacpp\cache\javacpp-1.5.9-windows-x86_64.jar\org\bytedeco\javacpp\windows-x86_64\api-ms-win-crt-stdio-l1-1-0.dll
0x00000153ccb70000 - 0x00000153ccb76000 	C:\Users\Zjaun\.javacpp\cache\javacpp-1.5.9-windows-x86_64.jar\org\bytedeco\javacpp\windows-x86_64\api-ms-win-crt-math-l1-1-0.dll
0x00000153ccb80000 - 0x00000153ccb84000 	C:\Users\Zjaun\.javacpp\cache\javacpp-1.5.9-windows-x86_64.jar\org\bytedeco\javacpp\windows-x86_64\api-ms-win-crt-heap-l1-1-0.dll
0x00000153ccb90000 - 0x00000153ccb95000 	C:\Users\Zjaun\.javacpp\cache\javacpp-1.5.9-windows-x86_64.jar\org\bytedeco\javacpp\windows-x86_64\api-ms-win-crt-runtime-l1-1-0.dll
0x00000153ccba0000 - 0x00000153ccba5000 	C:\Users\Zjaun\.javacpp\cache\javacpp-1.5.9-windows-x86_64.jar\org\bytedeco\javacpp\windows-x86_64\api-ms-win-crt-convert-l1-1-0.dll
0x00000153ccbb0000 - 0x00000153ccbb4000 	C:\Users\Zjaun\.javacpp\cache\javacpp-1.5.9-windows-x86_64.jar\org\bytedeco\javacpp\windows-x86_64\api-ms-win-crt-environment-l1-1-0.dll
0x00000153ccbc0000 - 0x00000153ccbc4000 	C:\Users\Zjaun\.javacpp\cache\javacpp-1.5.9-windows-x86_64.jar\org\bytedeco\javacpp\windows-x86_64\api-ms-win-crt-time-l1-1-0.dll
0x00000153ccbd0000 - 0x00000153ccbd4000 	C:\Users\Zjaun\.javacpp\cache\javacpp-1.5.9-windows-x86_64.jar\org\bytedeco\javacpp\windows-x86_64\api-ms-win-crt-filesystem-l1-1-0.dll
0x00000153ccbe0000 - 0x00000153ccbe4000 	C:\Users\Zjaun\.javacpp\cache\javacpp-1.5.9-windows-x86_64.jar\org\bytedeco\javacpp\windows-x86_64\api-ms-win-crt-utility-l1-1-0.dll
0x00000153ccbf0000 - 0x00000153ccbf6000 	C:\Users\Zjaun\.javacpp\cache\javacpp-1.5.9-windows-x86_64.jar\org\bytedeco\javacpp\windows-x86_64\api-ms-win-crt-multibyte-l1-1-0.dll
0x00000153cefd0000 - 0x00000153cefd4000 	C:\Users\Zjaun\.javacpp\cache\javacpp-1.5.9-windows-x86_64.jar\org\bytedeco\javacpp\windows-x86_64\api-ms-win-crt-conio-l1-1-0.dll
0x00000153cefe0000 - 0x00000153ceff1000 	C:\Users\Zjaun\.javacpp\cache\javacpp-1.5.9-windows-x86_64.jar\org\bytedeco\javacpp\windows-x86_64\api-ms-win-crt-private-l1-1-0.dll
0x00000153cf000000 - 0x00000153cf004000 	C:\Users\Zjaun\.javacpp\cache\javacpp-1.5.9-windows-x86_64.jar\org\bytedeco\javacpp\windows-x86_64\api-ms-win-crt-process-l1-1-0.dll
0x00000153cf010000 - 0x00000153cf014000 	C:\Users\Zjaun\.javacpp\cache\javacpp-1.5.9-windows-x86_64.jar\org\bytedeco\javacpp\windows-x86_64\api-ms-win-core-console-l1-2-0.dll
0x00000153cf020000 - 0x00000153cf024000 	C:\Users\Zjaun\.javacpp\cache\javacpp-1.5.9-windows-x86_64.jar\org\bytedeco\javacpp\windows-x86_64\api-ms-win-core-string-l1-1-0.dll
0x00000153cf030000 - 0x00000153cf034000 	C:\Users\Zjaun\.javacpp\cache\javacpp-1.5.9-windows-x86_64.jar\org\bytedeco\javacpp\windows-x86_64\api-ms-win-core-errorhandling-l1-1-0.dll
0x00000153cf040000 - 0x00000153cf044000 	C:\Users\Zjaun\.javacpp\cache\javacpp-1.5.9-windows-x86_64.jar\org\bytedeco\javacpp\windows-x86_64\api-ms-win-core-timezone-l1-1-0.dll
0x00000153cf050000 - 0x00000153cf055000 	C:\Users\Zjaun\.javacpp\cache\javacpp-1.5.9-windows-x86_64.jar\org\bytedeco\javacpp\windows-x86_64\api-ms-win-core-file-l1-1-0.dll
0x00000153cf060000 - 0x00000153cf064000 	C:\Users\Zjaun\.javacpp\cache\javacpp-1.5.9-windows-x86_64.jar\org\bytedeco\javacpp\windows-x86_64\api-ms-win-core-namedpipe-l1-1-0.dll
0x00000153cf070000 - 0x00000153cf074000 	C:\Users\Zjaun\.javacpp\cache\javacpp-1.5.9-windows-x86_64.jar\org\bytedeco\javacpp\windows-x86_64\api-ms-win-core-handle-l1-1-0.dll
0x00000153cf080000 - 0x00000153cf084000 	C:\Users\Zjaun\.javacpp\cache\javacpp-1.5.9-windows-x86_64.jar\org\bytedeco\javacpp\windows-x86_64\api-ms-win-core-file-l2-1-0.dll
0x00000153cf090000 - 0x00000153cf094000 	C:\Users\Zjaun\.javacpp\cache\javacpp-1.5.9-windows-x86_64.jar\org\bytedeco\javacpp\windows-x86_64\api-ms-win-core-heap-l1-1-0.dll
0x00000153cf0a0000 - 0x00000153cf0a4000 	C:\Users\Zjaun\.javacpp\cache\javacpp-1.5.9-windows-x86_64.jar\org\bytedeco\javacpp\windows-x86_64\api-ms-win-core-libraryloader-l1-1-0.dll
0x00000153cf0b0000 - 0x00000153cf0b4000 	C:\Users\Zjaun\.javacpp\cache\javacpp-1.5.9-windows-x86_64.jar\org\bytedeco\javacpp\windows-x86_64\api-ms-win-core-synch-l1-1-0.dll
0x00000153cf0c0000 - 0x00000153cf0c4000 	C:\Users\Zjaun\.javacpp\cache\javacpp-1.5.9-windows-x86_64.jar\org\bytedeco\javacpp\windows-x86_64\api-ms-win-core-processthreads-l1-1-0.dll
0x00000153cf0d0000 - 0x00000153cf0d4000 	C:\Users\Zjaun\.javacpp\cache\javacpp-1.5.9-windows-x86_64.jar\org\bytedeco\javacpp\windows-x86_64\api-ms-win-core-processenvironment-l1-1-0.dll
0x00000153cf0e0000 - 0x00000153cf0e4000 	C:\Users\Zjaun\.javacpp\cache\javacpp-1.5.9-windows-x86_64.jar\org\bytedeco\javacpp\windows-x86_64\api-ms-win-core-datetime-l1-1-0.dll
0x00000153d00c0000 - 0x00000153d00c4000 	C:\Users\Zjaun\.javacpp\cache\javacpp-1.5.9-windows-x86_64.jar\org\bytedeco\javacpp\windows-x86_64\api-ms-win-core-localization-l1-2-0.dll
0x00000153d00d0000 - 0x00000153d00d4000 	C:\Users\Zjaun\.javacpp\cache\javacpp-1.5.9-windows-x86_64.jar\org\bytedeco\javacpp\windows-x86_64\api-ms-win-core-sysinfo-l1-1-0.dll
0x00000153d00e0000 - 0x00000153d00e4000 	C:\Users\Zjaun\.javacpp\cache\javacpp-1.5.9-windows-x86_64.jar\org\bytedeco\javacpp\windows-x86_64\api-ms-win-core-synch-l1-2-0.dll
0x00000153d00f0000 - 0x00000153d00f4000 	C:\Users\Zjaun\.javacpp\cache\javacpp-1.5.9-windows-x86_64.jar\org\bytedeco\javacpp\windows-x86_64\api-ms-win-core-console-l1-1-0.dll
0x00000153d0100000 - 0x00000153d0104000 	C:\Users\Zjaun\.javacpp\cache\javacpp-1.5.9-windows-x86_64.jar\org\bytedeco\javacpp\windows-x86_64\api-ms-win-core-debug-l1-1-0.dll
0x00000153d0110000 - 0x00000153d0114000 	C:\Users\Zjaun\.javacpp\cache\javacpp-1.5.9-windows-x86_64.jar\org\bytedeco\javacpp\windows-x86_64\api-ms-win-core-rtlsupport-l1-1-0.dll
0x00000153d0120000 - 0x00000153d0124000 	C:\Users\Zjaun\.javacpp\cache\javacpp-1.5.9-windows-x86_64.jar\org\bytedeco\javacpp\windows-x86_64\api-ms-win-core-processthreads-l1-1-1.dll
0x00000153d0130000 - 0x00000153d0134000 	C:\Users\Zjaun\.javacpp\cache\javacpp-1.5.9-windows-x86_64.jar\org\bytedeco\javacpp\windows-x86_64\api-ms-win-core-file-l1-2-0.dll
0x00000153d0140000 - 0x00000153d0144000 	C:\Users\Zjaun\.javacpp\cache\javacpp-1.5.9-windows-x86_64.jar\org\bytedeco\javacpp\windows-x86_64\api-ms-win-core-profile-l1-1-0.dll
0x00000153d0150000 - 0x00000153d0154000 	C:\Users\Zjaun\.javacpp\cache\javacpp-1.5.9-windows-x86_64.jar\org\bytedeco\javacpp\windows-x86_64\api-ms-win-core-memory-l1-1-0.dll
0x00000153d0160000 - 0x00000153d0164000 	C:\Users\Zjaun\.javacpp\cache\javacpp-1.5.9-windows-x86_64.jar\org\bytedeco\javacpp\windows-x86_64\api-ms-win-core-util-l1-1-0.dll
0x00000153d0170000 - 0x00000153d0174000 	C:\Users\Zjaun\.javacpp\cache\javacpp-1.5.9-windows-x86_64.jar\org\bytedeco\javacpp\windows-x86_64\api-ms-win-core-interlocked-l1-1-0.dll
0x00007ff899640000 - 0x00007ff899751000 	C:\Users\Zjaun\.javacpp\cache\javacpp-1.5.9-windows-x86_64.jar\org\bytedeco\javacpp\windows-x86_64\ucrtbase.dll
0x00007ff9334d0000 - 0x00007ff9334eb000 	C:\Users\Zjaun\.javacpp\cache\javacpp-1.5.9-windows-x86_64.jar\org\bytedeco\javacpp\windows-x86_64\vcruntime140.dll
0x00007ff9334c0000 - 0x00007ff9334cc000 	C:\Users\Zjaun\.javacpp\cache\javacpp-1.5.9-windows-x86_64.jar\org\bytedeco\javacpp\windows-x86_64\vcruntime140_1.dll
0x00007ff90e2f0000 - 0x00007ff90e37d000 	C:\Users\Zjaun\.javacpp\cache\javacpp-1.5.9-windows-x86_64.jar\org\bytedeco\javacpp\windows-x86_64\msvcp140.dll
0x00007ff9334b0000 - 0x00007ff9334b9000 	C:\Users\Zjaun\.javacpp\cache\javacpp-1.5.9-windows-x86_64.jar\org\bytedeco\javacpp\windows-x86_64\msvcp140_1.dll
0x00007ff916240000 - 0x00007ff91628e000 	C:\Users\Zjaun\.javacpp\cache\javacpp-1.5.9-windows-x86_64.jar\org\bytedeco\javacpp\windows-x86_64\concrt140.dll
0x00007ff932ea0000 - 0x00007ff932ed1000 	C:\Users\Zjaun\.javacpp\cache\javacpp-1.5.9-windows-x86_64.jar\org\bytedeco\javacpp\windows-x86_64\vcomp140.dll
0x00007ff9334a0000 - 0x00007ff9334af000 	C:\Users\Zjaun\.javacpp\cache\javacpp-1.5.9-windows-x86_64.jar\org\bytedeco\javacpp\windows-x86_64\jnijavacpp.dll
0x00007ff843d40000 - 0x00007ff845a80000 	C:\Users\Zjaun\.javacpp\cache\openblas-0.3.23-1.5.9-windows-x86_64.jar\org\bytedeco\openblas\windows-x86_64\libopenblas_nolapack.dll
0x00007ff94f5b0000 - 0x00007ff94f5bc000 	C:\WINDOWS\SYSTEM32\CRYPTBASE.DLL
0x00007ff90fd00000 - 0x00007ff90fd5f000 	C:\Users\Zjaun\.javacpp\cache\openblas-0.3.23-1.5.9-windows-x86_64.jar\org\bytedeco\openblas\windows-x86_64\jniopenblas_nolapack.dll
0x00007ff83ee80000 - 0x00007ff840bc0000 	C:\Users\Zjaun\.javacpp\cache\openblas-0.3.23-1.5.9-windows-x86_64.jar\org\bytedeco\openblas\windows-x86_64\libopenblas.dll
0x00007ff842950000 - 0x00007ff843d33000 	C:\Users\Zjaun\.javacpp\cache\openblas-0.3.23-1.5.9-windows-x86_64.jar\org\bytedeco\openblas\windows-x86_64\jniopenblas.dll
0x00007ff874410000 - 0x00007ff8748c7000 	C:\Users\Zjaun\.javacpp\cache\opencv-4.7.0-1.5.9-windows-x86_64.jar\org\bytedeco\opencv\windows-x86_64\opencv_core470.dll
0x00007ff873ab0000 - 0x00007ff87422d000 	C:\Users\Zjaun\.javacpp\cache\opencv-4.7.0-1.5.9-windows-x86_64.jar\org\bytedeco\opencv\windows-x86_64\opencv_imgproc470.dll
0x00007ff8735f0000 - 0x00007ff873886000 	C:\Users\Zjaun\.javacpp\cache\opencv-4.7.0-1.5.9-windows-x86_64.jar\org\bytedeco\opencv\windows-x86_64\jniopencv_core.dll
0x00007ff950a10000 - 0x00007ff950baf000 	C:\WINDOWS\System32\ole32.dll
0x00007ff910090000 - 0x00007ff9100df000 	C:\Users\Zjaun\.javacpp\cache\videoinput-0.200-1.5.9-windows-x86_64.jar\org\bytedeco\videoinput\windows-x86_64\jnivideoInputLib.dll
0x00007ff94d1f0000 - 0x00007ff94d29b000 	C:\WINDOWS\system32\uxtheme.dll
0x00007ff9527f0000 - 0x00007ff9528a0000 	C:\WINDOWS\System32\clbcatq.dll
0x00007ff894490000 - 0x00007ff8944b1000 	C:\Windows\System32\devenum.dll
0x00007ff94fa80000 - 0x00007ff94face000 	C:\Windows\System32\CFGMGR32.dll
0x00007ff951600000 - 0x00007ff951a74000 	C:\WINDOWS\System32\setupapi.dll
0x00007ff94eee0000 - 0x00007ff94ef14000 	C:\WINDOWS\SYSTEM32\ntmarta.dll
0x00007ff94fa50000 - 0x00007ff94fa7c000 	C:\WINDOWS\SYSTEM32\DEVOBJ.dll
0x00007ff94fef0000 - 0x00007ff94ff5c000 	C:\WINDOWS\System32\WINTRUST.dll
0x00007ff94ff60000 - 0x00007ff9500c6000 	C:\WINDOWS\System32\CRYPT32.dll
0x00007ff94f5f0000 - 0x00007ff94f602000 	C:\WINDOWS\SYSTEM32\MSASN1.dll
0x00007ff93f830000 - 0x00007ff93f83b000 	C:\WINDOWS\SYSTEM32\msdmo.dll
0x00007ff894410000 - 0x00007ff894449000 	C:\Windows\System32\qcap.dll
0x00007ff9490c0000 - 0x00007ff9492a7000 	C:\Windows\System32\quartz.dll
0x00007ff94f750000 - 0x00007ff94f778000 	C:\Windows\System32\bcrypt.dll
0x00007ff951b30000 - 0x00007ff951c7c000 	C:\WINDOWS\System32\MSCTF.dll
0x00007ff92da30000 - 0x00007ff92da6b000 	C:\Windows\System32\mfksproxy.dll
0x00007ff94cf10000 - 0x00007ff94cf2e000 	C:\Windows\System32\ATL.DLL
0x00007ff94a0d0000 - 0x00007ff94a29e000 	C:\Windows\System32\MFPlat.DLL
0x00007ff949fa0000 - 0x00007ff949fd3000 	C:\Windows\System32\RTWorkQ.DLL
0x00007ff8f7690000 - 0x00007ff8f76d6000 	C:\Windows\System32\FrameServerMonitorClient.dll
0x00007ff94a990000 - 0x00007ff94aa0f000 	C:\Windows\System32\MFSENSORGROUP.dll

dbghelp: loaded successfully - version: 4.0.5 - missing functions: none
symbol engine: initialized successfully - sym options: 0x614 - pdb path: .;C:\Program Files\Java\jdk-17.0.2\bin;C:\WINDOWS\SYSTEM32;C:\WINDOWS\WinSxS\amd64_microsoft.windows.common-controls_6595b64144ccf1df_6.0.22621.2361_none_2712ced57382f843;C:\Program Files\Java\jdk-17.0.2\bin\server;C:\Program Files\JetBrains\IntelliJ IDEA 2023.2.4\bin;C:\Users\Zjaun\.javacpp\cache\javacpp-1.5.9-windows-x86_64.jar\org\bytedeco\javacpp\windows-x86_64;C:\Users\Zjaun\.javacpp\cache\openblas-0.3.23-1.5.9-windows-x86_64.jar\org\bytedeco\openblas\windows-x86_64;C:\Users\Zjaun\.javacpp\cache\opencv-4.7.0-1.5.9-windows-x86_64.jar\org\bytedeco\opencv\windows-x86_64;C:\Users\Zjaun\.javacpp\cache\videoinput-0.200-1.5.9-windows-x86_64.jar\org\bytedeco\videoinput\windows-x86_64;C:\WINDOWS\WinSxS\amd64_microsoft.windows.gdiplus_6595b64144ccf1df_1.1.22621.1778_none_57fe2016ce1542ec;C:\WINDOWS\System32\DriverStore\FileRepository\nv_dispig.inf_amd64_8c8de08a85de4474

VM Arguments:
jvm_args: -javaagent:C:\Program Files\JetBrains\IntelliJ IDEA 2023.2.4\lib\idea_rt.jar=55436:C:\Program Files\JetBrains\IntelliJ IDEA 2023.2.4\bin -Dfile.encoding=UTF-8 
java_command: ColorQuantizer
java_class_path (initial): C:\Users\Zjaun\Pictures\Stream Files\Semi-Hardcore Minecraft Server\Parallel Image Dithering Algorithms\target\classes;C:\Users\Zjaun\.m2\repository\org\bytedeco\javacv-platform\1.5.9\javacv-platform-1.5.9.jar;C:\Users\Zjaun\.m2\repository\org\bytedeco\javacv\1.5.9\javacv-1.5.9.jar;C:\Users\Zjaun\.m2\repository\org\bytedeco\javacpp\1.5.9\javacpp-1.5.9.jar;C:\Users\Zjaun\.m2\repository\org\bytedeco\openblas\0.3.23-1.5.9\openblas-0.3.23-1.5.9.jar;C:\Users\Zjaun\.m2\repository\org\bytedeco\opencv\4.7.0-1.5.9\opencv-4.7.0-1.5.9.jar;C:\Users\Zjaun\.m2\repository\org\bytedeco\ffmpeg\6.0-1.5.9\ffmpeg-6.0-1.5.9.jar;C:\Users\Zjaun\.m2\repository\org\bytedeco\flycapture\2.13.3.31-1.5.9\flycapture-2.13.3.31-1.5.9.jar;C:\Users\Zjaun\.m2\repository\org\bytedeco\libdc1394\2.2.6-1.5.9\libdc1394-2.2.6-1.5.9.jar;C:\Users\Zjaun\.m2\repository\org\bytedeco\libfreenect\0.5.7-1.5.9\libfreenect-0.5.7-1.5.9.jar;C:\Users\Zjaun\.m2\repository\org\bytedeco\libfreenect2\0.2.0-1.5.9\libfreenect2-0.2.0-1.5.9.jar;C:\Users\Zjaun\.m2\repository\org\bytedeco\librealsense\1.12.4-1.5.9\librealsense-1.12.4-1.5.9.jar;C:\Users\Zjaun\.m2\repository\org\bytedeco\librealsense2\2.53.1-1.5.9\librealsense2-2.53.1-1.5.9.jar;C:\Users\Zjaun\.m2\repository\org\bytedeco\videoinput\0.200-1.5.9\videoinput-0.200-1.5.9.jar;C:\Users\Zjaun\.m2\repository\org\bytedeco\artoolkitplus\2.3.1-1.5.9\artoolkitplus-2.3.1-1.5.9.jar;C:\Users\Zjaun\.m2\repository\org\bytedeco\leptonica\1.83.0-1.5.9\leptonica-1.83.0-1.5.9.jar;C:\Users\Zjaun\.m2\repository\org\bytedeco\tesseract\5.3.1-1.5.9\tesseract-5.3.1-1.5.9.jar;C:\Users\Zjaun\.m2\repository\org\openjfx\javafx-graphics\17\javafx-graphics-17.jar;C:\Users\Zjaun\.m2\repository\org\openjfx\javafx-graphics\17\javafx-graphics-17-win.jar;C:\Users\Zjaun\.m2\repository\org\openjfx\javafx-base\17\javafx-base-17.jar;C:\Users\Zjaun\.m2\repository\org\openjfx\javafx-base\17\javafx-base-17-win.jar;C:\Users\Zjaun\.m2\repository\org\bytedeco\openblas-platform\0.3.23-
Launcher Type: SUN_STANDARD

[Global flags]
     intx CICompilerCount                          = 4                                         {product} {ergonomic}
     uint ConcGCThreads                            = 3                                         {product} {ergonomic}
     uint G1ConcRefinementThreads                  = 10                                        {product} {ergonomic}
   size_t G1HeapRegionSize                         = 4194304                                   {product} {ergonomic}
    uintx GCDrainStackTargetSize                   = 64                                        {product} {ergonomic}
   size_t InitialHeapSize                          = 536870912                                 {product} {ergonomic}
   size_t MarkStackSize                            = 4194304                                   {product} {ergonomic}
   size_t MaxHeapSize                              = 8573157376                                {product} {ergonomic}
   size_t MaxNewSize                               = 5142216704                                {product} {ergonomic}
   size_t MinHeapDeltaBytes                        = 4194304                                   {product} {ergonomic}
   size_t MinHeapSize                              = 8388608                                   {product} {ergonomic}
    uintx NonNMethodCodeHeapSize                   = 5839372                                {pd product} {ergonomic}
    uintx NonProfiledCodeHeapSize                  = 122909434                              {pd product} {ergonomic}
    uintx ProfiledCodeHeapSize                     = 122909434                              {pd product} {ergonomic}
    uintx ReservedCodeCacheSize                    = 251658240                              {pd product} {ergonomic}
     bool SegmentedCodeCache                       = true                                      {product} {ergonomic}
   size_t SoftMaxHeapSize                          = 8573157376                             {manageable} {ergonomic}
     bool UseCompressedClassPointers               = true                           {product lp64_product} {ergonomic}
     bool UseCompressedOops                        = true                           {product lp64_product} {ergonomic}
     bool UseG1GC                                  = true                                      {product} {ergonomic}
     bool UseLargePagesIndividualAllocation        = false                                  {pd product} {ergonomic}

Logging:
Log output configuration:
 #0: stdout all=warning uptime,level,tags
 #1: stderr all=off uptime,level,tags

Environment Variables:
JAVA_HOME=C:\Program Files\Java\jdk-17.0.2
PATH=c:\program files (x86)\vmware\vmware player\bin\;c:\program files\oculus\support\oculus-runtime;c:\program files (x86)\common files\intel\shared libraries\redist\intel64\compiler;c:\program files\common files\oracle\java\javapath;C:\Program Files (x86)\Common Files\Oracle\Java\javapath;c:\windows\system32;c:\windows;c:\windows\system32\wbem;c:\windows\system32\windowspowershell\v1.0\;c:\windows\system32\openssh\;c:\program files (x86)\winscp\;c:\program files\dotnet\;c:\program files\nodejs\;c:\program files\git\cmd;c:\program files\powershell\7\;c:\windows\system32;c:\windows;c:\windows\system32\wbem;c:\windows\system32\windowspowershell\v1.0\;c:\windows\system32\openssh\;c:\scrcpy-win64-v1.25;C:\Program Files (x86)\NVIDIA Corporation\PhysX\Common;C:\Program Files\Apache\apache-maven-3.9.1\bin;;C:\Program Files\Docker\Docker\resources\bin;C:\Program Files\Tailscale\;C:\Program Files\Java\jdk-17.0.2\bin;C:\Users\Zjaun\AppData\Local\Programs\Microsoft VS Code\bin;C:\Program Files\JetBrains\IntelliJ IDEA 2023.2.4\bin;;C:\Program Files\JetBrains\CLion 2023.2.2\bin;;C:\Program Files\JetBrains\PyCharm 2023.2.3\bin;
USERNAME=Zjaun
OS=Windows_NT
PROCESSOR_IDENTIFIER=AMD64 Family 25 Model 33 Stepping 0, AuthenticAMD



---------------  S Y S T E M  ---------------

OS:
 Windows 11 , 64 bit Build 22621 (10.0.22621.2428)
OS uptime: 0 days 1:03 hours

CPU: total 12 (initial active 12) (12 cores per cpu, 2 threads per core) family 25 model 33 stepping 0 microcode 0x0, cx8, cmov, fxsr, ht, mmx, 3dnowpref, sse, sse2, sse3, ssse3, sse4a, sse4.1, sse4.2, popcnt, lzcnt, tsc, tscinvbit, avx, avx2, aes, erms, clmul, bmi1, bmi2, adx, sha, fma, vzeroupper, clflush, clflushopt

Memory: 4k page, system-wide physical 32691M (19967M free)
TotalPageFile size 34739M (AvailPageFile size 12793M)
current process WorkingSet (physical memory assigned to process): 285M, peak: 285M
current process commit charge ("private bytes"): 3534M, peak: 3534M

vm_info: Java HotSpot(TM) 64-Bit Server VM (17.0.2+8-LTS-86) for windows-amd64 JRE (17.0.2+8-LTS-86), built on Dec  7 2021 21:51:03 by "mach5one" with MS VC++ 16.8 / 16.9 (VS2019)

END.
