#
# A fatal error has been detected by the Java Runtime Environment:
#
#  EXCEPTION_ACCESS_VIOLATION (0xc0000005) at pc=0x00007ffb0bd7cea1, pid=21488, tid=21756
#
# JRE version: Java(TM) SE Runtime Environment (17.0.2+8) (build 17.0.2+8-LTS-86)
# Java VM: Java HotSpot(TM) 64-Bit Server VM (17.0.2+8-LTS-86, mixed mode, sharing, tiered, compressed oops, compressed class ptrs, g1 gc, windows-amd64)
# Problematic frame:
# C  [jnivideoInputLib.dll+0x1cea1]
#
# No core dump will be written. Minidumps are not enabled by default on client versions of Windows
#
# JFR recording file will be written. Location: C:\Users\Zjaun\Pictures\Stream Files\Semi-Hardcore Minecraft Server\Parallel Image Dithering Algorithms\hs_err_pid21488.jfr
#
# If you would like to submit a bug report, please visit:
#   https://bugreport.java.com/bugreport/crash.jsp
# The crash happened outside the Java Virtual Machine in native code.
# See problematic frame for where to report the bug.
#

---------------  S U M M A R Y ------------

Command Line: -javaagent:C:\Program Files\JetBrains\IntelliJ IDEA 2023.2.4\lib\idea_rt.jar=50896:C:\Program Files\JetBrains\IntelliJ IDEA 2023.2.4\bin -Dfile.encoding=UTF-8 ColorQuantizer

Host: AMD Ryzen 5 5600X 6-Core Processor             , 12 cores, 31G,  Windows 11 , 64 bit Build 22621 (10.0.22621.2428)
Time: Sun Nov  5 13:04:09 2023 Malay Peninsula Standard Time elapsed time: 3.933662 seconds (0d 0h 0m 3s)

---------------  T H R E A D  ---------------

Current thread (0x0000023f7c56c7f0):  JavaThread "Thread-10" [_thread_in_native, id=21756, stack(0x000000b40ac00000,0x000000b40ad00000)]

Stack: [0x000000b40ac00000,0x000000b40ad00000],  sp=0x000000b40acff468,  free space=1021k
Native frames: (J=compiled Java code, j=interpreted, Vv=VM code, C=native code)
C  [jnivideoInputLib.dll+0x1cea1]

Java frames: (J=compiled Java code, j=interpreted, Vv=VM code)
j  org.bytedeco.videoinput.videoInput.getPixels(ILorg/bytedeco/javacpp/BytePointer;ZZ)Z+0
j  CustomVideoInputFrameGrabber.grab()Lorg/bytedeco/javacv/Frame;+108
j  Demo.run()V+96
j  java.lang.Thread.run()V+11 java.base@17.0.2
v  ~StubRoutines::call_stub

siginfo: EXCEPTION_ACCESS_VIOLATION (0xc0000005), writing address 0x0000023ff3b5f000


Register to memory mapping:

RIP=0x00007ffb0bd7cea1 jnivideoInputLib.dll
RAX=0x0000023ff3b5ef80 points into unknown readable memory: 0xa0aba89faba9a0ac | ac a0 a9 ab 9f a8 ab a0
RBX=0x0000023ff3b5ef80 points into unknown readable memory: 0xa0aba89faba9a0ac | ac a0 a9 ab 9f a8 ab a0
RCX=0x0000023ff3b5efa0 points into unknown readable memory: 0xa5ada1a6aea2a9ae | ae a9 a2 ae a6 a1 ad a5
RDX=0x0000023f7f516850 points into unknown readable memory: 0xa5ada1a6aea2a9ae | ae a9 a2 ae a6 a1 ad a5
RSP=0x000000b40acff468 is pointing into the stack for thread: 0x0000023f7c56c7f0
RBP=0x00000000000001e0 is an unknown value
RSI=0x0000000000000780 is an unknown value
RDI=0x0000023f7f516830 points into unknown readable memory: 0xa3a5a5a4a1a6a5a2 | a2 a5 a6 a1 a4 a5 a5 a3
R8 =0x0000000000000760 is an unknown value
R9 =0xffffffffffffffe0 is an unknown value
R10=0x00007ffb0bd60000 jnivideoInputLib.dll
R11=0x0000000000000780 is an unknown value
R12=0x0 is NULL
R13=0x0000023f901d4c60 is pointing into metadata
R14=0xfffffffffffff880 is an unknown value
R15=0x0 is NULL


Registers:
RAX=0x0000023ff3b5ef80, RBX=0x0000023ff3b5ef80, RCX=0x0000023ff3b5efa0, RDX=0x0000023f7f516850
RSP=0x000000b40acff468, RBP=0x00000000000001e0, RSI=0x0000000000000780, RDI=0x0000023f7f516830
R8 =0x0000000000000760, R9 =0xffffffffffffffe0, R10=0x00007ffb0bd60000, R11=0x0000000000000780
R12=0x0000000000000000, R13=0x0000023f901d4c60, R14=0xfffffffffffff880, R15=0x0000000000000000
RIP=0x00007ffb0bd7cea1, EFLAGS=0x0000000000010287

Top of Stack: (sp=0x000000b40acff468)
0x000000b40acff468:   00007ffb0bd63dde 0000000000000000
0x000000b40acff478:   0000023f4c6a0000 0000023ff3b5ef80
0x000000b40acff488:   0000023ff3b5ef00 0000023ff3b5ef00
0x000000b40acff498:   00007ffb0bd628e8 0000000000000000
0x000000b40acff4a8:   0000023f7dae0fa8 0000023ff3b5ef80
0x000000b40acff4b8:   0000000000000000 00000000000001e0
0x000000b40acff4c8:   0000023f7bdeca00 0000023fee759101
0x000000b40acff4d8:   00007ffb02e4944f 000000b40acff628
0x000000b40acff4e8:   0000023ff3b5ef80 0000023f7dae0ef0
0x000000b40acff4f8:   00007ffb0bd6c0cb 0000023f7c56ca98
0x000000b40acff508:   0000023fee759840 000000b40acff5f8
0x000000b40acff518:   00007ffb034c61a6 00000012a9f9c501
0x000000b40acff528:   0000023f7c56c7f0 bce4217d2849cb00
0x000000b40acff538:   0000000000000000 0000023f7c56c7f0
0x000000b40acff548:   000000b40acff638 0000023f560a9612
0x000000b40acff558:   0000023f560ad621 0000023f7c56ca98 

Instructions: (pc=0x00007ffb0bd7cea1)
0x00007ffb0bd7cda1:   0a 44 0f b7 42 04 89 08 66 44 89 40 04 c3 8b 0a
0x00007ffb0bd7cdb1:   44 0f b6 42 04 89 08 44 88 40 04 c3 48 8b 0a 48
0x00007ffb0bd7cdc1:   89 08 c3 0f b6 0a 88 08 c3 8b 0a 89 08 c3 90 49
0x00007ffb0bd7cdd1:   83 f8 20 77 17 f3 0f 6f 0a f3 42 0f 6f 54 02 f0
0x00007ffb0bd7cde1:   f3 0f 7f 09 f3 42 0f 7f 54 01 f0 c3 48 3b d1 73
0x00007ffb0bd7cdf1:   0e 4e 8d 0c 02 49 3b c9 0f 82 41 04 00 00 90 83
0x00007ffb0bd7ce01:   3d 11 92 02 00 03 0f 82 e3 02 00 00 49 81 f8 00
0x00007ffb0bd7ce11:   20 00 00 76 16 49 81 f8 00 00 18 00 77 0d f6 05
0x00007ffb0bd7ce21:   1e a4 02 00 02 0f 85 64 fe ff ff c5 fe 6f 02 c4
0x00007ffb0bd7ce31:   a1 7e 6f 6c 02 e0 49 81 f8 00 01 00 00 0f 86 c4
0x00007ffb0bd7ce41:   00 00 00 4c 8b c9 49 83 e1 1f 49 83 e9 20 49 2b
0x00007ffb0bd7ce51:   c9 49 2b d1 4d 03 c1 49 81 f8 00 01 00 00 0f 86
0x00007ffb0bd7ce61:   a3 00 00 00 49 81 f8 00 00 18 00 0f 87 3e 01 00
0x00007ffb0bd7ce71:   00 66 66 66 66 66 66 0f 1f 84 00 00 00 00 00 c5
0x00007ffb0bd7ce81:   fe 6f 0a c5 fe 6f 52 20 c5 fe 6f 5a 40 c5 fe 6f
0x00007ffb0bd7ce91:   62 60 c5 fd 7f 09 c5 fd 7f 51 20 c5 fd 7f 59 40
0x00007ffb0bd7cea1:   c5 fd 7f 61 60 c5 fe 6f 8a 80 00 00 00 c5 fe 6f
0x00007ffb0bd7ceb1:   92 a0 00 00 00 c5 fe 6f 9a c0 00 00 00 c5 fe 6f
0x00007ffb0bd7cec1:   a2 e0 00 00 00 c5 fd 7f 89 80 00 00 00 c5 fd 7f
0x00007ffb0bd7ced1:   91 a0 00 00 00 c5 fd 7f 99 c0 00 00 00 c5 fd 7f
0x00007ffb0bd7cee1:   a1 e0 00 00 00 48 81 c1 00 01 00 00 48 81 c2 00
0x00007ffb0bd7cef1:   01 00 00 49 81 e8 00 01 00 00 49 81 f8 00 01 00
0x00007ffb0bd7cf01:   00 0f 83 78 ff ff ff 4d 8d 48 1f 49 83 e1 e0 4d
0x00007ffb0bd7cf11:   8b d9 49 c1 eb 05 47 8b 9c 9a 90 d0 04 00 4d 03
0x00007ffb0bd7cf21:   da 41 ff e3 c4 a1 7e 6f 8c 0a 00 ff ff ff c4 a1
0x00007ffb0bd7cf31:   7e 7f 8c 09 00 ff ff ff c4 a1 7e 6f 8c 0a 20 ff
0x00007ffb0bd7cf41:   ff ff c4 a1 7e 7f 8c 09 20 ff ff ff c4 a1 7e 6f
0x00007ffb0bd7cf51:   8c 0a 40 ff ff ff c4 a1 7e 7f 8c 09 40 ff ff ff
0x00007ffb0bd7cf61:   c4 a1 7e 6f 8c 0a 60 ff ff ff c4 a1 7e 7f 8c 09
0x00007ffb0bd7cf71:   60 ff ff ff c4 a1 7e 6f 4c 0a 80 c4 a1 7e 7f 4c
0x00007ffb0bd7cf81:   09 80 c4 a1 7e 6f 4c 0a a0 c4 a1 7e 7f 4c 09 a0
0x00007ffb0bd7cf91:   c4 a1 7e 6f 4c 0a c0 c4 a1 7e 7f 4c 09 c0 c4 a1 


Stack slot to memory mapping:
stack at sp + 0 slots: 0x00007ffb0bd63dde jnivideoInputLib.dll
stack at sp + 1 slots: 0x0 is NULL
stack at sp + 2 slots: 0x0000023f4c6a0000 points into unknown readable memory: 0x0000000000000000 | 00 00 00 00 00 00 00 00
stack at sp + 3 slots: 0x0000023ff3b5ef80 points into unknown readable memory: 0xa0aba89faba9a0ac | ac a0 a9 ab 9f a8 ab a0
stack at sp + 4 slots: 0x0000023ff3b5ef00 points into unknown readable memory: 0x0000000000000000 | 00 00 00 00 00 00 00 00
stack at sp + 5 slots: 0x0000023ff3b5ef00 points into unknown readable memory: 0x0000000000000000 | 00 00 00 00 00 00 00 00
stack at sp + 6 slots: 0x00007ffb0bd628e8 jnivideoInputLib.dll
stack at sp + 7 slots: 0x0 is NULL


---------------  P R O C E S S  ---------------

Threads class SMR info:
_java_thread_list=0x0000023fef9178e0, length=25, elements={
0x0000023f7bc040b0, 0x0000023f7bc04b30, 0x0000023f7bc18010, 0x0000023f7bc19fd0,
0x0000023f7bc1ca90, 0x0000023f7bc1d440, 0x0000023f7bc1e1d0, 0x0000023f7bc23090,
0x0000023f7bc24170, 0x0000023f7bd22e20, 0x0000023f7c5ebcc0, 0x0000023f7c0967e0,
0x0000023f7c56d660, 0x0000023f7c56d190, 0x0000023f7c56c7f0, 0x0000023f7c56e9a0,
0x0000023f7c56f810, 0x0000023f7c56fce0, 0x0000023fee94d6d0, 0x0000023fee94f3b0,
0x0000023fee947b60, 0x0000023fee949840, 0x0000023feea739c0, 0x0000023fee94e070,
0x0000023fee94c860
}

Java Threads: ( => current thread )
  0x0000023f7bc040b0 JavaThread "Reference Handler" daemon [_thread_blocked, id=12744, stack(0x000000b406d00000,0x000000b406e00000)]
  0x0000023f7bc04b30 JavaThread "Finalizer" daemon [_thread_blocked, id=19680, stack(0x000000b406e00000,0x000000b406f00000)]
  0x0000023f7bc18010 JavaThread "Signal Dispatcher" daemon [_thread_blocked, id=16792, stack(0x000000b406f00000,0x000000b407000000)]
  0x0000023f7bc19fd0 JavaThread "Attach Listener" daemon [_thread_blocked, id=13052, stack(0x000000b407000000,0x000000b407100000)]
  0x0000023f7bc1ca90 JavaThread "Service Thread" daemon [_thread_blocked, id=16856, stack(0x000000b407100000,0x000000b407200000)]
  0x0000023f7bc1d440 JavaThread "Monitor Deflation Thread" daemon [_thread_blocked, id=20044, stack(0x000000b407200000,0x000000b407300000)]
  0x0000023f7bc1e1d0 JavaThread "C2 CompilerThread0" daemon [_thread_blocked, id=11216, stack(0x000000b407300000,0x000000b407400000)]
  0x0000023f7bc23090 JavaThread "C1 CompilerThread0" daemon [_thread_blocked, id=12524, stack(0x000000b407400000,0x000000b407500000)]
  0x0000023f7bc24170 JavaThread "Sweeper thread" daemon [_thread_blocked, id=9568, stack(0x000000b407500000,0x000000b407600000)]
  0x0000023f7bd22e20 JavaThread "Common-Cleaner" daemon [_thread_blocked, id=4120, stack(0x000000b407600000,0x000000b407700000)]
  0x0000023f7c5ebcc0 JavaThread "Monitor Ctrl-Break" daemon [_thread_in_native, id=11296, stack(0x000000b407800000,0x000000b407900000)]
  0x0000023f7c0967e0 JavaThread "Notification Thread" daemon [_thread_blocked, id=13100, stack(0x000000b407900000,0x000000b407a00000)]
  0x0000023f7c56d660 JavaThread "JavaCPP Deallocator" daemon [_thread_blocked, id=21512, stack(0x000000b408500000,0x000000b408600000)]
  0x0000023f7c56d190 JavaThread "JFR Recorder Thread" daemon [_thread_blocked, id=21732, stack(0x000000b407700000,0x000000b407800000)]
=>0x0000023f7c56c7f0 JavaThread "Thread-10" [_thread_in_native, id=21756, stack(0x000000b40ac00000,0x000000b40ad00000)]
  0x0000023f7c56e9a0 JavaThread "Thread-11" [_thread_in_native, id=21760, stack(0x000000b40ad00000,0x000000b40ae00000)]
  0x0000023f7c56f810 JavaThread "DestroyJavaVM" [_thread_blocked, id=21496, stack(0x000000b406600000,0x000000b406700000)]
  0x0000023f7c56fce0 JavaThread "JFR Periodic Tasks" daemon [_thread_blocked, id=21764, stack(0x000000b40ae00000,0x000000b40af00000)]
  0x0000023fee94d6d0 JavaThread "Java2D Disposer" daemon [_thread_blocked, id=21768, stack(0x000000b40af00000,0x000000b40b000000)]
  0x0000023fee94f3b0 JavaThread "AWT-Shutdown" [_thread_blocked, id=21772, stack(0x000000b40b000000,0x000000b40b100000)]
  0x0000023fee947b60 JavaThread "AWT-Windows" daemon [_thread_in_native, id=21776, stack(0x000000b40b100000,0x000000b40b200000)]
  0x0000023fee949840 JavaThread "Wall clock sampler" daemon [_thread_in_native, id=21784, stack(0x000000b40b200000,0x000000b40b300000)]
  0x0000023feea739c0 JavaThread "Async-profiler Timer" daemon [_thread_in_native, id=21804, stack(0x000000b40b300000,0x000000b40b400000)]
  0x0000023fee94e070 JavaThread "AWT-EventQueue-0" [_thread_blocked, id=21936, stack(0x000000b40b500000,0x000000b40b600000)]
  0x0000023fee94c860 JavaThread "D3D Screen Updater" daemon [_thread_blocked, id=21912, stack(0x000000b40b600000,0x000000b40b700000)]

Other Threads:
  0x0000023f7b20dfe0 VMThread "VM Thread" [stack: 0x000000b406c00000,0x000000b406d00000] [id=16928]
  0x0000023f4e903d40 WatcherThread [stack: 0x000000b407a00000,0x000000b407b00000] [id=15636]
  0x0000023f4e8e0a80 GCTaskThread "GC Thread#0" [stack: 0x000000b406700000,0x000000b406800000] [id=20696]
  0x0000023f7cfa5900 GCTaskThread "GC Thread#1" [stack: 0x000000b407c00000,0x000000b407d00000] [id=22304]
  0x0000023f7cc32b80 GCTaskThread "GC Thread#2" [stack: 0x000000b407d00000,0x000000b407e00000] [id=22308]
  0x0000023f7ce090d0 GCTaskThread "GC Thread#3" [stack: 0x000000b407e00000,0x000000b407f00000] [id=17396]
  0x0000023f7cc8a210 GCTaskThread "GC Thread#4" [stack: 0x000000b407f00000,0x000000b408000000] [id=20884]
  0x0000023f7cc8a8d0 GCTaskThread "GC Thread#5" [stack: 0x000000b408000000,0x000000b408100000] [id=20876]
  0x0000023f7cc8af90 GCTaskThread "GC Thread#6" [stack: 0x000000b408100000,0x000000b408200000] [id=20880]
  0x0000023f7cc8b240 GCTaskThread "GC Thread#7" [stack: 0x000000b408200000,0x000000b408300000] [id=20984]
  0x0000023f7ce38b20 GCTaskThread "GC Thread#8" [stack: 0x000000b408300000,0x000000b408400000] [id=18364]
  0x0000023f7ce38dd0 GCTaskThread "GC Thread#9" [stack: 0x000000b408400000,0x000000b408500000] [id=19688]
  0x0000023f4e8f1940 ConcurrentGCThread "G1 Main Marker" [stack: 0x000000b406800000,0x000000b406900000] [id=6332]
  0x0000023f4e8f3b00 ConcurrentGCThread "G1 Conc#0" [stack: 0x000000b406900000,0x000000b406a00000] [id=15256]
  0x0000023f7b0c6d70 ConcurrentGCThread "G1 Refine#0" [stack: 0x000000b406a00000,0x000000b406b00000] [id=2028]
  0x0000023f7b0c7790 ConcurrentGCThread "G1 Service" [stack: 0x000000b406b00000,0x000000b406c00000] [id=17468]

Threads with active compile tasks:

VM state: not at safepoint (normal execution)

VM Mutex/Monitor currently owned by a thread: None

Heap address: 0x0000000601000000, size: 8176 MB, Compressed Oops mode: Zero based, Oop shift amount: 3

CDS archive(s) mapped at: [0x0000000800000000-0x0000000800bc0000-0x0000000800bc0000), size 12320768, SharedBaseAddress: 0x0000000800000000, ArchiveRelocationMode: 0.
Compressed class space mapped at: 0x0000000800c00000-0x0000000840c00000, reserved size: 1073741824
Narrow klass base: 0x0000000800000000, Narrow klass shift: 0, Narrow klass range: 0x100000000

GC Precious Log:
 CPUs: 12 total, 12 available
 Memory: 32691M
 Large Page Support: Disabled
 NUMA Support: Disabled
 Compressed Oops: Enabled (Zero based)
 Heap Region Size: 4M
 Heap Min Capacity: 8M
 Heap Initial Capacity: 512M
 Heap Max Capacity: 8176M
 Pre-touch: Disabled
 Parallel Workers: 10
 Concurrent Workers: 3
 Concurrent Refinement Workers: 10
 Periodic GC: Disabled

Heap:
 garbage-first heap   total 524288K, used 220660K [0x0000000601000000, 0x0000000800000000)
  region size 4096K, 37 young (151552K), 3 survivors (12288K)
 Metaspace       used 16494K, committed 16704K, reserved 1064960K
  class space    used 1354K, committed 1472K, reserved 1048576K

Heap Regions: E=young(eden), S=young(survivor), O=old, HS=humongous(starts), HC=humongous(continues), CS=collection set, F=free, OA=open archive, CA=closed archive, TAMS=top-at-mark-start (previous, next)
|   0|0x0000000601000000, 0x0000000601400000, 0x0000000601400000|100%|HS|  |TAMS 0x0000000601000000, 0x0000000601000000| Complete 
|   1|0x0000000601400000, 0x0000000601800000, 0x0000000601800000|100%|HC|  |TAMS 0x0000000601400000, 0x0000000601400000| Complete 
|   2|0x0000000601800000, 0x0000000601c00000, 0x0000000601c00000|100%|HC|  |TAMS 0x0000000601800000, 0x0000000601800000| Complete 
|   3|0x0000000601c00000, 0x0000000602000000, 0x0000000602000000|100%|HC|  |TAMS 0x0000000601c00000, 0x0000000601c00000| Complete 
|   4|0x0000000602000000, 0x0000000602400000, 0x0000000602400000|100%|HC|  |TAMS 0x0000000602000000, 0x0000000602000000| Complete 
|   5|0x0000000602400000, 0x0000000602800000, 0x0000000602800000|100%|HC|  |TAMS 0x0000000602400000, 0x0000000602400000| Complete 
|   6|0x0000000602800000, 0x0000000602c00000, 0x0000000602c00000|100%|HC|  |TAMS 0x0000000602800000, 0x0000000602800000| Complete 
|   7|0x0000000602c00000, 0x0000000603000000, 0x0000000603000000|100%|HC|  |TAMS 0x0000000602c00000, 0x0000000602c00000| Complete 
|   8|0x0000000603000000, 0x0000000603400000, 0x0000000603400000|100%|HC|  |TAMS 0x0000000603000000, 0x0000000603000000| Complete 
|   9|0x0000000603400000, 0x0000000603800000, 0x0000000603800000|100%|HC|  |TAMS 0x0000000603400000, 0x0000000603400000| Complete 
|  10|0x0000000603800000, 0x0000000603c00000, 0x0000000603c00000|100%|HC|  |TAMS 0x0000000603800000, 0x0000000603800000| Complete 
|  11|0x0000000603c00000, 0x0000000604000000, 0x0000000604000000|100%|HC|  |TAMS 0x0000000603c00000, 0x0000000603c00000| Complete 
|  12|0x0000000604000000, 0x0000000604400000, 0x0000000604400000|100%|HC|  |TAMS 0x0000000604000000, 0x0000000604000000| Complete 
|  13|0x0000000604400000, 0x0000000604800000, 0x0000000604800000|100%|HC|  |TAMS 0x0000000604400000, 0x0000000604400000| Complete 
|  14|0x0000000604800000, 0x0000000604c00000, 0x0000000604c00000|100%|HC|  |TAMS 0x0000000604800000, 0x0000000604800000| Complete 
|  15|0x0000000604c00000, 0x0000000605000000, 0x0000000605000000|100%|HC|  |TAMS 0x0000000604c00000, 0x0000000604c00000| Complete 
|  16|0x0000000605000000, 0x0000000605400000, 0x0000000605400000|100%|HC|  |TAMS 0x0000000605000000, 0x0000000605000000| Complete 
|  17|0x0000000605400000, 0x0000000605800000, 0x0000000605800000|100%| O|  |TAMS 0x0000000605400000, 0x0000000605400000| Untracked 
|  18|0x0000000605800000, 0x0000000605800000, 0x0000000605c00000|  0%| F|  |TAMS 0x0000000605800000, 0x0000000605800000| Untracked 
|  19|0x0000000605c00000, 0x0000000605da1800, 0x0000000606000000| 40%| O|  |TAMS 0x0000000605c00000, 0x0000000605c00000| Untracked 
|  20|0x0000000606000000, 0x0000000606000000, 0x0000000606400000|  0%| F|  |TAMS 0x0000000606000000, 0x0000000606000000| Untracked 
|  21|0x0000000606400000, 0x0000000606400000, 0x0000000606800000|  0%| F|  |TAMS 0x0000000606400000, 0x0000000606400000| Untracked 
|  22|0x0000000606800000, 0x0000000606800000, 0x0000000606c00000|  0%| F|  |TAMS 0x0000000606800000, 0x0000000606800000| Untracked 
|  23|0x0000000606c00000, 0x0000000606c00000, 0x0000000607000000|  0%| F|  |TAMS 0x0000000606c00000, 0x0000000606c00000| Untracked 
|  24|0x0000000607000000, 0x0000000607000000, 0x0000000607400000|  0%| F|  |TAMS 0x0000000607000000, 0x0000000607000000| Untracked 
|  25|0x0000000607400000, 0x0000000607400000, 0x0000000607800000|  0%| F|  |TAMS 0x0000000607400000, 0x0000000607400000| Untracked 
|  26|0x0000000607800000, 0x0000000607800000, 0x0000000607c00000|  0%| F|  |TAMS 0x0000000607800000, 0x0000000607800000| Untracked 
|  27|0x0000000607c00000, 0x0000000607c00000, 0x0000000608000000|  0%| F|  |TAMS 0x0000000607c00000, 0x0000000607c00000| Untracked 
|  28|0x0000000608000000, 0x0000000608000000, 0x0000000608400000|  0%| F|  |TAMS 0x0000000608000000, 0x0000000608000000| Untracked 
|  29|0x0000000608400000, 0x0000000608400000, 0x0000000608800000|  0%| F|  |TAMS 0x0000000608400000, 0x0000000608400000| Untracked 
|  30|0x0000000608800000, 0x0000000608800000, 0x0000000608c00000|  0%| F|  |TAMS 0x0000000608800000, 0x0000000608800000| Untracked 
|  31|0x0000000608c00000, 0x0000000608c00000, 0x0000000609000000|  0%| F|  |TAMS 0x0000000608c00000, 0x0000000608c00000| Untracked 
|  32|0x0000000609000000, 0x0000000609000000, 0x0000000609400000|  0%| F|  |TAMS 0x0000000609000000, 0x0000000609000000| Untracked 
|  33|0x0000000609400000, 0x0000000609400000, 0x0000000609800000|  0%| F|  |TAMS 0x0000000609400000, 0x0000000609400000| Untracked 
|  34|0x0000000609800000, 0x0000000609800000, 0x0000000609c00000|  0%| F|  |TAMS 0x0000000609800000, 0x0000000609800000| Untracked 
|  35|0x0000000609c00000, 0x0000000609c00000, 0x000000060a000000|  0%| F|  |TAMS 0x0000000609c00000, 0x0000000609c00000| Untracked 
|  36|0x000000060a000000, 0x000000060a000000, 0x000000060a400000|  0%| F|  |TAMS 0x000000060a000000, 0x000000060a000000| Untracked 
|  37|0x000000060a400000, 0x000000060a400000, 0x000000060a800000|  0%| F|  |TAMS 0x000000060a400000, 0x000000060a400000| Untracked 
|  38|0x000000060a800000, 0x000000060a800000, 0x000000060ac00000|  0%| F|  |TAMS 0x000000060a800000, 0x000000060a800000| Untracked 
|  39|0x000000060ac00000, 0x000000060ac00000, 0x000000060b000000|  0%| F|  |TAMS 0x000000060ac00000, 0x000000060ac00000| Untracked 
|  40|0x000000060b000000, 0x000000060b000000, 0x000000060b400000|  0%| F|  |TAMS 0x000000060b000000, 0x000000060b000000| Untracked 
|  41|0x000000060b400000, 0x000000060b400000, 0x000000060b800000|  0%| F|  |TAMS 0x000000060b400000, 0x000000060b400000| Untracked 
|  42|0x000000060b800000, 0x000000060b800000, 0x000000060bc00000|  0%| F|  |TAMS 0x000000060b800000, 0x000000060b800000| Untracked 
|  43|0x000000060bc00000, 0x000000060bc00000, 0x000000060c000000|  0%| F|  |TAMS 0x000000060bc00000, 0x000000060bc00000| Untracked 
|  44|0x000000060c000000, 0x000000060c000000, 0x000000060c400000|  0%| F|  |TAMS 0x000000060c000000, 0x000000060c000000| Untracked 
|  45|0x000000060c400000, 0x000000060c400000, 0x000000060c800000|  0%| F|  |TAMS 0x000000060c400000, 0x000000060c400000| Untracked 
|  46|0x000000060c800000, 0x000000060c800000, 0x000000060cc00000|  0%| F|  |TAMS 0x000000060c800000, 0x000000060c800000| Untracked 
|  47|0x000000060cc00000, 0x000000060cc00000, 0x000000060d000000|  0%| F|  |TAMS 0x000000060cc00000, 0x000000060cc00000| Untracked 
|  48|0x000000060d000000, 0x000000060d000000, 0x000000060d400000|  0%| F|  |TAMS 0x000000060d000000, 0x000000060d000000| Untracked 
|  49|0x000000060d400000, 0x000000060d5dba08, 0x000000060d800000| 46%| S|CS|TAMS 0x000000060d400000, 0x000000060d400000| Complete 
|  50|0x000000060d800000, 0x000000060dc00000, 0x000000060dc00000|100%| S|CS|TAMS 0x000000060d800000, 0x000000060d800000| Complete 
|  51|0x000000060dc00000, 0x000000060e000000, 0x000000060e000000|100%| S|CS|TAMS 0x000000060dc00000, 0x000000060dc00000| Complete 
|  52|0x000000060e000000, 0x000000060e000000, 0x000000060e400000|  0%| F|  |TAMS 0x000000060e000000, 0x000000060e000000| Untracked 
|  53|0x000000060e400000, 0x000000060e400000, 0x000000060e800000|  0%| F|  |TAMS 0x000000060e400000, 0x000000060e400000| Untracked 
|  54|0x000000060e800000, 0x000000060e800000, 0x000000060ec00000|  0%| F|  |TAMS 0x000000060e800000, 0x000000060e800000| Untracked 
|  55|0x000000060ec00000, 0x000000060ec00000, 0x000000060f000000|  0%| F|  |TAMS 0x000000060ec00000, 0x000000060ec00000| Untracked 
|  56|0x000000060f000000, 0x000000060f000000, 0x000000060f400000|  0%| F|  |TAMS 0x000000060f000000, 0x000000060f000000| Untracked 
|  57|0x000000060f400000, 0x000000060f400000, 0x000000060f800000|  0%| F|  |TAMS 0x000000060f400000, 0x000000060f400000| Untracked 
|  58|0x000000060f800000, 0x000000060f800000, 0x000000060fc00000|  0%| F|  |TAMS 0x000000060f800000, 0x000000060f800000| Untracked 
|  59|0x000000060fc00000, 0x000000060fc00000, 0x0000000610000000|  0%| F|  |TAMS 0x000000060fc00000, 0x000000060fc00000| Untracked 
|  60|0x0000000610000000, 0x0000000610000000, 0x0000000610400000|  0%| F|  |TAMS 0x0000000610000000, 0x0000000610000000| Untracked 
|  61|0x0000000610400000, 0x0000000610400000, 0x0000000610800000|  0%| F|  |TAMS 0x0000000610400000, 0x0000000610400000| Untracked 
|  62|0x0000000610800000, 0x0000000610800000, 0x0000000610c00000|  0%| F|  |TAMS 0x0000000610800000, 0x0000000610800000| Untracked 
|  63|0x0000000610c00000, 0x0000000610c00000, 0x0000000611000000|  0%| F|  |TAMS 0x0000000610c00000, 0x0000000610c00000| Untracked 
|  64|0x0000000611000000, 0x0000000611000000, 0x0000000611400000|  0%| F|  |TAMS 0x0000000611000000, 0x0000000611000000| Untracked 
|  65|0x0000000611400000, 0x0000000611400000, 0x0000000611800000|  0%| F|  |TAMS 0x0000000611400000, 0x0000000611400000| Untracked 
|  66|0x0000000611800000, 0x0000000611800000, 0x0000000611c00000|  0%| F|  |TAMS 0x0000000611800000, 0x0000000611800000| Untracked 
|  67|0x0000000611c00000, 0x0000000611c00000, 0x0000000612000000|  0%| F|  |TAMS 0x0000000611c00000, 0x0000000611c00000| Untracked 
|  68|0x0000000612000000, 0x0000000612000000, 0x0000000612400000|  0%| F|  |TAMS 0x0000000612000000, 0x0000000612000000| Untracked 
|  69|0x0000000612400000, 0x0000000612400000, 0x0000000612800000|  0%| F|  |TAMS 0x0000000612400000, 0x0000000612400000| Untracked 
|  70|0x0000000612800000, 0x0000000612800000, 0x0000000612c00000|  0%| F|  |TAMS 0x0000000612800000, 0x0000000612800000| Untracked 
|  71|0x0000000612c00000, 0x0000000612c00000, 0x0000000613000000|  0%| F|  |TAMS 0x0000000612c00000, 0x0000000612c00000| Untracked 
|  72|0x0000000613000000, 0x0000000613000000, 0x0000000613400000|  0%| F|  |TAMS 0x0000000613000000, 0x0000000613000000| Untracked 
|  73|0x0000000613400000, 0x0000000613400000, 0x0000000613800000|  0%| F|  |TAMS 0x0000000613400000, 0x0000000613400000| Untracked 
|  74|0x0000000613800000, 0x0000000613800000, 0x0000000613c00000|  0%| F|  |TAMS 0x0000000613800000, 0x0000000613800000| Untracked 
|  75|0x0000000613c00000, 0x0000000613c00000, 0x0000000614000000|  0%| F|  |TAMS 0x0000000613c00000, 0x0000000613c00000| Untracked 
|  76|0x0000000614000000, 0x0000000614000000, 0x0000000614400000|  0%| F|  |TAMS 0x0000000614000000, 0x0000000614000000| Untracked 
|  77|0x0000000614400000, 0x0000000614400000, 0x0000000614800000|  0%| F|  |TAMS 0x0000000614400000, 0x0000000614400000| Untracked 
|  78|0x0000000614800000, 0x0000000614800000, 0x0000000614c00000|  0%| F|  |TAMS 0x0000000614800000, 0x0000000614800000| Untracked 
|  79|0x0000000614c00000, 0x0000000614c00000, 0x0000000615000000|  0%| F|  |TAMS 0x0000000614c00000, 0x0000000614c00000| Untracked 
|  80|0x0000000615000000, 0x0000000615000000, 0x0000000615400000|  0%| F|  |TAMS 0x0000000615000000, 0x0000000615000000| Untracked 
|  81|0x0000000615400000, 0x0000000615400000, 0x0000000615800000|  0%| F|  |TAMS 0x0000000615400000, 0x0000000615400000| Untracked 
|  82|0x0000000615800000, 0x0000000615800000, 0x0000000615c00000|  0%| F|  |TAMS 0x0000000615800000, 0x0000000615800000| Untracked 
|  83|0x0000000615c00000, 0x0000000615c00000, 0x0000000616000000|  0%| F|  |TAMS 0x0000000615c00000, 0x0000000615c00000| Untracked 
|  84|0x0000000616000000, 0x0000000616000000, 0x0000000616400000|  0%| F|  |TAMS 0x0000000616000000, 0x0000000616000000| Untracked 
|  85|0x0000000616400000, 0x0000000616400000, 0x0000000616800000|  0%| F|  |TAMS 0x0000000616400000, 0x0000000616400000| Untracked 
|  86|0x0000000616800000, 0x0000000616800000, 0x0000000616c00000|  0%| F|  |TAMS 0x0000000616800000, 0x0000000616800000| Untracked 
|  87|0x0000000616c00000, 0x0000000616c00000, 0x0000000617000000|  0%| F|  |TAMS 0x0000000616c00000, 0x0000000616c00000| Untracked 
|  88|0x0000000617000000, 0x0000000617000000, 0x0000000617400000|  0%| F|  |TAMS 0x0000000617000000, 0x0000000617000000| Untracked 
|  89|0x0000000617400000, 0x0000000617400000, 0x0000000617800000|  0%| F|  |TAMS 0x0000000617400000, 0x0000000617400000| Untracked 
|  90|0x0000000617800000, 0x0000000617800000, 0x0000000617c00000|  0%| F|  |TAMS 0x0000000617800000, 0x0000000617800000| Untracked 
|  91|0x0000000617c00000, 0x0000000617c00000, 0x0000000618000000|  0%| F|  |TAMS 0x0000000617c00000, 0x0000000617c00000| Untracked 
|  92|0x0000000618000000, 0x0000000618000000, 0x0000000618400000|  0%| F|  |TAMS 0x0000000618000000, 0x0000000618000000| Untracked 
|  93|0x0000000618400000, 0x0000000618400000, 0x0000000618800000|  0%| F|  |TAMS 0x0000000618400000, 0x0000000618400000| Untracked 
|  94|0x0000000618800000, 0x0000000618a00800, 0x0000000618c00000| 50%| E|  |TAMS 0x0000000618800000, 0x0000000618800000| Complete 
|  95|0x0000000618c00000, 0x0000000619000000, 0x0000000619000000|100%| E|CS|TAMS 0x0000000618c00000, 0x0000000618c00000| Complete 
|  96|0x0000000619000000, 0x0000000619400000, 0x0000000619400000|100%| E|CS|TAMS 0x0000000619000000, 0x0000000619000000| Complete 
|  97|0x0000000619400000, 0x0000000619800000, 0x0000000619800000|100%| E|CS|TAMS 0x0000000619400000, 0x0000000619400000| Complete 
|  98|0x0000000619800000, 0x0000000619c00000, 0x0000000619c00000|100%| E|CS|TAMS 0x0000000619800000, 0x0000000619800000| Complete 
|  99|0x0000000619c00000, 0x000000061a000000, 0x000000061a000000|100%| E|CS|TAMS 0x0000000619c00000, 0x0000000619c00000| Complete 
| 100|0x000000061a000000, 0x000000061a400000, 0x000000061a400000|100%| E|CS|TAMS 0x000000061a000000, 0x000000061a000000| Complete 
| 101|0x000000061a400000, 0x000000061a800000, 0x000000061a800000|100%| E|CS|TAMS 0x000000061a400000, 0x000000061a400000| Complete 
| 102|0x000000061a800000, 0x000000061ac00000, 0x000000061ac00000|100%| E|CS|TAMS 0x000000061a800000, 0x000000061a800000| Complete 
| 103|0x000000061ac00000, 0x000000061b000000, 0x000000061b000000|100%| E|CS|TAMS 0x000000061ac00000, 0x000000061ac00000| Complete 
| 104|0x000000061b000000, 0x000000061b400000, 0x000000061b400000|100%| E|CS|TAMS 0x000000061b000000, 0x000000061b000000| Complete 
| 105|0x000000061b400000, 0x000000061b800000, 0x000000061b800000|100%| E|CS|TAMS 0x000000061b400000, 0x000000061b400000| Complete 
| 106|0x000000061b800000, 0x000000061bc00000, 0x000000061bc00000|100%| E|CS|TAMS 0x000000061b800000, 0x000000061b800000| Complete 
| 107|0x000000061bc00000, 0x000000061c000000, 0x000000061c000000|100%| E|CS|TAMS 0x000000061bc00000, 0x000000061bc00000| Complete 
| 108|0x000000061c000000, 0x000000061c400000, 0x000000061c400000|100%| E|CS|TAMS 0x000000061c000000, 0x000000061c000000| Complete 
| 109|0x000000061c400000, 0x000000061c800000, 0x000000061c800000|100%| E|CS|TAMS 0x000000061c400000, 0x000000061c400000| Complete 
| 110|0x000000061c800000, 0x000000061cc00000, 0x000000061cc00000|100%| E|CS|TAMS 0x000000061c800000, 0x000000061c800000| Complete 
| 111|0x000000061cc00000, 0x000000061d000000, 0x000000061d000000|100%| E|CS|TAMS 0x000000061cc00000, 0x000000061cc00000| Complete 
| 112|0x000000061d000000, 0x000000061d400000, 0x000000061d400000|100%| E|CS|TAMS 0x000000061d000000, 0x000000061d000000| Complete 
| 113|0x000000061d400000, 0x000000061d800000, 0x000000061d800000|100%| E|CS|TAMS 0x000000061d400000, 0x000000061d400000| Complete 
| 114|0x000000061d800000, 0x000000061dc00000, 0x000000061dc00000|100%| E|CS|TAMS 0x000000061d800000, 0x000000061d800000| Complete 
| 115|0x000000061dc00000, 0x000000061e000000, 0x000000061e000000|100%| E|CS|TAMS 0x000000061dc00000, 0x000000061dc00000| Complete 
| 116|0x000000061e000000, 0x000000061e400000, 0x000000061e400000|100%| E|CS|TAMS 0x000000061e000000, 0x000000061e000000| Complete 
| 117|0x000000061e400000, 0x000000061e800000, 0x000000061e800000|100%| E|CS|TAMS 0x000000061e400000, 0x000000061e400000| Complete 
| 118|0x000000061e800000, 0x000000061ec00000, 0x000000061ec00000|100%| E|CS|TAMS 0x000000061e800000, 0x000000061e800000| Complete 
| 119|0x000000061ec00000, 0x000000061f000000, 0x000000061f000000|100%| E|CS|TAMS 0x000000061ec00000, 0x000000061ec00000| Complete 
| 120|0x000000061f000000, 0x000000061f400000, 0x000000061f400000|100%| E|CS|TAMS 0x000000061f000000, 0x000000061f000000| Complete 
| 121|0x000000061f400000, 0x000000061f800000, 0x000000061f800000|100%| E|CS|TAMS 0x000000061f400000, 0x000000061f400000| Complete 
| 122|0x000000061f800000, 0x000000061fc00000, 0x000000061fc00000|100%| E|CS|TAMS 0x000000061f800000, 0x000000061f800000| Complete 
| 123|0x000000061fc00000, 0x0000000620000000, 0x0000000620000000|100%| E|CS|TAMS 0x000000061fc00000, 0x000000061fc00000| Complete 
| 124|0x0000000620000000, 0x0000000620400000, 0x0000000620400000|100%| E|CS|TAMS 0x0000000620000000, 0x0000000620000000| Complete 
| 125|0x0000000620400000, 0x0000000620800000, 0x0000000620800000|100%| E|CS|TAMS 0x0000000620400000, 0x0000000620400000| Complete 
| 126|0x0000000620800000, 0x0000000620c00000, 0x0000000620c00000|100%| E|CS|TAMS 0x0000000620800000, 0x0000000620800000| Complete 
| 127|0x0000000620c00000, 0x0000000621000000, 0x0000000621000000|100%| E|CS|TAMS 0x0000000620c00000, 0x0000000620c00000| Complete 

Card table byte_map: [0x0000023f665f0000,0x0000023f675f0000] _byte_map_base: 0x0000023f635e8000

Marking Bits (Prev, Next): (CMBitMap*) 0x0000023f4e8e1090, (CMBitMap*) 0x0000023f4e8e10d0
 Prev Bits: [0x0000023f685f0000, 0x0000023f705b0000)
 Next Bits: [0x0000023f705b0000, 0x0000023f78570000)

Polling page: 0x0000023f4e020000

Metaspace:

Usage:
  Non-class:     14.79 MB used.
      Class:      1.32 MB used.
       Both:     16.11 MB used.

Virtual space:
  Non-class space:       16.00 MB reserved,      14.88 MB ( 93%) committed,  2 nodes.
      Class space:        1.00 GB reserved,       1.44 MB ( <1%) committed,  1 nodes.
             Both:        1.02 GB reserved,      16.31 MB (  2%) committed. 

Chunk freelists:
   Non-Class:  965.00 KB
       Class:  2.61 MB
        Both:  3.55 MB

MaxMetaspaceSize: unlimited
CompressedClassSpaceSize: 1.00 GB
Initial GC threshold: 21.00 MB
Current GC threshold: 21.00 MB
CDS: on
MetaspaceReclaimPolicy: balanced
 - commit_granule_bytes: 65536.
 - commit_granule_words: 8192.
 - virtual_space_node_default_size: 1048576.
 - enlarge_chunks_in_place: 1.
 - new_chunks_are_fully_committed: 0.
 - uncommit_free_chunks: 1.
 - use_allocation_guard: 0.
 - handle_deallocations: 1.


Internal statistics:

num_allocs_failed_limit: 0.
num_arena_births: 170.
num_arena_deaths: 0.
num_vsnodes_births: 3.
num_vsnodes_deaths: 0.
num_space_committed: 259.
num_space_uncommitted: 0.
num_chunks_returned_to_freelist: 0.
num_chunks_taken_from_freelist: 445.
num_chunk_merges: 0.
num_chunk_splits: 325.
num_chunks_enlarged: 232.
num_purges: 0.
num_inconsistent_stats: 0.

CodeHeap 'non-profiled nmethods': size=120000Kb used=2058Kb max_used=2058Kb free=117941Kb
 bounds [0x0000023f5db70000, 0x0000023f5dde0000, 0x0000023f650a0000]
CodeHeap 'profiled nmethods': size=120000Kb used=6230Kb max_used=6230Kb free=113769Kb
 bounds [0x0000023f56640000, 0x0000023f56c60000, 0x0000023f5db70000]
CodeHeap 'non-nmethods': size=5760Kb used=1755Kb max_used=1812Kb free=4004Kb
 bounds [0x0000023f560a0000, 0x0000023f56310000, 0x0000023f56640000]
 total_blobs=4050 nmethods=2892 adapters=1070
 compilation: enabled
              stopped_count=0, restarted_count=0
 full_count=0

Compilation events (20 events):
Event: 3.849 Thread 0x0000023f7bc23090 2901       3       java.nio.ByteBuffer::position (8 bytes)
Event: 3.849 Thread 0x0000023f7bc23090 nmethod 2901 0x0000023f56c52d90 code [0x0000023f56c52f20, 0x0000023f56c53068]
Event: 3.871 Thread 0x0000023f7bc23090 2904       3       java.lang.ref.Reference::clear (5 bytes)
Event: 3.871 Thread 0x0000023f7bc23090 nmethod 2904 0x0000023f56c53110 code [0x0000023f56c532a0, 0x0000023f56c533e8]
Event: 3.871 Thread 0x0000023f7bc23090 2905       3       jdk.internal.ref.CleanerImpl$PhantomCleanableRef::performCleanup (10 bytes)
Event: 3.871 Thread 0x0000023f7bc23090 nmethod 2905 0x0000023f56c53490 code [0x0000023f56c53640, 0x0000023f56c53828]
Event: 3.871 Thread 0x0000023f7bc23090 2906   !   3       jdk.internal.ref.PhantomCleanable::remove (60 bytes)
Event: 3.871 Thread 0x0000023f7bc23090 nmethod 2906 0x0000023f56c53910 code [0x0000023f56c53ac0, 0x0000023f56c53ef8]
Event: 3.871 Thread 0x0000023f7bc23090 2907       3       jdk.internal.ref.PhantomCleanable::clean (16 bytes)
Event: 3.871 Thread 0x0000023f7bc23090 nmethod 2907 0x0000023f56c54210 code [0x0000023f56c543e0, 0x0000023f56c546a8]
Event: 3.871 Thread 0x0000023f7bc23090 2903       3       java.lang.ref.Reference::enqueueFromPending (19 bytes)
Event: 3.871 Thread 0x0000023f7bc23090 nmethod 2903 0x0000023f56c54810 code [0x0000023f56c549c0, 0x0000023f56c54be8]
Event: 3.872 Thread 0x0000023f7bc23090 2908   !   3       java.lang.ref.ReferenceQueue::enqueue (119 bytes)
Event: 3.872 Thread 0x0000023f7bc23090 nmethod 2908 0x0000023f56c54d10 code [0x0000023f56c54f00, 0x0000023f56c55608]
Event: 3.879 Thread 0x0000023f7bc23090 2911       1       sun.java2d.SurfaceData::getNativeOps (5 bytes)
Event: 3.879 Thread 0x0000023f7bc23090 nmethod 2911 0x0000023f5dd6c490 code [0x0000023f5dd6c620, 0x0000023f5dd6c6f8]
Event: 3.880 Thread 0x0000023f7bc1e1d0 2912 %     4       ColorQuantizer::dither @ 36 (264 bytes)
Event: 3.896 Thread 0x0000023f7bc1e1d0 nmethod 2912% 0x0000023f5dd6c790 code [0x0000023f5dd6ca00, 0x0000023f5dd6dc30]
Event: 3.899 Thread 0x0000023f7bc1e1d0 2913       4       ColorQuantizer::dither (264 bytes)
Event: 3.914 Thread 0x0000023f7bc1e1d0 nmethod 2913 0x0000023f5dd6f690 code [0x0000023f5dd6f920, 0x0000023f5dd70c80]

GC Heap History (8 events):
Event: 2.064 GC heap before
{Heap before GC invocations=0 (full 0):
 garbage-first heap   total 524288K, used 90112K [0x0000000601000000, 0x0000000800000000)
  region size 4096K, 6 young (24576K), 0 survivors (0K)
 Metaspace       used 2792K, committed 2944K, reserved 1056768K
  class space    used 180K, committed 256K, reserved 1048576K
}
Event: 2.066 GC heap after
{Heap after GC invocations=1 (full 0):
 garbage-first heap   total 524288K, used 75258K [0x0000000601000000, 0x0000000800000000)
  region size 4096K, 1 young (4096K), 1 survivors (4096K)
 Metaspace       used 2792K, committed 2944K, reserved 1056768K
  class space    used 180K, committed 256K, reserved 1048576K
}
Event: 2.237 GC heap before
{Heap before GC invocations=1 (full 0):
 garbage-first heap   total 524288K, used 99834K [0x0000000601000000, 0x0000000800000000)
  region size 4096K, 6 young (24576K), 1 survivors (4096K)
 Metaspace       used 7013K, committed 7232K, reserved 1064960K
  class space    used 222K, committed 320K, reserved 1048576K
}
Event: 2.239 GC heap after
{Heap after GC invocations=2 (full 0):
 garbage-first heap   total 524288K, used 75846K [0x0000000601000000, 0x0000000800000000)
  region size 4096K, 1 young (4096K), 1 survivors (4096K)
 Metaspace       used 7013K, committed 7232K, reserved 1064960K
  class space    used 222K, committed 320K, reserved 1048576K
}
Event: 2.478 GC heap before
{Heap before GC invocations=2 (full 0):
 garbage-first heap   total 524288K, used 141382K [0x0000000601000000, 0x0000000800000000)
  region size 4096K, 17 young (69632K), 1 survivors (4096K)
 Metaspace       used 7013K, committed 7232K, reserved 1064960K
  class space    used 222K, committed 320K, reserved 1048576K
}
Event: 2.478 GC heap after
{Heap after GC invocations=3 (full 0):
 garbage-first heap   total 524288K, used 75677K [0x0000000601000000, 0x0000000800000000)
  region size 4096K, 1 young (4096K), 1 survivors (4096K)
 Metaspace       used 7013K, committed 7232K, reserved 1064960K
  class space    used 222K, committed 320K, reserved 1048576K
}
Event: 3.867 GC heap before
{Heap before GC invocations=3 (full 0):
 garbage-first heap   total 524288K, used 382877K [0x0000000601000000, 0x0000000800000000)
  region size 4096K, 76 young (311296K), 1 survivors (4096K)
 Metaspace       used 16492K, committed 16704K, reserved 1064960K
  class space    used 1354K, committed 1472K, reserved 1048576K
}
Event: 3.871 GC heap after
{Heap after GC invocations=4 (full 0):
 garbage-first heap   total 524288K, used 85492K [0x0000000601000000, 0x0000000800000000)
  region size 4096K, 3 young (12288K), 3 survivors (12288K)
 Metaspace       used 16492K, committed 16704K, reserved 1064960K
  class space    used 1354K, committed 1472K, reserved 1048576K
}

Deoptimization events (20 events):
Event: 3.618 Thread 0x0000023f7c56c7f0 Uncommon trap: trap_request=0xffffff45 fr.pc=0x0000023f5dd3a4ec relative=0x0000000000000ecc
Event: 3.618 Thread 0x0000023f7c56c7f0 Uncommon trap: reason=unstable_if action=reinterpret pc=0x0000023f5dd3a4ec method=ColorQuantizer.toRGB(Ljava/awt/image/BufferedImage;)Ljava/awt/image/BufferedImage; @ 36 c2
Event: 3.618 Thread 0x0000023f7c56c7f0 DEOPT PACKING pc=0x0000023f5dd3a4ec sp=0x000000b40acff620
Event: 3.618 Thread 0x0000023f7c56c7f0 DEOPT UNPACKING pc=0x0000023f560f23a3 sp=0x000000b40acff5e8 mode 2
Event: 3.678 Thread 0x0000023f7c56e9a0 DEOPT PACKING pc=0x0000023f56c3b0bc sp=0x000000b40adff5a0
Event: 3.678 Thread 0x0000023f7c56e9a0 DEOPT UNPACKING pc=0x0000023f560f2b43 sp=0x000000b40adfeac8 mode 0
Event: 3.686 Thread 0x0000023f7c56c7f0 Uncommon trap: trap_request=0xffffff45 fr.pc=0x0000023f5dd324d4 relative=0x0000000000000614
Event: 3.686 Thread 0x0000023f7c56c7f0 Uncommon trap: reason=unstable_if action=reinterpret pc=0x0000023f5dd324d4 method=java.awt.image.ComponentColorModel.getDataElements(ILjava/lang/Object;)Ljava/lang/Object; @ 30 c2
Event: 3.686 Thread 0x0000023f7c56c7f0 DEOPT PACKING pc=0x0000023f5dd324d4 sp=0x000000b40acff550
Event: 3.686 Thread 0x0000023f7c56c7f0 DEOPT UNPACKING pc=0x0000023f560f23a3 sp=0x000000b40acff4c8 mode 2
Event: 3.715 Thread 0x0000023f7c56c7f0 DEOPT PACKING pc=0x0000023f56c3293a sp=0x000000b40acff610
Event: 3.715 Thread 0x0000023f7c56c7f0 DEOPT UNPACKING pc=0x0000023f560f2b43 sp=0x000000b40acfead8 mode 0
Event: 3.771 Thread 0x0000023f7c56c7f0 DEOPT PACKING pc=0x0000023f56c1a5de sp=0x000000b40acff260
Event: 3.771 Thread 0x0000023f7c56c7f0 DEOPT UNPACKING pc=0x0000023f560f2b43 sp=0x000000b40acfe778 mode 0
Event: 3.786 Thread 0x0000023f7c56e9a0 Uncommon trap: trap_request=0xffffff45 fr.pc=0x0000023f5dd4f428 relative=0x0000000000001028
Event: 3.786 Thread 0x0000023f7c56e9a0 Uncommon trap: reason=unstable_if action=reinterpret pc=0x0000023f5dd4f428 method=ColorQuantizer.dither(Ljava/awt/image/BufferedImage;)Ljava/awt/image/BufferedImage; @ 173 c2
Event: 3.786 Thread 0x0000023f7c56e9a0 DEOPT PACKING pc=0x0000023f5dd4f428 sp=0x000000b40adff600
Event: 3.786 Thread 0x0000023f7c56e9a0 DEOPT UNPACKING pc=0x0000023f560f23a3 sp=0x000000b40adff5c8 mode 2
Event: 3.899 Thread 0x0000023f7c56e9a0 DEOPT PACKING pc=0x0000023f56c3c711 sp=0x000000b40adff5d0
Event: 3.899 Thread 0x0000023f7c56e9a0 DEOPT UNPACKING pc=0x0000023f560f2b43 sp=0x000000b40adfeab8 mode 0

Classes unloaded (0 events):
No events

Classes redefined (9 events):
Event: 3.159 Thread 0x0000023f7b20dfe0 redefined class name=java.io.FileInputStream, count=1
Event: 3.159 Thread 0x0000023f7b20dfe0 redefined class name=java.io.FileOutputStream, count=1
Event: 3.159 Thread 0x0000023f7b20dfe0 redefined class name=java.io.RandomAccessFile, count=1
Event: 3.159 Thread 0x0000023f7b20dfe0 redefined class name=sun.nio.ch.FileChannelImpl, count=1
Event: 3.159 Thread 0x0000023f7b20dfe0 redefined class name=java.net.Socket$SocketInputStream, count=1
Event: 3.159 Thread 0x0000023f7b20dfe0 redefined class name=java.net.Socket$SocketOutputStream, count=1
Event: 3.159 Thread 0x0000023f7b20dfe0 redefined class name=sun.nio.ch.SocketChannelImpl, count=1
Event: 3.159 Thread 0x0000023f7b20dfe0 redefined class name=java.lang.Throwable, count=1
Event: 3.159 Thread 0x0000023f7b20dfe0 redefined class name=java.lang.Error, count=2

Internal exceptions (20 events):
Event: 3.167 Thread 0x0000023f7bc19fd0 Exception <a 'java/lang/NoSuchMethodError'{0x000000061c66ea68}: 'java.lang.Object java.lang.invoke.DirectMethodHandle$Holder.newInvokeSpecial(java.lang.Object, java.lang.Object, int)'> (0x000000061c66ea68) 
thrown [t:\workspace\open\src\hotspot\share\interpreter\linkResolver.cpp, line 766]
Event: 3.174 Thread 0x0000023f7bc19fd0 Exception <a 'sun/nio/fs/WindowsException'{0x000000061c68f2a0}> (0x000000061c68f2a0) 
thrown [t:\workspace\open\src\hotspot\share\prims\jni.cpp, line 516]
Event: 3.174 Thread 0x0000023f7bc19fd0 Exception <a 'sun/nio/fs/WindowsException'{0x000000061c68f4f0}> (0x000000061c68f4f0) 
thrown [t:\workspace\open\src\hotspot\share\prims\jni.cpp, line 516]
Event: 3.177 Thread 0x0000023f7bc19fd0 Exception <a 'sun/nio/fs/WindowsException'{0x000000061c6997e0}> (0x000000061c6997e0) 
thrown [t:\workspace\open\src\hotspot\share\prims\jni.cpp, line 516]
Event: 3.178 Thread 0x0000023f7bc19fd0 Exception <a 'sun/nio/fs/WindowsException'{0x000000061c699a78}> (0x000000061c699a78) 
thrown [t:\workspace\open\src\hotspot\share\prims\jni.cpp, line 516]
Event: 3.182 Thread 0x0000023f7bc19fd0 Exception <a 'sun/nio/fs/WindowsException'{0x000000061c6a2228}> (0x000000061c6a2228) 
thrown [t:\workspace\open\src\hotspot\share\prims\jni.cpp, line 516]
Event: 3.182 Thread 0x0000023f7bc19fd0 Exception <a 'sun/nio/fs/WindowsException'{0x000000061c6a2550}> (0x000000061c6a2550) 
thrown [t:\workspace\open\src\hotspot\share\prims\jni.cpp, line 516]
Event: 3.185 Thread 0x0000023f7bc19fd0 Exception <a 'java/lang/NoSuchMethodError'{0x000000061c6b1f50}: 'void java.lang.invoke.DirectMethodHandle$Holder.invokeSpecial(java.lang.Object, java.lang.Object, java.lang.Object)'> (0x000000061c6b1f50) 
thrown [t:\workspace\open\src\hotspot\share\interpreter\linkResolver.cpp, line 766]
Event: 3.319 Thread 0x0000023f7c56c7f0 Exception <a 'java/lang/NoSuchMethodError'{0x000000061d2777b0}: 'java.lang.Object java.lang.invoke.DirectMethodHandle$Holder.invokeStatic(java.lang.Object, int, java.lang.Object, java.lang.Object, java.lang.Object, java.lang.Object)'> (0x000000061d2777b0) 
thrown [t:\workspace\open\src\hotspot\share\interpreter\linkResolver.cpp, line 766]
Event: 3.323 Thread 0x0000023f7c56c7f0 Exception <a 'java/lang/NoSuchMethodError'{0x000000061d29cf88}: 'java.lang.Object java.lang.invoke.DirectMethodHandle$Holder.invokeStatic(java.lang.Object, int, java.lang.Object)'> (0x000000061d29cf88) 
thrown [t:\workspace\open\src\hotspot\share\interpreter\linkResolver.cpp, line 766]
Event: 3.343 Thread 0x0000023f7c56c7f0 Exception <a 'java/lang/ClassNotFoundException'{0x000000061d358a18}: com/sun/swing/internal/plaf/metal/resources/spi/metalProvider> (0x000000061d358a18) 
thrown [t:\workspace\open\src\hotspot\share\classfile\systemDictionary.cpp, line 256]
Event: 3.344 Thread 0x0000023f7c56c7f0 Exception <a 'java/lang/ClassNotFoundException'{0x000000061d35c918}: com/sun/swing/internal/plaf/basic/resources/spi/basicProvider> (0x000000061d35c918) 
thrown [t:\workspace\open\src\hotspot\share\classfile\systemDictionary.cpp, line 256]
Event: 3.348 Thread 0x0000023f7c56c7f0 Implicit null exception at 0x0000023f5dc9e9d8 to 0x0000023f5dc9ea6e
Event: 3.348 Thread 0x0000023f7c56e9a0 Implicit null exception at 0x0000023f5dc9e9d8 to 0x0000023f5dc9ea6e
Event: 3.351 Thread 0x0000023f7c56e9a0 Implicit null exception at 0x0000023f5dcab810 to 0x0000023f5dcabc04
Event: 3.351 Thread 0x0000023f7c56c7f0 Implicit null exception at 0x0000023f5dcab810 to 0x0000023f5dcabc04
Event: 3.351 Thread 0x0000023f7c56e9a0 Implicit null exception at 0x0000023f5dc9a90e to 0x0000023f5dc9ad0c
Event: 3.351 Thread 0x0000023f7c56c7f0 Implicit null exception at 0x0000023f5dc9a90e to 0x0000023f5dc9ad0c
Event: 3.351 Thread 0x0000023f7c56e9a0 Implicit null exception at 0x0000023f5dc8508f to 0x0000023f5dc85109
Event: 3.361 Thread 0x0000023fee947b60 Exception <a 'java/lang/NoSuchMethodError'{0x000000061c00f7f0}: 'void java.lang.invoke.DirectMethodHandle$Holder.invokeVirtual(java.lang.Object, java.lang.Object)'> (0x000000061c00f7f0) 
thrown [t:\workspace\open\src\hotspot\share\interpreter\linkResolver.cpp, line 766]

VM Operations (20 events):
Event: 3.000 Executing VM operation: HandshakeAllThreads
Event: 3.000 Executing VM operation: HandshakeAllThreads done
Event: 3.004 Executing VM operation: HandshakeAllThreads
Event: 3.004 Executing VM operation: HandshakeAllThreads done
Event: 3.056 Executing VM operation: HandshakeAllThreads
Event: 3.056 Executing VM operation: HandshakeAllThreads done
Event: 3.094 Executing VM operation: ICBufferFull
Event: 3.094 Executing VM operation: ICBufferFull done
Event: 3.145 Executing VM operation: HandshakeAllThreads
Event: 3.145 Executing VM operation: HandshakeAllThreads done
Event: 3.156 Executing VM operation: RedefineClasses
Event: 3.164 Executing VM operation: RedefineClasses done
Event: 3.164 Executing VM operation: HandshakeAllThreads
Event: 3.164 Executing VM operation: HandshakeAllThreads done
Event: 3.166 Executing VM operation: ICBufferFull
Event: 3.166 Executing VM operation: ICBufferFull done
Event: 3.209 Executing VM operation: JFRCheckpoint
Event: 3.209 Executing VM operation: JFRCheckpoint done
Event: 3.867 Executing VM operation: G1CollectForAllocation
Event: 3.871 Executing VM operation: G1CollectForAllocation done

Events (20 events):
Event: 3.525 loading class sun/awt/image/ByteInterleavedRaster done
Event: 3.624 loading class sun/java2d/StateTrackableDelegate$1
Event: 3.624 loading class sun/java2d/StateTrackableDelegate$1 done
Event: 3.624 loading class java/applet/Applet
Event: 3.624 loading class java/awt/Panel
Event: 3.624 loading class java/awt/Panel done
Event: 3.624 loading class java/applet/Applet done
Event: 3.630 loading class sun/awt/image/VSyncedBSManager
Event: 3.630 loading class sun/awt/image/VSyncedBSManager done
Event: 3.632 loading class java/awt/image/MultiResolutionImage
Event: 3.632 loading class java/awt/image/MultiResolutionImage done
Event: 3.632 loading class sun/awt/image/ToolkitImage
Event: 3.632 loading class sun/awt/image/ToolkitImage done
Event: 3.632 loading class sun/awt/image/BufImgSurfaceManager
Event: 3.632 loading class sun/awt/image/BufImgSurfaceManager done
Event: 3.632 loading class sun/java2d/d3d/D3DSurfaceDataProxy
Event: 3.632 loading class sun/java2d/d3d/D3DSurfaceDataProxy done
Event: 3.637 Thread 0x0000023fee94c860 Thread added: 0x0000023fee94c860
Event: 3.850 Thread 0x0000023f7fd18d80 Thread exited: 0x0000023f7fd18d80
Event: 3.850 Thread 0x0000023fee6e9c20 Thread exited: 0x0000023fee6e9c20


Dynamic libraries:
0x00007ff7f0360000 - 0x00007ff7f0370000 	C:\Program Files\Java\jdk-17.0.2\bin\java.exe
0x00007ffc270d0000 - 0x00007ffc272e7000 	C:\WINDOWS\SYSTEM32\ntdll.dll
0x00007ffc26000000 - 0x00007ffc260c4000 	C:\WINDOWS\System32\KERNEL32.DLL
0x00007ffc248e0000 - 0x00007ffc24c86000 	C:\WINDOWS\System32\KERNELBASE.dll
0x00007ffc24c90000 - 0x00007ffc24da1000 	C:\WINDOWS\System32\ucrtbase.dll
0x00007ffb96730000 - 0x00007ffb96748000 	C:\Program Files\Java\jdk-17.0.2\bin\jli.dll
0x00007ffb96710000 - 0x00007ffb9672a000 	C:\Program Files\Java\jdk-17.0.2\bin\VCRUNTIME140.dll
0x00007ffc25450000 - 0x00007ffc25500000 	C:\WINDOWS\System32\ADVAPI32.dll
0x00007ffc25d80000 - 0x00007ffc25e27000 	C:\WINDOWS\System32\msvcrt.dll
0x00007ffc253a0000 - 0x00007ffc25446000 	C:\WINDOWS\System32\sechost.dll
0x00007ffc24e90000 - 0x00007ffc24fa7000 	C:\WINDOWS\System32\RPCRT4.dll
0x00007ffc260d0000 - 0x00007ffc2627d000 	C:\WINDOWS\System32\USER32.dll
0x00007ffc24740000 - 0x00007ffc24766000 	C:\WINDOWS\System32\win32u.dll
0x00007ffc15790000 - 0x00007ffc15a23000 	C:\WINDOWS\WinSxS\amd64_microsoft.windows.common-controls_6595b64144ccf1df_6.0.22621.2361_none_2712ced57382f843\COMCTL32.dll
0x00007ffc26320000 - 0x00007ffc26349000 	C:\WINDOWS\System32\GDI32.dll
0x00007ffc24450000 - 0x00007ffc24568000 	C:\WINDOWS\System32\gdi32full.dll
0x00007ffc24630000 - 0x00007ffc246ca000 	C:\WINDOWS\System32\msvcp_win.dll
0x00007ffc19f20000 - 0x00007ffc19f2a000 	C:\WINDOWS\SYSTEM32\VERSION.dll
0x00007ffc24fd0000 - 0x00007ffc25001000 	C:\WINDOWS\System32\IMM32.DLL
0x00007ffbeae60000 - 0x00007ffbeae6c000 	C:\Program Files\Java\jdk-17.0.2\bin\vcruntime140_1.dll
0x00007ffb0c250000 - 0x00007ffb0c2dd000 	C:\Program Files\Java\jdk-17.0.2\bin\msvcp140.dll
0x00007ffb02d40000 - 0x00007ffb03901000 	C:\Program Files\Java\jdk-17.0.2\bin\server\jvm.dll
0x00007ffc26280000 - 0x00007ffc26288000 	C:\WINDOWS\System32\PSAPI.DLL
0x00007ffc1f480000 - 0x00007ffc1f489000 	C:\WINDOWS\SYSTEM32\WSOCK32.dll
0x00007ffc1cdd0000 - 0x00007ffc1ce04000 	C:\WINDOWS\SYSTEM32\WINMM.dll
0x00007ffc26d80000 - 0x00007ffc26df1000 	C:\WINDOWS\System32\WS2_32.dll
0x00007ffc234e0000 - 0x00007ffc234f8000 	C:\WINDOWS\SYSTEM32\kernel.appcore.dll
0x00007ffbe6e80000 - 0x00007ffbe6e8a000 	C:\Program Files\Java\jdk-17.0.2\bin\jimage.dll
0x00007ffc15ec0000 - 0x00007ffc160ee000 	C:\WINDOWS\SYSTEM32\DBGHELP.DLL
0x00007ffc25010000 - 0x00007ffc2539a000 	C:\WINDOWS\System32\combase.dll
0x00007ffc26fb0000 - 0x00007ffc27087000 	C:\WINDOWS\System32\OLEAUT32.dll
0x00007ffc18940000 - 0x00007ffc18972000 	C:\WINDOWS\SYSTEM32\dbgcore.DLL
0x00007ffc24db0000 - 0x00007ffc24e2a000 	C:\WINDOWS\System32\bcryptPrimitives.dll
0x00007ffc01e70000 - 0x00007ffc01e7e000 	C:\Program Files\Java\jdk-17.0.2\bin\instrument.dll
0x00007ffb966e0000 - 0x00007ffb96705000 	C:\Program Files\Java\jdk-17.0.2\bin\java.dll
0x00007ffb0c170000 - 0x00007ffb0c246000 	C:\Program Files\Java\jdk-17.0.2\bin\jsvml.dll
0x00007ffc26500000 - 0x00007ffc26d58000 	C:\WINDOWS\System32\SHELL32.dll
0x00007ffc223c0000 - 0x00007ffc22cb2000 	C:\WINDOWS\SYSTEM32\windows.storage.dll
0x00007ffc22280000 - 0x00007ffc223be000 	C:\WINDOWS\SYSTEM32\wintypes.dll
0x00007ffc256a0000 - 0x00007ffc25793000 	C:\WINDOWS\System32\SHCORE.dll
0x00007ffc24e30000 - 0x00007ffc24e8e000 	C:\WINDOWS\System32\shlwapi.dll
0x00007ffc24380000 - 0x00007ffc243a6000 	C:\WINDOWS\SYSTEM32\profapi.dll
0x00007ffb521c0000 - 0x00007ffb521d8000 	C:\Program Files\Java\jdk-17.0.2\bin\zip.dll
0x00007ffb661b0000 - 0x00007ffb661c9000 	C:\Program Files\Java\jdk-17.0.2\bin\net.dll
0x00007ffc1ef00000 - 0x00007ffc1f037000 	C:\WINDOWS\SYSTEM32\WINHTTP.dll
0x00007ffc23a00000 - 0x00007ffc23a69000 	C:\WINDOWS\system32\mswsock.dll
0x00007ffb52eb0000 - 0x00007ffb52ec6000 	C:\Program Files\Java\jdk-17.0.2\bin\nio.dll
0x00007ffc01e20000 - 0x00007ffc01e3a000 	C:\Program Files\JetBrains\IntelliJ IDEA 2023.2.4\bin\breakgen64.dll
0x0000023f7b320000 - 0x0000023f7b324000 	C:\Users\Zjaun\.javacpp\cache\javacpp-1.5.9-windows-x86_64.jar\org\bytedeco\javacpp\windows-x86_64\api-ms-win-crt-locale-l1-1-0.dll
0x0000023f7b330000 - 0x0000023f7b335000 	C:\Users\Zjaun\.javacpp\cache\javacpp-1.5.9-windows-x86_64.jar\org\bytedeco\javacpp\windows-x86_64\api-ms-win-crt-string-l1-1-0.dll
0x0000023f7b340000 - 0x0000023f7b345000 	C:\Users\Zjaun\.javacpp\cache\javacpp-1.5.9-windows-x86_64.jar\org\bytedeco\javacpp\windows-x86_64\api-ms-win-crt-stdio-l1-1-0.dll
0x0000023f7b350000 - 0x0000023f7b356000 	C:\Users\Zjaun\.javacpp\cache\javacpp-1.5.9-windows-x86_64.jar\org\bytedeco\javacpp\windows-x86_64\api-ms-win-crt-math-l1-1-0.dll
0x0000023f7b360000 - 0x0000023f7b364000 	C:\Users\Zjaun\.javacpp\cache\javacpp-1.5.9-windows-x86_64.jar\org\bytedeco\javacpp\windows-x86_64\api-ms-win-crt-heap-l1-1-0.dll
0x0000023f7b370000 - 0x0000023f7b375000 	C:\Users\Zjaun\.javacpp\cache\javacpp-1.5.9-windows-x86_64.jar\org\bytedeco\javacpp\windows-x86_64\api-ms-win-crt-runtime-l1-1-0.dll
0x0000023f7b380000 - 0x0000023f7b385000 	C:\Users\Zjaun\.javacpp\cache\javacpp-1.5.9-windows-x86_64.jar\org\bytedeco\javacpp\windows-x86_64\api-ms-win-crt-convert-l1-1-0.dll
0x0000023f7b390000 - 0x0000023f7b394000 	C:\Users\Zjaun\.javacpp\cache\javacpp-1.5.9-windows-x86_64.jar\org\bytedeco\javacpp\windows-x86_64\api-ms-win-crt-environment-l1-1-0.dll
0x0000023f7b3a0000 - 0x0000023f7b3a4000 	C:\Users\Zjaun\.javacpp\cache\javacpp-1.5.9-windows-x86_64.jar\org\bytedeco\javacpp\windows-x86_64\api-ms-win-crt-time-l1-1-0.dll
0x0000023f7b3b0000 - 0x0000023f7b3b4000 	C:\Users\Zjaun\.javacpp\cache\javacpp-1.5.9-windows-x86_64.jar\org\bytedeco\javacpp\windows-x86_64\api-ms-win-crt-filesystem-l1-1-0.dll
0x0000023f7b3c0000 - 0x0000023f7b3c4000 	C:\Users\Zjaun\.javacpp\cache\javacpp-1.5.9-windows-x86_64.jar\org\bytedeco\javacpp\windows-x86_64\api-ms-win-crt-utility-l1-1-0.dll
0x0000023f7b3d0000 - 0x0000023f7b3d6000 	C:\Users\Zjaun\.javacpp\cache\javacpp-1.5.9-windows-x86_64.jar\org\bytedeco\javacpp\windows-x86_64\api-ms-win-crt-multibyte-l1-1-0.dll
0x0000023f7b3e0000 - 0x0000023f7b3e4000 	C:\Users\Zjaun\.javacpp\cache\javacpp-1.5.9-windows-x86_64.jar\org\bytedeco\javacpp\windows-x86_64\api-ms-win-crt-conio-l1-1-0.dll
0x0000023f7d8d0000 - 0x0000023f7d8e1000 	C:\Users\Zjaun\.javacpp\cache\javacpp-1.5.9-windows-x86_64.jar\org\bytedeco\javacpp\windows-x86_64\api-ms-win-crt-private-l1-1-0.dll
0x0000023f7b3f0000 - 0x0000023f7b3f4000 	C:\Users\Zjaun\.javacpp\cache\javacpp-1.5.9-windows-x86_64.jar\org\bytedeco\javacpp\windows-x86_64\api-ms-win-crt-process-l1-1-0.dll
0x0000023f7d8f0000 - 0x0000023f7d8f4000 	C:\Users\Zjaun\.javacpp\cache\javacpp-1.5.9-windows-x86_64.jar\org\bytedeco\javacpp\windows-x86_64\api-ms-win-core-console-l1-2-0.dll
0x0000023f7d900000 - 0x0000023f7d904000 	C:\Users\Zjaun\.javacpp\cache\javacpp-1.5.9-windows-x86_64.jar\org\bytedeco\javacpp\windows-x86_64\api-ms-win-core-string-l1-1-0.dll
0x0000023f7d910000 - 0x0000023f7d914000 	C:\Users\Zjaun\.javacpp\cache\javacpp-1.5.9-windows-x86_64.jar\org\bytedeco\javacpp\windows-x86_64\api-ms-win-core-errorhandling-l1-1-0.dll
0x0000023f7d920000 - 0x0000023f7d924000 	C:\Users\Zjaun\.javacpp\cache\javacpp-1.5.9-windows-x86_64.jar\org\bytedeco\javacpp\windows-x86_64\api-ms-win-core-timezone-l1-1-0.dll
0x0000023f7d930000 - 0x0000023f7d935000 	C:\Users\Zjaun\.javacpp\cache\javacpp-1.5.9-windows-x86_64.jar\org\bytedeco\javacpp\windows-x86_64\api-ms-win-core-file-l1-1-0.dll
0x0000023f7d940000 - 0x0000023f7d944000 	C:\Users\Zjaun\.javacpp\cache\javacpp-1.5.9-windows-x86_64.jar\org\bytedeco\javacpp\windows-x86_64\api-ms-win-core-namedpipe-l1-1-0.dll
0x0000023f7d950000 - 0x0000023f7d954000 	C:\Users\Zjaun\.javacpp\cache\javacpp-1.5.9-windows-x86_64.jar\org\bytedeco\javacpp\windows-x86_64\api-ms-win-core-handle-l1-1-0.dll
0x0000023f7d960000 - 0x0000023f7d964000 	C:\Users\Zjaun\.javacpp\cache\javacpp-1.5.9-windows-x86_64.jar\org\bytedeco\javacpp\windows-x86_64\api-ms-win-core-file-l2-1-0.dll
0x0000023f7d970000 - 0x0000023f7d974000 	C:\Users\Zjaun\.javacpp\cache\javacpp-1.5.9-windows-x86_64.jar\org\bytedeco\javacpp\windows-x86_64\api-ms-win-core-heap-l1-1-0.dll
0x0000023f7d980000 - 0x0000023f7d984000 	C:\Users\Zjaun\.javacpp\cache\javacpp-1.5.9-windows-x86_64.jar\org\bytedeco\javacpp\windows-x86_64\api-ms-win-core-libraryloader-l1-1-0.dll
0x0000023f7d990000 - 0x0000023f7d994000 	C:\Users\Zjaun\.javacpp\cache\javacpp-1.5.9-windows-x86_64.jar\org\bytedeco\javacpp\windows-x86_64\api-ms-win-core-synch-l1-1-0.dll
0x0000023f7d9a0000 - 0x0000023f7d9a4000 	C:\Users\Zjaun\.javacpp\cache\javacpp-1.5.9-windows-x86_64.jar\org\bytedeco\javacpp\windows-x86_64\api-ms-win-core-processthreads-l1-1-0.dll
0x0000023f7d9b0000 - 0x0000023f7d9b4000 	C:\Users\Zjaun\.javacpp\cache\javacpp-1.5.9-windows-x86_64.jar\org\bytedeco\javacpp\windows-x86_64\api-ms-win-core-processenvironment-l1-1-0.dll
0x0000023f7e990000 - 0x0000023f7e994000 	C:\Users\Zjaun\.javacpp\cache\javacpp-1.5.9-windows-x86_64.jar\org\bytedeco\javacpp\windows-x86_64\api-ms-win-core-datetime-l1-1-0.dll
0x0000023f7e9a0000 - 0x0000023f7e9a4000 	C:\Users\Zjaun\.javacpp\cache\javacpp-1.5.9-windows-x86_64.jar\org\bytedeco\javacpp\windows-x86_64\api-ms-win-core-localization-l1-2-0.dll
0x0000023f7e9b0000 - 0x0000023f7e9b4000 	C:\Users\Zjaun\.javacpp\cache\javacpp-1.5.9-windows-x86_64.jar\org\bytedeco\javacpp\windows-x86_64\api-ms-win-core-sysinfo-l1-1-0.dll
0x0000023f7e9c0000 - 0x0000023f7e9c4000 	C:\Users\Zjaun\.javacpp\cache\javacpp-1.5.9-windows-x86_64.jar\org\bytedeco\javacpp\windows-x86_64\api-ms-win-core-synch-l1-2-0.dll
0x0000023f7e9d0000 - 0x0000023f7e9d4000 	C:\Users\Zjaun\.javacpp\cache\javacpp-1.5.9-windows-x86_64.jar\org\bytedeco\javacpp\windows-x86_64\api-ms-win-core-console-l1-1-0.dll
0x0000023f7e9e0000 - 0x0000023f7e9e4000 	C:\Users\Zjaun\.javacpp\cache\javacpp-1.5.9-windows-x86_64.jar\org\bytedeco\javacpp\windows-x86_64\api-ms-win-core-debug-l1-1-0.dll
0x0000023f7e9f0000 - 0x0000023f7e9f4000 	C:\Users\Zjaun\.javacpp\cache\javacpp-1.5.9-windows-x86_64.jar\org\bytedeco\javacpp\windows-x86_64\api-ms-win-core-rtlsupport-l1-1-0.dll
0x0000023f7ea00000 - 0x0000023f7ea04000 	C:\Users\Zjaun\.javacpp\cache\javacpp-1.5.9-windows-x86_64.jar\org\bytedeco\javacpp\windows-x86_64\api-ms-win-core-processthreads-l1-1-1.dll
0x0000023f7ea10000 - 0x0000023f7ea14000 	C:\Users\Zjaun\.javacpp\cache\javacpp-1.5.9-windows-x86_64.jar\org\bytedeco\javacpp\windows-x86_64\api-ms-win-core-file-l1-2-0.dll
0x0000023f7ea20000 - 0x0000023f7ea24000 	C:\Users\Zjaun\.javacpp\cache\javacpp-1.5.9-windows-x86_64.jar\org\bytedeco\javacpp\windows-x86_64\api-ms-win-core-profile-l1-1-0.dll
0x0000023f7ea30000 - 0x0000023f7ea34000 	C:\Users\Zjaun\.javacpp\cache\javacpp-1.5.9-windows-x86_64.jar\org\bytedeco\javacpp\windows-x86_64\api-ms-win-core-memory-l1-1-0.dll
0x0000023f7ea40000 - 0x0000023f7ea44000 	C:\Users\Zjaun\.javacpp\cache\javacpp-1.5.9-windows-x86_64.jar\org\bytedeco\javacpp\windows-x86_64\api-ms-win-core-util-l1-1-0.dll
0x0000023f7ea50000 - 0x0000023f7ea54000 	C:\Users\Zjaun\.javacpp\cache\javacpp-1.5.9-windows-x86_64.jar\org\bytedeco\javacpp\windows-x86_64\api-ms-win-core-interlocked-l1-1-0.dll
0x00007ffc01d00000 - 0x00007ffc01e11000 	C:\Users\Zjaun\.javacpp\cache\javacpp-1.5.9-windows-x86_64.jar\org\bytedeco\javacpp\windows-x86_64\ucrtbase.dll
0x00007ffc01ce0000 - 0x00007ffc01cfb000 	C:\Users\Zjaun\.javacpp\cache\javacpp-1.5.9-windows-x86_64.jar\org\bytedeco\javacpp\windows-x86_64\vcruntime140.dll
0x00007ffc01cd0000 - 0x00007ffc01cdc000 	C:\Users\Zjaun\.javacpp\cache\javacpp-1.5.9-windows-x86_64.jar\org\bytedeco\javacpp\windows-x86_64\vcruntime140_1.dll
0x00007ffc01c40000 - 0x00007ffc01ccd000 	C:\Users\Zjaun\.javacpp\cache\javacpp-1.5.9-windows-x86_64.jar\org\bytedeco\javacpp\windows-x86_64\msvcp140.dll
0x00007ffc01c30000 - 0x00007ffc01c39000 	C:\Users\Zjaun\.javacpp\cache\javacpp-1.5.9-windows-x86_64.jar\org\bytedeco\javacpp\windows-x86_64\msvcp140_1.dll
0x00007ffb49f90000 - 0x00007ffb49fde000 	C:\Users\Zjaun\.javacpp\cache\javacpp-1.5.9-windows-x86_64.jar\org\bytedeco\javacpp\windows-x86_64\concrt140.dll
0x00007ffb1d3f0000 - 0x00007ffb1d421000 	C:\Users\Zjaun\.javacpp\cache\javacpp-1.5.9-windows-x86_64.jar\org\bytedeco\javacpp\windows-x86_64\vcomp140.dll
0x00007ffc01c20000 - 0x00007ffc01c2f000 	C:\Users\Zjaun\.javacpp\cache\javacpp-1.5.9-windows-x86_64.jar\org\bytedeco\javacpp\windows-x86_64\jnijavacpp.dll
0x00007ffb01000000 - 0x00007ffb02d40000 	C:\Users\Zjaun\.javacpp\cache\openblas-0.3.23-1.5.9-windows-x86_64.jar\org\bytedeco\openblas\windows-x86_64\libopenblas_nolapack.dll
0x00007ffc23c70000 - 0x00007ffc23c7c000 	C:\WINDOWS\SYSTEM32\CRYPTBASE.DLL
0x00007ffb0c050000 - 0x00007ffb0c0af000 	C:\Users\Zjaun\.javacpp\cache\openblas-0.3.23-1.5.9-windows-x86_64.jar\org\bytedeco\openblas\windows-x86_64\jniopenblas_nolapack.dll
0x00007ffaff2c0000 - 0x00007ffb01000000 	C:\Users\Zjaun\.javacpp\cache\openblas-0.3.23-1.5.9-windows-x86_64.jar\org\bytedeco\openblas\windows-x86_64\libopenblas.dll
0x00007ffafded0000 - 0x00007ffaff2b3000 	C:\Users\Zjaun\.javacpp\cache\openblas-0.3.23-1.5.9-windows-x86_64.jar\org\bytedeco\openblas\windows-x86_64\jniopenblas.dll
0x00007ffafda10000 - 0x00007ffafdec7000 	C:\Users\Zjaun\.javacpp\cache\opencv-4.7.0-1.5.9-windows-x86_64.jar\org\bytedeco\opencv\windows-x86_64\opencv_core470.dll
0x00007ffafd290000 - 0x00007ffafda0d000 	C:\Users\Zjaun\.javacpp\cache\opencv-4.7.0-1.5.9-windows-x86_64.jar\org\bytedeco\opencv\windows-x86_64\opencv_imgproc470.dll
0x00007ffb0bdb0000 - 0x00007ffb0c046000 	C:\Users\Zjaun\.javacpp\cache\opencv-4.7.0-1.5.9-windows-x86_64.jar\org\bytedeco\opencv\windows-x86_64\jniopencv_core.dll
0x00007ffc25500000 - 0x00007ffc2569f000 	C:\WINDOWS\System32\ole32.dll
0x00007ffb0bd60000 - 0x00007ffb0bdaf000 	C:\Users\Zjaun\.javacpp\cache\videoinput-0.200-1.5.9-windows-x86_64.jar\org\bytedeco\videoinput\windows-x86_64\jnivideoInputLib.dll
0x00007ffc218b0000 - 0x00007ffc2195b000 	C:\WINDOWS\system32\uxtheme.dll
0x00007ffc26e00000 - 0x00007ffc26eb0000 	C:\WINDOWS\System32\clbcatq.dll
0x00007ffb7e8b0000 - 0x00007ffb7e8d1000 	C:\Windows\System32\devenum.dll
0x00007ffc24140000 - 0x00007ffc2418e000 	C:\Windows\System32\CFGMGR32.dll
0x00007ffc25880000 - 0x00007ffc25cf4000 	C:\WINDOWS\System32\setupapi.dll
0x00007ffc235a0000 - 0x00007ffc235d4000 	C:\WINDOWS\SYSTEM32\ntmarta.dll
0x00007ffc24110000 - 0x00007ffc2413c000 	C:\WINDOWS\SYSTEM32\DEVOBJ.dll
0x00007ffc246d0000 - 0x00007ffc2473c000 	C:\WINDOWS\System32\WINTRUST.dll
0x00007ffc24770000 - 0x00007ffc248d6000 	C:\WINDOWS\System32\CRYPT32.dll
0x00007ffc23cb0000 - 0x00007ffc23cc2000 	C:\WINDOWS\SYSTEM32\MSASN1.dll
0x00007ffc13ab0000 - 0x00007ffc13abb000 	C:\WINDOWS\SYSTEM32\msdmo.dll
0x00007ffb7e830000 - 0x00007ffb7e869000 	C:\Windows\System32\qcap.dll
0x00007ffc1ce10000 - 0x00007ffc1cff7000 	C:\Windows\System32\quartz.dll
0x00007ffc23e10000 - 0x00007ffc23e38000 	C:\Windows\System32\bcrypt.dll
0x00007ffc26350000 - 0x00007ffc2649c000 	C:\WINDOWS\System32\MSCTF.dll
0x00007ffb0bd20000 - 0x00007ffb0bd5b000 	C:\Windows\System32\mfksproxy.dll
0x00007ffc215a0000 - 0x00007ffc215be000 	C:\Windows\System32\ATL.DLL
0x00007ffc1e720000 - 0x00007ffc1e8ee000 	C:\Windows\System32\MFPlat.DLL
0x00007ffc1e6a0000 - 0x00007ffc1e6d3000 	C:\Windows\System32\RTWorkQ.DLL
0x00007ffafd240000 - 0x00007ffafd286000 	C:\Windows\System32\FrameServerMonitorClient.dll
0x00007ffc1f040000 - 0x00007ffc1f0bf000 	C:\Windows\System32\MFSENSORGROUP.dll

dbghelp: loaded successfully - version: 4.0.5 - missing functions: none
symbol engine: initialized successfully - sym options: 0x614 - pdb path: .;C:\Program Files\Java\jdk-17.0.2\bin;C:\WINDOWS\SYSTEM32;C:\WINDOWS\WinSxS\amd64_microsoft.windows.common-controls_6595b64144ccf1df_6.0.22621.2361_none_2712ced57382f843;C:\Program Files\Java\jdk-17.0.2\bin\server;C:\Program Files\JetBrains\IntelliJ IDEA 2023.2.4\bin;C:\Users\Zjaun\.javacpp\cache\javacpp-1.5.9-windows-x86_64.jar\org\bytedeco\javacpp\windows-x86_64;C:\Users\Zjaun\.javacpp\cache\openblas-0.3.23-1.5.9-windows-x86_64.jar\org\bytedeco\openblas\windows-x86_64;C:\Users\Zjaun\.javacpp\cache\opencv-4.7.0-1.5.9-windows-x86_64.jar\org\bytedeco\opencv\windows-x86_64;C:\Users\Zjaun\.javacpp\cache\videoinput-0.200-1.5.9-windows-x86_64.jar\org\bytedeco\videoinput\windows-x86_64;C:\WINDOWS\WinSxS\amd64_microsoft.windows.gdiplus_6595b64144ccf1df_1.1.22621.1778_none_57fe2016ce1542ec;C:\Users\Zjaun\AppData\Local\Temp;C:\WINDOWS\System32\DriverStore\FileRepository\nv_dispig.inf_amd64_8c8de08a85de4474

VM Arguments:
jvm_args: -javaagent:C:\Program Files\JetBrains\IntelliJ IDEA 2023.2.4\lib\idea_rt.jar=50896:C:\Program Files\JetBrains\IntelliJ IDEA 2023.2.4\bin -Dfile.encoding=UTF-8 
java_command: ColorQuantizer
java_class_path (initial): C:\Users\Zjaun\Pictures\Stream Files\Semi-Hardcore Minecraft Server\Parallel Image Dithering Algorithms\target\classes;C:\Users\Zjaun\.m2\repository\org\bytedeco\javacv-platform\1.5.9\javacv-platform-1.5.9.jar;C:\Users\Zjaun\.m2\repository\org\bytedeco\javacv\1.5.9\javacv-1.5.9.jar;C:\Users\Zjaun\.m2\repository\org\bytedeco\javacpp\1.5.9\javacpp-1.5.9.jar;C:\Users\Zjaun\.m2\repository\org\bytedeco\openblas\0.3.23-1.5.9\openblas-0.3.23-1.5.9.jar;C:\Users\Zjaun\.m2\repository\org\bytedeco\opencv\4.7.0-1.5.9\opencv-4.7.0-1.5.9.jar;C:\Users\Zjaun\.m2\repository\org\bytedeco\ffmpeg\6.0-1.5.9\ffmpeg-6.0-1.5.9.jar;C:\Users\Zjaun\.m2\repository\org\bytedeco\flycapture\2.13.3.31-1.5.9\flycapture-2.13.3.31-1.5.9.jar;C:\Users\Zjaun\.m2\repository\org\bytedeco\libdc1394\2.2.6-1.5.9\libdc1394-2.2.6-1.5.9.jar;C:\Users\Zjaun\.m2\repository\org\bytedeco\libfreenect\0.5.7-1.5.9\libfreenect-0.5.7-1.5.9.jar;C:\Users\Zjaun\.m2\repository\org\bytedeco\libfreenect2\0.2.0-1.5.9\libfreenect2-0.2.0-1.5.9.jar;C:\Users\Zjaun\.m2\repository\org\bytedeco\librealsense\1.12.4-1.5.9\librealsense-1.12.4-1.5.9.jar;C:\Users\Zjaun\.m2\repository\org\bytedeco\librealsense2\2.53.1-1.5.9\librealsense2-2.53.1-1.5.9.jar;C:\Users\Zjaun\.m2\repository\org\bytedeco\videoinput\0.200-1.5.9\videoinput-0.200-1.5.9.jar;C:\Users\Zjaun\.m2\repository\org\bytedeco\artoolkitplus\2.3.1-1.5.9\artoolkitplus-2.3.1-1.5.9.jar;C:\Users\Zjaun\.m2\repository\org\bytedeco\leptonica\1.83.0-1.5.9\leptonica-1.83.0-1.5.9.jar;C:\Users\Zjaun\.m2\repository\org\bytedeco\tesseract\5.3.1-1.5.9\tesseract-5.3.1-1.5.9.jar;C:\Users\Zjaun\.m2\repository\org\openjfx\javafx-graphics\17\javafx-graphics-17.jar;C:\Users\Zjaun\.m2\repository\org\openjfx\javafx-graphics\17\javafx-graphics-17-win.jar;C:\Users\Zjaun\.m2\repository\org\openjfx\javafx-base\17\javafx-base-17.jar;C:\Users\Zjaun\.m2\repository\org\openjfx\javafx-base\17\javafx-base-17-win.jar;C:\Users\Zjaun\.m2\repository\org\bytedeco\openblas-platform\0.3.23-
Launcher Type: SUN_STANDARD

[Global flags]
     intx CICompilerCount                          = 4                                         {product} {ergonomic}
     uint ConcGCThreads                            = 3                                         {product} {ergonomic}
     bool FlightRecorder                           = true                                      {product} {management}
     uint G1ConcRefinementThreads                  = 10                                        {product} {ergonomic}
   size_t G1HeapRegionSize                         = 4194304                                   {product} {ergonomic}
    uintx GCDrainStackTargetSize                   = 64                                        {product} {ergonomic}
   size_t InitialHeapSize                          = 536870912                                 {product} {ergonomic}
   size_t MarkStackSize                            = 4194304                                   {product} {ergonomic}
   size_t MaxHeapSize                              = 8573157376                                {product} {ergonomic}
   size_t MaxNewSize                               = 5142216704                                {product} {ergonomic}
   size_t MinHeapDeltaBytes                        = 4194304                                   {product} {ergonomic}
   size_t MinHeapSize                              = 8388608                                   {product} {ergonomic}
    uintx NonNMethodCodeHeapSize                   = 5839372                                {pd product} {ergonomic}
    uintx NonProfiledCodeHeapSize                  = 122909434                              {pd product} {ergonomic}
    uintx ProfiledCodeHeapSize                     = 122909434                              {pd product} {ergonomic}
    uintx ReservedCodeCacheSize                    = 251658240                              {pd product} {ergonomic}
     bool SegmentedCodeCache                       = true                                      {product} {ergonomic}
   size_t SoftMaxHeapSize                          = 8573157376                             {manageable} {ergonomic}
     bool UseCompressedClassPointers               = true                           {product lp64_product} {ergonomic}
     bool UseCompressedOops                        = true                           {product lp64_product} {ergonomic}
     bool UseG1GC                                  = true                                      {product} {ergonomic}
     bool UseLargePagesIndividualAllocation        = false                                  {pd product} {ergonomic}

Logging:
Log output configuration:
 #0: stdout all=warning,jni+resolve=error uptime,level,tags (reconfigured)
 #1: stderr all=off uptime,level,tags

Environment Variables:
JAVA_HOME=C:\Program Files\Java\jdk-17.0.2
PATH=c:\program files (x86)\vmware\vmware player\bin\;c:\program files\oculus\support\oculus-runtime;c:\program files (x86)\common files\intel\shared libraries\redist\intel64\compiler;c:\program files\common files\oracle\java\javapath;C:\Program Files (x86)\Common Files\Oracle\Java\javapath;c:\windows\system32;c:\windows;c:\windows\system32\wbem;c:\windows\system32\windowspowershell\v1.0\;c:\windows\system32\openssh\;c:\program files (x86)\winscp\;c:\program files\dotnet\;c:\program files\nodejs\;c:\program files\git\cmd;c:\program files\powershell\7\;c:\windows\system32;c:\windows;c:\windows\system32\wbem;c:\windows\system32\windowspowershell\v1.0\;c:\windows\system32\openssh\;c:\scrcpy-win64-v1.25;C:\Program Files (x86)\NVIDIA Corporation\PhysX\Common;C:\Program Files\Apache\apache-maven-3.9.1\bin;;C:\Program Files\Docker\Docker\resources\bin;C:\Program Files\Tailscale\;C:\Program Files\Java\jdk-17.0.2\bin;C:\Users\Zjaun\AppData\Local\Programs\Microsoft VS Code\bin;C:\Program Files\JetBrains\IntelliJ IDEA 2023.2.4\bin;;C:\Program Files\JetBrains\CLion 2023.2.2\bin;;C:\Program Files\JetBrains\PyCharm 2023.2.3\bin;
USERNAME=Zjaun
OS=Windows_NT
PROCESSOR_IDENTIFIER=AMD64 Family 25 Model 33 Stepping 0, AuthenticAMD



---------------  S Y S T E M  ---------------

OS:
 Windows 11 , 64 bit Build 22621 (10.0.22621.2428)
OS uptime: 0 days 2:13 hours

CPU: total 12 (initial active 12) (12 cores per cpu, 2 threads per core) family 25 model 33 stepping 0 microcode 0x0, cx8, cmov, fxsr, ht, mmx, 3dnowpref, sse, sse2, sse3, ssse3, sse4a, sse4.1, sse4.2, popcnt, lzcnt, tsc, tscinvbit, avx, avx2, aes, erms, clmul, bmi1, bmi2, adx, sha, fma, vzeroupper, clflush, clflushopt

Memory: 4k page, system-wide physical 32691M (18787M free)
TotalPageFile size 34739M (AvailPageFile size 11567M)
current process WorkingSet (physical memory assigned to process): 545M, peak: 545M
current process commit charge ("private bytes"): 3603M, peak: 3610M

vm_info: Java HotSpot(TM) 64-Bit Server VM (17.0.2+8-LTS-86) for windows-amd64 JRE (17.0.2+8-LTS-86), built on Dec  7 2021 21:51:03 by "mach5one" with MS VC++ 16.8 / 16.9 (VS2019)

END.
