#
# A fatal error has been detected by the Java Runtime Environment:
#
#  EXCEPTION_ACCESS_VIOLATION (0xc0000005) at pc=0x00007ff91639ce93, pid=19860, tid=15368
#
# JRE version: Java(TM) SE Runtime Environment (17.0.2+8) (build 17.0.2+8-LTS-86)
# Java VM: Java HotSpot(TM) 64-Bit Server VM (17.0.2+8-LTS-86, mixed mode, sharing, tiered, compressed oops, compressed class ptrs, g1 gc, windows-amd64)
# Problematic frame:
# C  [jnivideoInputLib.dll+0x1ce93]
#
# No core dump will be written. Minidumps are not enabled by default on client versions of Windows
#
# If you would like to submit a bug report, please visit:
#   https://bugreport.java.com/bugreport/crash.jsp
# The crash happened outside the Java Virtual Machine in native code.
# See problematic frame for where to report the bug.
#

---------------  S U M M A R Y ------------

Command Line: -javaagent:C:\Program Files\JetBrains\IntelliJ IDEA 2023.2.4\lib\idea_rt.jar=53505:C:\Program Files\JetBrains\IntelliJ IDEA 2023.2.4\bin -Dfile.encoding=UTF-8 ColorQuantizer

Host: AMD Ryzen 5 5600X 6-Core Processor             , 12 cores, 31G,  Windows 11 , 64 bit Build 22621 (10.0.22621.2428)
Time: Sun Nov  5 22:02:34 2023 Malay Peninsula Standard Time elapsed time: 3.437143 seconds (0d 0h 0m 3s)

---------------  T H R E A D  ---------------

Current thread (0x00000214324a4240):  JavaThread "Thread-12" [_thread_in_native, id=15368, stack(0x000000f112200000,0x000000f112300000)]

Stack: [0x000000f112200000,0x000000f112300000],  sp=0x000000f1122ff3d8,  free space=1020k
Native frames: (J=compiled Java code, j=interpreted, Vv=VM code, C=native code)
C  [jnivideoInputLib.dll+0x1ce93]

Java frames: (J=compiled Java code, j=interpreted, Vv=VM code)
j  org.bytedeco.videoinput.videoInput.getPixels(ILorg/bytedeco/javacpp/BytePointer;ZZ)Z+0
j  CustomVideoInputFrameGrabber.grab()Lorg/bytedeco/javacv/Frame;+108
j  Demo.run()V+142
j  java.lang.Thread.run()V+11 java.base@17.0.2
v  ~StubRoutines::call_stub

siginfo: EXCEPTION_ACCESS_VIOLATION (0xc0000005), writing address 0x00000214f0c0f0a0


Register to memory mapping:

RIP=0x00007ff91639ce93 jnivideoInputLib.dll
RAX=0x00000214f0c0f080 is an unknown value
RBX=0x00000214f0c0f080 is an unknown value
RCX=0x00000214f0c0f0a0 is an unknown value
RDX=0x00000214e776c160 points into unknown readable memory: 0x241122250e24280e | 0e 28 24 0e 25 22 11 24
RSP=0x000000f1122ff3d8 is pointing into the stack for thread: 0x00000214324a4240
RBP=0x00000000000002d0 is an unknown value
RSI=0x0000000000000f00 is an unknown value
RDI=0x00000214e776c140 points into unknown readable memory: 0x24230b26240b2624 | 24 26 0b 24 26 0b 23 24
R8 =0x0000000000000ee0 is an unknown value
R9 =0xffffffffffffffe0 is an unknown value
R10=0x00007ff916380000 jnivideoInputLib.dll
R11=0x0000000000000f00 is an unknown value
R12=0x0 is NULL
R13=0x000002148e5d5d70 is pointing into metadata
R14=0xfffffffffffff100 is an unknown value
R15=0x0 is NULL


Registers:
RAX=0x00000214f0c0f080, RBX=0x00000214f0c0f080, RCX=0x00000214f0c0f0a0, RDX=0x00000214e776c160
RSP=0x000000f1122ff3d8, RBP=0x00000000000002d0, RSI=0x0000000000000f00, RDI=0x00000214e776c140
R8 =0x0000000000000ee0, R9 =0xffffffffffffffe0, R10=0x00007ff916380000, R11=0x0000000000000f00
R12=0x0000000000000000, R13=0x000002148e5d5d70, R14=0xfffffffffffff100, R15=0x0000000000000000
RIP=0x00007ff91639ce93, EFLAGS=0x0000000000010283

Top of Stack: (sp=0x000000f1122ff3d8)
0x000000f1122ff3d8:   00007ff916383dde 0000000000000000
0x000000f1122ff3e8:   00000000000003d8 00000214f0c0f080
0x000000f1122ff3f8:   00000214f0c0f000 00000214f0c0f000
0x000000f1122ff408:   00007ff9163828e8 0000000000000000
0x000000f1122ff418:   000002143425c498 00000214f0c0f080
0x000000f1122ff428:   0000000000000000 00000000000002d0
0x000000f1122ff438:   00000214322ca900 00000214333d0a01
0x000000f1122ff448:   00007ff8931c944f 000000f1122ff598
0x000000f1122ff458:   00000214f0c0f080 000002143425c3e0
0x000000f1122ff468:   00007ff91638c0cb 00000214324a44e8
0x000000f1122ff478:   00000214345ccca0 000000f1122ff568
0x000000f1122ff488:   00007ff8938461a6 00000004f5e08d01
0x000000f1122ff498:   00000214324a4240 bce4217d2849cb00
0x000000f1122ff4a8:   0000000000000000 00000214324a4240
0x000000f1122ff4b8:   000000f1122ff5a8 000002140c549612
0x000000f1122ff4c8:   000002140c54d621 00000214324a44e8 

Instructions: (pc=0x00007ff91639ce93)
0x00007ff91639cd93:   4c 8b 02 8b 4a 08 4c 89 00 89 48 08 c3 8b 0a 44
0x00007ff91639cda3:   0f b7 42 04 89 08 66 44 89 40 04 c3 8b 0a 44 0f
0x00007ff91639cdb3:   b6 42 04 89 08 44 88 40 04 c3 48 8b 0a 48 89 08
0x00007ff91639cdc3:   c3 0f b6 0a 88 08 c3 8b 0a 89 08 c3 90 49 83 f8
0x00007ff91639cdd3:   20 77 17 f3 0f 6f 0a f3 42 0f 6f 54 02 f0 f3 0f
0x00007ff91639cde3:   7f 09 f3 42 0f 7f 54 01 f0 c3 48 3b d1 73 0e 4e
0x00007ff91639cdf3:   8d 0c 02 49 3b c9 0f 82 41 04 00 00 90 83 3d 11
0x00007ff91639ce03:   92 02 00 03 0f 82 e3 02 00 00 49 81 f8 00 20 00
0x00007ff91639ce13:   00 76 16 49 81 f8 00 00 18 00 77 0d f6 05 1e a4
0x00007ff91639ce23:   02 00 02 0f 85 64 fe ff ff c5 fe 6f 02 c4 a1 7e
0x00007ff91639ce33:   6f 6c 02 e0 49 81 f8 00 01 00 00 0f 86 c4 00 00
0x00007ff91639ce43:   00 4c 8b c9 49 83 e1 1f 49 83 e9 20 49 2b c9 49
0x00007ff91639ce53:   2b d1 4d 03 c1 49 81 f8 00 01 00 00 0f 86 a3 00
0x00007ff91639ce63:   00 00 49 81 f8 00 00 18 00 0f 87 3e 01 00 00 66
0x00007ff91639ce73:   66 66 66 66 66 0f 1f 84 00 00 00 00 00 c5 fe 6f
0x00007ff91639ce83:   0a c5 fe 6f 52 20 c5 fe 6f 5a 40 c5 fe 6f 62 60
0x00007ff91639ce93:   c5 fd 7f 09 c5 fd 7f 51 20 c5 fd 7f 59 40 c5 fd
0x00007ff91639cea3:   7f 61 60 c5 fe 6f 8a 80 00 00 00 c5 fe 6f 92 a0
0x00007ff91639ceb3:   00 00 00 c5 fe 6f 9a c0 00 00 00 c5 fe 6f a2 e0
0x00007ff91639cec3:   00 00 00 c5 fd 7f 89 80 00 00 00 c5 fd 7f 91 a0
0x00007ff91639ced3:   00 00 00 c5 fd 7f 99 c0 00 00 00 c5 fd 7f a1 e0
0x00007ff91639cee3:   00 00 00 48 81 c1 00 01 00 00 48 81 c2 00 01 00
0x00007ff91639cef3:   00 49 81 e8 00 01 00 00 49 81 f8 00 01 00 00 0f
0x00007ff91639cf03:   83 78 ff ff ff 4d 8d 48 1f 49 83 e1 e0 4d 8b d9
0x00007ff91639cf13:   49 c1 eb 05 47 8b 9c 9a 90 d0 04 00 4d 03 da 41
0x00007ff91639cf23:   ff e3 c4 a1 7e 6f 8c 0a 00 ff ff ff c4 a1 7e 7f
0x00007ff91639cf33:   8c 09 00 ff ff ff c4 a1 7e 6f 8c 0a 20 ff ff ff
0x00007ff91639cf43:   c4 a1 7e 7f 8c 09 20 ff ff ff c4 a1 7e 6f 8c 0a
0x00007ff91639cf53:   40 ff ff ff c4 a1 7e 7f 8c 09 40 ff ff ff c4 a1
0x00007ff91639cf63:   7e 6f 8c 0a 60 ff ff ff c4 a1 7e 7f 8c 09 60 ff
0x00007ff91639cf73:   ff ff c4 a1 7e 6f 4c 0a 80 c4 a1 7e 7f 4c 09 80
0x00007ff91639cf83:   c4 a1 7e 6f 4c 0a a0 c4 a1 7e 7f 4c 09 a0 c4 a1 


Stack slot to memory mapping:
stack at sp + 0 slots: 0x00007ff916383dde jnivideoInputLib.dll
stack at sp + 1 slots: 0x0 is NULL
stack at sp + 2 slots: 0x00000000000003d8 is an unknown value
stack at sp + 3 slots: 0x00000214f0c0f080 is an unknown value
stack at sp + 4 slots: 0x00000214f0c0f000 is an unknown value
stack at sp + 5 slots: 0x00000214f0c0f000 is an unknown value
stack at sp + 6 slots: 0x00007ff9163828e8 jnivideoInputLib.dll
stack at sp + 7 slots: 0x0 is NULL


---------------  P R O C E S S  ---------------

Threads class SMR info:
_java_thread_list=0x000002143594b5e0, length=21, elements={
0x0000021432002090, 0x0000021432005f20, 0x00000214320174b0, 0x0000021432018f80,
0x000002143201b940, 0x000002143201c2f0, 0x0000021432020580, 0x000002143202a390,
0x000002143202e0c0, 0x000002143169af30, 0x0000021432873e80, 0x000002143292c8f0,
0x00000214324a68c0, 0x00000214324a6d90, 0x00000214324a4240, 0x00000214324a63f0,
0x00000214324a4be0, 0x00000214324a50b0, 0x00000214324a5580, 0x00000214324a5a50,
0x0000021435989280
}

Java Threads: ( => current thread )
  0x0000021432002090 JavaThread "Reference Handler" daemon [_thread_blocked, id=6676, stack(0x000000f10e300000,0x000000f10e400000)]
  0x0000021432005f20 JavaThread "Finalizer" daemon [_thread_blocked, id=6120, stack(0x000000f10e400000,0x000000f10e500000)]
  0x00000214320174b0 JavaThread "Signal Dispatcher" daemon [_thread_blocked, id=20280, stack(0x000000f10e500000,0x000000f10e600000)]
  0x0000021432018f80 JavaThread "Attach Listener" daemon [_thread_blocked, id=1424, stack(0x000000f10e600000,0x000000f10e700000)]
  0x000002143201b940 JavaThread "Service Thread" daemon [_thread_blocked, id=5632, stack(0x000000f10e700000,0x000000f10e800000)]
  0x000002143201c2f0 JavaThread "Monitor Deflation Thread" daemon [_thread_blocked, id=7236, stack(0x000000f10e800000,0x000000f10e900000)]
  0x0000021432020580 JavaThread "C2 CompilerThread0" daemon [_thread_blocked, id=1340, stack(0x000000f10e900000,0x000000f10ea00000)]
  0x000002143202a390 JavaThread "C1 CompilerThread0" daemon [_thread_blocked, id=6708, stack(0x000000f10ea00000,0x000000f10eb00000)]
  0x000002143202e0c0 JavaThread "Sweeper thread" daemon [_thread_blocked, id=15064, stack(0x000000f10eb00000,0x000000f10ec00000)]
  0x000002143169af30 JavaThread "Common-Cleaner" daemon [_thread_blocked, id=14220, stack(0x000000f10ec00000,0x000000f10ed00000)]
  0x0000021432873e80 JavaThread "Monitor Ctrl-Break" daemon [_thread_in_native, id=13656, stack(0x000000f10ee00000,0x000000f10ef00000)]
  0x000002143292c8f0 JavaThread "Notification Thread" daemon [_thread_blocked, id=10316, stack(0x000000f10ef00000,0x000000f10f000000)]
  0x00000214324a68c0 JavaThread "JavaCPP Deallocator" daemon [_thread_blocked, id=16760, stack(0x000000f10fb00000,0x000000f10fc00000)]
  0x00000214324a6d90 JavaThread "Thread-11" [_thread_in_native, id=12816, stack(0x000000f112100000,0x000000f112200000)]
=>0x00000214324a4240 JavaThread "Thread-12" [_thread_in_native, id=15368, stack(0x000000f112200000,0x000000f112300000)]
  0x00000214324a63f0 JavaThread "DestroyJavaVM" [_thread_blocked, id=14812, stack(0x000000f10dc00000,0x000000f10dd00000)]
  0x00000214324a4be0 JavaThread "Java2D Disposer" daemon [_thread_blocked, id=16448, stack(0x000000f10ed00000,0x000000f10ee00000)]
  0x00000214324a50b0 JavaThread "AWT-Shutdown" [_thread_blocked, id=15048, stack(0x000000f10f100000,0x000000f10f200000)]
  0x00000214324a5580 JavaThread "AWT-Windows" daemon [_thread_in_native, id=16752, stack(0x000000f112300000,0x000000f112400000)]
  0x00000214324a5a50 JavaThread "AWT-EventQueue-0" [_thread_blocked, id=15036, stack(0x000000f112400000,0x000000f112500000)]
  0x0000021435989280 JavaThread "D3D Screen Updater" daemon [_thread_blocked, id=17016, stack(0x000000f112600000,0x000000f112700000)]

Other Threads:
  0x00000214316ad310 VMThread "VM Thread" [stack: 0x000000f10e200000,0x000000f10e300000] [id=11112]
  0x0000021404da3d20 WatcherThread [stack: 0x000000f10f000000,0x000000f10f100000] [id=13260]
  0x0000021404d7ea30 GCTaskThread "GC Thread#0" [stack: 0x000000f10dd00000,0x000000f10de00000] [id=14044]
  0x0000021433f80220 GCTaskThread "GC Thread#1" [stack: 0x000000f10f200000,0x000000f10f300000] [id=11272]
  0x0000021432fc7610 GCTaskThread "GC Thread#2" [stack: 0x000000f10f300000,0x000000f10f400000] [id=10256]
  0x0000021432fc78c0 GCTaskThread "GC Thread#3" [stack: 0x000000f10f400000,0x000000f10f500000] [id=4808]
  0x0000021432af4070 GCTaskThread "GC Thread#4" [stack: 0x000000f10f500000,0x000000f10f600000] [id=1888]
  0x0000021432af4320 GCTaskThread "GC Thread#5" [stack: 0x000000f10f600000,0x000000f10f700000] [id=6504]
  0x0000021432af45d0 GCTaskThread "GC Thread#6" [stack: 0x000000f10f700000,0x000000f10f800000] [id=18972]
  0x0000021432af4880 GCTaskThread "GC Thread#7" [stack: 0x000000f10f800000,0x000000f10f900000] [id=8424]
  0x0000021432af4b30 GCTaskThread "GC Thread#8" [stack: 0x000000f10f900000,0x000000f10fa00000] [id=9492]
  0x0000021432b75060 GCTaskThread "GC Thread#9" [stack: 0x000000f10fa00000,0x000000f10fb00000] [id=5572]
  0x0000021404d90900 ConcurrentGCThread "G1 Main Marker" [stack: 0x000000f10de00000,0x000000f10df00000] [id=3844]
  0x0000021404d92ad0 ConcurrentGCThread "G1 Conc#0" [stack: 0x000000f10df00000,0x000000f10e000000] [id=9036]
  0x0000021431566d70 ConcurrentGCThread "G1 Refine#0" [stack: 0x000000f10e000000,0x000000f10e100000] [id=5908]
  0x0000021431567790 ConcurrentGCThread "G1 Service" [stack: 0x000000f10e100000,0x000000f10e200000] [id=11480]

Threads with active compile tasks:

VM state: not at safepoint (normal execution)

VM Mutex/Monitor currently owned by a thread: None

Heap address: 0x0000000601000000, size: 8176 MB, Compressed Oops mode: Zero based, Oop shift amount: 3

CDS archive(s) mapped at: [0x0000000800000000-0x0000000800bc0000-0x0000000800bc0000), size 12320768, SharedBaseAddress: 0x0000000800000000, ArchiveRelocationMode: 0.
Compressed class space mapped at: 0x0000000800c00000-0x0000000840c00000, reserved size: 1073741824
Narrow klass base: 0x0000000800000000, Narrow klass shift: 0, Narrow klass range: 0x100000000

GC Precious Log:
 CPUs: 12 total, 12 available
 Memory: 32691M
 Large Page Support: Disabled
 NUMA Support: Disabled
 Compressed Oops: Enabled (Zero based)
 Heap Region Size: 4M
 Heap Min Capacity: 8M
 Heap Initial Capacity: 512M
 Heap Max Capacity: 8176M
 Pre-touch: Disabled
 Parallel Workers: 10
 Concurrent Workers: 3
 Concurrent Refinement Workers: 10
 Periodic GC: Disabled

Heap:
 garbage-first heap   total 524288K, used 351196K [0x0000000601000000, 0x0000000800000000)
  region size 4096K, 65 young (266240K), 1 survivors (4096K)
 Metaspace       used 14234K, committed 14464K, reserved 1064960K
  class space    used 1102K, committed 1216K, reserved 1048576K

Heap Regions: E=young(eden), S=young(survivor), O=old, HS=humongous(starts), HC=humongous(continues), CS=collection set, F=free, OA=open archive, CA=closed archive, TAMS=top-at-mark-start (previous, next)
|   0|0x0000000601000000, 0x0000000601400000, 0x0000000601400000|100%|HS|  |TAMS 0x0000000601000000, 0x0000000601000000| Complete 
|   1|0x0000000601400000, 0x0000000601800000, 0x0000000601800000|100%|HC|  |TAMS 0x0000000601400000, 0x0000000601400000| Complete 
|   2|0x0000000601800000, 0x0000000601c00000, 0x0000000601c00000|100%|HC|  |TAMS 0x0000000601800000, 0x0000000601800000| Complete 
|   3|0x0000000601c00000, 0x0000000602000000, 0x0000000602000000|100%|HC|  |TAMS 0x0000000601c00000, 0x0000000601c00000| Complete 
|   4|0x0000000602000000, 0x0000000602400000, 0x0000000602400000|100%|HC|  |TAMS 0x0000000602000000, 0x0000000602000000| Complete 
|   5|0x0000000602400000, 0x0000000602800000, 0x0000000602800000|100%|HC|  |TAMS 0x0000000602400000, 0x0000000602400000| Complete 
|   6|0x0000000602800000, 0x0000000602c00000, 0x0000000602c00000|100%|HC|  |TAMS 0x0000000602800000, 0x0000000602800000| Complete 
|   7|0x0000000602c00000, 0x0000000603000000, 0x0000000603000000|100%|HC|  |TAMS 0x0000000602c00000, 0x0000000602c00000| Complete 
|   8|0x0000000603000000, 0x0000000603400000, 0x0000000603400000|100%|HC|  |TAMS 0x0000000603000000, 0x0000000603000000| Complete 
|   9|0x0000000603400000, 0x0000000603800000, 0x0000000603800000|100%|HC|  |TAMS 0x0000000603400000, 0x0000000603400000| Complete 
|  10|0x0000000603800000, 0x0000000603c00000, 0x0000000603c00000|100%|HC|  |TAMS 0x0000000603800000, 0x0000000603800000| Complete 
|  11|0x0000000603c00000, 0x0000000604000000, 0x0000000604000000|100%|HC|  |TAMS 0x0000000603c00000, 0x0000000603c00000| Complete 
|  12|0x0000000604000000, 0x0000000604400000, 0x0000000604400000|100%|HC|  |TAMS 0x0000000604000000, 0x0000000604000000| Complete 
|  13|0x0000000604400000, 0x0000000604800000, 0x0000000604800000|100%|HC|  |TAMS 0x0000000604400000, 0x0000000604400000| Complete 
|  14|0x0000000604800000, 0x0000000604c00000, 0x0000000604c00000|100%|HC|  |TAMS 0x0000000604800000, 0x0000000604800000| Complete 
|  15|0x0000000604c00000, 0x0000000605000000, 0x0000000605000000|100%|HC|  |TAMS 0x0000000604c00000, 0x0000000604c00000| Complete 
|  16|0x0000000605000000, 0x0000000605400000, 0x0000000605400000|100%|HC|  |TAMS 0x0000000605000000, 0x0000000605000000| Complete 
|  17|0x0000000605400000, 0x0000000605800000, 0x0000000605800000|100%| O|  |TAMS 0x0000000605400000, 0x0000000605400000| Untracked 
|  18|0x0000000605800000, 0x0000000605991c00, 0x0000000605c00000| 39%| O|  |TAMS 0x0000000605800000, 0x0000000605800000| Untracked 
|  19|0x0000000605c00000, 0x0000000606000000, 0x0000000606000000|100%|HS|  |TAMS 0x0000000605c00000, 0x0000000605c00000| Complete 
|  20|0x0000000606000000, 0x0000000606400000, 0x0000000606400000|100%|HS|  |TAMS 0x0000000606000000, 0x0000000606000000| Complete 
|  21|0x0000000606400000, 0x0000000606800000, 0x0000000606800000|100%|HS|  |TAMS 0x0000000606400000, 0x0000000606400000| Complete 
|  22|0x0000000606800000, 0x0000000606c00000, 0x0000000606c00000|100%|HS|  |TAMS 0x0000000606800000, 0x0000000606800000| Complete 
|  23|0x0000000606c00000, 0x0000000606c00000, 0x0000000607000000|  0%| F|  |TAMS 0x0000000606c00000, 0x0000000606c00000| Untracked 
|  24|0x0000000607000000, 0x0000000607000000, 0x0000000607400000|  0%| F|  |TAMS 0x0000000607000000, 0x0000000607000000| Untracked 
|  25|0x0000000607400000, 0x0000000607400000, 0x0000000607800000|  0%| F|  |TAMS 0x0000000607400000, 0x0000000607400000| Untracked 
|  26|0x0000000607800000, 0x0000000607800000, 0x0000000607c00000|  0%| F|  |TAMS 0x0000000607800000, 0x0000000607800000| Untracked 
|  27|0x0000000607c00000, 0x0000000607c00000, 0x0000000608000000|  0%| F|  |TAMS 0x0000000607c00000, 0x0000000607c00000| Untracked 
|  28|0x0000000608000000, 0x0000000608000000, 0x0000000608400000|  0%| F|  |TAMS 0x0000000608000000, 0x0000000608000000| Untracked 
|  29|0x0000000608400000, 0x0000000608400000, 0x0000000608800000|  0%| F|  |TAMS 0x0000000608400000, 0x0000000608400000| Untracked 
|  30|0x0000000608800000, 0x0000000608800000, 0x0000000608c00000|  0%| F|  |TAMS 0x0000000608800000, 0x0000000608800000| Untracked 
|  31|0x0000000608c00000, 0x0000000608c00000, 0x0000000609000000|  0%| F|  |TAMS 0x0000000608c00000, 0x0000000608c00000| Untracked 
|  32|0x0000000609000000, 0x0000000609000000, 0x0000000609400000|  0%| F|  |TAMS 0x0000000609000000, 0x0000000609000000| Untracked 
|  33|0x0000000609400000, 0x0000000609400000, 0x0000000609800000|  0%| F|  |TAMS 0x0000000609400000, 0x0000000609400000| Untracked 
|  34|0x0000000609800000, 0x0000000609800000, 0x0000000609c00000|  0%| F|  |TAMS 0x0000000609800000, 0x0000000609800000| Untracked 
|  35|0x0000000609c00000, 0x0000000609c00000, 0x000000060a000000|  0%| F|  |TAMS 0x0000000609c00000, 0x0000000609c00000| Untracked 
|  36|0x000000060a000000, 0x000000060a000000, 0x000000060a400000|  0%| F|  |TAMS 0x000000060a000000, 0x000000060a000000| Untracked 
|  37|0x000000060a400000, 0x000000060a400000, 0x000000060a800000|  0%| F|  |TAMS 0x000000060a400000, 0x000000060a400000| Untracked 
|  38|0x000000060a800000, 0x000000060a800000, 0x000000060ac00000|  0%| F|  |TAMS 0x000000060a800000, 0x000000060a800000| Untracked 
|  39|0x000000060ac00000, 0x000000060ac00000, 0x000000060b000000|  0%| F|  |TAMS 0x000000060ac00000, 0x000000060ac00000| Untracked 
|  40|0x000000060b000000, 0x000000060b000000, 0x000000060b400000|  0%| F|  |TAMS 0x000000060b000000, 0x000000060b000000| Untracked 
|  41|0x000000060b400000, 0x000000060b400000, 0x000000060b800000|  0%| F|  |TAMS 0x000000060b400000, 0x000000060b400000| Untracked 
|  42|0x000000060b800000, 0x000000060b800000, 0x000000060bc00000|  0%| F|  |TAMS 0x000000060b800000, 0x000000060b800000| Untracked 
|  43|0x000000060bc00000, 0x000000060bc00000, 0x000000060c000000|  0%| F|  |TAMS 0x000000060bc00000, 0x000000060bc00000| Untracked 
|  44|0x000000060c000000, 0x000000060c000000, 0x000000060c400000|  0%| F|  |TAMS 0x000000060c000000, 0x000000060c000000| Untracked 
|  45|0x000000060c400000, 0x000000060c400000, 0x000000060c800000|  0%| F|  |TAMS 0x000000060c400000, 0x000000060c400000| Untracked 
|  46|0x000000060c800000, 0x000000060c800000, 0x000000060cc00000|  0%| F|  |TAMS 0x000000060c800000, 0x000000060c800000| Untracked 
|  47|0x000000060cc00000, 0x000000060cc00000, 0x000000060d000000|  0%| F|  |TAMS 0x000000060cc00000, 0x000000060cc00000| Untracked 
|  48|0x000000060d000000, 0x000000060d000000, 0x000000060d400000|  0%| F|  |TAMS 0x000000060d000000, 0x000000060d000000| Untracked 
|  49|0x000000060d400000, 0x000000060d400000, 0x000000060d800000|  0%| F|  |TAMS 0x000000060d400000, 0x000000060d400000| Untracked 
|  50|0x000000060d800000, 0x000000060d800000, 0x000000060dc00000|  0%| F|  |TAMS 0x000000060d800000, 0x000000060d800000| Untracked 
|  51|0x000000060dc00000, 0x000000060dc00000, 0x000000060e000000|  0%| F|  |TAMS 0x000000060dc00000, 0x000000060dc00000| Untracked 
|  52|0x000000060e000000, 0x000000060e1657f0, 0x000000060e400000| 34%| S|CS|TAMS 0x000000060e000000, 0x000000060e000000| Complete 
|  53|0x000000060e400000, 0x000000060e400000, 0x000000060e800000|  0%| F|  |TAMS 0x000000060e400000, 0x000000060e400000| Untracked 
|  54|0x000000060e800000, 0x000000060e800000, 0x000000060ec00000|  0%| F|  |TAMS 0x000000060e800000, 0x000000060e800000| Untracked 
|  55|0x000000060ec00000, 0x000000060ec00000, 0x000000060f000000|  0%| F|  |TAMS 0x000000060ec00000, 0x000000060ec00000| Untracked 
|  56|0x000000060f000000, 0x000000060f000000, 0x000000060f400000|  0%| F|  |TAMS 0x000000060f000000, 0x000000060f000000| Untracked 
|  57|0x000000060f400000, 0x000000060f400000, 0x000000060f800000|  0%| F|  |TAMS 0x000000060f400000, 0x000000060f400000| Untracked 
|  58|0x000000060f800000, 0x000000060f800000, 0x000000060fc00000|  0%| F|  |TAMS 0x000000060f800000, 0x000000060f800000| Untracked 
|  59|0x000000060fc00000, 0x000000060fc00000, 0x0000000610000000|  0%| F|  |TAMS 0x000000060fc00000, 0x000000060fc00000| Untracked 
|  60|0x0000000610000000, 0x0000000610000000, 0x0000000610400000|  0%| F|  |TAMS 0x0000000610000000, 0x0000000610000000| Untracked 
|  61|0x0000000610400000, 0x0000000610400000, 0x0000000610800000|  0%| F|  |TAMS 0x0000000610400000, 0x0000000610400000| Untracked 
|  62|0x0000000610800000, 0x0000000610800000, 0x0000000610c00000|  0%| F|  |TAMS 0x0000000610800000, 0x0000000610800000| Untracked 
|  63|0x0000000610c00000, 0x0000000610c00000, 0x0000000611000000|  0%| F|  |TAMS 0x0000000610c00000, 0x0000000610c00000| Untracked 
|  64|0x0000000611000000, 0x0000000611400000, 0x0000000611400000|100%| E|  |TAMS 0x0000000611000000, 0x0000000611000000| Complete 
|  65|0x0000000611400000, 0x0000000611800000, 0x0000000611800000|100%| E|CS|TAMS 0x0000000611400000, 0x0000000611400000| Complete 
|  66|0x0000000611800000, 0x0000000611c00000, 0x0000000611c00000|100%| E|CS|TAMS 0x0000000611800000, 0x0000000611800000| Complete 
|  67|0x0000000611c00000, 0x0000000612000000, 0x0000000612000000|100%| E|CS|TAMS 0x0000000611c00000, 0x0000000611c00000| Complete 
|  68|0x0000000612000000, 0x0000000612400000, 0x0000000612400000|100%| E|CS|TAMS 0x0000000612000000, 0x0000000612000000| Complete 
|  69|0x0000000612400000, 0x0000000612800000, 0x0000000612800000|100%| E|CS|TAMS 0x0000000612400000, 0x0000000612400000| Complete 
|  70|0x0000000612800000, 0x0000000612c00000, 0x0000000612c00000|100%| E|CS|TAMS 0x0000000612800000, 0x0000000612800000| Complete 
|  71|0x0000000612c00000, 0x0000000613000000, 0x0000000613000000|100%| E|CS|TAMS 0x0000000612c00000, 0x0000000612c00000| Complete 
|  72|0x0000000613000000, 0x0000000613400000, 0x0000000613400000|100%| E|CS|TAMS 0x0000000613000000, 0x0000000613000000| Complete 
|  73|0x0000000613400000, 0x0000000613800000, 0x0000000613800000|100%| E|CS|TAMS 0x0000000613400000, 0x0000000613400000| Complete 
|  74|0x0000000613800000, 0x0000000613c00000, 0x0000000613c00000|100%| E|CS|TAMS 0x0000000613800000, 0x0000000613800000| Complete 
|  75|0x0000000613c00000, 0x0000000614000000, 0x0000000614000000|100%| E|CS|TAMS 0x0000000613c00000, 0x0000000613c00000| Complete 
|  76|0x0000000614000000, 0x0000000614400000, 0x0000000614400000|100%| E|CS|TAMS 0x0000000614000000, 0x0000000614000000| Complete 
|  77|0x0000000614400000, 0x0000000614800000, 0x0000000614800000|100%| E|CS|TAMS 0x0000000614400000, 0x0000000614400000| Complete 
|  78|0x0000000614800000, 0x0000000614c00000, 0x0000000614c00000|100%| E|CS|TAMS 0x0000000614800000, 0x0000000614800000| Complete 
|  79|0x0000000614c00000, 0x0000000615000000, 0x0000000615000000|100%| E|CS|TAMS 0x0000000614c00000, 0x0000000614c00000| Complete 
|  80|0x0000000615000000, 0x0000000615400000, 0x0000000615400000|100%| E|CS|TAMS 0x0000000615000000, 0x0000000615000000| Complete 
|  81|0x0000000615400000, 0x0000000615800000, 0x0000000615800000|100%| E|CS|TAMS 0x0000000615400000, 0x0000000615400000| Complete 
|  82|0x0000000615800000, 0x0000000615c00000, 0x0000000615c00000|100%| E|CS|TAMS 0x0000000615800000, 0x0000000615800000| Complete 
|  83|0x0000000615c00000, 0x0000000616000000, 0x0000000616000000|100%| E|CS|TAMS 0x0000000615c00000, 0x0000000615c00000| Complete 
|  84|0x0000000616000000, 0x0000000616400000, 0x0000000616400000|100%| E|CS|TAMS 0x0000000616000000, 0x0000000616000000| Complete 
|  85|0x0000000616400000, 0x0000000616800000, 0x0000000616800000|100%| E|CS|TAMS 0x0000000616400000, 0x0000000616400000| Complete 
|  86|0x0000000616800000, 0x0000000616c00000, 0x0000000616c00000|100%| E|CS|TAMS 0x0000000616800000, 0x0000000616800000| Complete 
|  87|0x0000000616c00000, 0x0000000617000000, 0x0000000617000000|100%| E|CS|TAMS 0x0000000616c00000, 0x0000000616c00000| Complete 
|  88|0x0000000617000000, 0x0000000617400000, 0x0000000617400000|100%| E|CS|TAMS 0x0000000617000000, 0x0000000617000000| Complete 
|  89|0x0000000617400000, 0x0000000617800000, 0x0000000617800000|100%| E|CS|TAMS 0x0000000617400000, 0x0000000617400000| Complete 
|  90|0x0000000617800000, 0x0000000617c00000, 0x0000000617c00000|100%| E|CS|TAMS 0x0000000617800000, 0x0000000617800000| Complete 
|  91|0x0000000617c00000, 0x0000000618000000, 0x0000000618000000|100%| E|CS|TAMS 0x0000000617c00000, 0x0000000617c00000| Complete 
|  92|0x0000000618000000, 0x0000000618400000, 0x0000000618400000|100%| E|CS|TAMS 0x0000000618000000, 0x0000000618000000| Complete 
|  93|0x0000000618400000, 0x0000000618800000, 0x0000000618800000|100%| E|CS|TAMS 0x0000000618400000, 0x0000000618400000| Complete 
|  94|0x0000000618800000, 0x0000000618c00000, 0x0000000618c00000|100%| E|CS|TAMS 0x0000000618800000, 0x0000000618800000| Complete 
|  95|0x0000000618c00000, 0x0000000619000000, 0x0000000619000000|100%| E|CS|TAMS 0x0000000618c00000, 0x0000000618c00000| Complete 
|  96|0x0000000619000000, 0x0000000619400000, 0x0000000619400000|100%| E|CS|TAMS 0x0000000619000000, 0x0000000619000000| Complete 
|  97|0x0000000619400000, 0x0000000619800000, 0x0000000619800000|100%| E|CS|TAMS 0x0000000619400000, 0x0000000619400000| Complete 
|  98|0x0000000619800000, 0x0000000619c00000, 0x0000000619c00000|100%| E|CS|TAMS 0x0000000619800000, 0x0000000619800000| Complete 
|  99|0x0000000619c00000, 0x000000061a000000, 0x000000061a000000|100%| E|CS|TAMS 0x0000000619c00000, 0x0000000619c00000| Complete 
| 100|0x000000061a000000, 0x000000061a400000, 0x000000061a400000|100%| E|CS|TAMS 0x000000061a000000, 0x000000061a000000| Complete 
| 101|0x000000061a400000, 0x000000061a800000, 0x000000061a800000|100%| E|CS|TAMS 0x000000061a400000, 0x000000061a400000| Complete 
| 102|0x000000061a800000, 0x000000061ac00000, 0x000000061ac00000|100%| E|CS|TAMS 0x000000061a800000, 0x000000061a800000| Complete 
| 103|0x000000061ac00000, 0x000000061b000000, 0x000000061b000000|100%| E|CS|TAMS 0x000000061ac00000, 0x000000061ac00000| Complete 
| 104|0x000000061b000000, 0x000000061b400000, 0x000000061b400000|100%| E|CS|TAMS 0x000000061b000000, 0x000000061b000000| Complete 
| 105|0x000000061b400000, 0x000000061b800000, 0x000000061b800000|100%| E|CS|TAMS 0x000000061b400000, 0x000000061b400000| Complete 
| 106|0x000000061b800000, 0x000000061bc00000, 0x000000061bc00000|100%| E|CS|TAMS 0x000000061b800000, 0x000000061b800000| Complete 
| 107|0x000000061bc00000, 0x000000061c000000, 0x000000061c000000|100%| E|CS|TAMS 0x000000061bc00000, 0x000000061bc00000| Complete 
| 108|0x000000061c000000, 0x000000061c400000, 0x000000061c400000|100%| E|CS|TAMS 0x000000061c000000, 0x000000061c000000| Complete 
| 109|0x000000061c400000, 0x000000061c800000, 0x000000061c800000|100%| E|CS|TAMS 0x000000061c400000, 0x000000061c400000| Complete 
| 110|0x000000061c800000, 0x000000061cc00000, 0x000000061cc00000|100%| E|CS|TAMS 0x000000061c800000, 0x000000061c800000| Complete 
| 111|0x000000061cc00000, 0x000000061d000000, 0x000000061d000000|100%| E|CS|TAMS 0x000000061cc00000, 0x000000061cc00000| Complete 
| 112|0x000000061d000000, 0x000000061d400000, 0x000000061d400000|100%| E|CS|TAMS 0x000000061d000000, 0x000000061d000000| Complete 
| 113|0x000000061d400000, 0x000000061d800000, 0x000000061d800000|100%| E|CS|TAMS 0x000000061d400000, 0x000000061d400000| Complete 
| 114|0x000000061d800000, 0x000000061dc00000, 0x000000061dc00000|100%| E|CS|TAMS 0x000000061d800000, 0x000000061d800000| Complete 
| 115|0x000000061dc00000, 0x000000061e000000, 0x000000061e000000|100%| E|CS|TAMS 0x000000061dc00000, 0x000000061dc00000| Complete 
| 116|0x000000061e000000, 0x000000061e400000, 0x000000061e400000|100%| E|CS|TAMS 0x000000061e000000, 0x000000061e000000| Complete 
| 117|0x000000061e400000, 0x000000061e800000, 0x000000061e800000|100%| E|CS|TAMS 0x000000061e400000, 0x000000061e400000| Complete 
| 118|0x000000061e800000, 0x000000061ec00000, 0x000000061ec00000|100%| E|CS|TAMS 0x000000061e800000, 0x000000061e800000| Complete 
| 119|0x000000061ec00000, 0x000000061f000000, 0x000000061f000000|100%| E|CS|TAMS 0x000000061ec00000, 0x000000061ec00000| Complete 
| 120|0x000000061f000000, 0x000000061f400000, 0x000000061f400000|100%| E|CS|TAMS 0x000000061f000000, 0x000000061f000000| Complete 
| 121|0x000000061f400000, 0x000000061f800000, 0x000000061f800000|100%| E|CS|TAMS 0x000000061f400000, 0x000000061f400000| Complete 
| 122|0x000000061f800000, 0x000000061fc00000, 0x000000061fc00000|100%| E|CS|TAMS 0x000000061f800000, 0x000000061f800000| Complete 
| 123|0x000000061fc00000, 0x0000000620000000, 0x0000000620000000|100%| E|CS|TAMS 0x000000061fc00000, 0x000000061fc00000| Complete 
| 124|0x0000000620000000, 0x0000000620400000, 0x0000000620400000|100%| E|CS|TAMS 0x0000000620000000, 0x0000000620000000| Complete 
| 125|0x0000000620400000, 0x0000000620800000, 0x0000000620800000|100%| E|CS|TAMS 0x0000000620400000, 0x0000000620400000| Complete 
| 126|0x0000000620800000, 0x0000000620c00000, 0x0000000620c00000|100%| E|CS|TAMS 0x0000000620800000, 0x0000000620800000| Complete 
| 127|0x0000000620c00000, 0x0000000621000000, 0x0000000621000000|100%| E|CS|TAMS 0x0000000620c00000, 0x0000000620c00000| Complete 

Card table byte_map: [0x000002141ca90000,0x000002141da90000] _byte_map_base: 0x0000021419a88000

Marking Bits (Prev, Next): (CMBitMap*) 0x0000021404d80050, (CMBitMap*) 0x0000021404d80090
 Prev Bits: [0x000002141ea90000, 0x0000021426a50000)
 Next Bits: [0x0000021426a50000, 0x000002142ea10000)

Polling page: 0x00000214044c0000

Metaspace:

Usage:
  Non-class:     12.82 MB used.
      Class:      1.08 MB used.
       Both:     13.90 MB used.

Virtual space:
  Non-class space:       16.00 MB reserved,      12.94 MB ( 81%) committed,  2 nodes.
      Class space:        1.00 GB reserved,       1.19 MB ( <1%) committed,  1 nodes.
             Both:        1.02 GB reserved,      14.12 MB (  1%) committed. 

Chunk freelists:
   Non-Class:  2.95 MB
       Class:  2.74 MB
        Both:  5.70 MB

MaxMetaspaceSize: unlimited
CompressedClassSpaceSize: 1.00 GB
Initial GC threshold: 21.00 MB
Current GC threshold: 21.00 MB
CDS: on
MetaspaceReclaimPolicy: balanced
 - commit_granule_bytes: 65536.
 - commit_granule_words: 8192.
 - virtual_space_node_default_size: 1048576.
 - enlarge_chunks_in_place: 1.
 - new_chunks_are_fully_committed: 0.
 - uncommit_free_chunks: 1.
 - use_allocation_guard: 0.
 - handle_deallocations: 1.


Internal statistics:

num_allocs_failed_limit: 0.
num_arena_births: 126.
num_arena_deaths: 0.
num_vsnodes_births: 3.
num_vsnodes_deaths: 0.
num_space_committed: 224.
num_space_uncommitted: 0.
num_chunks_returned_to_freelist: 0.
num_chunks_taken_from_freelist: 391.
num_chunk_merges: 0.
num_chunk_splits: 291.
num_chunks_enlarged: 215.
num_purges: 0.
num_inconsistent_stats: 0.

CodeHeap 'non-profiled nmethods': size=120000Kb used=1071Kb max_used=1071Kb free=118928Kb
 bounds [0x0000021414010000, 0x0000021414280000, 0x000002141b540000]
CodeHeap 'profiled nmethods': size=120000Kb used=3323Kb max_used=3323Kb free=116676Kb
 bounds [0x000002140cae0000, 0x000002140ce20000, 0x0000021414010000]
CodeHeap 'non-nmethods': size=5760Kb used=1733Kb max_used=1759Kb free=4026Kb
 bounds [0x000002140c540000, 0x000002140c7b0000, 0x000002140cae0000]
 total_blobs=2745 nmethods=1613 adapters=1045
 compilation: enabled
              stopped_count=0, restarted_count=0
 full_count=0

Compilation events (20 events):
Event: 3.386 Thread 0x000002143202a390 nmethod 1596 0x000002140ce19d90 code [0x000002140ce19f20, 0x000002140ce1a098]
Event: 3.387 Thread 0x0000021435967180 nmethod 1581% 0x0000021414111190 code [0x0000021414111660, 0x0000021414116ac0]
Event: 3.393 Thread 0x000002143202a390 1597       3       java.util.concurrent.locks.AbstractQueuedSynchronizer::compareAndSetState (13 bytes)
Event: 3.393 Thread 0x000002143202a390 nmethod 1597 0x000002140ce1a110 code [0x000002140ce1a2a0, 0x000002140ce1a3d8]
Event: 3.393 Thread 0x000002143202a390 1598       3       java.lang.ref.WeakReference::<init> (6 bytes)
Event: 3.393 Thread 0x000002143202a390 nmethod 1598 0x000002140ce1a490 code [0x000002140ce1a640, 0x000002140ce1a958]
Event: 3.393 Thread 0x000002143202a390 1600       3       java.awt.geom.Rectangle2D::<init> (5 bytes)
Event: 3.393 Thread 0x000002143202a390 nmethod 1600 0x000002140ce1aa90 code [0x000002140ce1ac40, 0x000002140ce1adf8]
Event: 3.394 Thread 0x000002143202a390 1599       3       java.awt.Rectangle::<init> (26 bytes)
Event: 3.394 Thread 0x000002143202a390 nmethod 1599 0x000002140ce1af10 code [0x000002140ce1b0c0, 0x000002140ce1b2f8]
Event: 3.394 Thread 0x000002143202a390 1601       1       java.awt.Component::getWidth (5 bytes)
Event: 3.394 Thread 0x000002143202a390 nmethod 1601 0x000002141411a710 code [0x000002141411a8a0, 0x000002141411a978]
Event: 3.394 Thread 0x000002143202a390 1602       1       java.awt.Component::getHeight (5 bytes)
Event: 3.394 Thread 0x000002143202a390 nmethod 1602 0x000002141411ae10 code [0x000002141411afa0, 0x000002141411b078]
Event: 3.394 Thread 0x000002143202a390 1604       3       sun.java2d.pipe.RenderBuffer::putInt (26 bytes)
Event: 3.394 Thread 0x000002143202a390 nmethod 1604 0x000002140ce1b410 code [0x000002140ce1b5a0, 0x000002140ce1b738]
Event: 3.394 Thread 0x000002143202a390 1605       3       jdk.internal.misc.Unsafe::putInt (8 bytes)
Event: 3.394 Thread 0x000002143202a390 nmethod 1605 0x000002140ce1b810 code [0x000002140ce1b9a0, 0x000002140ce1bab8]
Event: 3.394 Thread 0x000002143202a390 1606   !   3       sun.awt.AWTAutoShutdown::setToolkitBusy (124 bytes)
Event: 3.394 Thread 0x000002143202a390 nmethod 1606 0x000002140ce1bb90 code [0x000002140ce1bda0, 0x000002140ce1c388]

GC Heap History (10 events):
Event: 1.940 GC heap before
{Heap before GC invocations=0 (full 0):
 garbage-first heap   total 524288K, used 90112K [0x0000000601000000, 0x0000000800000000)
  region size 4096K, 6 young (24576K), 0 survivors (0K)
 Metaspace       used 2782K, committed 2944K, reserved 1056768K
  class space    used 180K, committed 256K, reserved 1048576K
}
Event: 1.944 GC heap after
{Heap after GC invocations=1 (full 0):
 garbage-first heap   total 524288K, used 75366K [0x0000000601000000, 0x0000000800000000)
  region size 4096K, 1 young (4096K), 1 survivors (4096K)
 Metaspace       used 2782K, committed 2944K, reserved 1056768K
  class space    used 180K, committed 256K, reserved 1048576K
}
Event: 2.054 GC heap before
{Heap before GC invocations=1 (full 0):
 garbage-first heap   total 524288K, used 91750K [0x0000000601000000, 0x0000000800000000)
  region size 4096K, 6 young (24576K), 1 survivors (4096K)
 Metaspace       used 3276K, committed 3392K, reserved 1056768K
  class space    used 213K, committed 256K, reserved 1048576K
}
Event: 2.057 GC heap after
{Heap after GC invocations=2 (full 0):
 garbage-first heap   total 524288K, used 76182K [0x0000000601000000, 0x0000000800000000)
  region size 4096K, 1 young (4096K), 1 survivors (4096K)
 Metaspace       used 3276K, committed 3392K, reserved 1056768K
  class space    used 213K, committed 256K, reserved 1048576K
}
Event: 2.308 GC heap before
{Heap before GC invocations=2 (full 0):
 garbage-first heap   total 524288K, used 145814K [0x0000000601000000, 0x0000000800000000)
  region size 4096K, 17 young (69632K), 1 survivors (4096K)
 Metaspace       used 7013K, committed 7232K, reserved 1064960K
  class space    used 221K, committed 320K, reserved 1048576K
}
Event: 2.309 GC heap after
{Heap after GC invocations=3 (full 0):
 garbage-first heap   total 524288K, used 75621K [0x0000000601000000, 0x0000000800000000)
  region size 4096K, 1 young (4096K), 1 survivors (4096K)
 Metaspace       used 7013K, committed 7232K, reserved 1064960K
  class space    used 221K, committed 320K, reserved 1048576K
}
Event: 3.329 GC heap before
{Heap before GC invocations=3 (full 0):
 garbage-first heap   total 524288K, used 399205K [0x0000000601000000, 0x0000000800000000)
  region size 4096K, 76 young (311296K), 1 survivors (4096K)
 Metaspace       used 14140K, committed 14400K, reserved 1064960K
  class space    used 1084K, committed 1216K, reserved 1048576K
}
Event: 3.330 GC heap after
{Heap after GC invocations=4 (full 0):
 garbage-first heap   total 524288K, used 95804K [0x0000000601000000, 0x0000000800000000)
  region size 4096K, 1 young (4096K), 1 survivors (4096K)
 Metaspace       used 14140K, committed 14400K, reserved 1064960K
  class space    used 1084K, committed 1216K, reserved 1048576K
}
Event: 3.395 GC heap before
{Heap before GC invocations=4 (full 0):
 garbage-first heap   total 524288K, used 403004K [0x0000000601000000, 0x0000000800000000)
  region size 4096K, 76 young (311296K), 1 survivors (4096K)
 Metaspace       used 14232K, committed 14464K, reserved 1064960K
  class space    used 1102K, committed 1216K, reserved 1048576K
}
Event: 3.396 GC heap after
{Heap after GC invocations=5 (full 0):
 garbage-first heap   total 524288K, used 93148K [0x0000000601000000, 0x0000000800000000)
  region size 4096K, 1 young (4096K), 1 survivors (4096K)
 Metaspace       used 14232K, committed 14464K, reserved 1064960K
  class space    used 1102K, committed 1216K, reserved 1048576K
}

Deoptimization events (20 events):
Event: 3.124 Thread 0x00000214324a6d90 DEOPT PACKING pc=0x000002141404b898 sp=0x000000f1121fecd0
Event: 3.124 Thread 0x00000214324a6d90 DEOPT UNPACKING pc=0x000002140c5923a3 sp=0x000000f1121fec68 mode 2
Event: 3.147 Thread 0x00000214324a5a50 Uncommon trap: trap_request=0xffffff45 fr.pc=0x00000214140f3d74 relative=0x00000000000003d4
Event: 3.147 Thread 0x00000214324a5a50 Uncommon trap: reason=unstable_if action=reinterpret pc=0x00000214140f3d74 method=java.lang.StringUTF16.compress([CII)[B @ 13 c2
Event: 3.147 Thread 0x00000214324a5a50 DEOPT PACKING pc=0x00000214140f3d74 sp=0x000000f1124fcf40
Event: 3.147 Thread 0x00000214324a5a50 DEOPT UNPACKING pc=0x000002140c5923a3 sp=0x000000f1124fce80 mode 2
Event: 3.147 Thread 0x00000214324a5a50 Uncommon trap: trap_request=0xffffff45 fr.pc=0x000002141403dacc relative=0x000000000000022c
Event: 3.147 Thread 0x00000214324a5a50 Uncommon trap: reason=unstable_if action=reinterpret pc=0x000002141403dacc method=java.util.StringTokenizer.scanToken(I)I @ 42 c2
Event: 3.147 Thread 0x00000214324a5a50 DEOPT PACKING pc=0x000002141403dacc sp=0x000000f1124fd1c0
Event: 3.147 Thread 0x00000214324a5a50 DEOPT UNPACKING pc=0x000002140c5923a3 sp=0x000000f1124fd150 mode 2
Event: 3.205 Thread 0x00000214324a6d90 Uncommon trap: trap_request=0xffffffc6 fr.pc=0x0000021414067e70 relative=0x0000000000000590
Event: 3.205 Thread 0x00000214324a6d90 Uncommon trap: reason=bimorphic_or_optimized_type_check action=maybe_recompile pc=0x0000021414067e70 method=java.util.concurrent.ConcurrentHashMap.get(Ljava/lang/Object;)Ljava/lang/Object; @ 149 c2
Event: 3.205 Thread 0x00000214324a6d90 DEOPT PACKING pc=0x0000021414067e70 sp=0x000000f1121fe0b0
Event: 3.205 Thread 0x00000214324a6d90 DEOPT UNPACKING pc=0x000002140c5923a3 sp=0x000000f1121fe050 mode 2
Event: 3.268 Thread 0x00000214324a6d90 DEOPT PACKING pc=0x000002140cdff97f sp=0x000000f1121ff030
Event: 3.268 Thread 0x00000214324a6d90 DEOPT UNPACKING pc=0x000002140c592b43 sp=0x000000f1121fe5f8 mode 0
Event: 3.268 Thread 0x00000214324a4240 DEOPT PACKING pc=0x000002140cdff97f sp=0x000000f1122ff150
Event: 3.268 Thread 0x00000214324a4240 DEOPT UNPACKING pc=0x000002140c592b43 sp=0x000000f1122fe718 mode 0
Event: 3.388 Thread 0x00000214324a6d90 DEOPT PACKING pc=0x000002140ce135bc sp=0x000000f1121ff3f0
Event: 3.388 Thread 0x00000214324a6d90 DEOPT UNPACKING pc=0x000002140c592b43 sp=0x000000f1121fe918 mode 0

Classes unloaded (0 events):
No events

Classes redefined (0 events):
No events

Internal exceptions (20 events):
Event: 1.861 Thread 0x0000021404d0abe0 Exception <a 'java/lang/NoSuchMethodError'{0x000000061fca37e8}: 'java.lang.Object java.lang.invoke.DirectMethodHandle$Holder.invokeInterface(java.lang.Object, java.lang.Object)'> (0x000000061fca37e8) 
thrown [t:\workspace\open\src\hotspot\share\interpreter\linkResolver.cpp, line 766]
Event: 1.861 Thread 0x0000021404d0abe0 Exception <a 'java/lang/IncompatibleClassChangeError'{0x000000061fca6e60}: Found class java.lang.Object, but interface was expected> (0x000000061fca6e60) 
thrown [t:\workspace\open\src\hotspot\share\interpreter\linkResolver.cpp, line 833]
Event: 1.861 Thread 0x0000021404d0abe0 Exception <a 'java/lang/NoSuchMethodError'{0x000000061fca9dd0}: 'void java.lang.invoke.DirectMethodHandle$Holder.invokeStaticInit(java.lang.Object, java.lang.Object)'> (0x000000061fca9dd0) 
thrown [t:\workspace\open\src\hotspot\share\interpreter\linkResolver.cpp, line 766]
Event: 1.862 Thread 0x0000021404d0abe0 Exception <a 'java/lang/NoSuchMethodError'{0x000000061fcafa58}: 'int java.lang.invoke.DirectMethodHandle$Holder.invokeStaticInit(java.lang.Object, java.lang.Object)'> (0x000000061fcafa58) 
thrown [t:\workspace\open\src\hotspot\share\interpreter\linkResolver.cpp, line 766]
Event: 2.966 Thread 0x00000214324a6d90 Exception <a 'java/lang/ClassNotFoundException'{0x000000061d419480}: sun/awt/resources/spi/awtProvider> (0x000000061d419480) 
thrown [t:\workspace\open\src\hotspot\share\classfile\systemDictionary.cpp, line 256]
Event: 2.976 Thread 0x00000214324a6d90 Exception <a 'java/io/FileNotFoundException'{0x000000061d468a20}> (0x000000061d468a20) 
thrown [t:\workspace\open\src\hotspot\share\prims\jni.cpp, line 516]
Event: 2.978 Thread 0x00000214324a6d90 Exception <a 'java/io/FileNotFoundException'{0x000000061d495a10}> (0x000000061d495a10) 
thrown [t:\workspace\open\src\hotspot\share\prims\jni.cpp, line 516]
Event: 3.100 Thread 0x00000214324a6d90 Exception <a 'java/lang/NoSuchMethodError'{0x000000061d528050}: 'void java.lang.invoke.DirectMethodHandle$Holder.invokeSpecial(java.lang.Object, java.lang.Object, java.lang.Object)'> (0x000000061d528050) 
thrown [t:\workspace\open\src\hotspot\share\interpreter\linkResolver.cpp, line 766]
Event: 3.105 Thread 0x00000214324a6d90 Exception <a 'java/lang/NoSuchMethodError'{0x000000061d552150}: 'java.lang.Object java.lang.invoke.DirectMethodHandle$Holder.newInvokeSpecial(java.lang.Object, java.lang.Object, java.lang.Object, java.lang.Object, java.lang.Object)'> (0x000000061d552150) 
thrown [t:\workspace\open\src\hotspot\share\interpreter\linkResolver.cpp, line 766]
Event: 3.105 Thread 0x00000214324a6d90 Exception <a 'java/lang/NoSuchMethodError'{0x000000061d55db18}: 'java.lang.Object java.lang.invoke.DirectMethodHandle$Holder.invokeStatic(java.lang.Object, int, java.lang.Object, java.lang.Object, java.lang.Object, java.lang.Object)'> (0x000000061d55db18) 
thrown [t:\workspace\open\src\hotspot\share\interpreter\linkResolver.cpp, line 766]
Event: 3.107 Thread 0x00000214324a6d90 Exception <a 'java/lang/NoSuchMethodError'{0x000000061d5832a8}: 'java.lang.Object java.lang.invoke.DirectMethodHandle$Holder.invokeStatic(java.lang.Object, int, java.lang.Object)'> (0x000000061d5832a8) 
thrown [t:\workspace\open\src\hotspot\share\interpreter\linkResolver.cpp, line 766]
Event: 3.120 Thread 0x00000214324a6d90 Exception <a 'java/lang/ClassNotFoundException'{0x000000061d23f8b0}: com/sun/swing/internal/plaf/metal/resources/spi/metalProvider> (0x000000061d23f8b0) 
thrown [t:\workspace\open\src\hotspot\share\classfile\systemDictionary.cpp, line 256]
Event: 3.120 Thread 0x00000214324a6d90 Exception <a 'java/lang/ClassNotFoundException'{0x000000061d2437b0}: com/sun/swing/internal/plaf/basic/resources/spi/basicProvider> (0x000000061d2437b0) 
thrown [t:\workspace\open\src\hotspot\share\classfile\systemDictionary.cpp, line 256]
Event: 3.124 Thread 0x00000214324a6d90 Implicit null exception at 0x00000214140dd28b to 0x00000214140dd6a0
Event: 3.124 Thread 0x00000214324a4240 Implicit null exception at 0x00000214140dd28b to 0x00000214140dd6a0
Event: 3.124 Thread 0x00000214324a6d90 Implicit null exception at 0x0000021414082a8b to 0x0000021414082e98
Event: 3.124 Thread 0x00000214324a4240 Implicit null exception at 0x0000021414082a8b to 0x0000021414082e98
Event: 3.124 Thread 0x00000214324a6d90 Implicit null exception at 0x000002141404b80f to 0x000002141404b889
Event: 3.131 Thread 0x00000214324a5580 Exception <a 'java/lang/NoSuchMethodError'{0x000000061d00ff70}: 'void java.lang.invoke.DirectMethodHandle$Holder.invokeVirtual(java.lang.Object, java.lang.Object)'> (0x000000061d00ff70) 
thrown [t:\workspace\open\src\hotspot\share\interpreter\linkResolver.cpp, line 766]
Event: 3.139 Thread 0x00000214324a5a50 Exception <a 'java/lang/NoSuchMethodError'{0x000000061cc236e8}: 'void java.lang.invoke.DirectMethodHandle$Holder.invokeStaticInit(java.lang.Object)'> (0x000000061cc236e8) 
thrown [t:\workspace\open\src\hotspot\share\interpreter\linkResolver.cpp, line 766]

VM Operations (20 events):
Event: 1.866 Executing VM operation: HandshakeAllThreads
Event: 1.866 Executing VM operation: HandshakeAllThreads done
Event: 1.879 Executing VM operation: HandshakeAllThreads
Event: 1.879 Executing VM operation: HandshakeAllThreads done
Event: 1.940 Executing VM operation: G1CollectForAllocation
Event: 1.945 Executing VM operation: G1CollectForAllocation done
Event: 2.014 Executing VM operation: HandshakeAllThreads
Event: 2.014 Executing VM operation: HandshakeAllThreads done
Event: 2.030 Executing VM operation: HandshakeAllThreads
Event: 2.030 Executing VM operation: HandshakeAllThreads done
Event: 2.054 Executing VM operation: G1CollectForAllocation
Event: 2.057 Executing VM operation: G1CollectForAllocation done
Event: 2.308 Executing VM operation: G1CollectForAllocation
Event: 2.309 Executing VM operation: G1CollectForAllocation done
Event: 2.967 Executing VM operation: HandshakeAllThreads
Event: 2.967 Executing VM operation: HandshakeAllThreads done
Event: 3.329 Executing VM operation: G1CollectForAllocation
Event: 3.330 Executing VM operation: G1CollectForAllocation done
Event: 3.395 Executing VM operation: G1CollectForAllocation
Event: 3.396 Executing VM operation: G1CollectForAllocation done

Events (20 events):
Event: 3.374 loading class sun/java2d/StateTrackableDelegate$1 done
Event: 3.375 loading class java/applet/Applet
Event: 3.375 loading class java/awt/Panel
Event: 3.375 loading class java/awt/Panel done
Event: 3.375 loading class java/applet/Applet done
Event: 3.376 loading class java/awt/Cursor$CursorDisposer
Event: 3.376 loading class java/awt/Cursor$CursorDisposer done
Event: 3.379 loading class java/awt/event/MouseEvent$1
Event: 3.379 loading class sun/awt/AWTAccessor$MouseEventAccessor
Event: 3.379 loading class sun/awt/AWTAccessor$MouseEventAccessor done
Event: 3.379 loading class java/awt/event/MouseEvent$1 done
Event: 3.380 loading class sun/awt/image/VSyncedBSManager
Event: 3.380 loading class sun/awt/image/VSyncedBSManager done
Event: 3.381 loading class sun/java2d/d3d/D3DSurfaceDataProxy
Event: 3.381 loading class sun/java2d/d3d/D3DSurfaceDataProxy done
Event: 3.387 Thread 0x0000021435989280 Thread added: 0x0000021435989280
Event: 3.393 loading class java/awt/Event
Event: 3.393 loading class java/awt/Event done
Event: 3.393 loading class java/awt/event/MouseWheelEvent
Event: 3.393 loading class java/awt/event/MouseWheelEvent done


Dynamic libraries:
0x00007ff72b680000 - 0x00007ff72b690000 	C:\Program Files\Java\jdk-17.0.2\bin\java.exe
0x00007ff952a10000 - 0x00007ff952c27000 	C:\WINDOWS\SYSTEM32\ntdll.dll
0x00007ff951e40000 - 0x00007ff951f04000 	C:\WINDOWS\System32\KERNEL32.DLL
0x00007ff9500d0000 - 0x00007ff950476000 	C:\WINDOWS\System32\KERNELBASE.dll
0x00007ff9505d0000 - 0x00007ff9506e1000 	C:\WINDOWS\System32\ucrtbase.dll
0x00007ff933fa0000 - 0x00007ff933fb8000 	C:\Program Files\Java\jdk-17.0.2\bin\jli.dll
0x00007ff895d50000 - 0x00007ff895d6a000 	C:\Program Files\Java\jdk-17.0.2\bin\VCRUNTIME140.dll
0x00007ff951d80000 - 0x00007ff951e30000 	C:\WINDOWS\System32\ADVAPI32.dll
0x00007ff950960000 - 0x00007ff950a07000 	C:\WINDOWS\System32\msvcrt.dll
0x00007ff951a80000 - 0x00007ff951b26000 	C:\WINDOWS\System32\sechost.dll
0x00007ff950790000 - 0x00007ff9508a7000 	C:\WINDOWS\System32\RPCRT4.dll
0x00007ff9523a0000 - 0x00007ff95254d000 	C:\WINDOWS\System32\USER32.dll
0x00007ff950480000 - 0x00007ff9504a6000 	C:\WINDOWS\System32\win32u.dll
0x00007ff950930000 - 0x00007ff950959000 	C:\WINDOWS\System32\GDI32.dll
0x00007ff9504b0000 - 0x00007ff9505c8000 	C:\WINDOWS\System32\gdi32full.dll
0x00007ff940d30000 - 0x00007ff940fc3000 	C:\WINDOWS\WinSxS\amd64_microsoft.windows.common-controls_6595b64144ccf1df_6.0.22621.2361_none_2712ced57382f843\COMCTL32.dll
0x00007ff94fe50000 - 0x00007ff94feea000 	C:\WINDOWS\System32\msvcp_win.dll
0x00007ff945e80000 - 0x00007ff945e8a000 	C:\WINDOWS\SYSTEM32\VERSION.dll
0x00007ff9528a0000 - 0x00007ff9528d1000 	C:\WINDOWS\System32\IMM32.DLL
0x00007ff933f90000 - 0x00007ff933f9c000 	C:\Program Files\Java\jdk-17.0.2\bin\vcruntime140_1.dll
0x00007ff894b10000 - 0x00007ff894b9d000 	C:\Program Files\Java\jdk-17.0.2\bin\msvcp140.dll
0x00007ff8930c0000 - 0x00007ff893c81000 	C:\Program Files\Java\jdk-17.0.2\bin\server\jvm.dll
0x00007ff9508b0000 - 0x00007ff9508b8000 	C:\WINDOWS\System32\PSAPI.DLL
0x00007ff949080000 - 0x00007ff9490b4000 	C:\WINDOWS\SYSTEM32\WINMM.dll
0x00007ff93f740000 - 0x00007ff93f749000 	C:\WINDOWS\SYSTEM32\WSOCK32.dll
0x00007ff951580000 - 0x00007ff9515f1000 	C:\WINDOWS\System32\WS2_32.dll
0x00007ff94ee60000 - 0x00007ff94ee78000 	C:\WINDOWS\SYSTEM32\kernel.appcore.dll
0x00007ff895d40000 - 0x00007ff895d4a000 	C:\Program Files\Java\jdk-17.0.2\bin\jimage.dll
0x00007ff942040000 - 0x00007ff94226e000 	C:\WINDOWS\SYSTEM32\DBGHELP.DLL
0x00007ff951f10000 - 0x00007ff95229a000 	C:\WINDOWS\System32\combase.dll
0x00007ff9514a0000 - 0x00007ff951577000 	C:\WINDOWS\System32\OLEAUT32.dll
0x00007ff9445a0000 - 0x00007ff9445d2000 	C:\WINDOWS\SYSTEM32\dbgcore.DLL
0x00007ff9506f0000 - 0x00007ff95076a000 	C:\WINDOWS\System32\bcryptPrimitives.dll
0x00007ff94d160000 - 0x00007ff94d16e000 	C:\Program Files\Java\jdk-17.0.2\bin\instrument.dll
0x00007ff895d10000 - 0x00007ff895d35000 	C:\Program Files\Java\jdk-17.0.2\bin\java.dll
0x00007ff894a30000 - 0x00007ff894b06000 	C:\Program Files\Java\jdk-17.0.2\bin\jsvml.dll
0x00007ff950c10000 - 0x00007ff951468000 	C:\WINDOWS\System32\SHELL32.dll
0x00007ff94dd00000 - 0x00007ff94e5f2000 	C:\WINDOWS\SYSTEM32\windows.storage.dll
0x00007ff94dbc0000 - 0x00007ff94dcfe000 	C:\WINDOWS\SYSTEM32\wintypes.dll
0x00007ff951c80000 - 0x00007ff951d73000 	C:\WINDOWS\System32\SHCORE.dll
0x00007ff952970000 - 0x00007ff9529ce000 	C:\WINDOWS\System32\shlwapi.dll
0x00007ff94fcc0000 - 0x00007ff94fce6000 	C:\WINDOWS\SYSTEM32\profapi.dll
0x00007ff892e60000 - 0x00007ff892e78000 	C:\Program Files\Java\jdk-17.0.2\bin\zip.dll
0x00007ff892ea0000 - 0x00007ff892eb9000 	C:\Program Files\Java\jdk-17.0.2\bin\net.dll
0x00007ff94ab20000 - 0x00007ff94ac57000 	C:\WINDOWS\SYSTEM32\WINHTTP.dll
0x00007ff94f340000 - 0x00007ff94f3a9000 	C:\WINDOWS\system32\mswsock.dll
0x00007ff892e80000 - 0x00007ff892e96000 	C:\Program Files\Java\jdk-17.0.2\bin\nio.dll
0x00007ff94a000000 - 0x00007ff94a01a000 	C:\Program Files\JetBrains\IntelliJ IDEA 2023.2.4\bin\breakgen64.dll
0x00000214317c0000 - 0x00000214317c4000 	C:\Users\Zjaun\.javacpp\cache\javacpp-1.5.9-windows-x86_64.jar\org\bytedeco\javacpp\windows-x86_64\api-ms-win-crt-locale-l1-1-0.dll
0x00000214317d0000 - 0x00000214317d5000 	C:\Users\Zjaun\.javacpp\cache\javacpp-1.5.9-windows-x86_64.jar\org\bytedeco\javacpp\windows-x86_64\api-ms-win-crt-string-l1-1-0.dll
0x00000214317e0000 - 0x00000214317e5000 	C:\Users\Zjaun\.javacpp\cache\javacpp-1.5.9-windows-x86_64.jar\org\bytedeco\javacpp\windows-x86_64\api-ms-win-crt-stdio-l1-1-0.dll
0x00000214317f0000 - 0x00000214317f6000 	C:\Users\Zjaun\.javacpp\cache\javacpp-1.5.9-windows-x86_64.jar\org\bytedeco\javacpp\windows-x86_64\api-ms-win-crt-math-l1-1-0.dll
0x0000021433cd0000 - 0x0000021433cd4000 	C:\Users\Zjaun\.javacpp\cache\javacpp-1.5.9-windows-x86_64.jar\org\bytedeco\javacpp\windows-x86_64\api-ms-win-crt-heap-l1-1-0.dll
0x0000021433ce0000 - 0x0000021433ce5000 	C:\Users\Zjaun\.javacpp\cache\javacpp-1.5.9-windows-x86_64.jar\org\bytedeco\javacpp\windows-x86_64\api-ms-win-crt-runtime-l1-1-0.dll
0x0000021433cf0000 - 0x0000021433cf5000 	C:\Users\Zjaun\.javacpp\cache\javacpp-1.5.9-windows-x86_64.jar\org\bytedeco\javacpp\windows-x86_64\api-ms-win-crt-convert-l1-1-0.dll
0x0000021433d00000 - 0x0000021433d04000 	C:\Users\Zjaun\.javacpp\cache\javacpp-1.5.9-windows-x86_64.jar\org\bytedeco\javacpp\windows-x86_64\api-ms-win-crt-environment-l1-1-0.dll
0x0000021433d10000 - 0x0000021433d14000 	C:\Users\Zjaun\.javacpp\cache\javacpp-1.5.9-windows-x86_64.jar\org\bytedeco\javacpp\windows-x86_64\api-ms-win-crt-time-l1-1-0.dll
0x0000021433d20000 - 0x0000021433d24000 	C:\Users\Zjaun\.javacpp\cache\javacpp-1.5.9-windows-x86_64.jar\org\bytedeco\javacpp\windows-x86_64\api-ms-win-crt-filesystem-l1-1-0.dll
0x0000021433d30000 - 0x0000021433d34000 	C:\Users\Zjaun\.javacpp\cache\javacpp-1.5.9-windows-x86_64.jar\org\bytedeco\javacpp\windows-x86_64\api-ms-win-crt-utility-l1-1-0.dll
0x0000021433d40000 - 0x0000021433d46000 	C:\Users\Zjaun\.javacpp\cache\javacpp-1.5.9-windows-x86_64.jar\org\bytedeco\javacpp\windows-x86_64\api-ms-win-crt-multibyte-l1-1-0.dll
0x0000021433d50000 - 0x0000021433d54000 	C:\Users\Zjaun\.javacpp\cache\javacpp-1.5.9-windows-x86_64.jar\org\bytedeco\javacpp\windows-x86_64\api-ms-win-crt-conio-l1-1-0.dll
0x0000021433d60000 - 0x0000021433d71000 	C:\Users\Zjaun\.javacpp\cache\javacpp-1.5.9-windows-x86_64.jar\org\bytedeco\javacpp\windows-x86_64\api-ms-win-crt-private-l1-1-0.dll
0x0000021433d80000 - 0x0000021433d84000 	C:\Users\Zjaun\.javacpp\cache\javacpp-1.5.9-windows-x86_64.jar\org\bytedeco\javacpp\windows-x86_64\api-ms-win-crt-process-l1-1-0.dll
0x0000021433d90000 - 0x0000021433d94000 	C:\Users\Zjaun\.javacpp\cache\javacpp-1.5.9-windows-x86_64.jar\org\bytedeco\javacpp\windows-x86_64\api-ms-win-core-console-l1-2-0.dll
0x0000021433da0000 - 0x0000021433da4000 	C:\Users\Zjaun\.javacpp\cache\javacpp-1.5.9-windows-x86_64.jar\org\bytedeco\javacpp\windows-x86_64\api-ms-win-core-string-l1-1-0.dll
0x0000021433db0000 - 0x0000021433db4000 	C:\Users\Zjaun\.javacpp\cache\javacpp-1.5.9-windows-x86_64.jar\org\bytedeco\javacpp\windows-x86_64\api-ms-win-core-errorhandling-l1-1-0.dll
0x0000021433dc0000 - 0x0000021433dc4000 	C:\Users\Zjaun\.javacpp\cache\javacpp-1.5.9-windows-x86_64.jar\org\bytedeco\javacpp\windows-x86_64\api-ms-win-core-timezone-l1-1-0.dll
0x0000021433dd0000 - 0x0000021433dd5000 	C:\Users\Zjaun\.javacpp\cache\javacpp-1.5.9-windows-x86_64.jar\org\bytedeco\javacpp\windows-x86_64\api-ms-win-core-file-l1-1-0.dll
0x0000021433de0000 - 0x0000021433de4000 	C:\Users\Zjaun\.javacpp\cache\javacpp-1.5.9-windows-x86_64.jar\org\bytedeco\javacpp\windows-x86_64\api-ms-win-core-namedpipe-l1-1-0.dll
0x0000021433df0000 - 0x0000021433df4000 	C:\Users\Zjaun\.javacpp\cache\javacpp-1.5.9-windows-x86_64.jar\org\bytedeco\javacpp\windows-x86_64\api-ms-win-core-handle-l1-1-0.dll
0x0000021433e00000 - 0x0000021433e04000 	C:\Users\Zjaun\.javacpp\cache\javacpp-1.5.9-windows-x86_64.jar\org\bytedeco\javacpp\windows-x86_64\api-ms-win-core-file-l2-1-0.dll
0x0000021433e10000 - 0x0000021433e14000 	C:\Users\Zjaun\.javacpp\cache\javacpp-1.5.9-windows-x86_64.jar\org\bytedeco\javacpp\windows-x86_64\api-ms-win-core-heap-l1-1-0.dll
0x0000021433e20000 - 0x0000021433e24000 	C:\Users\Zjaun\.javacpp\cache\javacpp-1.5.9-windows-x86_64.jar\org\bytedeco\javacpp\windows-x86_64\api-ms-win-core-libraryloader-l1-1-0.dll
0x0000021434e00000 - 0x0000021434e04000 	C:\Users\Zjaun\.javacpp\cache\javacpp-1.5.9-windows-x86_64.jar\org\bytedeco\javacpp\windows-x86_64\api-ms-win-core-synch-l1-1-0.dll
0x0000021434e10000 - 0x0000021434e14000 	C:\Users\Zjaun\.javacpp\cache\javacpp-1.5.9-windows-x86_64.jar\org\bytedeco\javacpp\windows-x86_64\api-ms-win-core-processthreads-l1-1-0.dll
0x0000021434e20000 - 0x0000021434e24000 	C:\Users\Zjaun\.javacpp\cache\javacpp-1.5.9-windows-x86_64.jar\org\bytedeco\javacpp\windows-x86_64\api-ms-win-core-processenvironment-l1-1-0.dll
0x0000021434e30000 - 0x0000021434e34000 	C:\Users\Zjaun\.javacpp\cache\javacpp-1.5.9-windows-x86_64.jar\org\bytedeco\javacpp\windows-x86_64\api-ms-win-core-datetime-l1-1-0.dll
0x0000021434e40000 - 0x0000021434e44000 	C:\Users\Zjaun\.javacpp\cache\javacpp-1.5.9-windows-x86_64.jar\org\bytedeco\javacpp\windows-x86_64\api-ms-win-core-localization-l1-2-0.dll
0x0000021434e50000 - 0x0000021434e54000 	C:\Users\Zjaun\.javacpp\cache\javacpp-1.5.9-windows-x86_64.jar\org\bytedeco\javacpp\windows-x86_64\api-ms-win-core-sysinfo-l1-1-0.dll
0x0000021434e60000 - 0x0000021434e64000 	C:\Users\Zjaun\.javacpp\cache\javacpp-1.5.9-windows-x86_64.jar\org\bytedeco\javacpp\windows-x86_64\api-ms-win-core-synch-l1-2-0.dll
0x0000021434e70000 - 0x0000021434e74000 	C:\Users\Zjaun\.javacpp\cache\javacpp-1.5.9-windows-x86_64.jar\org\bytedeco\javacpp\windows-x86_64\api-ms-win-core-console-l1-1-0.dll
0x0000021434e80000 - 0x0000021434e84000 	C:\Users\Zjaun\.javacpp\cache\javacpp-1.5.9-windows-x86_64.jar\org\bytedeco\javacpp\windows-x86_64\api-ms-win-core-debug-l1-1-0.dll
0x0000021434e90000 - 0x0000021434e94000 	C:\Users\Zjaun\.javacpp\cache\javacpp-1.5.9-windows-x86_64.jar\org\bytedeco\javacpp\windows-x86_64\api-ms-win-core-rtlsupport-l1-1-0.dll
0x0000021434ea0000 - 0x0000021434ea4000 	C:\Users\Zjaun\.javacpp\cache\javacpp-1.5.9-windows-x86_64.jar\org\bytedeco\javacpp\windows-x86_64\api-ms-win-core-processthreads-l1-1-1.dll
0x0000021435140000 - 0x0000021435144000 	C:\Users\Zjaun\.javacpp\cache\javacpp-1.5.9-windows-x86_64.jar\org\bytedeco\javacpp\windows-x86_64\api-ms-win-core-file-l1-2-0.dll
0x0000021434eb0000 - 0x0000021434eb4000 	C:\Users\Zjaun\.javacpp\cache\javacpp-1.5.9-windows-x86_64.jar\org\bytedeco\javacpp\windows-x86_64\api-ms-win-core-profile-l1-1-0.dll
0x0000021434ec0000 - 0x0000021434ec4000 	C:\Users\Zjaun\.javacpp\cache\javacpp-1.5.9-windows-x86_64.jar\org\bytedeco\javacpp\windows-x86_64\api-ms-win-core-memory-l1-1-0.dll
0x0000021435020000 - 0x0000021435024000 	C:\Users\Zjaun\.javacpp\cache\javacpp-1.5.9-windows-x86_64.jar\org\bytedeco\javacpp\windows-x86_64\api-ms-win-core-util-l1-1-0.dll
0x0000021434ed0000 - 0x0000021434ed4000 	C:\Users\Zjaun\.javacpp\cache\javacpp-1.5.9-windows-x86_64.jar\org\bytedeco\javacpp\windows-x86_64\api-ms-win-core-interlocked-l1-1-0.dll
0x00007ff8f59f0000 - 0x00007ff8f5b01000 	C:\Users\Zjaun\.javacpp\cache\javacpp-1.5.9-windows-x86_64.jar\org\bytedeco\javacpp\windows-x86_64\ucrtbase.dll
0x00007ff941220000 - 0x00007ff94123b000 	C:\Users\Zjaun\.javacpp\cache\javacpp-1.5.9-windows-x86_64.jar\org\bytedeco\javacpp\windows-x86_64\vcruntime140.dll
0x00007ff941210000 - 0x00007ff94121c000 	C:\Users\Zjaun\.javacpp\cache\javacpp-1.5.9-windows-x86_64.jar\org\bytedeco\javacpp\windows-x86_64\vcruntime140_1.dll
0x00007ff916290000 - 0x00007ff91631d000 	C:\Users\Zjaun\.javacpp\cache\javacpp-1.5.9-windows-x86_64.jar\org\bytedeco\javacpp\windows-x86_64\msvcp140.dll
0x00007ff941200000 - 0x00007ff941209000 	C:\Users\Zjaun\.javacpp\cache\javacpp-1.5.9-windows-x86_64.jar\org\bytedeco\javacpp\windows-x86_64\msvcp140_1.dll
0x00007ff9334b0000 - 0x00007ff9334fe000 	C:\Users\Zjaun\.javacpp\cache\javacpp-1.5.9-windows-x86_64.jar\org\bytedeco\javacpp\windows-x86_64\concrt140.dll
0x00007ff93e8b0000 - 0x00007ff93e8e1000 	C:\Users\Zjaun\.javacpp\cache\javacpp-1.5.9-windows-x86_64.jar\org\bytedeco\javacpp\windows-x86_64\vcomp140.dll
0x00007ff9411f0000 - 0x00007ff9411ff000 	C:\Users\Zjaun\.javacpp\cache\javacpp-1.5.9-windows-x86_64.jar\org\bytedeco\javacpp\windows-x86_64\jnijavacpp.dll
0x00007ff843d40000 - 0x00007ff845a80000 	C:\Users\Zjaun\.javacpp\cache\openblas-0.3.23-1.5.9-windows-x86_64.jar\org\bytedeco\openblas\windows-x86_64\libopenblas_nolapack.dll
0x00007ff94f5b0000 - 0x00007ff94f5bc000 	C:\WINDOWS\SYSTEM32\CRYPTBASE.DLL
0x00007ff910080000 - 0x00007ff9100df000 	C:\Users\Zjaun\.javacpp\cache\openblas-0.3.23-1.5.9-windows-x86_64.jar\org\bytedeco\openblas\windows-x86_64\jniopenblas_nolapack.dll
0x00007ff83ee80000 - 0x00007ff840bc0000 	C:\Users\Zjaun\.javacpp\cache\openblas-0.3.23-1.5.9-windows-x86_64.jar\org\bytedeco\openblas\windows-x86_64\libopenblas.dll
0x00007ff842950000 - 0x00007ff843d33000 	C:\Users\Zjaun\.javacpp\cache\openblas-0.3.23-1.5.9-windows-x86_64.jar\org\bytedeco\openblas\windows-x86_64\jniopenblas.dll
0x00007ff847160000 - 0x00007ff847617000 	C:\Users\Zjaun\.javacpp\cache\opencv-4.7.0-1.5.9-windows-x86_64.jar\org\bytedeco\opencv\windows-x86_64\opencv_core470.dll
0x00007ff841f90000 - 0x00007ff84270d000 	C:\Users\Zjaun\.javacpp\cache\opencv-4.7.0-1.5.9-windows-x86_64.jar\org\bytedeco\opencv\windows-x86_64\opencv_imgproc470.dll
0x00007ff846ec0000 - 0x00007ff847156000 	C:\Users\Zjaun\.javacpp\cache\opencv-4.7.0-1.5.9-windows-x86_64.jar\org\bytedeco\opencv\windows-x86_64\jniopencv_core.dll
0x00007ff950a10000 - 0x00007ff950baf000 	C:\WINDOWS\System32\ole32.dll
0x00007ff916380000 - 0x00007ff9163cf000 	C:\Users\Zjaun\.javacpp\cache\videoinput-0.200-1.5.9-windows-x86_64.jar\org\bytedeco\videoinput\windows-x86_64\jnivideoInputLib.dll
0x00007ff94d1f0000 - 0x00007ff94d29b000 	C:\WINDOWS\system32\uxtheme.dll
0x00007ff9527f0000 - 0x00007ff9528a0000 	C:\WINDOWS\System32\clbcatq.dll
0x00007ff894490000 - 0x00007ff8944b1000 	C:\Windows\System32\devenum.dll
0x00007ff94fa80000 - 0x00007ff94face000 	C:\Windows\System32\CFGMGR32.dll
0x00007ff951600000 - 0x00007ff951a74000 	C:\WINDOWS\System32\setupapi.dll
0x00007ff94eee0000 - 0x00007ff94ef14000 	C:\WINDOWS\SYSTEM32\ntmarta.dll
0x00007ff94fa50000 - 0x00007ff94fa7c000 	C:\WINDOWS\SYSTEM32\DEVOBJ.dll
0x00007ff94fef0000 - 0x00007ff94ff5c000 	C:\WINDOWS\System32\WINTRUST.dll
0x00007ff94ff60000 - 0x00007ff9500c6000 	C:\WINDOWS\System32\CRYPT32.dll
0x00007ff94f5f0000 - 0x00007ff94f602000 	C:\WINDOWS\SYSTEM32\MSASN1.dll
0x00007ff93f830000 - 0x00007ff93f83b000 	C:\WINDOWS\SYSTEM32\msdmo.dll
0x00007ff894410000 - 0x00007ff894449000 	C:\Windows\System32\qcap.dll
0x00007ff9490c0000 - 0x00007ff9492a7000 	C:\Windows\System32\quartz.dll
0x00007ff94f750000 - 0x00007ff94f778000 	C:\Windows\System32\bcrypt.dll
0x00007ff951b30000 - 0x00007ff951c7c000 	C:\WINDOWS\System32\MSCTF.dll
0x00007ff932ea0000 - 0x00007ff932edb000 	C:\Windows\System32\mfksproxy.dll
0x00007ff94cf10000 - 0x00007ff94cf2e000 	C:\Windows\System32\ATL.DLL
0x00007ff94a0d0000 - 0x00007ff94a29e000 	C:\Windows\System32\MFPlat.DLL
0x00007ff949fa0000 - 0x00007ff949fd3000 	C:\Windows\System32\RTWorkQ.DLL
0x00007ff910030000 - 0x00007ff910076000 	C:\Windows\System32\FrameServerMonitorClient.dll
0x00007ff94a990000 - 0x00007ff94aa0f000 	C:\Windows\System32\MFSENSORGROUP.dll

dbghelp: loaded successfully - version: 4.0.5 - missing functions: none
symbol engine: initialized successfully - sym options: 0x614 - pdb path: .;C:\Program Files\Java\jdk-17.0.2\bin;C:\WINDOWS\SYSTEM32;C:\WINDOWS\WinSxS\amd64_microsoft.windows.common-controls_6595b64144ccf1df_6.0.22621.2361_none_2712ced57382f843;C:\Program Files\Java\jdk-17.0.2\bin\server;C:\Program Files\JetBrains\IntelliJ IDEA 2023.2.4\bin;C:\Users\Zjaun\.javacpp\cache\javacpp-1.5.9-windows-x86_64.jar\org\bytedeco\javacpp\windows-x86_64;C:\Users\Zjaun\.javacpp\cache\openblas-0.3.23-1.5.9-windows-x86_64.jar\org\bytedeco\openblas\windows-x86_64;C:\Users\Zjaun\.javacpp\cache\opencv-4.7.0-1.5.9-windows-x86_64.jar\org\bytedeco\opencv\windows-x86_64;C:\Users\Zjaun\.javacpp\cache\videoinput-0.200-1.5.9-windows-x86_64.jar\org\bytedeco\videoinput\windows-x86_64;C:\WINDOWS\WinSxS\amd64_microsoft.windows.gdiplus_6595b64144ccf1df_1.1.22621.1778_none_57fe2016ce1542ec;C:\WINDOWS\System32\DriverStore\FileRepository\nv_dispig.inf_amd64_8c8de08a85de4474

VM Arguments:
jvm_args: -javaagent:C:\Program Files\JetBrains\IntelliJ IDEA 2023.2.4\lib\idea_rt.jar=53505:C:\Program Files\JetBrains\IntelliJ IDEA 2023.2.4\bin -Dfile.encoding=UTF-8 
java_command: ColorQuantizer
java_class_path (initial): C:\Users\Zjaun\Pictures\Stream Files\Semi-Hardcore Minecraft Server\Parallel Image Dithering Algorithms\target\classes;C:\Users\Zjaun\.m2\repository\org\bytedeco\javacv-platform\1.5.9\javacv-platform-1.5.9.jar;C:\Users\Zjaun\.m2\repository\org\bytedeco\javacv\1.5.9\javacv-1.5.9.jar;C:\Users\Zjaun\.m2\repository\org\bytedeco\javacpp\1.5.9\javacpp-1.5.9.jar;C:\Users\Zjaun\.m2\repository\org\bytedeco\openblas\0.3.23-1.5.9\openblas-0.3.23-1.5.9.jar;C:\Users\Zjaun\.m2\repository\org\bytedeco\opencv\4.7.0-1.5.9\opencv-4.7.0-1.5.9.jar;C:\Users\Zjaun\.m2\repository\org\bytedeco\ffmpeg\6.0-1.5.9\ffmpeg-6.0-1.5.9.jar;C:\Users\Zjaun\.m2\repository\org\bytedeco\flycapture\2.13.3.31-1.5.9\flycapture-2.13.3.31-1.5.9.jar;C:\Users\Zjaun\.m2\repository\org\bytedeco\libdc1394\2.2.6-1.5.9\libdc1394-2.2.6-1.5.9.jar;C:\Users\Zjaun\.m2\repository\org\bytedeco\libfreenect\0.5.7-1.5.9\libfreenect-0.5.7-1.5.9.jar;C:\Users\Zjaun\.m2\repository\org\bytedeco\libfreenect2\0.2.0-1.5.9\libfreenect2-0.2.0-1.5.9.jar;C:\Users\Zjaun\.m2\repository\org\bytedeco\librealsense\1.12.4-1.5.9\librealsense-1.12.4-1.5.9.jar;C:\Users\Zjaun\.m2\repository\org\bytedeco\librealsense2\2.53.1-1.5.9\librealsense2-2.53.1-1.5.9.jar;C:\Users\Zjaun\.m2\repository\org\bytedeco\videoinput\0.200-1.5.9\videoinput-0.200-1.5.9.jar;C:\Users\Zjaun\.m2\repository\org\bytedeco\artoolkitplus\2.3.1-1.5.9\artoolkitplus-2.3.1-1.5.9.jar;C:\Users\Zjaun\.m2\repository\org\bytedeco\leptonica\1.83.0-1.5.9\leptonica-1.83.0-1.5.9.jar;C:\Users\Zjaun\.m2\repository\org\bytedeco\tesseract\5.3.1-1.5.9\tesseract-5.3.1-1.5.9.jar;C:\Users\Zjaun\.m2\repository\org\openjfx\javafx-graphics\17\javafx-graphics-17.jar;C:\Users\Zjaun\.m2\repository\org\openjfx\javafx-graphics\17\javafx-graphics-17-win.jar;C:\Users\Zjaun\.m2\repository\org\openjfx\javafx-base\17\javafx-base-17.jar;C:\Users\Zjaun\.m2\repository\org\openjfx\javafx-base\17\javafx-base-17-win.jar;C:\Users\Zjaun\.m2\repository\org\bytedeco\openblas-platform\0.3.23-
Launcher Type: SUN_STANDARD

[Global flags]
     intx CICompilerCount                          = 4                                         {product} {ergonomic}
     uint ConcGCThreads                            = 3                                         {product} {ergonomic}
     uint G1ConcRefinementThreads                  = 10                                        {product} {ergonomic}
   size_t G1HeapRegionSize                         = 4194304                                   {product} {ergonomic}
    uintx GCDrainStackTargetSize                   = 64                                        {product} {ergonomic}
   size_t InitialHeapSize                          = 536870912                                 {product} {ergonomic}
   size_t MarkStackSize                            = 4194304                                   {product} {ergonomic}
   size_t MaxHeapSize                              = 8573157376                                {product} {ergonomic}
   size_t MaxNewSize                               = 5142216704                                {product} {ergonomic}
   size_t MinHeapDeltaBytes                        = 4194304                                   {product} {ergonomic}
   size_t MinHeapSize                              = 8388608                                   {product} {ergonomic}
    uintx NonNMethodCodeHeapSize                   = 5839372                                {pd product} {ergonomic}
    uintx NonProfiledCodeHeapSize                  = 122909434                              {pd product} {ergonomic}
    uintx ProfiledCodeHeapSize                     = 122909434                              {pd product} {ergonomic}
    uintx ReservedCodeCacheSize                    = 251658240                              {pd product} {ergonomic}
     bool SegmentedCodeCache                       = true                                      {product} {ergonomic}
   size_t SoftMaxHeapSize                          = 8573157376                             {manageable} {ergonomic}
     bool UseCompressedClassPointers               = true                           {product lp64_product} {ergonomic}
     bool UseCompressedOops                        = true                           {product lp64_product} {ergonomic}
     bool UseG1GC                                  = true                                      {product} {ergonomic}
     bool UseLargePagesIndividualAllocation        = false                                  {pd product} {ergonomic}

Logging:
Log output configuration:
 #0: stdout all=warning uptime,level,tags
 #1: stderr all=off uptime,level,tags

Environment Variables:
JAVA_HOME=C:\Program Files\Java\jdk-17.0.2
PATH=c:\program files (x86)\vmware\vmware player\bin\;c:\program files\oculus\support\oculus-runtime;c:\program files (x86)\common files\intel\shared libraries\redist\intel64\compiler;c:\program files\common files\oracle\java\javapath;C:\Program Files (x86)\Common Files\Oracle\Java\javapath;c:\windows\system32;c:\windows;c:\windows\system32\wbem;c:\windows\system32\windowspowershell\v1.0\;c:\windows\system32\openssh\;c:\program files (x86)\winscp\;c:\program files\dotnet\;c:\program files\nodejs\;c:\program files\git\cmd;c:\program files\powershell\7\;c:\windows\system32;c:\windows;c:\windows\system32\wbem;c:\windows\system32\windowspowershell\v1.0\;c:\windows\system32\openssh\;c:\scrcpy-win64-v1.25;C:\Program Files (x86)\NVIDIA Corporation\PhysX\Common;C:\Program Files\Apache\apache-maven-3.9.1\bin;;C:\Program Files\Docker\Docker\resources\bin;C:\Program Files\Tailscale\;C:\Program Files\Java\jdk-17.0.2\bin;C:\Users\Zjaun\AppData\Local\Programs\Microsoft VS Code\bin;C:\Program Files\JetBrains\IntelliJ IDEA 2023.2.4\bin;;C:\Program Files\JetBrains\CLion 2023.2.2\bin;;C:\Program Files\JetBrains\PyCharm 2023.2.3\bin;
USERNAME=Zjaun
OS=Windows_NT
PROCESSOR_IDENTIFIER=AMD64 Family 25 Model 33 Stepping 0, AuthenticAMD



---------------  S Y S T E M  ---------------

OS:
 Windows 11 , 64 bit Build 22621 (10.0.22621.2428)
OS uptime: 0 days 0:35 hours

CPU: total 12 (initial active 12) (12 cores per cpu, 2 threads per core) family 25 model 33 stepping 0 microcode 0x0, cx8, cmov, fxsr, ht, mmx, 3dnowpref, sse, sse2, sse3, ssse3, sse4a, sse4.1, sse4.2, popcnt, lzcnt, tsc, tscinvbit, avx, avx2, aes, erms, clmul, bmi1, bmi2, adx, sha, fma, vzeroupper, clflush, clflushopt

Memory: 4k page, system-wide physical 32691M (19823M free)
TotalPageFile size 34739M (AvailPageFile size 14226M)
current process WorkingSet (physical memory assigned to process): 548M, peak: 548M
current process commit charge ("private bytes"): 3625M, peak: 3625M

vm_info: Java HotSpot(TM) 64-Bit Server VM (17.0.2+8-LTS-86) for windows-amd64 JRE (17.0.2+8-LTS-86), built on Dec  7 2021 21:51:03 by "mach5one" with MS VC++ 16.8 / 16.9 (VS2019)

END.
