#
# A fatal error has been detected by the Java Runtime Environment:
#
#  EXCEPTION_ACCESS_VIOLATION (0xc0000005) at pc=0x00007ff91639ce93, pid=9132, tid=20556
#
# JRE version: Java(TM) SE Runtime Environment (17.0.2+8) (build 17.0.2+8-LTS-86)
# Java VM: Java HotSpot(TM) 64-Bit Server VM (17.0.2+8-LTS-86, mixed mode, sharing, tiered, compressed oops, compressed class ptrs, g1 gc, windows-amd64)
# Problematic frame:
# C  [jnivideoInputLib.dll+0x1ce93]
#
# No core dump will be written. Minidumps are not enabled by default on client versions of Windows
#
# If you would like to submit a bug report, please visit:
#   https://bugreport.java.com/bugreport/crash.jsp
# The crash happened outside the Java Virtual Machine in native code.
# See problematic frame for where to report the bug.
#

---------------  S U M M A R Y ------------

Command Line: -javaagent:C:\Program Files\JetBrains\IntelliJ IDEA 2023.2.4\lib\idea_rt.jar=53444:C:\Program Files\JetBrains\IntelliJ IDEA 2023.2.4\bin -Dfile.encoding=UTF-8 ColorQuantizer

Host: AMD Ryzen 5 5600X 6-Core Processor             , 12 cores, 31G,  Windows 11 , 64 bit Build 22621 (10.0.22621.2428)
Time: Sun Nov  5 22:02:12 2023 Malay Peninsula Standard Time elapsed time: 3.355192 seconds (0d 0h 0m 3s)

---------------  T H R E A D  ---------------

Current thread (0x000001d7d1e68e40):  JavaThread "Thread-12" [_thread_in_native, id=20556, stack(0x0000004bba900000,0x0000004bbaa00000)]

Stack: [0x0000004bba900000,0x0000004bbaa00000],  sp=0x0000004bba9fee88,  free space=1019k
Native frames: (J=compiled Java code, j=interpreted, Vv=VM code, C=native code)
C  [jnivideoInputLib.dll+0x1ce93]

Java frames: (J=compiled Java code, j=interpreted, Vv=VM code)
j  org.bytedeco.videoinput.videoInput.getPixels(ILorg/bytedeco/javacpp/BytePointer;ZZ)Z+0
j  CustomVideoInputFrameGrabber.grab()Lorg/bytedeco/javacv/Frame;+108
j  Demo.run()V+142
j  java.lang.Thread.run()V+11 java.base@17.0.2
v  ~StubRoutines::call_stub

siginfo: EXCEPTION_ACCESS_VIOLATION (0xc0000005), writing address 0x000001d8700a10a0


Register to memory mapping:

RIP=0x00007ff91639ce93 jnivideoInputLib.dll
RAX=0x000001d8700a1080 is an unknown value
RBX=0x000001d8700a1080 is an unknown value
RCX=0x000001d8700a10a0 is an unknown value
RDX=0x000001d86695c160 points into unknown readable memory: 0x1f1e10221d15231e | 1e 23 15 1d 22 10 1e 1f
RSP=0x0000004bba9fee88 is pointing into the stack for thread: 0x000001d7d1e68e40
RBP=0x00000000000002d0 is an unknown value
RSI=0x0000000000000f00 is an unknown value
RDI=0x000001d86695c140 points into unknown readable memory: 0x142f0915360b1738 | 38 17 0b 36 15 09 2f 14
R8 =0x0000000000000ee0 is an unknown value
R9 =0xffffffffffffffe0 is an unknown value
R10=0x00007ff916380000 jnivideoInputLib.dll
R11=0x0000000000000f00 is an unknown value
R12=0x0 is NULL
R13=0x000001d80ddd61d8 is pointing into metadata
R14=0xfffffffffffff100 is an unknown value
R15=0x0 is NULL


Registers:
RAX=0x000001d8700a1080, RBX=0x000001d8700a1080, RCX=0x000001d8700a10a0, RDX=0x000001d86695c160
RSP=0x0000004bba9fee88, RBP=0x00000000000002d0, RSI=0x0000000000000f00, RDI=0x000001d86695c140
R8 =0x0000000000000ee0, R9 =0xffffffffffffffe0, R10=0x00007ff916380000, R11=0x0000000000000f00
R12=0x0000000000000000, R13=0x000001d80ddd61d8, R14=0xfffffffffffff100, R15=0x0000000000000000
RIP=0x00007ff91639ce93, EFLAGS=0x0000000000010283

Top of Stack: (sp=0x0000004bba9fee88)
0x0000004bba9fee88:   00007ff916383dde 0000000000000000
0x0000004bba9fee98:   00000000000003d8 000001d8700a1080
0x0000004bba9feea8:   000001d8700a1000 000001d8700a1000
0x0000004bba9feeb8:   00007ff9163828e8 0000000000000000
0x0000004bba9feec8:   000001d7d2e3a758 000001d8700a1080
0x0000004bba9feed8:   0000000000000000 000001d7000002d0
0x0000004bba9feee8:   0000004bba9fef00 000001d7d0fb0301
0x0000004bba9feef8:   0000000000000000 0000004bba9ff048
0x0000004bba9fef08:   000001d8700a1080 000001d7d2e3a6a0
0x0000004bba9fef18:   00007ff91638c0cb 000001d7d1e690e8
0x0000004bba9fef28:   000001d7ab7c9612 0000004bba9ff018
0x0000004bba9fef38:   0000004bba9fef38 000001d7d0faaf01
0x0000004bba9fef48:   0000004bba9fef90 000001d7d0fabe00
0x0000004bba9fef58:   0000000000000000 000001d7d1e68e40
0x0000004bba9fef68:   0000004bba9ff058 000001d7ab7c9612
0x0000004bba9fef78:   000001d7ab7cd621 000001d7d1e690e8 

Instructions: (pc=0x00007ff91639ce93)
0x00007ff91639cd93:   4c 8b 02 8b 4a 08 4c 89 00 89 48 08 c3 8b 0a 44
0x00007ff91639cda3:   0f b7 42 04 89 08 66 44 89 40 04 c3 8b 0a 44 0f
0x00007ff91639cdb3:   b6 42 04 89 08 44 88 40 04 c3 48 8b 0a 48 89 08
0x00007ff91639cdc3:   c3 0f b6 0a 88 08 c3 8b 0a 89 08 c3 90 49 83 f8
0x00007ff91639cdd3:   20 77 17 f3 0f 6f 0a f3 42 0f 6f 54 02 f0 f3 0f
0x00007ff91639cde3:   7f 09 f3 42 0f 7f 54 01 f0 c3 48 3b d1 73 0e 4e
0x00007ff91639cdf3:   8d 0c 02 49 3b c9 0f 82 41 04 00 00 90 83 3d 11
0x00007ff91639ce03:   92 02 00 03 0f 82 e3 02 00 00 49 81 f8 00 20 00
0x00007ff91639ce13:   00 76 16 49 81 f8 00 00 18 00 77 0d f6 05 1e a4
0x00007ff91639ce23:   02 00 02 0f 85 64 fe ff ff c5 fe 6f 02 c4 a1 7e
0x00007ff91639ce33:   6f 6c 02 e0 49 81 f8 00 01 00 00 0f 86 c4 00 00
0x00007ff91639ce43:   00 4c 8b c9 49 83 e1 1f 49 83 e9 20 49 2b c9 49
0x00007ff91639ce53:   2b d1 4d 03 c1 49 81 f8 00 01 00 00 0f 86 a3 00
0x00007ff91639ce63:   00 00 49 81 f8 00 00 18 00 0f 87 3e 01 00 00 66
0x00007ff91639ce73:   66 66 66 66 66 0f 1f 84 00 00 00 00 00 c5 fe 6f
0x00007ff91639ce83:   0a c5 fe 6f 52 20 c5 fe 6f 5a 40 c5 fe 6f 62 60
0x00007ff91639ce93:   c5 fd 7f 09 c5 fd 7f 51 20 c5 fd 7f 59 40 c5 fd
0x00007ff91639cea3:   7f 61 60 c5 fe 6f 8a 80 00 00 00 c5 fe 6f 92 a0
0x00007ff91639ceb3:   00 00 00 c5 fe 6f 9a c0 00 00 00 c5 fe 6f a2 e0
0x00007ff91639cec3:   00 00 00 c5 fd 7f 89 80 00 00 00 c5 fd 7f 91 a0
0x00007ff91639ced3:   00 00 00 c5 fd 7f 99 c0 00 00 00 c5 fd 7f a1 e0
0x00007ff91639cee3:   00 00 00 48 81 c1 00 01 00 00 48 81 c2 00 01 00
0x00007ff91639cef3:   00 49 81 e8 00 01 00 00 49 81 f8 00 01 00 00 0f
0x00007ff91639cf03:   83 78 ff ff ff 4d 8d 48 1f 49 83 e1 e0 4d 8b d9
0x00007ff91639cf13:   49 c1 eb 05 47 8b 9c 9a 90 d0 04 00 4d 03 da 41
0x00007ff91639cf23:   ff e3 c4 a1 7e 6f 8c 0a 00 ff ff ff c4 a1 7e 7f
0x00007ff91639cf33:   8c 09 00 ff ff ff c4 a1 7e 6f 8c 0a 20 ff ff ff
0x00007ff91639cf43:   c4 a1 7e 7f 8c 09 20 ff ff ff c4 a1 7e 6f 8c 0a
0x00007ff91639cf53:   40 ff ff ff c4 a1 7e 7f 8c 09 40 ff ff ff c4 a1
0x00007ff91639cf63:   7e 6f 8c 0a 60 ff ff ff c4 a1 7e 7f 8c 09 60 ff
0x00007ff91639cf73:   ff ff c4 a1 7e 6f 4c 0a 80 c4 a1 7e 7f 4c 09 80
0x00007ff91639cf83:   c4 a1 7e 6f 4c 0a a0 c4 a1 7e 7f 4c 09 a0 c4 a1 


Stack slot to memory mapping:
stack at sp + 0 slots: 0x00007ff916383dde jnivideoInputLib.dll
stack at sp + 1 slots: 0x0 is NULL
stack at sp + 2 slots: 0x00000000000003d8 is an unknown value
stack at sp + 3 slots: 0x000001d8700a1080 is an unknown value
stack at sp + 4 slots: 0x000001d8700a1000 is an unknown value
stack at sp + 5 slots: 0x000001d8700a1000 is an unknown value
stack at sp + 6 slots: 0x00007ff9163828e8 jnivideoInputLib.dll
stack at sp + 7 slots: 0x0 is NULL


---------------  P R O C E S S  ---------------

Threads class SMR info:
_java_thread_list=0x000001d7d4dddd70, length=21, elements={
0x000001d7d082da20, 0x000001d7d082e890, 0x000001d7d14160d0, 0x000001d7d1417ba0,
0x000001d7d141a960, 0x000001d7d141b310, 0x000001d7d14240b0, 0x000001d7d1428050,
0x000001d7d1436590, 0x000001d7d0819a60, 0x000001d7d1e9ff60, 0x000001d7d1e95840,
0x000001d7d1e67630, 0x000001d7d1e684a0, 0x000001d7d1e68e40, 0x000001d7d1e697e0,
0x000001d7d1e662f0, 0x000001d7d1e667c0, 0x000001d7d1e66c90, 0x000001d7d1e67160,
0x000001d7d4db7ef0
}

Java Threads: ( => current thread )
  0x000001d7d082da20 JavaThread "Reference Handler" daemon [_thread_blocked, id=1456, stack(0x0000004bb6a00000,0x0000004bb6b00000)]
  0x000001d7d082e890 JavaThread "Finalizer" daemon [_thread_blocked, id=3872, stack(0x0000004bb6b00000,0x0000004bb6c00000)]
  0x000001d7d14160d0 JavaThread "Signal Dispatcher" daemon [_thread_blocked, id=17040, stack(0x0000004bb6c00000,0x0000004bb6d00000)]
  0x000001d7d1417ba0 JavaThread "Attach Listener" daemon [_thread_blocked, id=4972, stack(0x0000004bb6d00000,0x0000004bb6e00000)]
  0x000001d7d141a960 JavaThread "Service Thread" daemon [_thread_blocked, id=12720, stack(0x0000004bb6e00000,0x0000004bb6f00000)]
  0x000001d7d141b310 JavaThread "Monitor Deflation Thread" daemon [_thread_blocked, id=9684, stack(0x0000004bb6f00000,0x0000004bb7000000)]
  0x000001d7d14240b0 JavaThread "C2 CompilerThread0" daemon [_thread_blocked, id=8008, stack(0x0000004bb7000000,0x0000004bb7100000)]
  0x000001d7d1428050 JavaThread "C1 CompilerThread0" daemon [_thread_blocked, id=8412, stack(0x0000004bb7100000,0x0000004bb7200000)]
  0x000001d7d1436590 JavaThread "Sweeper thread" daemon [_thread_blocked, id=14192, stack(0x0000004bb7200000,0x0000004bb7300000)]
  0x000001d7d0819a60 JavaThread "Common-Cleaner" daemon [_thread_blocked, id=1708, stack(0x0000004bb7300000,0x0000004bb7400000)]
  0x000001d7d1e9ff60 JavaThread "Monitor Ctrl-Break" daemon [_thread_in_native, id=1628, stack(0x0000004bb7500000,0x0000004bb7600000)]
  0x000001d7d1e95840 JavaThread "Notification Thread" daemon [_thread_blocked, id=5180, stack(0x0000004bb7600000,0x0000004bb7700000)]
  0x000001d7d1e67630 JavaThread "JavaCPP Deallocator" daemon [_thread_blocked, id=8612, stack(0x0000004bb8200000,0x0000004bb8300000)]
  0x000001d7d1e684a0 JavaThread "Thread-11" [_thread_in_native, id=13764, stack(0x0000004bba800000,0x0000004bba900000)]
=>0x000001d7d1e68e40 JavaThread "Thread-12" [_thread_in_native, id=20556, stack(0x0000004bba900000,0x0000004bbaa00000)]
  0x000001d7d1e697e0 JavaThread "DestroyJavaVM" [_thread_blocked, id=19224, stack(0x0000004bb6300000,0x0000004bb6400000)]
  0x000001d7d1e662f0 JavaThread "Java2D Disposer" daemon [_thread_blocked, id=7244, stack(0x0000004bb7400000,0x0000004bb7500000)]
  0x000001d7d1e667c0 JavaThread "AWT-Shutdown" [_thread_blocked, id=9880, stack(0x0000004bb7800000,0x0000004bb7900000)]
  0x000001d7d1e66c90 JavaThread "AWT-Windows" daemon [_thread_in_native, id=12952, stack(0x0000004bbaa00000,0x0000004bbab00000)]
  0x000001d7d1e67160 JavaThread "AWT-EventQueue-0" [_thread_blocked, id=11248, stack(0x0000004bbab00000,0x0000004bbac00000)]
  0x000001d7d4db7ef0 JavaThread "D3D Screen Updater" daemon [_thread_blocked, id=16420, stack(0x0000004bbad00000,0x0000004bbae00000)]

Other Threads:
  0x000001d7d082be40 VMThread "VM Thread" [stack: 0x0000004bb6900000,0x0000004bb6a00000] [id=13692]
  0x000001d7a401cb00 WatcherThread [stack: 0x0000004bb7700000,0x0000004bb7800000] [id=16788]
  0x000001d7a3ffea00 GCTaskThread "GC Thread#0" [stack: 0x0000004bb6400000,0x0000004bb6500000] [id=14036]
  0x000001d7d200e0b0 GCTaskThread "GC Thread#1" [stack: 0x0000004bb7900000,0x0000004bb7a00000] [id=15096]
  0x000001d7d200c080 GCTaskThread "GC Thread#2" [stack: 0x0000004bb7a00000,0x0000004bb7b00000] [id=7656]
  0x000001d7d200c330 GCTaskThread "GC Thread#3" [stack: 0x0000004bb7b00000,0x0000004bb7c00000] [id=20660]
  0x000001d7d200c5e0 GCTaskThread "GC Thread#4" [stack: 0x0000004bb7c00000,0x0000004bb7d00000] [id=7488]
  0x000001d7d234d120 GCTaskThread "GC Thread#5" [stack: 0x0000004bb7d00000,0x0000004bb7e00000] [id=2776]
  0x000001d7d234d3d0 GCTaskThread "GC Thread#6" [stack: 0x0000004bb7e00000,0x0000004bb7f00000] [id=12252]
  0x000001d7d234e690 GCTaskThread "GC Thread#7" [stack: 0x0000004bb7f00000,0x0000004bb8000000] [id=10752]
  0x000001d7d28902a0 GCTaskThread "GC Thread#8" [stack: 0x0000004bb8000000,0x0000004bb8100000] [id=21368]
  0x000001d7d2890550 GCTaskThread "GC Thread#9" [stack: 0x0000004bb8100000,0x0000004bb8200000] [id=5080]
  0x000001d7a40108d0 ConcurrentGCThread "G1 Main Marker" [stack: 0x0000004bb6500000,0x0000004bb6600000] [id=11692]
  0x000001d7a4012a90 ConcurrentGCThread "G1 Conc#0" [stack: 0x0000004bb6600000,0x0000004bb6700000] [id=20004]
  0x000001d7d06e8a90 ConcurrentGCThread "G1 Refine#0" [stack: 0x0000004bb6700000,0x0000004bb6800000] [id=1916]
  0x000001d7d06e92c0 ConcurrentGCThread "G1 Service" [stack: 0x0000004bb6800000,0x0000004bb6900000] [id=11476]

Threads with active compile tasks:

VM state: not at safepoint (normal execution)

VM Mutex/Monitor currently owned by a thread: None

Heap address: 0x0000000601000000, size: 8176 MB, Compressed Oops mode: Zero based, Oop shift amount: 3

CDS archive(s) mapped at: [0x0000000800000000-0x0000000800bc0000-0x0000000800bc0000), size 12320768, SharedBaseAddress: 0x0000000800000000, ArchiveRelocationMode: 0.
Compressed class space mapped at: 0x0000000800c00000-0x0000000840c00000, reserved size: 1073741824
Narrow klass base: 0x0000000800000000, Narrow klass shift: 0, Narrow klass range: 0x100000000

GC Precious Log:
 CPUs: 12 total, 12 available
 Memory: 32691M
 Large Page Support: Disabled
 NUMA Support: Disabled
 Compressed Oops: Enabled (Zero based)
 Heap Region Size: 4M
 Heap Min Capacity: 8M
 Heap Initial Capacity: 512M
 Heap Max Capacity: 8176M
 Pre-touch: Disabled
 Parallel Workers: 10
 Concurrent Workers: 3
 Concurrent Refinement Workers: 10
 Periodic GC: Disabled

Heap:
 garbage-first heap   total 524288K, used 330686K [0x0000000601000000, 0x0000000800000000)
  region size 4096K, 60 young (245760K), 1 survivors (4096K)
 Metaspace       used 14243K, committed 14464K, reserved 1064960K
  class space    used 1101K, committed 1216K, reserved 1048576K

Heap Regions: E=young(eden), S=young(survivor), O=old, HS=humongous(starts), HC=humongous(continues), CS=collection set, F=free, OA=open archive, CA=closed archive, TAMS=top-at-mark-start (previous, next)
|   0|0x0000000601000000, 0x0000000601400000, 0x0000000601400000|100%|HS|  |TAMS 0x0000000601000000, 0x0000000601000000| Complete 
|   1|0x0000000601400000, 0x0000000601800000, 0x0000000601800000|100%|HC|  |TAMS 0x0000000601400000, 0x0000000601400000| Complete 
|   2|0x0000000601800000, 0x0000000601c00000, 0x0000000601c00000|100%|HC|  |TAMS 0x0000000601800000, 0x0000000601800000| Complete 
|   3|0x0000000601c00000, 0x0000000602000000, 0x0000000602000000|100%|HC|  |TAMS 0x0000000601c00000, 0x0000000601c00000| Complete 
|   4|0x0000000602000000, 0x0000000602400000, 0x0000000602400000|100%|HC|  |TAMS 0x0000000602000000, 0x0000000602000000| Complete 
|   5|0x0000000602400000, 0x0000000602800000, 0x0000000602800000|100%|HC|  |TAMS 0x0000000602400000, 0x0000000602400000| Complete 
|   6|0x0000000602800000, 0x0000000602c00000, 0x0000000602c00000|100%|HC|  |TAMS 0x0000000602800000, 0x0000000602800000| Complete 
|   7|0x0000000602c00000, 0x0000000603000000, 0x0000000603000000|100%|HC|  |TAMS 0x0000000602c00000, 0x0000000602c00000| Complete 
|   8|0x0000000603000000, 0x0000000603400000, 0x0000000603400000|100%|HC|  |TAMS 0x0000000603000000, 0x0000000603000000| Complete 
|   9|0x0000000603400000, 0x0000000603800000, 0x0000000603800000|100%|HC|  |TAMS 0x0000000603400000, 0x0000000603400000| Complete 
|  10|0x0000000603800000, 0x0000000603c00000, 0x0000000603c00000|100%|HC|  |TAMS 0x0000000603800000, 0x0000000603800000| Complete 
|  11|0x0000000603c00000, 0x0000000604000000, 0x0000000604000000|100%|HC|  |TAMS 0x0000000603c00000, 0x0000000603c00000| Complete 
|  12|0x0000000604000000, 0x0000000604400000, 0x0000000604400000|100%|HC|  |TAMS 0x0000000604000000, 0x0000000604000000| Complete 
|  13|0x0000000604400000, 0x0000000604800000, 0x0000000604800000|100%|HC|  |TAMS 0x0000000604400000, 0x0000000604400000| Complete 
|  14|0x0000000604800000, 0x0000000604c00000, 0x0000000604c00000|100%|HC|  |TAMS 0x0000000604800000, 0x0000000604800000| Complete 
|  15|0x0000000604c00000, 0x0000000605000000, 0x0000000605000000|100%|HC|  |TAMS 0x0000000604c00000, 0x0000000604c00000| Complete 
|  16|0x0000000605000000, 0x0000000605400000, 0x0000000605400000|100%|HC|  |TAMS 0x0000000605000000, 0x0000000605000000| Complete 
|  17|0x0000000605400000, 0x0000000605800000, 0x0000000605800000|100%| O|  |TAMS 0x0000000605400000, 0x0000000605400000| Untracked 
|  18|0x0000000605800000, 0x0000000605c00000, 0x0000000605c00000|100%|HS|  |TAMS 0x0000000605800000, 0x0000000605800000| Complete 
|  19|0x0000000605c00000, 0x0000000605d8ae00, 0x0000000606000000| 38%| O|  |TAMS 0x0000000605c00000, 0x0000000605c00000| Untracked 
|  20|0x0000000606000000, 0x0000000606400000, 0x0000000606400000|100%|HS|  |TAMS 0x0000000606000000, 0x0000000606000000| Complete 
|  21|0x0000000606400000, 0x0000000606800000, 0x0000000606800000|100%|HS|  |TAMS 0x0000000606400000, 0x0000000606400000| Complete 
|  22|0x0000000606800000, 0x0000000606c00000, 0x0000000606c00000|100%|HS|  |TAMS 0x0000000606800000, 0x0000000606800000| Complete 
|  23|0x0000000606c00000, 0x0000000606c00000, 0x0000000607000000|  0%| F|  |TAMS 0x0000000606c00000, 0x0000000606c00000| Untracked 
|  24|0x0000000607000000, 0x0000000607000000, 0x0000000607400000|  0%| F|  |TAMS 0x0000000607000000, 0x0000000607000000| Untracked 
|  25|0x0000000607400000, 0x0000000607400000, 0x0000000607800000|  0%| F|  |TAMS 0x0000000607400000, 0x0000000607400000| Untracked 
|  26|0x0000000607800000, 0x0000000607800000, 0x0000000607c00000|  0%| F|  |TAMS 0x0000000607800000, 0x0000000607800000| Untracked 
|  27|0x0000000607c00000, 0x0000000607c00000, 0x0000000608000000|  0%| F|  |TAMS 0x0000000607c00000, 0x0000000607c00000| Untracked 
|  28|0x0000000608000000, 0x0000000608000000, 0x0000000608400000|  0%| F|  |TAMS 0x0000000608000000, 0x0000000608000000| Untracked 
|  29|0x0000000608400000, 0x0000000608400000, 0x0000000608800000|  0%| F|  |TAMS 0x0000000608400000, 0x0000000608400000| Untracked 
|  30|0x0000000608800000, 0x0000000608800000, 0x0000000608c00000|  0%| F|  |TAMS 0x0000000608800000, 0x0000000608800000| Untracked 
|  31|0x0000000608c00000, 0x0000000608c00000, 0x0000000609000000|  0%| F|  |TAMS 0x0000000608c00000, 0x0000000608c00000| Untracked 
|  32|0x0000000609000000, 0x0000000609000000, 0x0000000609400000|  0%| F|  |TAMS 0x0000000609000000, 0x0000000609000000| Untracked 
|  33|0x0000000609400000, 0x0000000609400000, 0x0000000609800000|  0%| F|  |TAMS 0x0000000609400000, 0x0000000609400000| Untracked 
|  34|0x0000000609800000, 0x0000000609800000, 0x0000000609c00000|  0%| F|  |TAMS 0x0000000609800000, 0x0000000609800000| Untracked 
|  35|0x0000000609c00000, 0x0000000609c00000, 0x000000060a000000|  0%| F|  |TAMS 0x0000000609c00000, 0x0000000609c00000| Untracked 
|  36|0x000000060a000000, 0x000000060a000000, 0x000000060a400000|  0%| F|  |TAMS 0x000000060a000000, 0x000000060a000000| Untracked 
|  37|0x000000060a400000, 0x000000060a400000, 0x000000060a800000|  0%| F|  |TAMS 0x000000060a400000, 0x000000060a400000| Untracked 
|  38|0x000000060a800000, 0x000000060a800000, 0x000000060ac00000|  0%| F|  |TAMS 0x000000060a800000, 0x000000060a800000| Untracked 
|  39|0x000000060ac00000, 0x000000060ac00000, 0x000000060b000000|  0%| F|  |TAMS 0x000000060ac00000, 0x000000060ac00000| Untracked 
|  40|0x000000060b000000, 0x000000060b000000, 0x000000060b400000|  0%| F|  |TAMS 0x000000060b000000, 0x000000060b000000| Untracked 
|  41|0x000000060b400000, 0x000000060b400000, 0x000000060b800000|  0%| F|  |TAMS 0x000000060b400000, 0x000000060b400000| Untracked 
|  42|0x000000060b800000, 0x000000060b800000, 0x000000060bc00000|  0%| F|  |TAMS 0x000000060b800000, 0x000000060b800000| Untracked 
|  43|0x000000060bc00000, 0x000000060bc00000, 0x000000060c000000|  0%| F|  |TAMS 0x000000060bc00000, 0x000000060bc00000| Untracked 
|  44|0x000000060c000000, 0x000000060c000000, 0x000000060c400000|  0%| F|  |TAMS 0x000000060c000000, 0x000000060c000000| Untracked 
|  45|0x000000060c400000, 0x000000060c400000, 0x000000060c800000|  0%| F|  |TAMS 0x000000060c400000, 0x000000060c400000| Untracked 
|  46|0x000000060c800000, 0x000000060c800000, 0x000000060cc00000|  0%| F|  |TAMS 0x000000060c800000, 0x000000060c800000| Untracked 
|  47|0x000000060cc00000, 0x000000060cc00000, 0x000000060d000000|  0%| F|  |TAMS 0x000000060cc00000, 0x000000060cc00000| Untracked 
|  48|0x000000060d000000, 0x000000060d000000, 0x000000060d400000|  0%| F|  |TAMS 0x000000060d000000, 0x000000060d000000| Untracked 
|  49|0x000000060d400000, 0x000000060d400000, 0x000000060d800000|  0%| F|  |TAMS 0x000000060d400000, 0x000000060d400000| Untracked 
|  50|0x000000060d800000, 0x000000060d800000, 0x000000060dc00000|  0%| F|  |TAMS 0x000000060d800000, 0x000000060d800000| Untracked 
|  51|0x000000060dc00000, 0x000000060dc00000, 0x000000060e000000|  0%| F|  |TAMS 0x000000060dc00000, 0x000000060dc00000| Untracked 
|  52|0x000000060e000000, 0x000000060e164de0, 0x000000060e400000| 34%| S|CS|TAMS 0x000000060e000000, 0x000000060e000000| Complete 
|  53|0x000000060e400000, 0x000000060e400000, 0x000000060e800000|  0%| F|  |TAMS 0x000000060e400000, 0x000000060e400000| Untracked 
|  54|0x000000060e800000, 0x000000060e800000, 0x000000060ec00000|  0%| F|  |TAMS 0x000000060e800000, 0x000000060e800000| Untracked 
|  55|0x000000060ec00000, 0x000000060ec00000, 0x000000060f000000|  0%| F|  |TAMS 0x000000060ec00000, 0x000000060ec00000| Untracked 
|  56|0x000000060f000000, 0x000000060f000000, 0x000000060f400000|  0%| F|  |TAMS 0x000000060f000000, 0x000000060f000000| Untracked 
|  57|0x000000060f400000, 0x000000060f400000, 0x000000060f800000|  0%| F|  |TAMS 0x000000060f400000, 0x000000060f400000| Untracked 
|  58|0x000000060f800000, 0x000000060f800000, 0x000000060fc00000|  0%| F|  |TAMS 0x000000060f800000, 0x000000060f800000| Untracked 
|  59|0x000000060fc00000, 0x000000060fc00000, 0x0000000610000000|  0%| F|  |TAMS 0x000000060fc00000, 0x000000060fc00000| Untracked 
|  60|0x0000000610000000, 0x0000000610000000, 0x0000000610400000|  0%| F|  |TAMS 0x0000000610000000, 0x0000000610000000| Untracked 
|  61|0x0000000610400000, 0x0000000610400000, 0x0000000610800000|  0%| F|  |TAMS 0x0000000610400000, 0x0000000610400000| Untracked 
|  62|0x0000000610800000, 0x0000000610800000, 0x0000000610c00000|  0%| F|  |TAMS 0x0000000610800000, 0x0000000610800000| Untracked 
|  63|0x0000000610c00000, 0x0000000610c00000, 0x0000000611000000|  0%| F|  |TAMS 0x0000000610c00000, 0x0000000610c00000| Untracked 
|  64|0x0000000611000000, 0x0000000611000000, 0x0000000611400000|  0%| F|  |TAMS 0x0000000611000000, 0x0000000611000000| Untracked 
|  65|0x0000000611400000, 0x0000000611400000, 0x0000000611800000|  0%| F|  |TAMS 0x0000000611400000, 0x0000000611400000| Untracked 
|  66|0x0000000611800000, 0x0000000611800000, 0x0000000611c00000|  0%| F|  |TAMS 0x0000000611800000, 0x0000000611800000| Untracked 
|  67|0x0000000611c00000, 0x0000000611c00000, 0x0000000612000000|  0%| F|  |TAMS 0x0000000611c00000, 0x0000000611c00000| Untracked 
|  68|0x0000000612000000, 0x0000000612000000, 0x0000000612400000|  0%| F|  |TAMS 0x0000000612000000, 0x0000000612000000| Untracked 
|  69|0x0000000612400000, 0x0000000612800000, 0x0000000612800000|100%| E|  |TAMS 0x0000000612400000, 0x0000000612400000| Complete 
|  70|0x0000000612800000, 0x0000000612c00000, 0x0000000612c00000|100%| E|CS|TAMS 0x0000000612800000, 0x0000000612800000| Complete 
|  71|0x0000000612c00000, 0x0000000613000000, 0x0000000613000000|100%| E|CS|TAMS 0x0000000612c00000, 0x0000000612c00000| Complete 
|  72|0x0000000613000000, 0x0000000613400000, 0x0000000613400000|100%| E|CS|TAMS 0x0000000613000000, 0x0000000613000000| Complete 
|  73|0x0000000613400000, 0x0000000613800000, 0x0000000613800000|100%| E|CS|TAMS 0x0000000613400000, 0x0000000613400000| Complete 
|  74|0x0000000613800000, 0x0000000613c00000, 0x0000000613c00000|100%| E|CS|TAMS 0x0000000613800000, 0x0000000613800000| Complete 
|  75|0x0000000613c00000, 0x0000000614000000, 0x0000000614000000|100%| E|CS|TAMS 0x0000000613c00000, 0x0000000613c00000| Complete 
|  76|0x0000000614000000, 0x0000000614400000, 0x0000000614400000|100%| E|CS|TAMS 0x0000000614000000, 0x0000000614000000| Complete 
|  77|0x0000000614400000, 0x0000000614800000, 0x0000000614800000|100%| E|CS|TAMS 0x0000000614400000, 0x0000000614400000| Complete 
|  78|0x0000000614800000, 0x0000000614c00000, 0x0000000614c00000|100%| E|CS|TAMS 0x0000000614800000, 0x0000000614800000| Complete 
|  79|0x0000000614c00000, 0x0000000615000000, 0x0000000615000000|100%| E|CS|TAMS 0x0000000614c00000, 0x0000000614c00000| Complete 
|  80|0x0000000615000000, 0x0000000615400000, 0x0000000615400000|100%| E|CS|TAMS 0x0000000615000000, 0x0000000615000000| Complete 
|  81|0x0000000615400000, 0x0000000615800000, 0x0000000615800000|100%| E|CS|TAMS 0x0000000615400000, 0x0000000615400000| Complete 
|  82|0x0000000615800000, 0x0000000615c00000, 0x0000000615c00000|100%| E|CS|TAMS 0x0000000615800000, 0x0000000615800000| Complete 
|  83|0x0000000615c00000, 0x0000000616000000, 0x0000000616000000|100%| E|CS|TAMS 0x0000000615c00000, 0x0000000615c00000| Complete 
|  84|0x0000000616000000, 0x0000000616400000, 0x0000000616400000|100%| E|CS|TAMS 0x0000000616000000, 0x0000000616000000| Complete 
|  85|0x0000000616400000, 0x0000000616800000, 0x0000000616800000|100%| E|CS|TAMS 0x0000000616400000, 0x0000000616400000| Complete 
|  86|0x0000000616800000, 0x0000000616c00000, 0x0000000616c00000|100%| E|CS|TAMS 0x0000000616800000, 0x0000000616800000| Complete 
|  87|0x0000000616c00000, 0x0000000617000000, 0x0000000617000000|100%| E|CS|TAMS 0x0000000616c00000, 0x0000000616c00000| Complete 
|  88|0x0000000617000000, 0x0000000617400000, 0x0000000617400000|100%| E|CS|TAMS 0x0000000617000000, 0x0000000617000000| Complete 
|  89|0x0000000617400000, 0x0000000617800000, 0x0000000617800000|100%| E|CS|TAMS 0x0000000617400000, 0x0000000617400000| Complete 
|  90|0x0000000617800000, 0x0000000617c00000, 0x0000000617c00000|100%| E|CS|TAMS 0x0000000617800000, 0x0000000617800000| Complete 
|  91|0x0000000617c00000, 0x0000000618000000, 0x0000000618000000|100%| E|CS|TAMS 0x0000000617c00000, 0x0000000617c00000| Complete 
|  92|0x0000000618000000, 0x0000000618400000, 0x0000000618400000|100%| E|CS|TAMS 0x0000000618000000, 0x0000000618000000| Complete 
|  93|0x0000000618400000, 0x0000000618800000, 0x0000000618800000|100%| E|CS|TAMS 0x0000000618400000, 0x0000000618400000| Complete 
|  94|0x0000000618800000, 0x0000000618c00000, 0x0000000618c00000|100%| E|CS|TAMS 0x0000000618800000, 0x0000000618800000| Complete 
|  95|0x0000000618c00000, 0x0000000619000000, 0x0000000619000000|100%| E|CS|TAMS 0x0000000618c00000, 0x0000000618c00000| Complete 
|  96|0x0000000619000000, 0x0000000619400000, 0x0000000619400000|100%| E|CS|TAMS 0x0000000619000000, 0x0000000619000000| Complete 
|  97|0x0000000619400000, 0x0000000619800000, 0x0000000619800000|100%| E|CS|TAMS 0x0000000619400000, 0x0000000619400000| Complete 
|  98|0x0000000619800000, 0x0000000619c00000, 0x0000000619c00000|100%| E|CS|TAMS 0x0000000619800000, 0x0000000619800000| Complete 
|  99|0x0000000619c00000, 0x000000061a000000, 0x000000061a000000|100%| E|CS|TAMS 0x0000000619c00000, 0x0000000619c00000| Complete 
| 100|0x000000061a000000, 0x000000061a400000, 0x000000061a400000|100%| E|CS|TAMS 0x000000061a000000, 0x000000061a000000| Complete 
| 101|0x000000061a400000, 0x000000061a800000, 0x000000061a800000|100%| E|CS|TAMS 0x000000061a400000, 0x000000061a400000| Complete 
| 102|0x000000061a800000, 0x000000061ac00000, 0x000000061ac00000|100%| E|CS|TAMS 0x000000061a800000, 0x000000061a800000| Complete 
| 103|0x000000061ac00000, 0x000000061b000000, 0x000000061b000000|100%| E|CS|TAMS 0x000000061ac00000, 0x000000061ac00000| Complete 
| 104|0x000000061b000000, 0x000000061b400000, 0x000000061b400000|100%| E|CS|TAMS 0x000000061b000000, 0x000000061b000000| Complete 
| 105|0x000000061b400000, 0x000000061b800000, 0x000000061b800000|100%| E|CS|TAMS 0x000000061b400000, 0x000000061b400000| Complete 
| 106|0x000000061b800000, 0x000000061bc00000, 0x000000061bc00000|100%| E|CS|TAMS 0x000000061b800000, 0x000000061b800000| Complete 
| 107|0x000000061bc00000, 0x000000061c000000, 0x000000061c000000|100%| E|CS|TAMS 0x000000061bc00000, 0x000000061bc00000| Complete 
| 108|0x000000061c000000, 0x000000061c400000, 0x000000061c400000|100%| E|CS|TAMS 0x000000061c000000, 0x000000061c000000| Complete 
| 109|0x000000061c400000, 0x000000061c800000, 0x000000061c800000|100%| E|CS|TAMS 0x000000061c400000, 0x000000061c400000| Complete 
| 110|0x000000061c800000, 0x000000061cc00000, 0x000000061cc00000|100%| E|CS|TAMS 0x000000061c800000, 0x000000061c800000| Complete 
| 111|0x000000061cc00000, 0x000000061d000000, 0x000000061d000000|100%| E|CS|TAMS 0x000000061cc00000, 0x000000061cc00000| Complete 
| 112|0x000000061d000000, 0x000000061d400000, 0x000000061d400000|100%| E|CS|TAMS 0x000000061d000000, 0x000000061d000000| Complete 
| 113|0x000000061d400000, 0x000000061d800000, 0x000000061d800000|100%| E|CS|TAMS 0x000000061d400000, 0x000000061d400000| Complete 
| 114|0x000000061d800000, 0x000000061dc00000, 0x000000061dc00000|100%| E|CS|TAMS 0x000000061d800000, 0x000000061d800000| Complete 
| 115|0x000000061dc00000, 0x000000061e000000, 0x000000061e000000|100%| E|CS|TAMS 0x000000061dc00000, 0x000000061dc00000| Complete 
| 116|0x000000061e000000, 0x000000061e400000, 0x000000061e400000|100%| E|CS|TAMS 0x000000061e000000, 0x000000061e000000| Complete 
| 117|0x000000061e400000, 0x000000061e800000, 0x000000061e800000|100%| E|CS|TAMS 0x000000061e400000, 0x000000061e400000| Complete 
| 118|0x000000061e800000, 0x000000061ec00000, 0x000000061ec00000|100%| E|CS|TAMS 0x000000061e800000, 0x000000061e800000| Complete 
| 119|0x000000061ec00000, 0x000000061f000000, 0x000000061f000000|100%| E|CS|TAMS 0x000000061ec00000, 0x000000061ec00000| Complete 
| 120|0x000000061f000000, 0x000000061f400000, 0x000000061f400000|100%| E|CS|TAMS 0x000000061f000000, 0x000000061f000000| Complete 
| 121|0x000000061f400000, 0x000000061f800000, 0x000000061f800000|100%| E|CS|TAMS 0x000000061f400000, 0x000000061f400000| Complete 
| 122|0x000000061f800000, 0x000000061fc00000, 0x000000061fc00000|100%| E|CS|TAMS 0x000000061f800000, 0x000000061f800000| Complete 
| 123|0x000000061fc00000, 0x0000000620000000, 0x0000000620000000|100%| E|CS|TAMS 0x000000061fc00000, 0x000000061fc00000| Complete 
| 124|0x0000000620000000, 0x0000000620400000, 0x0000000620400000|100%| E|CS|TAMS 0x0000000620000000, 0x0000000620000000| Complete 
| 125|0x0000000620400000, 0x0000000620800000, 0x0000000620800000|100%| E|CS|TAMS 0x0000000620400000, 0x0000000620400000| Complete 
| 126|0x0000000620800000, 0x0000000620c00000, 0x0000000620c00000|100%| E|CS|TAMS 0x0000000620800000, 0x0000000620800000| Complete 
| 127|0x0000000620c00000, 0x0000000621000000, 0x0000000621000000|100%| E|CS|TAMS 0x0000000620c00000, 0x0000000620c00000| Complete 

Card table byte_map: [0x000001d7bbd10000,0x000001d7bcd10000] _byte_map_base: 0x000001d7b8d08000

Marking Bits (Prev, Next): (CMBitMap*) 0x000001d7a4000020, (CMBitMap*) 0x000001d7a4000060
 Prev Bits: [0x000001d7bdd10000, 0x000001d7c5cd0000)
 Next Bits: [0x000001d7c5cd0000, 0x000001d7cdc90000)

Polling page: 0x000001d7a1f00000

Metaspace:

Usage:
  Non-class:     12.84 MB used.
      Class:      1.08 MB used.
       Both:     13.91 MB used.

Virtual space:
  Non-class space:       16.00 MB reserved,      12.94 MB ( 81%) committed,  2 nodes.
      Class space:        1.00 GB reserved,       1.19 MB ( <1%) committed,  1 nodes.
             Both:        1.02 GB reserved,      14.12 MB (  1%) committed. 

Chunk freelists:
   Non-Class:  2.95 MB
       Class:  2.75 MB
        Both:  5.70 MB

MaxMetaspaceSize: unlimited
CompressedClassSpaceSize: 1.00 GB
Initial GC threshold: 21.00 MB
Current GC threshold: 21.00 MB
CDS: on
MetaspaceReclaimPolicy: balanced
 - commit_granule_bytes: 65536.
 - commit_granule_words: 8192.
 - virtual_space_node_default_size: 1048576.
 - enlarge_chunks_in_place: 1.
 - new_chunks_are_fully_committed: 0.
 - uncommit_free_chunks: 1.
 - use_allocation_guard: 0.
 - handle_deallocations: 1.


Internal statistics:

num_allocs_failed_limit: 0.
num_arena_births: 126.
num_arena_deaths: 0.
num_vsnodes_births: 3.
num_vsnodes_deaths: 0.
num_space_committed: 224.
num_space_uncommitted: 0.
num_chunks_returned_to_freelist: 0.
num_chunks_taken_from_freelist: 387.
num_chunk_merges: 0.
num_chunk_splits: 288.
num_chunks_enlarged: 215.
num_purges: 0.
num_inconsistent_stats: 0.

CodeHeap 'non-profiled nmethods': size=120000Kb used=1080Kb max_used=1080Kb free=118919Kb
 bounds [0x000001d7b3290000, 0x000001d7b3500000, 0x000001d7ba7c0000]
CodeHeap 'profiled nmethods': size=120000Kb used=3319Kb max_used=3319Kb free=116680Kb
 bounds [0x000001d7abd60000, 0x000001d7ac0a0000, 0x000001d7b3290000]
CodeHeap 'non-nmethods': size=5760Kb used=1734Kb max_used=1758Kb free=4025Kb
 bounds [0x000001d7ab7c0000, 0x000001d7aba30000, 0x000001d7abd60000]
 total_blobs=2738 nmethods=1606 adapters=1045
 compilation: enabled
              stopped_count=0, restarted_count=0
 full_count=0

Compilation events (20 events):
Event: 3.285 Thread 0x000001d7d1428050 nmethod 1571 0x000001d7ac092390 code [0x000001d7ac092560, 0x000001d7ac092ab8]
Event: 3.324 Thread 0x000001d7d1428050 1572       3       java.awt.Component::getParent (5 bytes)
Event: 3.324 Thread 0x000001d7d1428050 nmethod 1572 0x000001d7ac092b90 code [0x000001d7ac092d20, 0x000001d7ac092e38]
Event: 3.327 Thread 0x000001d7d1428050 1573       3       java.security.AccessControlContext::optimize (319 bytes)
Event: 3.328 Thread 0x000001d7d1428050 nmethod 1573 0x000001d7ac092f10 code [0x000001d7ac093280, 0x000001d7ac094898]
Event: 3.328 Thread 0x000001d7d1428050 1574       3       java.awt.Component::isValid (20 bytes)
Event: 3.328 Thread 0x000001d7d1428050 nmethod 1574 0x000001d7ac094f10 code [0x000001d7ac0950a0, 0x000001d7ac095258]
Event: 3.329 Thread 0x000001d7d1428050 1575       3       sun.awt.AWTAutoShutdown::getInstance (4 bytes)
Event: 3.329 Thread 0x000001d7d1428050 nmethod 1575 0x000001d7ac095310 code [0x000001d7ac0954a0, 0x000001d7ac095598]
Event: 3.332 Thread 0x000001d7d1428050 1576       1       java.awt.Component::getX (5 bytes)
Event: 3.332 Thread 0x000001d7d1428050 nmethod 1576 0x000001d7b3392b90 code [0x000001d7b3392d20, 0x000001d7b3392df8]
Event: 3.332 Thread 0x000001d7d1428050 1577       1       java.awt.Component::getY (5 bytes)
Event: 3.332 Thread 0x000001d7d1428050 nmethod 1577 0x000001d7b3392e90 code [0x000001d7b3393020, 0x000001d7b33930f8]
Event: 3.333 Thread 0x000001d7d1428050 1578       3       sun.awt.AWTAutoShutdown::isReadyToShutdown (37 bytes)
Event: 3.333 Thread 0x000001d7d1428050 nmethod 1578 0x000001d7ac095610 code [0x000001d7ac0957c0, 0x000001d7ac095b38]
Event: 3.334 Thread 0x000001d7d1428050 1580       3       sun.awt.AWTAccessor::getComponentAccessor (15 bytes)
Event: 3.335 Thread 0x000001d7d1428050 nmethod 1580 0x000001d7ac095c10 code [0x000001d7ac095e00, 0x000001d7ac0961a8]
Event: 3.338 Thread 0x000001d7d14240b0 nmethod 1566% 0x000001d7b3393590 code [0x000001d7b3393a60, 0x000001d7b3398ec0]
Event: 3.339 Thread 0x000001d7d1428050 1581       3       java.util.IdentityHashMap::isEmpty (13 bytes)
Event: 3.339 Thread 0x000001d7d1428050 nmethod 1581 0x000001d7ac096390 code [0x000001d7ac096520, 0x000001d7ac096698]

GC Heap History (8 events):
Event: 1.914 GC heap before
{Heap before GC invocations=0 (full 0):
 garbage-first heap   total 524288K, used 90112K [0x0000000601000000, 0x0000000800000000)
  region size 4096K, 6 young (24576K), 0 survivors (0K)
 Metaspace       used 2787K, committed 2944K, reserved 1056768K
  class space    used 180K, committed 256K, reserved 1048576K
}
Event: 1.916 GC heap after
{Heap after GC invocations=1 (full 0):
 garbage-first heap   total 524288K, used 75373K [0x0000000601000000, 0x0000000800000000)
  region size 4096K, 1 young (4096K), 1 survivors (4096K)
 Metaspace       used 2787K, committed 2944K, reserved 1056768K
  class space    used 180K, committed 256K, reserved 1048576K
}
Event: 2.074 GC heap before
{Heap before GC invocations=1 (full 0):
 garbage-first heap   total 524288K, used 95853K [0x0000000601000000, 0x0000000800000000)
  region size 4096K, 6 young (24576K), 1 survivors (4096K)
 Metaspace       used 7009K, committed 7232K, reserved 1064960K
  class space    used 221K, committed 320K, reserved 1048576K
}
Event: 2.075 GC heap after
{Heap after GC invocations=2 (full 0):
 garbage-first heap   total 524288K, used 75654K [0x0000000601000000, 0x0000000800000000)
  region size 4096K, 1 young (4096K), 1 survivors (4096K)
 Metaspace       used 7009K, committed 7232K, reserved 1064960K
  class space    used 221K, committed 320K, reserved 1048576K
}
Event: 2.276 GC heap before
{Heap before GC invocations=2 (full 0):
 garbage-first heap   total 524288K, used 145286K [0x0000000601000000, 0x0000000800000000)
  region size 4096K, 18 young (73728K), 1 survivors (4096K)
 Metaspace       used 7021K, committed 7232K, reserved 1064960K
  class space    used 221K, committed 320K, reserved 1048576K
}
Event: 2.276 GC heap after
{Heap after GC invocations=3 (full 0):
 garbage-first heap   total 524288K, used 75588K [0x0000000601000000, 0x0000000800000000)
  region size 4096K, 1 young (4096K), 1 survivors (4096K)
 Metaspace       used 7021K, committed 7232K, reserved 1064960K
  class space    used 221K, committed 320K, reserved 1048576K
}
Event: 3.283 GC heap before
{Heap before GC invocations=3 (full 0):
 garbage-first heap   total 524288K, used 399172K [0x0000000601000000, 0x0000000800000000)
  region size 4096K, 76 young (311296K), 1 survivors (4096K)
 Metaspace       used 14147K, committed 14400K, reserved 1064960K
  class space    used 1084K, committed 1216K, reserved 1048576K
}
Event: 3.284 GC heap after
{Heap after GC invocations=4 (full 0):
 garbage-first heap   total 524288K, used 95777K [0x0000000601000000, 0x0000000800000000)
  region size 4096K, 1 young (4096K), 1 survivors (4096K)
 Metaspace       used 14147K, committed 14400K, reserved 1064960K
  class space    used 1084K, committed 1216K, reserved 1048576K
}

Deoptimization events (20 events):
Event: 3.090 Thread 0x000001d7d1e67160 DEOPT PACKING pc=0x000001d7b337deac sp=0x0000004bbabfd920
Event: 3.090 Thread 0x000001d7d1e67160 DEOPT UNPACKING pc=0x000001d7ab8123a3 sp=0x0000004bbabfd8a8 mode 2
Event: 3.090 Thread 0x000001d7d1e67160 Uncommon trap: trap_request=0xffffffde fr.pc=0x000001d7b337deac relative=0x000000000000010c
Event: 3.090 Thread 0x000001d7d1e67160 Uncommon trap: reason=class_check action=maybe_recompile pc=0x000001d7b337deac method=jdk.internal.misc.Unsafe.allocateUninitializedArray(Ljava/lang/Class;I)Ljava/lang/Object; @ 51 c2
Event: 3.090 Thread 0x000001d7d1e67160 DEOPT PACKING pc=0x000001d7b337deac sp=0x0000004bbabfd920
Event: 3.090 Thread 0x000001d7d1e67160 DEOPT UNPACKING pc=0x000001d7ab8123a3 sp=0x0000004bbabfd8a8 mode 2
Event: 3.091 Thread 0x000001d7d1e67160 Uncommon trap: trap_request=0xffffffde fr.pc=0x000001d7b337deac relative=0x000000000000010c
Event: 3.091 Thread 0x000001d7d1e67160 Uncommon trap: reason=class_check action=maybe_recompile pc=0x000001d7b337deac method=jdk.internal.misc.Unsafe.allocateUninitializedArray(Ljava/lang/Class;I)Ljava/lang/Object; @ 51 c2
Event: 3.091 Thread 0x000001d7d1e67160 DEOPT PACKING pc=0x000001d7b337deac sp=0x0000004bbabfd920
Event: 3.091 Thread 0x000001d7d1e67160 DEOPT UNPACKING pc=0x000001d7ab8123a3 sp=0x0000004bbabfd8a8 mode 2
Event: 3.147 Thread 0x000001d7d1e68e40 Uncommon trap: trap_request=0xffffffc6 fr.pc=0x000001d7b32ea70c relative=0x00000000000005ac
Event: 3.147 Thread 0x000001d7d1e68e40 Uncommon trap: reason=bimorphic_or_optimized_type_check action=maybe_recompile pc=0x000001d7b32ea70c method=java.util.concurrent.ConcurrentHashMap.get(Ljava/lang/Object;)Ljava/lang/Object; @ 149 c2
Event: 3.147 Thread 0x000001d7d1e68e40 DEOPT PACKING pc=0x000001d7b32ea70c sp=0x0000004bba9fdc90
Event: 3.147 Thread 0x000001d7d1e68e40 DEOPT UNPACKING pc=0x000001d7ab8123a3 sp=0x0000004bba9fdc30 mode 2
Event: 3.207 Thread 0x000001d7d1e68e40 DEOPT PACKING pc=0x000001d7ac07c57f sp=0x0000004bba9fec00
Event: 3.207 Thread 0x000001d7d1e684a0 DEOPT PACKING pc=0x000001d7ac07c57f sp=0x0000004bba8fed70
Event: 3.208 Thread 0x000001d7d1e68e40 DEOPT UNPACKING pc=0x000001d7ab812b43 sp=0x0000004bba9fe1c8 mode 0
Event: 3.208 Thread 0x000001d7d1e684a0 DEOPT UNPACKING pc=0x000001d7ab812b43 sp=0x0000004bba8fe338 mode 0
Event: 3.339 Thread 0x000001d7d1e684a0 DEOPT PACKING pc=0x000001d7ac08fbbc sp=0x0000004bba8ff130
Event: 3.339 Thread 0x000001d7d1e684a0 DEOPT UNPACKING pc=0x000001d7ab812b43 sp=0x0000004bba8fe658 mode 0

Classes unloaded (0 events):
No events

Classes redefined (0 events):
No events

Internal exceptions (20 events):
Event: 1.845 Thread 0x000001d7a3f8abb0 Exception <a 'java/lang/IncompatibleClassChangeError'{0x000000061fca6dd8}: Found class java.lang.Object, but interface was expected> (0x000000061fca6dd8) 
thrown [t:\workspace\open\src\hotspot\share\interpreter\linkResolver.cpp, line 833]
Event: 1.845 Thread 0x000001d7a3f8abb0 Exception <a 'java/lang/NoSuchMethodError'{0x000000061fca9d48}: 'void java.lang.invoke.DirectMethodHandle$Holder.invokeStaticInit(java.lang.Object, java.lang.Object)'> (0x000000061fca9d48) 
thrown [t:\workspace\open\src\hotspot\share\interpreter\linkResolver.cpp, line 766]
Event: 1.845 Thread 0x000001d7a3f8abb0 Exception <a 'java/lang/NoSuchMethodError'{0x000000061fcaf950}: 'int java.lang.invoke.DirectMethodHandle$Holder.invokeStaticInit(java.lang.Object, java.lang.Object)'> (0x000000061fcaf950) 
thrown [t:\workspace\open\src\hotspot\share\interpreter\linkResolver.cpp, line 766]
Event: 2.898 Thread 0x000001d7d1e684a0 Exception <a 'java/lang/ClassNotFoundException'{0x000000061dc19480}: sun/awt/resources/spi/awtProvider> (0x000000061dc19480) 
thrown [t:\workspace\open\src\hotspot\share\classfile\systemDictionary.cpp, line 256]
Event: 2.907 Thread 0x000001d7d1e684a0 Exception <a 'java/io/FileNotFoundException'{0x000000061dc68a20}> (0x000000061dc68a20) 
thrown [t:\workspace\open\src\hotspot\share\prims\jni.cpp, line 516]
Event: 2.910 Thread 0x000001d7d1e684a0 Exception <a 'java/io/FileNotFoundException'{0x000000061dc95a10}> (0x000000061dc95a10) 
thrown [t:\workspace\open\src\hotspot\share\prims\jni.cpp, line 516]
Event: 3.041 Thread 0x000001d7d1e68e40 Exception <a 'java/lang/NoSuchMethodError'{0x000000061de35748}: 'void java.lang.invoke.DirectMethodHandle$Holder.invokeSpecial(java.lang.Object, java.lang.Object, java.lang.Object)'> (0x000000061de35748) 
thrown [t:\workspace\open\src\hotspot\share\interpreter\linkResolver.cpp, line 766]
Event: 3.046 Thread 0x000001d7d1e68e40 Exception <a 'java/lang/NoSuchMethodError'{0x000000061de5f848}: 'java.lang.Object java.lang.invoke.DirectMethodHandle$Holder.newInvokeSpecial(java.lang.Object, java.lang.Object, java.lang.Object, java.lang.Object, java.lang.Object)'> (0x000000061de5f848) 
thrown [t:\workspace\open\src\hotspot\share\interpreter\linkResolver.cpp, line 766]
Event: 3.046 Thread 0x000001d7d1e68e40 Exception <a 'java/lang/NoSuchMethodError'{0x000000061de6b210}: 'java.lang.Object java.lang.invoke.DirectMethodHandle$Holder.invokeStatic(java.lang.Object, int, java.lang.Object, java.lang.Object, java.lang.Object, java.lang.Object)'> (0x000000061de6b210) 
thrown [t:\workspace\open\src\hotspot\share\interpreter\linkResolver.cpp, line 766]
Event: 3.048 Thread 0x000001d7d1e68e40 Exception <a 'java/lang/NoSuchMethodError'{0x000000061de909a0}: 'java.lang.Object java.lang.invoke.DirectMethodHandle$Holder.invokeStatic(java.lang.Object, int, java.lang.Object)'> (0x000000061de909a0) 
thrown [t:\workspace\open\src\hotspot\share\interpreter\linkResolver.cpp, line 766]
Event: 3.062 Thread 0x000001d7d1e68e40 Exception <a 'java/lang/ClassNotFoundException'{0x000000061df4ca28}: com/sun/swing/internal/plaf/metal/resources/spi/metalProvider> (0x000000061df4ca28) 
thrown [t:\workspace\open\src\hotspot\share\classfile\systemDictionary.cpp, line 256]
Event: 3.062 Thread 0x000001d7d1e68e40 Exception <a 'java/lang/ClassNotFoundException'{0x000000061df50928}: com/sun/swing/internal/plaf/basic/resources/spi/basicProvider> (0x000000061df50928) 
thrown [t:\workspace\open\src\hotspot\share\classfile\systemDictionary.cpp, line 256]
Event: 3.065 Thread 0x000001d7d1e684a0 Implicit null exception at 0x000001d7b32f658f to 0x000001d7b32f6609
Event: 3.065 Thread 0x000001d7d1e68e40 Implicit null exception at 0x000001d7b32f658f to 0x000001d7b32f6609
Event: 3.066 Thread 0x000001d7d1e684a0 Implicit null exception at 0x000001d7b3364c8b to 0x000001d7b33650a0
Event: 3.066 Thread 0x000001d7d1e68e40 Implicit null exception at 0x000001d7b3364c8b to 0x000001d7b33650a0
Event: 3.066 Thread 0x000001d7d1e684a0 Implicit null exception at 0x000001d7b331078b to 0x000001d7b3310b98
Event: 3.066 Thread 0x000001d7d1e68e40 Implicit null exception at 0x000001d7b331078b to 0x000001d7b3310b98
Event: 3.072 Thread 0x000001d7d1e66c90 Exception <a 'java/lang/NoSuchMethodError'{0x000000061d80fa08}: 'void java.lang.invoke.DirectMethodHandle$Holder.invokeVirtual(java.lang.Object, java.lang.Object)'> (0x000000061d80fa08) 
thrown [t:\workspace\open\src\hotspot\share\interpreter\linkResolver.cpp, line 766]
Event: 3.079 Thread 0x000001d7d1e67160 Exception <a 'java/lang/NoSuchMethodError'{0x000000061da236e8}: 'void java.lang.invoke.DirectMethodHandle$Holder.invokeStaticInit(java.lang.Object)'> (0x000000061da236e8) 
thrown [t:\workspace\open\src\hotspot\share\interpreter\linkResolver.cpp, line 766]

VM Operations (20 events):
Event: 1.206 Executing VM operation: Cleanup
Event: 1.207 Executing VM operation: Cleanup done
Event: 1.849 Executing VM operation: HandshakeAllThreads
Event: 1.849 Executing VM operation: HandshakeAllThreads done
Event: 1.862 Executing VM operation: HandshakeAllThreads
Event: 1.862 Executing VM operation: HandshakeAllThreads done
Event: 1.914 Executing VM operation: G1CollectForAllocation
Event: 1.916 Executing VM operation: G1CollectForAllocation done
Event: 1.985 Executing VM operation: HandshakeAllThreads
Event: 1.985 Executing VM operation: HandshakeAllThreads done
Event: 2.000 Executing VM operation: HandshakeAllThreads
Event: 2.000 Executing VM operation: HandshakeAllThreads done
Event: 2.073 Executing VM operation: G1CollectForAllocation
Event: 2.075 Executing VM operation: G1CollectForAllocation done
Event: 2.276 Executing VM operation: G1CollectForAllocation
Event: 2.276 Executing VM operation: G1CollectForAllocation done
Event: 2.899 Executing VM operation: HandshakeAllThreads
Event: 2.899 Executing VM operation: HandshakeAllThreads done
Event: 3.283 Executing VM operation: G1CollectForAllocation
Event: 3.284 Executing VM operation: G1CollectForAllocation done

Events (20 events):
Event: 3.323 Thread 0x000001d7d4db4a00 Thread exited: 0x000001d7d4db4a00
Event: 3.323 Thread 0x000001d7d4db83c0 Thread exited: 0x000001d7d4db83c0
Event: 3.323 Thread 0x000001d7d4db6210 Thread exited: 0x000001d7d4db6210
Event: 3.328 loading class sun/java2d/StateTrackableDelegate$1
Event: 3.328 loading class sun/java2d/StateTrackableDelegate$1 done
Event: 3.328 loading class java/applet/Applet
Event: 3.328 loading class java/awt/Panel
Event: 3.328 loading class java/awt/Panel done
Event: 3.328 loading class java/applet/Applet done
Event: 3.329 loading class java/awt/Cursor$CursorDisposer
Event: 3.329 loading class java/awt/Cursor$CursorDisposer done
Event: 3.332 loading class sun/awt/image/VSyncedBSManager
Event: 3.332 loading class sun/awt/image/VSyncedBSManager done
Event: 3.333 loading class sun/java2d/d3d/D3DSurfaceDataProxy
Event: 3.333 loading class sun/java2d/d3d/D3DSurfaceDataProxy done
Event: 3.334 loading class java/awt/event/MouseEvent$1
Event: 3.334 loading class sun/awt/AWTAccessor$MouseEventAccessor
Event: 3.334 loading class sun/awt/AWTAccessor$MouseEventAccessor done
Event: 3.334 loading class java/awt/event/MouseEvent$1 done
Event: 3.339 Thread 0x000001d7d4db7ef0 Thread added: 0x000001d7d4db7ef0


Dynamic libraries:
0x00007ff72b680000 - 0x00007ff72b690000 	C:\Program Files\Java\jdk-17.0.2\bin\java.exe
0x00007ff952a10000 - 0x00007ff952c27000 	C:\WINDOWS\SYSTEM32\ntdll.dll
0x00007ff951e40000 - 0x00007ff951f04000 	C:\WINDOWS\System32\KERNEL32.DLL
0x00007ff9500d0000 - 0x00007ff950476000 	C:\WINDOWS\System32\KERNELBASE.dll
0x00007ff9505d0000 - 0x00007ff9506e1000 	C:\WINDOWS\System32\ucrtbase.dll
0x00007ff933fa0000 - 0x00007ff933fb8000 	C:\Program Files\Java\jdk-17.0.2\bin\jli.dll
0x00007ff895d50000 - 0x00007ff895d6a000 	C:\Program Files\Java\jdk-17.0.2\bin\VCRUNTIME140.dll
0x00007ff951d80000 - 0x00007ff951e30000 	C:\WINDOWS\System32\ADVAPI32.dll
0x00007ff950960000 - 0x00007ff950a07000 	C:\WINDOWS\System32\msvcrt.dll
0x00007ff951a80000 - 0x00007ff951b26000 	C:\WINDOWS\System32\sechost.dll
0x00007ff950790000 - 0x00007ff9508a7000 	C:\WINDOWS\System32\RPCRT4.dll
0x00007ff9523a0000 - 0x00007ff95254d000 	C:\WINDOWS\System32\USER32.dll
0x00007ff950480000 - 0x00007ff9504a6000 	C:\WINDOWS\System32\win32u.dll
0x00007ff940d30000 - 0x00007ff940fc3000 	C:\WINDOWS\WinSxS\amd64_microsoft.windows.common-controls_6595b64144ccf1df_6.0.22621.2361_none_2712ced57382f843\COMCTL32.dll
0x00007ff950930000 - 0x00007ff950959000 	C:\WINDOWS\System32\GDI32.dll
0x00007ff9504b0000 - 0x00007ff9505c8000 	C:\WINDOWS\System32\gdi32full.dll
0x00007ff94fe50000 - 0x00007ff94feea000 	C:\WINDOWS\System32\msvcp_win.dll
0x00007ff945e80000 - 0x00007ff945e8a000 	C:\WINDOWS\SYSTEM32\VERSION.dll
0x00007ff9528a0000 - 0x00007ff9528d1000 	C:\WINDOWS\System32\IMM32.DLL
0x00007ff933f90000 - 0x00007ff933f9c000 	C:\Program Files\Java\jdk-17.0.2\bin\vcruntime140_1.dll
0x00007ff894b10000 - 0x00007ff894b9d000 	C:\Program Files\Java\jdk-17.0.2\bin\msvcp140.dll
0x00007ff8930c0000 - 0x00007ff893c81000 	C:\Program Files\Java\jdk-17.0.2\bin\server\jvm.dll
0x00007ff9508b0000 - 0x00007ff9508b8000 	C:\WINDOWS\System32\PSAPI.DLL
0x00007ff93f740000 - 0x00007ff93f749000 	C:\WINDOWS\SYSTEM32\WSOCK32.dll
0x00007ff949080000 - 0x00007ff9490b4000 	C:\WINDOWS\SYSTEM32\WINMM.dll
0x00007ff951580000 - 0x00007ff9515f1000 	C:\WINDOWS\System32\WS2_32.dll
0x00007ff94ee60000 - 0x00007ff94ee78000 	C:\WINDOWS\SYSTEM32\kernel.appcore.dll
0x00007ff895d40000 - 0x00007ff895d4a000 	C:\Program Files\Java\jdk-17.0.2\bin\jimage.dll
0x00007ff942040000 - 0x00007ff94226e000 	C:\WINDOWS\SYSTEM32\DBGHELP.DLL
0x00007ff951f10000 - 0x00007ff95229a000 	C:\WINDOWS\System32\combase.dll
0x00007ff9514a0000 - 0x00007ff951577000 	C:\WINDOWS\System32\OLEAUT32.dll
0x00007ff9445a0000 - 0x00007ff9445d2000 	C:\WINDOWS\SYSTEM32\dbgcore.DLL
0x00007ff9506f0000 - 0x00007ff95076a000 	C:\WINDOWS\System32\bcryptPrimitives.dll
0x00007ff94d160000 - 0x00007ff94d16e000 	C:\Program Files\Java\jdk-17.0.2\bin\instrument.dll
0x00007ff895d10000 - 0x00007ff895d35000 	C:\Program Files\Java\jdk-17.0.2\bin\java.dll
0x00007ff894a30000 - 0x00007ff894b06000 	C:\Program Files\Java\jdk-17.0.2\bin\jsvml.dll
0x00007ff950c10000 - 0x00007ff951468000 	C:\WINDOWS\System32\SHELL32.dll
0x00007ff94dd00000 - 0x00007ff94e5f2000 	C:\WINDOWS\SYSTEM32\windows.storage.dll
0x00007ff94dbc0000 - 0x00007ff94dcfe000 	C:\WINDOWS\SYSTEM32\wintypes.dll
0x00007ff951c80000 - 0x00007ff951d73000 	C:\WINDOWS\System32\SHCORE.dll
0x00007ff952970000 - 0x00007ff9529ce000 	C:\WINDOWS\System32\shlwapi.dll
0x00007ff94fcc0000 - 0x00007ff94fce6000 	C:\WINDOWS\SYSTEM32\profapi.dll
0x00007ff892e60000 - 0x00007ff892e78000 	C:\Program Files\Java\jdk-17.0.2\bin\zip.dll
0x00007ff892ea0000 - 0x00007ff892eb9000 	C:\Program Files\Java\jdk-17.0.2\bin\net.dll
0x00007ff94ab20000 - 0x00007ff94ac57000 	C:\WINDOWS\SYSTEM32\WINHTTP.dll
0x00007ff94f340000 - 0x00007ff94f3a9000 	C:\WINDOWS\system32\mswsock.dll
0x00007ff892e80000 - 0x00007ff892e96000 	C:\Program Files\Java\jdk-17.0.2\bin\nio.dll
0x00007ff94a000000 - 0x00007ff94a01a000 	C:\Program Files\JetBrains\IntelliJ IDEA 2023.2.4\bin\breakgen64.dll
0x000001d7d0b40000 - 0x000001d7d0b44000 	C:\Users\Zjaun\.javacpp\cache\javacpp-1.5.9-windows-x86_64.jar\org\bytedeco\javacpp\windows-x86_64\api-ms-win-crt-locale-l1-1-0.dll
0x000001d7d0b50000 - 0x000001d7d0b55000 	C:\Users\Zjaun\.javacpp\cache\javacpp-1.5.9-windows-x86_64.jar\org\bytedeco\javacpp\windows-x86_64\api-ms-win-crt-string-l1-1-0.dll
0x000001d7d0b60000 - 0x000001d7d0b65000 	C:\Users\Zjaun\.javacpp\cache\javacpp-1.5.9-windows-x86_64.jar\org\bytedeco\javacpp\windows-x86_64\api-ms-win-crt-stdio-l1-1-0.dll
0x000001d7d0b70000 - 0x000001d7d0b76000 	C:\Users\Zjaun\.javacpp\cache\javacpp-1.5.9-windows-x86_64.jar\org\bytedeco\javacpp\windows-x86_64\api-ms-win-crt-math-l1-1-0.dll
0x000001d7d0b80000 - 0x000001d7d0b84000 	C:\Users\Zjaun\.javacpp\cache\javacpp-1.5.9-windows-x86_64.jar\org\bytedeco\javacpp\windows-x86_64\api-ms-win-crt-heap-l1-1-0.dll
0x000001d7d0b90000 - 0x000001d7d0b95000 	C:\Users\Zjaun\.javacpp\cache\javacpp-1.5.9-windows-x86_64.jar\org\bytedeco\javacpp\windows-x86_64\api-ms-win-crt-runtime-l1-1-0.dll
0x000001d7d0ba0000 - 0x000001d7d0ba5000 	C:\Users\Zjaun\.javacpp\cache\javacpp-1.5.9-windows-x86_64.jar\org\bytedeco\javacpp\windows-x86_64\api-ms-win-crt-convert-l1-1-0.dll
0x000001d7d0bb0000 - 0x000001d7d0bb4000 	C:\Users\Zjaun\.javacpp\cache\javacpp-1.5.9-windows-x86_64.jar\org\bytedeco\javacpp\windows-x86_64\api-ms-win-crt-environment-l1-1-0.dll
0x000001d7d0bc0000 - 0x000001d7d0bc4000 	C:\Users\Zjaun\.javacpp\cache\javacpp-1.5.9-windows-x86_64.jar\org\bytedeco\javacpp\windows-x86_64\api-ms-win-crt-time-l1-1-0.dll
0x000001d7d0bd0000 - 0x000001d7d0bd4000 	C:\Users\Zjaun\.javacpp\cache\javacpp-1.5.9-windows-x86_64.jar\org\bytedeco\javacpp\windows-x86_64\api-ms-win-crt-filesystem-l1-1-0.dll
0x000001d7d0be0000 - 0x000001d7d0be4000 	C:\Users\Zjaun\.javacpp\cache\javacpp-1.5.9-windows-x86_64.jar\org\bytedeco\javacpp\windows-x86_64\api-ms-win-crt-utility-l1-1-0.dll
0x000001d7d0bf0000 - 0x000001d7d0bf6000 	C:\Users\Zjaun\.javacpp\cache\javacpp-1.5.9-windows-x86_64.jar\org\bytedeco\javacpp\windows-x86_64\api-ms-win-crt-multibyte-l1-1-0.dll
0x000001d7d2fd0000 - 0x000001d7d2fd4000 	C:\Users\Zjaun\.javacpp\cache\javacpp-1.5.9-windows-x86_64.jar\org\bytedeco\javacpp\windows-x86_64\api-ms-win-crt-conio-l1-1-0.dll
0x000001d7d2fe0000 - 0x000001d7d2ff1000 	C:\Users\Zjaun\.javacpp\cache\javacpp-1.5.9-windows-x86_64.jar\org\bytedeco\javacpp\windows-x86_64\api-ms-win-crt-private-l1-1-0.dll
0x000001d7d3000000 - 0x000001d7d3004000 	C:\Users\Zjaun\.javacpp\cache\javacpp-1.5.9-windows-x86_64.jar\org\bytedeco\javacpp\windows-x86_64\api-ms-win-crt-process-l1-1-0.dll
0x000001d7d3010000 - 0x000001d7d3014000 	C:\Users\Zjaun\.javacpp\cache\javacpp-1.5.9-windows-x86_64.jar\org\bytedeco\javacpp\windows-x86_64\api-ms-win-core-console-l1-2-0.dll
0x000001d7d3020000 - 0x000001d7d3024000 	C:\Users\Zjaun\.javacpp\cache\javacpp-1.5.9-windows-x86_64.jar\org\bytedeco\javacpp\windows-x86_64\api-ms-win-core-string-l1-1-0.dll
0x000001d7d3030000 - 0x000001d7d3034000 	C:\Users\Zjaun\.javacpp\cache\javacpp-1.5.9-windows-x86_64.jar\org\bytedeco\javacpp\windows-x86_64\api-ms-win-core-errorhandling-l1-1-0.dll
0x000001d7d3040000 - 0x000001d7d3044000 	C:\Users\Zjaun\.javacpp\cache\javacpp-1.5.9-windows-x86_64.jar\org\bytedeco\javacpp\windows-x86_64\api-ms-win-core-timezone-l1-1-0.dll
0x000001d7d3050000 - 0x000001d7d3055000 	C:\Users\Zjaun\.javacpp\cache\javacpp-1.5.9-windows-x86_64.jar\org\bytedeco\javacpp\windows-x86_64\api-ms-win-core-file-l1-1-0.dll
0x000001d7d3060000 - 0x000001d7d3064000 	C:\Users\Zjaun\.javacpp\cache\javacpp-1.5.9-windows-x86_64.jar\org\bytedeco\javacpp\windows-x86_64\api-ms-win-core-namedpipe-l1-1-0.dll
0x000001d7d3070000 - 0x000001d7d3074000 	C:\Users\Zjaun\.javacpp\cache\javacpp-1.5.9-windows-x86_64.jar\org\bytedeco\javacpp\windows-x86_64\api-ms-win-core-handle-l1-1-0.dll
0x000001d7d3080000 - 0x000001d7d3084000 	C:\Users\Zjaun\.javacpp\cache\javacpp-1.5.9-windows-x86_64.jar\org\bytedeco\javacpp\windows-x86_64\api-ms-win-core-file-l2-1-0.dll
0x000001d7d3090000 - 0x000001d7d3094000 	C:\Users\Zjaun\.javacpp\cache\javacpp-1.5.9-windows-x86_64.jar\org\bytedeco\javacpp\windows-x86_64\api-ms-win-core-heap-l1-1-0.dll
0x000001d7d30a0000 - 0x000001d7d30a4000 	C:\Users\Zjaun\.javacpp\cache\javacpp-1.5.9-windows-x86_64.jar\org\bytedeco\javacpp\windows-x86_64\api-ms-win-core-libraryloader-l1-1-0.dll
0x000001d7d30b0000 - 0x000001d7d30b4000 	C:\Users\Zjaun\.javacpp\cache\javacpp-1.5.9-windows-x86_64.jar\org\bytedeco\javacpp\windows-x86_64\api-ms-win-core-synch-l1-1-0.dll
0x000001d7d30c0000 - 0x000001d7d30c4000 	C:\Users\Zjaun\.javacpp\cache\javacpp-1.5.9-windows-x86_64.jar\org\bytedeco\javacpp\windows-x86_64\api-ms-win-core-processthreads-l1-1-0.dll
0x000001d7d30d0000 - 0x000001d7d30d4000 	C:\Users\Zjaun\.javacpp\cache\javacpp-1.5.9-windows-x86_64.jar\org\bytedeco\javacpp\windows-x86_64\api-ms-win-core-processenvironment-l1-1-0.dll
0x000001d7d30e0000 - 0x000001d7d30e4000 	C:\Users\Zjaun\.javacpp\cache\javacpp-1.5.9-windows-x86_64.jar\org\bytedeco\javacpp\windows-x86_64\api-ms-win-core-datetime-l1-1-0.dll
0x000001d7d30f0000 - 0x000001d7d30f4000 	C:\Users\Zjaun\.javacpp\cache\javacpp-1.5.9-windows-x86_64.jar\org\bytedeco\javacpp\windows-x86_64\api-ms-win-core-localization-l1-2-0.dll
0x000001d7d3100000 - 0x000001d7d3104000 	C:\Users\Zjaun\.javacpp\cache\javacpp-1.5.9-windows-x86_64.jar\org\bytedeco\javacpp\windows-x86_64\api-ms-win-core-sysinfo-l1-1-0.dll
0x000001d7d3110000 - 0x000001d7d3114000 	C:\Users\Zjaun\.javacpp\cache\javacpp-1.5.9-windows-x86_64.jar\org\bytedeco\javacpp\windows-x86_64\api-ms-win-core-synch-l1-2-0.dll
0x000001d7d3120000 - 0x000001d7d3124000 	C:\Users\Zjaun\.javacpp\cache\javacpp-1.5.9-windows-x86_64.jar\org\bytedeco\javacpp\windows-x86_64\api-ms-win-core-console-l1-1-0.dll
0x000001d7d3130000 - 0x000001d7d3134000 	C:\Users\Zjaun\.javacpp\cache\javacpp-1.5.9-windows-x86_64.jar\org\bytedeco\javacpp\windows-x86_64\api-ms-win-core-debug-l1-1-0.dll
0x000001d7d3140000 - 0x000001d7d3144000 	C:\Users\Zjaun\.javacpp\cache\javacpp-1.5.9-windows-x86_64.jar\org\bytedeco\javacpp\windows-x86_64\api-ms-win-core-rtlsupport-l1-1-0.dll
0x000001d7d3150000 - 0x000001d7d3154000 	C:\Users\Zjaun\.javacpp\cache\javacpp-1.5.9-windows-x86_64.jar\org\bytedeco\javacpp\windows-x86_64\api-ms-win-core-processthreads-l1-1-1.dll
0x000001d7d43c0000 - 0x000001d7d43c4000 	C:\Users\Zjaun\.javacpp\cache\javacpp-1.5.9-windows-x86_64.jar\org\bytedeco\javacpp\windows-x86_64\api-ms-win-core-file-l1-2-0.dll
0x000001d7d3160000 - 0x000001d7d3164000 	C:\Users\Zjaun\.javacpp\cache\javacpp-1.5.9-windows-x86_64.jar\org\bytedeco\javacpp\windows-x86_64\api-ms-win-core-profile-l1-1-0.dll
0x000001d7d3170000 - 0x000001d7d3174000 	C:\Users\Zjaun\.javacpp\cache\javacpp-1.5.9-windows-x86_64.jar\org\bytedeco\javacpp\windows-x86_64\api-ms-win-core-memory-l1-1-0.dll
0x000001d7d3180000 - 0x000001d7d3184000 	C:\Users\Zjaun\.javacpp\cache\javacpp-1.5.9-windows-x86_64.jar\org\bytedeco\javacpp\windows-x86_64\api-ms-win-core-util-l1-1-0.dll
0x000001d7d3190000 - 0x000001d7d3194000 	C:\Users\Zjaun\.javacpp\cache\javacpp-1.5.9-windows-x86_64.jar\org\bytedeco\javacpp\windows-x86_64\api-ms-win-core-interlocked-l1-1-0.dll
0x00007ff8f59f0000 - 0x00007ff8f5b01000 	C:\Users\Zjaun\.javacpp\cache\javacpp-1.5.9-windows-x86_64.jar\org\bytedeco\javacpp\windows-x86_64\ucrtbase.dll
0x00007ff941220000 - 0x00007ff94123b000 	C:\Users\Zjaun\.javacpp\cache\javacpp-1.5.9-windows-x86_64.jar\org\bytedeco\javacpp\windows-x86_64\vcruntime140.dll
0x00007ff941210000 - 0x00007ff94121c000 	C:\Users\Zjaun\.javacpp\cache\javacpp-1.5.9-windows-x86_64.jar\org\bytedeco\javacpp\windows-x86_64\vcruntime140_1.dll
0x00007ff916290000 - 0x00007ff91631d000 	C:\Users\Zjaun\.javacpp\cache\javacpp-1.5.9-windows-x86_64.jar\org\bytedeco\javacpp\windows-x86_64\msvcp140.dll
0x00007ff941200000 - 0x00007ff941209000 	C:\Users\Zjaun\.javacpp\cache\javacpp-1.5.9-windows-x86_64.jar\org\bytedeco\javacpp\windows-x86_64\msvcp140_1.dll
0x00007ff9334b0000 - 0x00007ff9334fe000 	C:\Users\Zjaun\.javacpp\cache\javacpp-1.5.9-windows-x86_64.jar\org\bytedeco\javacpp\windows-x86_64\concrt140.dll
0x00007ff93e8b0000 - 0x00007ff93e8e1000 	C:\Users\Zjaun\.javacpp\cache\javacpp-1.5.9-windows-x86_64.jar\org\bytedeco\javacpp\windows-x86_64\vcomp140.dll
0x00007ff9411f0000 - 0x00007ff9411ff000 	C:\Users\Zjaun\.javacpp\cache\javacpp-1.5.9-windows-x86_64.jar\org\bytedeco\javacpp\windows-x86_64\jnijavacpp.dll
0x00007ff843d40000 - 0x00007ff845a80000 	C:\Users\Zjaun\.javacpp\cache\openblas-0.3.23-1.5.9-windows-x86_64.jar\org\bytedeco\openblas\windows-x86_64\libopenblas_nolapack.dll
0x00007ff94f5b0000 - 0x00007ff94f5bc000 	C:\WINDOWS\SYSTEM32\CRYPTBASE.DLL
0x00007ff910080000 - 0x00007ff9100df000 	C:\Users\Zjaun\.javacpp\cache\openblas-0.3.23-1.5.9-windows-x86_64.jar\org\bytedeco\openblas\windows-x86_64\jniopenblas_nolapack.dll
0x00007ff83ee80000 - 0x00007ff840bc0000 	C:\Users\Zjaun\.javacpp\cache\openblas-0.3.23-1.5.9-windows-x86_64.jar\org\bytedeco\openblas\windows-x86_64\libopenblas.dll
0x00007ff842950000 - 0x00007ff843d33000 	C:\Users\Zjaun\.javacpp\cache\openblas-0.3.23-1.5.9-windows-x86_64.jar\org\bytedeco\openblas\windows-x86_64\jniopenblas.dll
0x00007ff847160000 - 0x00007ff847617000 	C:\Users\Zjaun\.javacpp\cache\opencv-4.7.0-1.5.9-windows-x86_64.jar\org\bytedeco\opencv\windows-x86_64\opencv_core470.dll
0x00007ff841f90000 - 0x00007ff84270d000 	C:\Users\Zjaun\.javacpp\cache\opencv-4.7.0-1.5.9-windows-x86_64.jar\org\bytedeco\opencv\windows-x86_64\opencv_imgproc470.dll
0x00007ff847ca0000 - 0x00007ff847f36000 	C:\Users\Zjaun\.javacpp\cache\opencv-4.7.0-1.5.9-windows-x86_64.jar\org\bytedeco\opencv\windows-x86_64\jniopencv_core.dll
0x00007ff950a10000 - 0x00007ff950baf000 	C:\WINDOWS\System32\ole32.dll
0x00007ff916380000 - 0x00007ff9163cf000 	C:\Users\Zjaun\.javacpp\cache\videoinput-0.200-1.5.9-windows-x86_64.jar\org\bytedeco\videoinput\windows-x86_64\jnivideoInputLib.dll
0x00007ff94d1f0000 - 0x00007ff94d29b000 	C:\WINDOWS\system32\uxtheme.dll
0x00007ff9527f0000 - 0x00007ff9528a0000 	C:\WINDOWS\System32\clbcatq.dll
0x00007ff894490000 - 0x00007ff8944b1000 	C:\Windows\System32\devenum.dll
0x00007ff94fa80000 - 0x00007ff94face000 	C:\Windows\System32\CFGMGR32.dll
0x00007ff951600000 - 0x00007ff951a74000 	C:\WINDOWS\System32\setupapi.dll
0x00007ff94eee0000 - 0x00007ff94ef14000 	C:\WINDOWS\SYSTEM32\ntmarta.dll
0x00007ff94fa50000 - 0x00007ff94fa7c000 	C:\WINDOWS\SYSTEM32\DEVOBJ.dll
0x00007ff94fef0000 - 0x00007ff94ff5c000 	C:\WINDOWS\System32\WINTRUST.dll
0x00007ff94ff60000 - 0x00007ff9500c6000 	C:\WINDOWS\System32\CRYPT32.dll
0x00007ff94f5f0000 - 0x00007ff94f602000 	C:\WINDOWS\SYSTEM32\MSASN1.dll
0x00007ff93f830000 - 0x00007ff93f83b000 	C:\WINDOWS\SYSTEM32\msdmo.dll
0x00007ff894410000 - 0x00007ff894449000 	C:\Windows\System32\qcap.dll
0x00007ff9490c0000 - 0x00007ff9492a7000 	C:\Windows\System32\quartz.dll
0x00007ff94f750000 - 0x00007ff94f778000 	C:\Windows\System32\bcrypt.dll
0x00007ff951b30000 - 0x00007ff951c7c000 	C:\WINDOWS\System32\MSCTF.dll
0x00007ff932ea0000 - 0x00007ff932edb000 	C:\Windows\System32\mfksproxy.dll
0x00007ff94cf10000 - 0x00007ff94cf2e000 	C:\Windows\System32\ATL.DLL
0x00007ff94a0d0000 - 0x00007ff94a29e000 	C:\Windows\System32\MFPlat.DLL
0x00007ff949fa0000 - 0x00007ff949fd3000 	C:\Windows\System32\RTWorkQ.DLL
0x00007ff910030000 - 0x00007ff910076000 	C:\Windows\System32\FrameServerMonitorClient.dll
0x00007ff94a990000 - 0x00007ff94aa0f000 	C:\Windows\System32\MFSENSORGROUP.dll

dbghelp: loaded successfully - version: 4.0.5 - missing functions: none
symbol engine: initialized successfully - sym options: 0x614 - pdb path: .;C:\Program Files\Java\jdk-17.0.2\bin;C:\WINDOWS\SYSTEM32;C:\WINDOWS\WinSxS\amd64_microsoft.windows.common-controls_6595b64144ccf1df_6.0.22621.2361_none_2712ced57382f843;C:\Program Files\Java\jdk-17.0.2\bin\server;C:\Program Files\JetBrains\IntelliJ IDEA 2023.2.4\bin;C:\Users\Zjaun\.javacpp\cache\javacpp-1.5.9-windows-x86_64.jar\org\bytedeco\javacpp\windows-x86_64;C:\Users\Zjaun\.javacpp\cache\openblas-0.3.23-1.5.9-windows-x86_64.jar\org\bytedeco\openblas\windows-x86_64;C:\Users\Zjaun\.javacpp\cache\opencv-4.7.0-1.5.9-windows-x86_64.jar\org\bytedeco\opencv\windows-x86_64;C:\Users\Zjaun\.javacpp\cache\videoinput-0.200-1.5.9-windows-x86_64.jar\org\bytedeco\videoinput\windows-x86_64;C:\WINDOWS\WinSxS\amd64_microsoft.windows.gdiplus_6595b64144ccf1df_1.1.22621.1778_none_57fe2016ce1542ec;C:\WINDOWS\System32\DriverStore\FileRepository\nv_dispig.inf_amd64_8c8de08a85de4474

VM Arguments:
jvm_args: -javaagent:C:\Program Files\JetBrains\IntelliJ IDEA 2023.2.4\lib\idea_rt.jar=53444:C:\Program Files\JetBrains\IntelliJ IDEA 2023.2.4\bin -Dfile.encoding=UTF-8 
java_command: ColorQuantizer
java_class_path (initial): C:\Users\Zjaun\Pictures\Stream Files\Semi-Hardcore Minecraft Server\Parallel Image Dithering Algorithms\target\classes;C:\Users\Zjaun\.m2\repository\org\bytedeco\javacv-platform\1.5.9\javacv-platform-1.5.9.jar;C:\Users\Zjaun\.m2\repository\org\bytedeco\javacv\1.5.9\javacv-1.5.9.jar;C:\Users\Zjaun\.m2\repository\org\bytedeco\javacpp\1.5.9\javacpp-1.5.9.jar;C:\Users\Zjaun\.m2\repository\org\bytedeco\openblas\0.3.23-1.5.9\openblas-0.3.23-1.5.9.jar;C:\Users\Zjaun\.m2\repository\org\bytedeco\opencv\4.7.0-1.5.9\opencv-4.7.0-1.5.9.jar;C:\Users\Zjaun\.m2\repository\org\bytedeco\ffmpeg\6.0-1.5.9\ffmpeg-6.0-1.5.9.jar;C:\Users\Zjaun\.m2\repository\org\bytedeco\flycapture\2.13.3.31-1.5.9\flycapture-2.13.3.31-1.5.9.jar;C:\Users\Zjaun\.m2\repository\org\bytedeco\libdc1394\2.2.6-1.5.9\libdc1394-2.2.6-1.5.9.jar;C:\Users\Zjaun\.m2\repository\org\bytedeco\libfreenect\0.5.7-1.5.9\libfreenect-0.5.7-1.5.9.jar;C:\Users\Zjaun\.m2\repository\org\bytedeco\libfreenect2\0.2.0-1.5.9\libfreenect2-0.2.0-1.5.9.jar;C:\Users\Zjaun\.m2\repository\org\bytedeco\librealsense\1.12.4-1.5.9\librealsense-1.12.4-1.5.9.jar;C:\Users\Zjaun\.m2\repository\org\bytedeco\librealsense2\2.53.1-1.5.9\librealsense2-2.53.1-1.5.9.jar;C:\Users\Zjaun\.m2\repository\org\bytedeco\videoinput\0.200-1.5.9\videoinput-0.200-1.5.9.jar;C:\Users\Zjaun\.m2\repository\org\bytedeco\artoolkitplus\2.3.1-1.5.9\artoolkitplus-2.3.1-1.5.9.jar;C:\Users\Zjaun\.m2\repository\org\bytedeco\leptonica\1.83.0-1.5.9\leptonica-1.83.0-1.5.9.jar;C:\Users\Zjaun\.m2\repository\org\bytedeco\tesseract\5.3.1-1.5.9\tesseract-5.3.1-1.5.9.jar;C:\Users\Zjaun\.m2\repository\org\openjfx\javafx-graphics\17\javafx-graphics-17.jar;C:\Users\Zjaun\.m2\repository\org\openjfx\javafx-graphics\17\javafx-graphics-17-win.jar;C:\Users\Zjaun\.m2\repository\org\openjfx\javafx-base\17\javafx-base-17.jar;C:\Users\Zjaun\.m2\repository\org\openjfx\javafx-base\17\javafx-base-17-win.jar;C:\Users\Zjaun\.m2\repository\org\bytedeco\openblas-platform\0.3.23-
Launcher Type: SUN_STANDARD

[Global flags]
     intx CICompilerCount                          = 4                                         {product} {ergonomic}
     uint ConcGCThreads                            = 3                                         {product} {ergonomic}
     uint G1ConcRefinementThreads                  = 10                                        {product} {ergonomic}
   size_t G1HeapRegionSize                         = 4194304                                   {product} {ergonomic}
    uintx GCDrainStackTargetSize                   = 64                                        {product} {ergonomic}
   size_t InitialHeapSize                          = 536870912                                 {product} {ergonomic}
   size_t MarkStackSize                            = 4194304                                   {product} {ergonomic}
   size_t MaxHeapSize                              = 8573157376                                {product} {ergonomic}
   size_t MaxNewSize                               = 5142216704                                {product} {ergonomic}
   size_t MinHeapDeltaBytes                        = 4194304                                   {product} {ergonomic}
   size_t MinHeapSize                              = 8388608                                   {product} {ergonomic}
    uintx NonNMethodCodeHeapSize                   = 5839372                                {pd product} {ergonomic}
    uintx NonProfiledCodeHeapSize                  = 122909434                              {pd product} {ergonomic}
    uintx ProfiledCodeHeapSize                     = 122909434                              {pd product} {ergonomic}
    uintx ReservedCodeCacheSize                    = 251658240                              {pd product} {ergonomic}
     bool SegmentedCodeCache                       = true                                      {product} {ergonomic}
   size_t SoftMaxHeapSize                          = 8573157376                             {manageable} {ergonomic}
     bool UseCompressedClassPointers               = true                           {product lp64_product} {ergonomic}
     bool UseCompressedOops                        = true                           {product lp64_product} {ergonomic}
     bool UseG1GC                                  = true                                      {product} {ergonomic}
     bool UseLargePagesIndividualAllocation        = false                                  {pd product} {ergonomic}

Logging:
Log output configuration:
 #0: stdout all=warning uptime,level,tags
 #1: stderr all=off uptime,level,tags

Environment Variables:
JAVA_HOME=C:\Program Files\Java\jdk-17.0.2
PATH=c:\program files (x86)\vmware\vmware player\bin\;c:\program files\oculus\support\oculus-runtime;c:\program files (x86)\common files\intel\shared libraries\redist\intel64\compiler;c:\program files\common files\oracle\java\javapath;C:\Program Files (x86)\Common Files\Oracle\Java\javapath;c:\windows\system32;c:\windows;c:\windows\system32\wbem;c:\windows\system32\windowspowershell\v1.0\;c:\windows\system32\openssh\;c:\program files (x86)\winscp\;c:\program files\dotnet\;c:\program files\nodejs\;c:\program files\git\cmd;c:\program files\powershell\7\;c:\windows\system32;c:\windows;c:\windows\system32\wbem;c:\windows\system32\windowspowershell\v1.0\;c:\windows\system32\openssh\;c:\scrcpy-win64-v1.25;C:\Program Files (x86)\NVIDIA Corporation\PhysX\Common;C:\Program Files\Apache\apache-maven-3.9.1\bin;;C:\Program Files\Docker\Docker\resources\bin;C:\Program Files\Tailscale\;C:\Program Files\Java\jdk-17.0.2\bin;C:\Users\Zjaun\AppData\Local\Programs\Microsoft VS Code\bin;C:\Program Files\JetBrains\IntelliJ IDEA 2023.2.4\bin;;C:\Program Files\JetBrains\CLion 2023.2.2\bin;;C:\Program Files\JetBrains\PyCharm 2023.2.3\bin;
USERNAME=Zjaun
OS=Windows_NT
PROCESSOR_IDENTIFIER=AMD64 Family 25 Model 33 Stepping 0, AuthenticAMD



---------------  S Y S T E M  ---------------

OS:
 Windows 11 , 64 bit Build 22621 (10.0.22621.2428)
OS uptime: 0 days 0:35 hours

CPU: total 12 (initial active 12) (12 cores per cpu, 2 threads per core) family 25 model 33 stepping 0 microcode 0x0, cx8, cmov, fxsr, ht, mmx, 3dnowpref, sse, sse2, sse3, ssse3, sse4a, sse4.1, sse4.2, popcnt, lzcnt, tsc, tscinvbit, avx, avx2, aes, erms, clmul, bmi1, bmi2, adx, sha, fma, vzeroupper, clflush, clflushopt

Memory: 4k page, system-wide physical 32691M (20149M free)
TotalPageFile size 34739M (AvailPageFile size 14233M)
current process WorkingSet (physical memory assigned to process): 549M, peak: 549M
current process commit charge ("private bytes"): 3627M, peak: 3627M

vm_info: Java HotSpot(TM) 64-Bit Server VM (17.0.2+8-LTS-86) for windows-amd64 JRE (17.0.2+8-LTS-86), built on Dec  7 2021 21:51:03 by "mach5one" with MS VC++ 16.8 / 16.9 (VS2019)

END.
